
****** Vivado(TM) HLS - High-Level Synthesis from C, C++ and SystemC v2019.2 (64-bit)
  **** SW Build 2708876 on Wed Nov  6 21:39:14 MST 2019
  **** IP Build 2700528 on Thu Nov  7 00:09:20 MST 2019
    ** Copyright 1986-2019 Xilinx, Inc. All Rights Reserved.

source /software/CAD/Xilinx/2019.2/Vivado/2019.2/scripts/vivado_hls/hls.tcl -notrace
INFO: Applying HLS Y2K22 patch v1.2 for IP revision
INFO: [HLS 200-10] Running '/software/CAD/Xilinx/2019.2/Vivado/2019.2/bin/unwrapped/lnx64.o/vivado_hls'
INFO: [HLS 200-10] For user 'sa21722' on host 'gpu04.dice.priv' (Linux_x86_64 version 5.14.0-427.24.1.el9_4.x86_64) on Tue Aug 13 02:18:30 UTC 2024
INFO: [HLS 200-10] In directory '/storage/sa21722/stablediffusion/keras_version/hls_outputs_ioparallel'
Sourcing Tcl script 'build_prj.tcl'
INFO: [HLS 200-10] Opening and resetting project '/storage/sa21722/stablediffusion/keras_version/hls_outputs_ioparallel/myproject_prj'.
INFO: [HLS 200-10] Adding design file 'firmware/myproject.cpp' to the project
INFO: [HLS 200-10] Adding test bench file 'myproject_test.cpp' to the project
INFO: [HLS 200-10] Adding test bench file 'firmware/weights' to the project
INFO: [HLS 200-10] Adding test bench file 'tb_data' to the project
INFO: [HLS 200-10] Opening and resetting solution '/storage/sa21722/stablediffusion/keras_version/hls_outputs_ioparallel/myproject_prj/solution1'.
INFO: [HLS 200-10] Cleaning up the solution database.
INFO: [XFORM 203-101] Allowed max sub elements number after partition is 4096.
INFO: [XFORM 203-1161] The maximum of name length is set into 80.
INFO: [HLS 200-10] Setting target device to 'xcvu13p-flga2577-2-e'
INFO: [SYN 201-201] Setting up clock 'default' with a period of 2.778ns.
INFO: [SYN 201-201] Setting up clock 'default' with an uncertainty of 0.347ns.
***** C SIMULATION *****
INFO: [SIM 211-2] *************** CSIM start ***************
INFO: [SIM 211-4] CSIM will launch GCC as the compiler.
   Compiling ../../../../myproject_test.cpp in debug mode
   Compiling ../../../../firmware/myproject.cpp in debug mode
   Generating csim.exe
INFO: Unable to open input/predictions file, using default input.
0.109375 0.109375 0.109375 0.109375 0.109375 0.109375 0.109375 0.109375 0.109375 0.109375 0.109375 0.109375 0.109375 0.109375 0.109375 0.109375 0.109375 0.109375 0.109375 0.109375 0.109375 0.109375 0.109375 0.109375 0.109375 0.109375 0.109375 0.109375 0.109375 0.109375 0.109375 0.109375 0.109375 0.109375 0.109375 0.109375 0.109375 0.109375 0.109375 0.109375 0.109375 0.109375 0.109375 0.109375 0.109375 0.109375 0.109375 0.109375 0.109375 0.109375 0.109375 0.109375 0.109375 0.109375 0.109375 0.109375 0.109375 0.109375 0.109375 0.109375 0.078125 0.078125 0.140625 0.109375 0.109375 0.109375 0.109375 0.109375 0.109375 0.109375 0.109375 0.109375 0.109375 0.109375 0.109375 0.109375 0.109375 0.109375 0.109375 0.109375 0.109375 0.109375 0.109375 0.109375 0.109375 0.109375 0.109375 0.109375 0.109375 0.109375 0.109375 0.109375 0.109375 0.109375 0.109375 0.109375 0.109375 0.109375 0.109375 0.109375 0.109375 0.109375 0.109375 0.109375 0.109375 0.109375 0.109375 0.109375 0.109375 0.109375 0.109375 0.109375 0.109375 0.109375 0.109375 0.109375 0.109375 0.109375 0.109375 0.109375 0.109375 0.109375 0.109375 0.109375 0.109375 0.0625 0.140625 0.109375 0.109375 0.109375 0.109375 0.109375 0.109375 0.109375 0.109375 0.109375 0.109375 0.109375 0.109375 0.109375 0.109375 0.109375 0.109375 0.109375 0.109375 0.109375 0.109375 0.109375 0.109375 0.109375 0.109375 0.109375 0.109375 0.109375 0.109375 0.109375 0.109375 0.109375 0.109375 0.109375 0.109375 0.109375 0.109375 0.109375 0.109375 0.109375 0.109375 0.109375 0.109375 0.109375 0.109375 0.109375 0.109375 0.109375 0.109375 0.109375 0.109375 0.109375 0.109375 0.109375 0.109375 0.109375 0.109375 0.109375 0.109375 0.109375 0.109375 0.109375 0.109375 0.109375 0.21875 0.1875 0.109375 0.109375 0.109375 0.109375 0.109375 0.109375 0.109375 0.109375 0.109375 0.109375 0.109375 0.109375 0.109375 0.109375 0.109375 0.109375 0.109375 0.109375 0.109375 0.109375 0.109375 0.109375 0.109375 0.109375 0.109375 0.109375 0.109375 0.109375 0.109375 0.109375 0.109375 0.109375 0.109375 0.109375 0.109375 0.109375 0.109375 0.109375 0.109375 0.109375 0.109375 0.109375 0.109375 0.109375 0.109375 0.109375 0.109375 0.109375 0.109375 0.109375 0.109375 0.109375 0.109375 0.109375 0.109375 0.109375 0.109375 0.109375 0.109375 0.109375 0.109375 0.0625 0.046875 0.1875 
INFO: Saved inference results to file: tb_data/csim_results.log
INFO: [SIM 211-1] CSim done with 0 errors.
INFO: [SIM 211-3] *************** CSIM finish ***************
***** C SIMULATION COMPLETED IN 0h0m44s *****
***** C/RTL SYNTHESIS *****
INFO: [SCHED 204-61] Option 'relax_ii_for_timing' is enabled, will increase II to preserve clock frequency constraints.
INFO: [HLS 200-10] Analyzing design file 'firmware/myproject.cpp' ... 
WARNING: [HLS 214-113] Either use an argument of the function or declare the variable inside the dataflow loop body: firmware/myproject.cpp:59:86
WARNING: [HLS 214-113] Either use an argument of the function or declare the variable inside the dataflow loop body: firmware/myproject.cpp:59:91
WARNING: [HLS 214-113] Either use an argument of the function or declare the variable inside the dataflow loop body: firmware/myproject.cpp:73:72
WARNING: [HLS 214-113] Either use an argument of the function or declare the variable inside the dataflow loop body: firmware/myproject.cpp:73:76
WARNING: [HLS 214-113] Either use an argument of the function or declare the variable inside the dataflow loop body: firmware/myproject.cpp:87:75
WARNING: [HLS 214-113] Either use an argument of the function or declare the variable inside the dataflow loop body: firmware/myproject.cpp:87:80
WARNING: [HLS 214-113] Either use an argument of the function or declare the variable inside the dataflow loop body: firmware/myproject.cpp:101:77
WARNING: [HLS 214-113] Either use an argument of the function or declare the variable inside the dataflow loop body: firmware/myproject.cpp:101:82
WARNING: [HLS 214-113] Either use an argument of the function or declare the variable inside the dataflow loop body: firmware/myproject.cpp:115:94
WARNING: [HLS 214-113] Either use an argument of the function or declare the variable inside the dataflow loop body: firmware/myproject.cpp:115:99
WARNING: [HLS 214-113] Either use an argument of the function or declare the variable inside the dataflow loop body: firmware/myproject.cpp:129:77
WARNING: [HLS 214-113] Either use an argument of the function or declare the variable inside the dataflow loop body: firmware/myproject.cpp:129:82
WARNING: [HLS 214-113] Either use an argument of the function or declare the variable inside the dataflow loop body: firmware/myproject.cpp:143:77
WARNING: [HLS 214-113] Either use an argument of the function or declare the variable inside the dataflow loop body: firmware/myproject.cpp:143:82
WARNING: [HLS 214-113] Either use an argument of the function or declare the variable inside the dataflow loop body: firmware/myproject.cpp:164:77
WARNING: [HLS 214-113] Either use an argument of the function or declare the variable inside the dataflow loop body: firmware/myproject.cpp:164:82
WARNING: [HLS 214-113] Either use an argument of the function or declare the variable inside the dataflow loop body: firmware/myproject.cpp:178:86
WARNING: [HLS 214-113] Either use an argument of the function or declare the variable inside the dataflow loop body: firmware/myproject.cpp:178:91
WARNING: [HLS 214-113] Either use an argument of the function or declare the variable inside the dataflow loop body: firmware/myproject.cpp:192:77
WARNING: [HLS 214-113] Either use an argument of the function or declare the variable inside the dataflow loop body: firmware/myproject.cpp:192:82
WARNING: [HLS 214-113] Either use an argument of the function or declare the variable inside the dataflow loop body: firmware/myproject.cpp:206:77
WARNING: [HLS 214-113] Either use an argument of the function or declare the variable inside the dataflow loop body: firmware/myproject.cpp:206:82
WARNING: [HLS 214-113] Either use an argument of the function or declare the variable inside the dataflow loop body: firmware/myproject.cpp:220:87
WARNING: [HLS 214-113] Either use an argument of the function or declare the variable inside the dataflow loop body: firmware/myproject.cpp:220:92
WARNING: [HLS 200-471] Dataflow form checks found 24 issue(s) in file firmware/myproject.cpp
INFO: [HLS 200-111] Finished Linking Time (s): cpu = 00:02:48 ; elapsed = 00:03:07 . Memory (MB): peak = 929.840 ; gain = 526.004 ; free physical = 353760 ; free virtual = 438915
INFO: [HLS 200-111] Finished Checking Pragmas Time (s): cpu = 00:02:48 ; elapsed = 00:03:07 . Memory (MB): peak = 929.840 ; gain = 526.004 ; free physical = 353764 ; free virtual = 438919
INFO: [HLS 200-10] Starting code transformations ...
INFO: [HLS 200-489] Unrolling loop 'Product2' (firmware/nnet_utils/nnet_conv2d_latency.h:52) in function 'void nnet::conv_2d_latency_cl<ap_fixed<8, 2, (ap_q_mode)0, (ap_o_mode)0, 0>, ap_fixed<8, 2, (ap_q_mode)0, (ap_o_mode)0, 0>, config52>(FORWARD_REFERENCE*, FORWARD_REFERENCE*, FORWARD_REFERENCE::weight_t*, FORWARD_REFERENCE::bias_t*)' completely with a factor of 1.
INFO: [HLS 200-489] Unrolling loop 'ResetAccum' (firmware/nnet_utils/nnet_conv2d_latency.h:62) in function 'void nnet::conv_2d_latency_cl<ap_fixed<8, 2, (ap_q_mode)0, (ap_o_mode)0, 0>, ap_fixed<8, 2, (ap_q_mode)0, (ap_o_mode)0, 0>, config52>(FORWARD_REFERENCE*, FORWARD_REFERENCE*, FORWARD_REFERENCE::weight_t*, FORWARD_REFERENCE::bias_t*)' completely with a factor of 1.
INFO: [HLS 200-489] Unrolling loop 'Accum2' (firmware/nnet_utils/nnet_conv2d_latency.h:72) in function 'void nnet::conv_2d_latency_cl<ap_fixed<8, 2, (ap_q_mode)0, (ap_o_mode)0, 0>, ap_fixed<8, 2, (ap_q_mode)0, (ap_o_mode)0, 0>, config52>(FORWARD_REFERENCE*, FORWARD_REFERENCE*, FORWARD_REFERENCE::weight_t*, FORWARD_REFERENCE::bias_t*)' completely with a factor of 1.
INFO: [HLS 200-489] Unrolling loop 'Result' (firmware/nnet_utils/nnet_conv2d_latency.h:80) in function 'void nnet::conv_2d_latency_cl<ap_fixed<8, 2, (ap_q_mode)0, (ap_o_mode)0, 0>, ap_fixed<8, 2, (ap_q_mode)0, (ap_o_mode)0, 0>, config52>(FORWARD_REFERENCE*, FORWARD_REFERENCE*, FORWARD_REFERENCE::weight_t*, FORWARD_REFERENCE::bias_t*)' completely with a factor of 1.
INFO: [HLS 200-489] Unrolling loop 'Product2' (firmware/nnet_utils/nnet_conv2d_latency.h:52) in function 'void nnet::conv_2d_latency_cl<ap_fixed<8, 2, (ap_q_mode)0, (ap_o_mode)0, 0>, ap_fixed<8, 2, (ap_q_mode)0, (ap_o_mode)0, 0>, config49>(FORWARD_REFERENCE*, FORWARD_REFERENCE*, FORWARD_REFERENCE::weight_t*, FORWARD_REFERENCE::bias_t*)' completely with a factor of 1.
INFO: [HLS 200-489] Unrolling loop 'ResetAccum' (firmware/nnet_utils/nnet_conv2d_latency.h:62) in function 'void nnet::conv_2d_latency_cl<ap_fixed<8, 2, (ap_q_mode)0, (ap_o_mode)0, 0>, ap_fixed<8, 2, (ap_q_mode)0, (ap_o_mode)0, 0>, config49>(FORWARD_REFERENCE*, FORWARD_REFERENCE*, FORWARD_REFERENCE::weight_t*, FORWARD_REFERENCE::bias_t*)' completely with a factor of 1.
INFO: [HLS 200-489] Unrolling loop 'Accum2' (firmware/nnet_utils/nnet_conv2d_latency.h:72) in function 'void nnet::conv_2d_latency_cl<ap_fixed<8, 2, (ap_q_mode)0, (ap_o_mode)0, 0>, ap_fixed<8, 2, (ap_q_mode)0, (ap_o_mode)0, 0>, config49>(FORWARD_REFERENCE*, FORWARD_REFERENCE*, FORWARD_REFERENCE::weight_t*, FORWARD_REFERENCE::bias_t*)' completely with a factor of 1.
INFO: [HLS 200-489] Unrolling loop 'Result' (firmware/nnet_utils/nnet_conv2d_latency.h:80) in function 'void nnet::conv_2d_latency_cl<ap_fixed<8, 2, (ap_q_mode)0, (ap_o_mode)0, 0>, ap_fixed<8, 2, (ap_q_mode)0, (ap_o_mode)0, 0>, config49>(FORWARD_REFERENCE*, FORWARD_REFERENCE*, FORWARD_REFERENCE::weight_t*, FORWARD_REFERENCE::bias_t*)' completely with a factor of 1.
INFO: [XFORM 203-603] Inlining function 'nnet::product::mult<ap_fixed<8, 2, (ap_q_mode)0, (ap_o_mode)0, 0>, ap_fixed<8, 2, (ap_q_mode)0, (ap_o_mode)0, 0> >::product' into 'nnet::conv_2d_latency_cl<ap_fixed<8, 2, (ap_q_mode)0, (ap_o_mode)0, 0>, ap_fixed<8, 2, (ap_q_mode)0, (ap_o_mode)0, 0>, config49>' (firmware/nnet_utils/nnet_conv2d_latency.h:55).
INFO: [XFORM 203-603] Inlining function 'nnet::product::mult<ap_fixed<8, 2, (ap_q_mode)0, (ap_o_mode)0, 0>, ap_fixed<8, 2, (ap_q_mode)0, (ap_o_mode)0, 0> >::product' into 'nnet::conv_2d_latency_cl<ap_fixed<8, 2, (ap_q_mode)0, (ap_o_mode)0, 0>, ap_fixed<8, 2, (ap_q_mode)0, (ap_o_mode)0, 0>, config52>' (firmware/nnet_utils/nnet_conv2d_latency.h:55).
INFO: [XFORM 203-603] Inlining function 'nnet::product::mult<ap_fixed<8, 2, (ap_q_mode)0, (ap_o_mode)0, 0>, ap_fixed<8, 2, (ap_q_mode)0, (ap_o_mode)0, 0> >::product' into 'nnet::conv_2d_latency_cl<ap_fixed<8, 2, (ap_q_mode)0, (ap_o_mode)0, 0>, ap_fixed<8, 2, (ap_q_mode)0, (ap_o_mode)0, 0>, config6>' (firmware/nnet_utils/nnet_conv2d_latency.h:55).
INFO: [XFORM 203-603] Inlining function 'nnet::product::mult<ap_fixed<8, 2, (ap_q_mode)0, (ap_o_mode)0, 0>, ap_fixed<8, 2, (ap_q_mode)0, (ap_o_mode)0, 0> >::product' into 'nnet::conv_2d_latency_cl<ap_fixed<8, 2, (ap_q_mode)0, (ap_o_mode)0, 0>, ap_fixed<8, 2, (ap_q_mode)0, (ap_o_mode)0, 0>, config10>' (firmware/nnet_utils/nnet_conv2d_latency.h:55).
INFO: [XFORM 203-603] Inlining function 'nnet::product::mult<ap_fixed<8, 2, (ap_q_mode)0, (ap_o_mode)0, 0>, ap_fixed<8, 2, (ap_q_mode)0, (ap_o_mode)0, 0> >::product' into 'nnet::conv_2d_latency_cl<ap_fixed<8, 2, (ap_q_mode)0, (ap_o_mode)0, 0>, ap_fixed<8, 2, (ap_q_mode)0, (ap_o_mode)0, 0>, config14>' (firmware/nnet_utils/nnet_conv2d_latency.h:55).
INFO: [XFORM 203-603] Inlining function 'nnet::product::mult<ap_fixed<8, 2, (ap_q_mode)0, (ap_o_mode)0, 0>, ap_fixed<8, 2, (ap_q_mode)0, (ap_o_mode)0, 0> >::product' into 'nnet::conv_2d_latency_cl<ap_fixed<8, 2, (ap_q_mode)0, (ap_o_mode)0, 0>, ap_fixed<8, 2, (ap_q_mode)0, (ap_o_mode)0, 0>, config50>' (firmware/nnet_utils/nnet_conv2d_latency.h:55).
INFO: [XFORM 203-603] Inlining function 'nnet::product::mult<ap_fixed<8, 2, (ap_q_mode)0, (ap_o_mode)0, 0>, ap_fixed<8, 2, (ap_q_mode)0, (ap_o_mode)0, 0> >::product' into 'nnet::conv_2d_latency_cl<ap_fixed<8, 2, (ap_q_mode)0, (ap_o_mode)0, 0>, ap_fixed<8, 2, (ap_q_mode)0, (ap_o_mode)0, 0>, config22>' (firmware/nnet_utils/nnet_conv2d_latency.h:55).
INFO: [XFORM 203-603] Inlining function 'nnet::product::mult<ap_fixed<8, 2, (ap_q_mode)0, (ap_o_mode)0, 0>, ap_fixed<8, 2, (ap_q_mode)0, (ap_o_mode)0, 0> >::product' into 'nnet::conv_2d_latency_cl<ap_fixed<8, 2, (ap_q_mode)0, (ap_o_mode)0, 0>, ap_fixed<8, 2, (ap_q_mode)0, (ap_o_mode)0, 0>, config26>' (firmware/nnet_utils/nnet_conv2d_latency.h:55).
INFO: [XFORM 203-603] Inlining function 'nnet::product::mult<ap_fixed<8, 2, (ap_q_mode)0, (ap_o_mode)0, 0>, ap_fixed<8, 2, (ap_q_mode)0, (ap_o_mode)0, 0> >::product' into 'nnet::conv_2d_latency_cl<ap_fixed<8, 2, (ap_q_mode)0, (ap_o_mode)0, 0>, ap_fixed<8, 2, (ap_q_mode)0, (ap_o_mode)0, 0>, config31>' (firmware/nnet_utils/nnet_conv2d_latency.h:55).
INFO: [XFORM 203-603] Inlining function 'nnet::product::mult<ap_fixed<8, 2, (ap_q_mode)0, (ap_o_mode)0, 0>, ap_fixed<8, 2, (ap_q_mode)0, (ap_o_mode)0, 0> >::product' into 'nnet::conv_2d_latency_cl<ap_fixed<8, 2, (ap_q_mode)0, (ap_o_mode)0, 0>, ap_fixed<8, 2, (ap_q_mode)0, (ap_o_mode)0, 0>, config51>' (firmware/nnet_utils/nnet_conv2d_latency.h:55).
INFO: [XFORM 203-603] Inlining function 'nnet::product::mult<ap_fixed<8, 2, (ap_q_mode)0, (ap_o_mode)0, 0>, ap_fixed<8, 2, (ap_q_mode)0, (ap_o_mode)0, 0> >::product' into 'nnet::conv_2d_latency_cl<ap_fixed<8, 2, (ap_q_mode)0, (ap_o_mode)0, 0>, ap_fixed<8, 2, (ap_q_mode)0, (ap_o_mode)0, 0>, config38>' (firmware/nnet_utils/nnet_conv2d_latency.h:55).
INFO: [XFORM 203-603] Inlining function 'nnet::product::mult<ap_fixed<8, 2, (ap_q_mode)0, (ap_o_mode)0, 0>, ap_fixed<8, 2, (ap_q_mode)0, (ap_o_mode)0, 0> >::product' into 'nnet::conv_2d_latency_cl<ap_fixed<8, 2, (ap_q_mode)0, (ap_o_mode)0, 0>, ap_fixed<8, 2, (ap_q_mode)0, (ap_o_mode)0, 0>, config42>' (firmware/nnet_utils/nnet_conv2d_latency.h:55).
INFO: [XFORM 203-603] Inlining function 'nnet::conv_2d_latency_cl<ap_fixed<8, 2, (ap_q_mode)0, (ap_o_mode)0, 0>, ap_fixed<8, 2, (ap_q_mode)0, (ap_o_mode)0, 0>, config49>' into 'nnet::pointwise_conv_2d_cl<ap_fixed<8, 2, (ap_q_mode)0, (ap_o_mode)0, 0>, ap_fixed<8, 2, (ap_q_mode)0, (ap_o_mode)0, 0>, config49>' (firmware/nnet_utils/nnet_conv2d.h:67).
INFO: [XFORM 203-603] Inlining function 'nnet::conv_2d_latency_cl<ap_fixed<8, 2, (ap_q_mode)0, (ap_o_mode)0, 0>, ap_fixed<8, 2, (ap_q_mode)0, (ap_o_mode)0, 0>, config6>' into 'nnet::conv_2d_cl<ap_fixed<8, 2, (ap_q_mode)0, (ap_o_mode)0, 0>, ap_fixed<8, 2, (ap_q_mode)0, (ap_o_mode)0, 0>, config6>' (firmware/nnet_utils/nnet_conv2d.h:50).
INFO: [XFORM 203-603] Inlining function 'nnet::conv_2d_latency_cl<ap_fixed<8, 2, (ap_q_mode)0, (ap_o_mode)0, 0>, ap_fixed<8, 2, (ap_q_mode)0, (ap_o_mode)0, 0>, config10>' into 'nnet::conv_2d_cl<ap_fixed<8, 2, (ap_q_mode)0, (ap_o_mode)0, 0>, ap_fixed<8, 2, (ap_q_mode)0, (ap_o_mode)0, 0>, config10>' (firmware/nnet_utils/nnet_conv2d.h:50).
INFO: [XFORM 203-603] Inlining function 'nnet::conv_2d_latency_cl<ap_fixed<8, 2, (ap_q_mode)0, (ap_o_mode)0, 0>, ap_fixed<8, 2, (ap_q_mode)0, (ap_o_mode)0, 0>, config14>' into 'nnet::conv_2d_cl<ap_fixed<8, 2, (ap_q_mode)0, (ap_o_mode)0, 0>, ap_fixed<8, 2, (ap_q_mode)0, (ap_o_mode)0, 0>, config14>' (firmware/nnet_utils/nnet_conv2d.h:50).
INFO: [XFORM 203-603] Inlining function 'nnet::conv_2d_latency_cl<ap_fixed<8, 2, (ap_q_mode)0, (ap_o_mode)0, 0>, ap_fixed<8, 2, (ap_q_mode)0, (ap_o_mode)0, 0>, config50>' into 'nnet::pointwise_conv_2d_cl<ap_fixed<8, 2, (ap_q_mode)0, (ap_o_mode)0, 0>, ap_fixed<8, 2, (ap_q_mode)0, (ap_o_mode)0, 0>, config50>' (firmware/nnet_utils/nnet_conv2d.h:67).
INFO: [XFORM 203-603] Inlining function 'nnet::conv_2d_latency_cl<ap_fixed<8, 2, (ap_q_mode)0, (ap_o_mode)0, 0>, ap_fixed<8, 2, (ap_q_mode)0, (ap_o_mode)0, 0>, config22>' into 'nnet::conv_2d_cl<ap_fixed<8, 2, (ap_q_mode)0, (ap_o_mode)0, 0>, ap_fixed<8, 2, (ap_q_mode)0, (ap_o_mode)0, 0>, config22>' (firmware/nnet_utils/nnet_conv2d.h:50).
INFO: [XFORM 203-603] Inlining function 'nnet::conv_2d_latency_cl<ap_fixed<8, 2, (ap_q_mode)0, (ap_o_mode)0, 0>, ap_fixed<8, 2, (ap_q_mode)0, (ap_o_mode)0, 0>, config26>' into 'nnet::conv_2d_cl<ap_fixed<8, 2, (ap_q_mode)0, (ap_o_mode)0, 0>, ap_fixed<8, 2, (ap_q_mode)0, (ap_o_mode)0, 0>, config26>' (firmware/nnet_utils/nnet_conv2d.h:50).
INFO: [XFORM 203-603] Inlining function 'nnet::conv_2d_latency_cl<ap_fixed<8, 2, (ap_q_mode)0, (ap_o_mode)0, 0>, ap_fixed<8, 2, (ap_q_mode)0, (ap_o_mode)0, 0>, config31>' into 'nnet::conv_2d_cl<ap_fixed<8, 2, (ap_q_mode)0, (ap_o_mode)0, 0>, ap_fixed<8, 2, (ap_q_mode)0, (ap_o_mode)0, 0>, config31>' (firmware/nnet_utils/nnet_conv2d.h:50).
INFO: [XFORM 203-603] Inlining function 'nnet::conv_2d_latency_cl<ap_fixed<8, 2, (ap_q_mode)0, (ap_o_mode)0, 0>, ap_fixed<8, 2, (ap_q_mode)0, (ap_o_mode)0, 0>, config51>' into 'nnet::pointwise_conv_2d_cl<ap_fixed<8, 2, (ap_q_mode)0, (ap_o_mode)0, 0>, ap_fixed<8, 2, (ap_q_mode)0, (ap_o_mode)0, 0>, config51>' (firmware/nnet_utils/nnet_conv2d.h:67).
INFO: [XFORM 203-603] Inlining function 'nnet::conv_2d_latency_cl<ap_fixed<8, 2, (ap_q_mode)0, (ap_o_mode)0, 0>, ap_fixed<8, 2, (ap_q_mode)0, (ap_o_mode)0, 0>, config38>' into 'nnet::conv_2d_cl<ap_fixed<8, 2, (ap_q_mode)0, (ap_o_mode)0, 0>, ap_fixed<8, 2, (ap_q_mode)0, (ap_o_mode)0, 0>, config38>' (firmware/nnet_utils/nnet_conv2d.h:50).
INFO: [XFORM 203-603] Inlining function 'nnet::conv_2d_latency_cl<ap_fixed<8, 2, (ap_q_mode)0, (ap_o_mode)0, 0>, ap_fixed<8, 2, (ap_q_mode)0, (ap_o_mode)0, 0>, config42>' into 'nnet::conv_2d_cl<ap_fixed<8, 2, (ap_q_mode)0, (ap_o_mode)0, 0>, ap_fixed<8, 2, (ap_q_mode)0, (ap_o_mode)0, 0>, config42>' (firmware/nnet_utils/nnet_conv2d.h:50).
INFO: [XFORM 203-603] Inlining function 'nnet::conv_2d_latency_cl<ap_fixed<8, 2, (ap_q_mode)0, (ap_o_mode)0, 0>, ap_fixed<8, 2, (ap_q_mode)0, (ap_o_mode)0, 0>, config52>' into 'nnet::pointwise_conv_2d_cl<ap_fixed<8, 2, (ap_q_mode)0, (ap_o_mode)0, 0>, ap_fixed<8, 2, (ap_q_mode)0, (ap_o_mode)0, 0>, config52>' (firmware/nnet_utils/nnet_conv2d.h:67).
INFO: [HLS 200-111] Finished Standard Transforms Time (s): cpu = 09:06:31 ; elapsed = 09:36:28 . Memory (MB): peak = 3678.906 ; gain = 3275.070 ; free physical = 357531 ; free virtual = 442847
INFO: [HLS 200-10] Checking synthesizability ...
INFO: [HLS 200-111] Finished Checking Synthesizability Time (s): cpu = 09:31:58 ; elapsed = 10:03:04 . Memory (MB): peak = 3678.906 ; gain = 3275.070 ; free physical = 357776 ; free virtual = 443107
INFO: [XFORM 203-502] Unrolling all loops for pipelining in function 'nnet::relu<ap_fixed<8, 2, (ap_q_mode)0, (ap_o_mode)0, 0>, ap_fixed<8, 2, (ap_q_mode)0, (ap_o_mode)0, 0>, ReLU_config48>' (firmware/nnet_utils/nnet_activation.h:40:43).
INFO: [XFORM 203-502] Unrolling all sub-loops inside loop 'PartitionLoop' (firmware/nnet_utils/nnet_conv2d_latency.h:35) in function 'nnet::pointwise_conv_2d_cl<ap_fixed<8, 2, (ap_q_mode)0, (ap_o_mode)0, 0>, ap_fixed<8, 2, (ap_q_mode)0, (ap_o_mode)0, 0>, config52>' for pipelining.
INFO: [XFORM 203-502] Unrolling all loops for pipelining in function 'nnet::relu<ap_fixed<8, 2, (ap_q_mode)0, (ap_o_mode)0, 0>, ap_fixed<8, 2, (ap_q_mode)0, (ap_o_mode)0, 0>, ReLU_config45>' (firmware/nnet_utils/nnet_activation.h:40:43).
INFO: [XFORM 203-502] Unrolling all sub-loops inside loop 'PartitionLoop' (firmware/nnet_utils/nnet_conv2d_latency.h:35) in function 'nnet::conv_2d_cl<ap_fixed<8, 2, (ap_q_mode)0, (ap_o_mode)0, 0>, ap_fixed<8, 2, (ap_q_mode)0, (ap_o_mode)0, 0>, config42>' for pipelining.
INFO: [XFORM 203-502] Unrolling all loops for pipelining in function 'nnet::relu<ap_fixed<8, 2, (ap_q_mode)0, (ap_o_mode)0, 0>, ap_fixed<8, 2, (ap_q_mode)0, (ap_o_mode)0, 0>, ReLU_config41>' (firmware/nnet_utils/nnet_activation.h:40:43).
INFO: [XFORM 203-502] Unrolling all sub-loops inside loop 'PartitionLoop' (firmware/nnet_utils/nnet_conv2d_latency.h:35) in function 'nnet::conv_2d_cl<ap_fixed<8, 2, (ap_q_mode)0, (ap_o_mode)0, 0>, ap_fixed<8, 2, (ap_q_mode)0, (ap_o_mode)0, 0>, config38>' for pipelining.
INFO: [XFORM 203-502] Unrolling all loops for pipelining in function 'nnet::add<ap_fixed<8, 2, (ap_q_mode)0, (ap_o_mode)0, 0>, ap_fixed<8, 2, (ap_q_mode)0, (ap_o_mode)0, 0>, ap_fixed<8, 2, (ap_q_mode)0, (ap_o_mode)0, 0>, config37>' (firmware/nnet_utils/nnet_merge.h:37:19).
INFO: [XFORM 203-502] Unrolling all sub-loops inside loop 'PartitionLoop' (firmware/nnet_utils/nnet_conv2d_latency.h:35) in function 'nnet::pointwise_conv_2d_cl<ap_fixed<8, 2, (ap_q_mode)0, (ap_o_mode)0, 0>, ap_fixed<8, 2, (ap_q_mode)0, (ap_o_mode)0, 0>, config51>' for pipelining.
INFO: [XFORM 203-502] Unrolling all loops for pipelining in function 'nnet::relu<ap_fixed<8, 2, (ap_q_mode)0, (ap_o_mode)0, 0>, ap_fixed<8, 2, (ap_q_mode)0, (ap_o_mode)0, 0>, ReLU_config34>' (firmware/nnet_utils/nnet_activation.h:40:43).
INFO: [XFORM 203-502] Unrolling all sub-loops inside loop 'PartitionLoop' (firmware/nnet_utils/nnet_conv2d_latency.h:35) in function 'nnet::conv_2d_cl<ap_fixed<8, 2, (ap_q_mode)0, (ap_o_mode)0, 0>, ap_fixed<8, 2, (ap_q_mode)0, (ap_o_mode)0, 0>, config31>' for pipelining.
INFO: [XFORM 203-502] Unrolling all loops for pipelining in function 'nnet::resize_nearest<ap_fixed<8, 2, (ap_q_mode)0, (ap_o_mode)0, 0>, config30>' (firmware/nnet_utils/nnet_image.h:25:51).
INFO: [XFORM 203-502] Unrolling all loops for pipelining in function 'nnet::relu<ap_fixed<8, 2, (ap_q_mode)0, (ap_o_mode)0, 0>, ap_fixed<8, 2, (ap_q_mode)0, (ap_o_mode)0, 0>, ReLU_config29>' (firmware/nnet_utils/nnet_activation.h:40:43).
INFO: [XFORM 203-502] Unrolling all sub-loops inside loop 'PartitionLoop' (firmware/nnet_utils/nnet_conv2d_latency.h:35) in function 'nnet::conv_2d_cl<ap_fixed<8, 2, (ap_q_mode)0, (ap_o_mode)0, 0>, ap_fixed<8, 2, (ap_q_mode)0, (ap_o_mode)0, 0>, config26>' for pipelining.
INFO: [XFORM 203-502] Unrolling all loops for pipelining in function 'nnet::relu<ap_fixed<8, 2, (ap_q_mode)0, (ap_o_mode)0, 0>, ap_fixed<8, 2, (ap_q_mode)0, (ap_o_mode)0, 0>, ReLU_config25>' (firmware/nnet_utils/nnet_activation.h:40:43).
INFO: [XFORM 203-502] Unrolling all sub-loops inside loop 'PartitionLoop' (firmware/nnet_utils/nnet_conv2d_latency.h:35) in function 'nnet::conv_2d_cl<ap_fixed<8, 2, (ap_q_mode)0, (ap_o_mode)0, 0>, ap_fixed<8, 2, (ap_q_mode)0, (ap_o_mode)0, 0>, config22>' for pipelining.
INFO: [XFORM 203-502] Unrolling all loops for pipelining in function 'nnet::add<ap_fixed<8, 2, (ap_q_mode)0, (ap_o_mode)0, 0>, ap_fixed<8, 2, (ap_q_mode)0, (ap_o_mode)0, 0>, ap_fixed<8, 2, (ap_q_mode)0, (ap_o_mode)0, 0>, config21>' (firmware/nnet_utils/nnet_merge.h:37:19).
INFO: [XFORM 203-502] Unrolling all sub-loops inside loop 'PartitionLoop' (firmware/nnet_utils/nnet_conv2d_latency.h:35) in function 'nnet::pointwise_conv_2d_cl<ap_fixed<8, 2, (ap_q_mode)0, (ap_o_mode)0, 0>, ap_fixed<8, 2, (ap_q_mode)0, (ap_o_mode)0, 0>, config50>' for pipelining.
INFO: [XFORM 203-502] Unrolling all loops for pipelining in function 'nnet::relu<ap_fixed<8, 2, (ap_q_mode)0, (ap_o_mode)0, 0>, ap_fixed<8, 2, (ap_q_mode)0, (ap_o_mode)0, 0>, ReLU_config18>' (firmware/nnet_utils/nnet_activation.h:40:43).
INFO: [XFORM 203-502] Unrolling all sub-loops inside loop 'PartitionLoop' (firmware/nnet_utils/nnet_conv2d_latency.h:35) in function 'nnet::conv_2d_cl<ap_fixed<8, 2, (ap_q_mode)0, (ap_o_mode)0, 0>, ap_fixed<8, 2, (ap_q_mode)0, (ap_o_mode)0, 0>, config14>' for pipelining.
INFO: [XFORM 203-502] Unrolling all loops for pipelining in function 'nnet::relu<ap_fixed<8, 2, (ap_q_mode)0, (ap_o_mode)0, 0>, ap_fixed<8, 2, (ap_q_mode)0, (ap_o_mode)0, 0>, ReLU_config13>' (firmware/nnet_utils/nnet_activation.h:40:43).
INFO: [XFORM 203-502] Unrolling all sub-loops inside loop 'PartitionLoop' (firmware/nnet_utils/nnet_conv2d_latency.h:35) in function 'nnet::conv_2d_cl<ap_fixed<8, 2, (ap_q_mode)0, (ap_o_mode)0, 0>, ap_fixed<8, 2, (ap_q_mode)0, (ap_o_mode)0, 0>, config10>' for pipelining.
INFO: [XFORM 203-502] Unrolling all loops for pipelining in function 'nnet::relu<ap_fixed<8, 2, (ap_q_mode)0, (ap_o_mode)0, 0>, ap_fixed<8, 2, (ap_q_mode)0, (ap_o_mode)0, 0>, ReLU_config9>' (firmware/nnet_utils/nnet_activation.h:40:43).
INFO: [XFORM 203-502] Unrolling all sub-loops inside loop 'PartitionLoop' (firmware/nnet_utils/nnet_conv2d_latency.h:35) in function 'nnet::conv_2d_cl<ap_fixed<8, 2, (ap_q_mode)0, (ap_o_mode)0, 0>, ap_fixed<8, 2, (ap_q_mode)0, (ap_o_mode)0, 0>, config6>' for pipelining.
INFO: [XFORM 203-502] Unrolling all loops for pipelining in function 'nnet::add<ap_fixed<8, 2, (ap_q_mode)0, (ap_o_mode)0, 0>, ap_fixed<8, 2, (ap_q_mode)0, (ap_o_mode)0, 0>, ap_fixed<8, 2, (ap_q_mode)0, (ap_o_mode)0, 0>, config5>' (firmware/nnet_utils/nnet_merge.h:37:19).
INFO: [XFORM 203-502] Unrolling all sub-loops inside loop 'PartitionLoop' (firmware/nnet_utils/nnet_conv2d_latency.h:35) in function 'nnet::pointwise_conv_2d_cl<ap_fixed<8, 2, (ap_q_mode)0, (ap_o_mode)0, 0>, ap_fixed<8, 2, (ap_q_mode)0, (ap_o_mode)0, 0>, config49>' for pipelining.
INFO: [HLS 200-489] Unrolling loop 'Loop-1' (firmware/nnet_utils/nnet_activation.h:43) in function 'nnet::relu<ap_fixed<8, 2, (ap_q_mode)0, (ap_o_mode)0, 0>, ap_fixed<8, 2, (ap_q_mode)0, (ap_o_mode)0, 0>, ReLU_config48>' completely with a factor of 256.
INFO: [HLS 200-489] Unrolling loop 'PixelLoop' (firmware/nnet_utils/nnet_conv2d_latency.h:41) in function 'nnet::pointwise_conv_2d_cl<ap_fixed<8, 2, (ap_q_mode)0, (ap_o_mode)0, 0>, ap_fixed<8, 2, (ap_q_mode)0, (ap_o_mode)0, 0>, config52>' completely with a factor of 8.
INFO: [HLS 200-489] Unrolling loop 'Product1' (firmware/nnet_utils/nnet_conv2d_latency.h:48) in function 'nnet::pointwise_conv_2d_cl<ap_fixed<8, 2, (ap_q_mode)0, (ap_o_mode)0, 0>, ap_fixed<8, 2, (ap_q_mode)0, (ap_o_mode)0, 0>, config52>' completely with a factor of 4.
INFO: [HLS 200-489] Unrolling loop 'Accum1' (firmware/nnet_utils/nnet_conv2d_latency.h:69) in function 'nnet::pointwise_conv_2d_cl<ap_fixed<8, 2, (ap_q_mode)0, (ap_o_mode)0, 0>, ap_fixed<8, 2, (ap_q_mode)0, (ap_o_mode)0, 0>, config52>' completely with a factor of 4.
INFO: [HLS 200-489] Unrolling loop 'Loop-1' (firmware/nnet_utils/nnet_activation.h:43) in function 'nnet::relu<ap_fixed<8, 2, (ap_q_mode)0, (ap_o_mode)0, 0>, ap_fixed<8, 2, (ap_q_mode)0, (ap_o_mode)0, 0>, ReLU_config45>' completely with a factor of 1024.
INFO: [HLS 200-489] Unrolling loop 'PixelLoop' (firmware/nnet_utils/nnet_conv2d_latency.h:41) in function 'nnet::conv_2d_cl<ap_fixed<8, 2, (ap_q_mode)0, (ap_o_mode)0, 0>, ap_fixed<8, 2, (ap_q_mode)0, (ap_o_mode)0, 0>, config42>' completely with a factor of 8.
INFO: [HLS 200-489] Unrolling loop 'Product1' (firmware/nnet_utils/nnet_conv2d_latency.h:48) in function 'nnet::conv_2d_cl<ap_fixed<8, 2, (ap_q_mode)0, (ap_o_mode)0, 0>, ap_fixed<8, 2, (ap_q_mode)0, (ap_o_mode)0, 0>, config42>' completely with a factor of 36.
INFO: [HLS 200-489] Unrolling loop 'Product2' (firmware/nnet_utils/nnet_conv2d_latency.h:52) in function 'nnet::conv_2d_cl<ap_fixed<8, 2, (ap_q_mode)0, (ap_o_mode)0, 0>, ap_fixed<8, 2, (ap_q_mode)0, (ap_o_mode)0, 0>, config42>' completely with a factor of 4.
INFO: [HLS 200-489] Unrolling loop 'ResetAccum' (firmware/nnet_utils/nnet_conv2d_latency.h:62) in function 'nnet::conv_2d_cl<ap_fixed<8, 2, (ap_q_mode)0, (ap_o_mode)0, 0>, ap_fixed<8, 2, (ap_q_mode)0, (ap_o_mode)0, 0>, config42>' completely with a factor of 4.
INFO: [HLS 200-489] Unrolling loop 'Accum1' (firmware/nnet_utils/nnet_conv2d_latency.h:69) in function 'nnet::conv_2d_cl<ap_fixed<8, 2, (ap_q_mode)0, (ap_o_mode)0, 0>, ap_fixed<8, 2, (ap_q_mode)0, (ap_o_mode)0, 0>, config42>' completely with a factor of 36.
INFO: [HLS 200-489] Unrolling loop 'Accum2' (firmware/nnet_utils/nnet_conv2d_latency.h:72) in function 'nnet::conv_2d_cl<ap_fixed<8, 2, (ap_q_mode)0, (ap_o_mode)0, 0>, ap_fixed<8, 2, (ap_q_mode)0, (ap_o_mode)0, 0>, config42>' completely with a factor of 4.
INFO: [HLS 200-489] Unrolling loop 'Result' (firmware/nnet_utils/nnet_conv2d_latency.h:80) in function 'nnet::conv_2d_cl<ap_fixed<8, 2, (ap_q_mode)0, (ap_o_mode)0, 0>, ap_fixed<8, 2, (ap_q_mode)0, (ap_o_mode)0, 0>, config42>' completely with a factor of 4.
INFO: [HLS 200-489] Unrolling loop 'Loop-1' (firmware/nnet_utils/nnet_activation.h:43) in function 'nnet::relu<ap_fixed<8, 2, (ap_q_mode)0, (ap_o_mode)0, 0>, ap_fixed<8, 2, (ap_q_mode)0, (ap_o_mode)0, 0>, ReLU_config41>' completely with a factor of 1024.
INFO: [HLS 200-489] Unrolling loop 'PixelLoop' (firmware/nnet_utils/nnet_conv2d_latency.h:41) in function 'nnet::conv_2d_cl<ap_fixed<8, 2, (ap_q_mode)0, (ap_o_mode)0, 0>, ap_fixed<8, 2, (ap_q_mode)0, (ap_o_mode)0, 0>, config38>' completely with a factor of 8.
INFO: [HLS 200-489] Unrolling loop 'Product1' (firmware/nnet_utils/nnet_conv2d_latency.h:48) in function 'nnet::conv_2d_cl<ap_fixed<8, 2, (ap_q_mode)0, (ap_o_mode)0, 0>, ap_fixed<8, 2, (ap_q_mode)0, (ap_o_mode)0, 0>, config38>' completely with a factor of 36.
INFO: [HLS 200-489] Unrolling loop 'Product2' (firmware/nnet_utils/nnet_conv2d_latency.h:52) in function 'nnet::conv_2d_cl<ap_fixed<8, 2, (ap_q_mode)0, (ap_o_mode)0, 0>, ap_fixed<8, 2, (ap_q_mode)0, (ap_o_mode)0, 0>, config38>' completely with a factor of 4.
INFO: [HLS 200-489] Unrolling loop 'ResetAccum' (firmware/nnet_utils/nnet_conv2d_latency.h:62) in function 'nnet::conv_2d_cl<ap_fixed<8, 2, (ap_q_mode)0, (ap_o_mode)0, 0>, ap_fixed<8, 2, (ap_q_mode)0, (ap_o_mode)0, 0>, config38>' completely with a factor of 4.
INFO: [HLS 200-489] Unrolling loop 'Accum1' (firmware/nnet_utils/nnet_conv2d_latency.h:69) in function 'nnet::conv_2d_cl<ap_fixed<8, 2, (ap_q_mode)0, (ap_o_mode)0, 0>, ap_fixed<8, 2, (ap_q_mode)0, (ap_o_mode)0, 0>, config38>' completely with a factor of 36.
INFO: [HLS 200-489] Unrolling loop 'Accum2' (firmware/nnet_utils/nnet_conv2d_latency.h:72) in function 'nnet::conv_2d_cl<ap_fixed<8, 2, (ap_q_mode)0, (ap_o_mode)0, 0>, ap_fixed<8, 2, (ap_q_mode)0, (ap_o_mode)0, 0>, config38>' completely with a factor of 4.
INFO: [HLS 200-489] Unrolling loop 'Result' (firmware/nnet_utils/nnet_conv2d_latency.h:80) in function 'nnet::conv_2d_cl<ap_fixed<8, 2, (ap_q_mode)0, (ap_o_mode)0, 0>, ap_fixed<8, 2, (ap_q_mode)0, (ap_o_mode)0, 0>, config38>' completely with a factor of 4.
INFO: [HLS 200-489] Unrolling loop 'Loop-1' (firmware/nnet_utils/nnet_merge.h:39) in function 'nnet::add<ap_fixed<8, 2, (ap_q_mode)0, (ap_o_mode)0, 0>, ap_fixed<8, 2, (ap_q_mode)0, (ap_o_mode)0, 0>, ap_fixed<8, 2, (ap_q_mode)0, (ap_o_mode)0, 0>, config37>' completely with a factor of 1024.
INFO: [HLS 200-489] Unrolling loop 'PixelLoop' (firmware/nnet_utils/nnet_conv2d_latency.h:41) in function 'nnet::pointwise_conv_2d_cl<ap_fixed<8, 2, (ap_q_mode)0, (ap_o_mode)0, 0>, ap_fixed<8, 2, (ap_q_mode)0, (ap_o_mode)0, 0>, config51>' completely with a factor of 8.
INFO: [HLS 200-489] Unrolling loop 'Product1' (firmware/nnet_utils/nnet_conv2d_latency.h:48) in function 'nnet::pointwise_conv_2d_cl<ap_fixed<8, 2, (ap_q_mode)0, (ap_o_mode)0, 0>, ap_fixed<8, 2, (ap_q_mode)0, (ap_o_mode)0, 0>, config51>' completely with a factor of 4.
INFO: [HLS 200-489] Unrolling loop 'Product2' (firmware/nnet_utils/nnet_conv2d_latency.h:52) in function 'nnet::pointwise_conv_2d_cl<ap_fixed<8, 2, (ap_q_mode)0, (ap_o_mode)0, 0>, ap_fixed<8, 2, (ap_q_mode)0, (ap_o_mode)0, 0>, config51>' completely with a factor of 4.
INFO: [HLS 200-489] Unrolling loop 'ResetAccum' (firmware/nnet_utils/nnet_conv2d_latency.h:62) in function 'nnet::pointwise_conv_2d_cl<ap_fixed<8, 2, (ap_q_mode)0, (ap_o_mode)0, 0>, ap_fixed<8, 2, (ap_q_mode)0, (ap_o_mode)0, 0>, config51>' completely with a factor of 4.
INFO: [HLS 200-489] Unrolling loop 'Accum1' (firmware/nnet_utils/nnet_conv2d_latency.h:69) in function 'nnet::pointwise_conv_2d_cl<ap_fixed<8, 2, (ap_q_mode)0, (ap_o_mode)0, 0>, ap_fixed<8, 2, (ap_q_mode)0, (ap_o_mode)0, 0>, config51>' completely with a factor of 4.
INFO: [HLS 200-489] Unrolling loop 'Accum2' (firmware/nnet_utils/nnet_conv2d_latency.h:72) in function 'nnet::pointwise_conv_2d_cl<ap_fixed<8, 2, (ap_q_mode)0, (ap_o_mode)0, 0>, ap_fixed<8, 2, (ap_q_mode)0, (ap_o_mode)0, 0>, config51>' completely with a factor of 4.
INFO: [HLS 200-489] Unrolling loop 'Result' (firmware/nnet_utils/nnet_conv2d_latency.h:80) in function 'nnet::pointwise_conv_2d_cl<ap_fixed<8, 2, (ap_q_mode)0, (ap_o_mode)0, 0>, ap_fixed<8, 2, (ap_q_mode)0, (ap_o_mode)0, 0>, config51>' completely with a factor of 4.
INFO: [HLS 200-489] Unrolling loop 'Loop-1' (firmware/nnet_utils/nnet_activation.h:43) in function 'nnet::relu<ap_fixed<8, 2, (ap_q_mode)0, (ap_o_mode)0, 0>, ap_fixed<8, 2, (ap_q_mode)0, (ap_o_mode)0, 0>, ReLU_config34>' completely with a factor of 1024.
INFO: [HLS 200-489] Unrolling loop 'PixelLoop' (firmware/nnet_utils/nnet_conv2d_latency.h:41) in function 'nnet::conv_2d_cl<ap_fixed<8, 2, (ap_q_mode)0, (ap_o_mode)0, 0>, ap_fixed<8, 2, (ap_q_mode)0, (ap_o_mode)0, 0>, config31>' completely with a factor of 8.
INFO: [HLS 200-489] Unrolling loop 'Product1' (firmware/nnet_utils/nnet_conv2d_latency.h:48) in function 'nnet::conv_2d_cl<ap_fixed<8, 2, (ap_q_mode)0, (ap_o_mode)0, 0>, ap_fixed<8, 2, (ap_q_mode)0, (ap_o_mode)0, 0>, config31>' completely with a factor of 72.
INFO: [HLS 200-489] Unrolling loop 'Product2' (firmware/nnet_utils/nnet_conv2d_latency.h:52) in function 'nnet::conv_2d_cl<ap_fixed<8, 2, (ap_q_mode)0, (ap_o_mode)0, 0>, ap_fixed<8, 2, (ap_q_mode)0, (ap_o_mode)0, 0>, config31>' completely with a factor of 4.
INFO: [HLS 200-489] Unrolling loop 'ResetAccum' (firmware/nnet_utils/nnet_conv2d_latency.h:62) in function 'nnet::conv_2d_cl<ap_fixed<8, 2, (ap_q_mode)0, (ap_o_mode)0, 0>, ap_fixed<8, 2, (ap_q_mode)0, (ap_o_mode)0, 0>, config31>' completely with a factor of 4.
INFO: [HLS 200-489] Unrolling loop 'Accum1' (firmware/nnet_utils/nnet_conv2d_latency.h:69) in function 'nnet::conv_2d_cl<ap_fixed<8, 2, (ap_q_mode)0, (ap_o_mode)0, 0>, ap_fixed<8, 2, (ap_q_mode)0, (ap_o_mode)0, 0>, config31>' completely with a factor of 72.
INFO: [HLS 200-489] Unrolling loop 'Accum2' (firmware/nnet_utils/nnet_conv2d_latency.h:72) in function 'nnet::conv_2d_cl<ap_fixed<8, 2, (ap_q_mode)0, (ap_o_mode)0, 0>, ap_fixed<8, 2, (ap_q_mode)0, (ap_o_mode)0, 0>, config31>' completely with a factor of 4.
INFO: [HLS 200-489] Unrolling loop 'Result' (firmware/nnet_utils/nnet_conv2d_latency.h:80) in function 'nnet::conv_2d_cl<ap_fixed<8, 2, (ap_q_mode)0, (ap_o_mode)0, 0>, ap_fixed<8, 2, (ap_q_mode)0, (ap_o_mode)0, 0>, config31>' completely with a factor of 4.
INFO: [HLS 200-489] Unrolling loop 'Loop-1' (firmware/nnet_utils/nnet_image.h:27) in function 'nnet::resize_nearest<ap_fixed<8, 2, (ap_q_mode)0, (ap_o_mode)0, 0>, config30>' completely with a factor of 4.
INFO: [HLS 200-489] Unrolling loop 'Loop-1.1' (firmware/nnet_utils/nnet_image.h:28) in function 'nnet::resize_nearest<ap_fixed<8, 2, (ap_q_mode)0, (ap_o_mode)0, 0>, config30>' completely with a factor of 64.
INFO: [HLS 200-489] Unrolling loop 'Loop-1.1.1' (firmware/nnet_utils/nnet_image.h:31) in function 'nnet::resize_nearest<ap_fixed<8, 2, (ap_q_mode)0, (ap_o_mode)0, 0>, config30>' completely with a factor of 8.
INFO: [HLS 200-489] Unrolling loop 'Loop-1' (firmware/nnet_utils/nnet_activation.h:43) in function 'nnet::relu<ap_fixed<8, 2, (ap_q_mode)0, (ap_o_mode)0, 0>, ap_fixed<8, 2, (ap_q_mode)0, (ap_o_mode)0, 0>, ReLU_config29>' completely with a factor of 512.
INFO: [HLS 200-489] Unrolling loop 'PixelLoop' (firmware/nnet_utils/nnet_conv2d_latency.h:41) in function 'nnet::conv_2d_cl<ap_fixed<8, 2, (ap_q_mode)0, (ap_o_mode)0, 0>, ap_fixed<8, 2, (ap_q_mode)0, (ap_o_mode)0, 0>, config26>' completely with a factor of 8.
ERROR: [XFORM 203-504] Stop unrolling loop 'PixelLoop' (firmware/nnet_utils/nnet_conv2d_latency.h:41) in function 'nnet::conv_2d_cl<ap_fixed<8, 2, (ap_q_mode)0, (ap_o_mode)0, 0>, ap_fixed<8, 2, (ap_q_mode)0, (ap_o_mode)0, 0>, config26>' because it may cause large runtime and excessive memory usage due to increase in code size. Please avoid unrolling the loop or form sub-functions for code in the loop body.
ERROR: [HLS 200-70] Pre-synthesis failed.
command 'ap_source' returned error code
    while executing
"source build_prj.tcl"
    ("uplevel" body line 1)
    invoked from within
"uplevel \#0 [list source $arg] "

INFO: [Common 17-206] Exiting vivado_hls at Tue Aug 13 12:47:00 2024...
