

================================================================
== Vivado HLS Report for 'compute_output_buffer_2d_array_array_ap_fixed_8_2_0_0_0_4u_config6_s'
================================================================
* Date:           Tue Jul 30 11:13:02 2024

* Version:        2019.2 (Build 2704478 on Wed Nov 06 22:10:23 MST 2019)
* Project:        myproject_prj
* Solution:       solution1
* Product family: virtexuplus
* Target device:  xcvu9p-flga2577-2-e


================================================================
== Performance Estimates
================================================================
+ Timing: 
    * Summary: 
    +--------+---------+----------+------------+
    |  Clock |  Target | Estimated| Uncertainty|
    +--------+---------+----------+------------+
    |ap_clk  | 2.78 ns | 2.373 ns |   0.35 ns  |
    +--------+---------+----------+------------+

+ Latency: 
    * Summary: 
    +---------+---------+-----------+-----------+-----+-----+----------+
    |  Latency (cycles) |   Latency (absolute)  |  Interval | Pipeline |
    |   min   |   max   |    min    |    max    | min | max |   Type   |
    +---------+---------+-----------+-----------+-----+-----+----------+
    |        7|        7| 19.446 ns | 19.446 ns |    1|    1| function |
    +---------+---------+-----------+-----------+-----+-----+----------+

    + Detail: 
        * Instance: 
        N/A

        * Loop: 
        N/A

============================================================
+ Verbose Summary: Synthesis Manager
============================================================
InlineROM: 1
ExposeGlobal: 0
============================================================
+ Verbose Summary: CDFG Model
============================================================
IsTopModel: 0
ResetActiveHigh: 1
IsCombinational: 0
IsDatapathOnly: 0
HasWiredReturn: 1
HasMFsm: 2
HasVarLatency: 0
IsPipeline: 1
IsRtlPipelined: 1
IsInstanceOverlapped: 0
IsDontTouch: 0
HasImplIP: 0
IsGatedGlobalClock: 0

+ Individual pipeline summary: 
  * Pipeline-0: initiation interval (II) = 1, depth = 8


============================================================
+ Verbose Summary: Schedule
============================================================
* Number of FSM states : 8
* Pipeline : 1
  Pipeline-0 : II = 1, D = 8, States = { 1 2 3 4 5 6 7 8 }
* Dataflow Pipeline: 0

* FSM state transitions: 
1 --> 2 
2 --> 3 
3 --> 4 
4 --> 5 
5 --> 6 
6 --> 7 
7 --> 8 
8 --> 

* FSM state operations: 

State 1 <SV = 0> <Delay = 1.22>
ST_1 : Operation 9 [1/1] (0.00ns)   --->   "%in_elem_data_V_read_2 = call i8 @_ssdm_op_Read.ap_auto.i8(i8 %in_elem_data_V_read)"   --->   Operation 9 'read' 'in_elem_data_V_read_2' <Predicate = true> <Delay = 0.00>
ST_1 : Operation 10 [1/1] (0.00ns)   --->   "%kernel_data_V_1632_load = load i8* @kernel_data_V_1632, align 1" [firmware/nnet_utils/nnet_conv_stream.h:286]   --->   Operation 10 'load' 'kernel_data_V_1632_load' <Predicate = true> <Delay = 0.00>
ST_1 : Operation 11 [1/1] (0.00ns)   --->   "%kernel_data_V_2633_load = load i8* @kernel_data_V_2633, align 1" [firmware/nnet_utils/nnet_conv_stream.h:286]   --->   Operation 11 'load' 'kernel_data_V_2633_load' <Predicate = true> <Delay = 0.00>
ST_1 : Operation 12 [1/1] (0.00ns)   --->   "%kernel_data_V_4635_load = load i8* @kernel_data_V_4635, align 1" [firmware/nnet_utils/nnet_conv_stream.h:286]   --->   Operation 12 'load' 'kernel_data_V_4635_load' <Predicate = true> <Delay = 0.00>
ST_1 : Operation 13 [1/1] (0.00ns)   --->   "%kernel_data_V_5636_load = load i8* @kernel_data_V_5636, align 1" [firmware/nnet_utils/nnet_conv_stream.h:286]   --->   Operation 13 'load' 'kernel_data_V_5636_load' <Predicate = true> <Delay = 0.00>
ST_1 : Operation 14 [1/1] (0.00ns)   --->   "%kernel_data_V_7638_load = load i8* @kernel_data_V_7638, align 1" [firmware/nnet_utils/nnet_conv_stream.h:286]   --->   Operation 14 'load' 'kernel_data_V_7638_load' <Predicate = true> <Delay = 0.00>
ST_1 : Operation 15 [1/1] (0.00ns)   --->   "%kernel_data_V_8_load = load i8* @kernel_data_V_8, align 1" [firmware/nnet_utils/nnet_conv_stream.h:286]   --->   Operation 15 'load' 'kernel_data_V_8_load' <Predicate = true> <Delay = 0.00>
ST_1 : Operation 16 [1/1] (1.22ns)   --->   "%call_ret8 = call fastcc { i8, i8, i8, i8, i8, i8, i8, i8, i8 } @"shift_line_buffer<array<ap_fixed<8, 2, 0, 0, 0>, 1u>, config6>"(i8 %in_elem_data_V_read_2, i8 %kernel_data_V_1632_load, i8 %kernel_data_V_2633_load, i8 %kernel_data_V_4635_load, i8 %kernel_data_V_5636_load, i8 %kernel_data_V_7638_load, i8 %kernel_data_V_8_load)" [firmware/nnet_utils/nnet_conv_stream.h:286]   --->   Operation 16 'call' 'call_ret8' <Predicate = true> <Delay = 1.22> <CoreType = "Generic">   --->   Core 0 '' <Latency = 0> <II = 1> <Delay = 1.00> <Generic> <Opcode : >
ST_1 : Operation 17 [1/1] (0.00ns)   --->   "%kernel_data_V_6637_ret = extractvalue { i8, i8, i8, i8, i8, i8, i8, i8, i8 } %call_ret8, 2" [firmware/nnet_utils/nnet_conv_stream.h:286]   --->   Operation 17 'extractvalue' 'kernel_data_V_6637_ret' <Predicate = true> <Delay = 0.00>
ST_1 : Operation 18 [1/1] (0.00ns)   --->   "%kernel_data_V_3634_ret = extractvalue { i8, i8, i8, i8, i8, i8, i8, i8, i8 } %call_ret8, 1" [firmware/nnet_utils/nnet_conv_stream.h:286]   --->   Operation 18 'extractvalue' 'kernel_data_V_3634_ret' <Predicate = true> <Delay = 0.00>
ST_1 : Operation 19 [1/1] (0.00ns)   --->   "%kernel_data_V_0_ret = extractvalue { i8, i8, i8, i8, i8, i8, i8, i8, i8 } %call_ret8, 0" [firmware/nnet_utils/nnet_conv_stream.h:286]   --->   Operation 19 'extractvalue' 'kernel_data_V_0_ret' <Predicate = true> <Delay = 0.00>
ST_1 : Operation 20 [1/1] (0.00ns)   --->   "%kernel_data_V_1632_ret = extractvalue { i8, i8, i8, i8, i8, i8, i8, i8, i8 } %call_ret8, 3" [firmware/nnet_utils/nnet_conv_stream.h:286]   --->   Operation 20 'extractvalue' 'kernel_data_V_1632_ret' <Predicate = true> <Delay = 0.00>
ST_1 : Operation 21 [1/1] (0.00ns)   --->   "store i8 %kernel_data_V_1632_ret, i8* @kernel_data_V_1632, align 1" [firmware/nnet_utils/nnet_conv_stream.h:286]   --->   Operation 21 'store' <Predicate = true> <Delay = 0.00>
ST_1 : Operation 22 [1/1] (0.00ns)   --->   "%kernel_data_V_2633_ret = extractvalue { i8, i8, i8, i8, i8, i8, i8, i8, i8 } %call_ret8, 4" [firmware/nnet_utils/nnet_conv_stream.h:286]   --->   Operation 22 'extractvalue' 'kernel_data_V_2633_ret' <Predicate = true> <Delay = 0.00>
ST_1 : Operation 23 [1/1] (0.00ns)   --->   "store i8 %kernel_data_V_2633_ret, i8* @kernel_data_V_2633, align 1" [firmware/nnet_utils/nnet_conv_stream.h:286]   --->   Operation 23 'store' <Predicate = true> <Delay = 0.00>
ST_1 : Operation 24 [1/1] (0.00ns)   --->   "%kernel_data_V_4635_ret = extractvalue { i8, i8, i8, i8, i8, i8, i8, i8, i8 } %call_ret8, 5" [firmware/nnet_utils/nnet_conv_stream.h:286]   --->   Operation 24 'extractvalue' 'kernel_data_V_4635_ret' <Predicate = true> <Delay = 0.00>
ST_1 : Operation 25 [1/1] (0.00ns)   --->   "store i8 %kernel_data_V_4635_ret, i8* @kernel_data_V_4635, align 1" [firmware/nnet_utils/nnet_conv_stream.h:286]   --->   Operation 25 'store' <Predicate = true> <Delay = 0.00>
ST_1 : Operation 26 [1/1] (0.00ns)   --->   "%kernel_data_V_5636_ret = extractvalue { i8, i8, i8, i8, i8, i8, i8, i8, i8 } %call_ret8, 6" [firmware/nnet_utils/nnet_conv_stream.h:286]   --->   Operation 26 'extractvalue' 'kernel_data_V_5636_ret' <Predicate = true> <Delay = 0.00>
ST_1 : Operation 27 [1/1] (0.00ns)   --->   "store i8 %kernel_data_V_5636_ret, i8* @kernel_data_V_5636, align 1" [firmware/nnet_utils/nnet_conv_stream.h:286]   --->   Operation 27 'store' <Predicate = true> <Delay = 0.00>
ST_1 : Operation 28 [1/1] (0.00ns)   --->   "%kernel_data_V_7638_ret = extractvalue { i8, i8, i8, i8, i8, i8, i8, i8, i8 } %call_ret8, 7" [firmware/nnet_utils/nnet_conv_stream.h:286]   --->   Operation 28 'extractvalue' 'kernel_data_V_7638_ret' <Predicate = true> <Delay = 0.00>
ST_1 : Operation 29 [1/1] (0.00ns)   --->   "store i8 %kernel_data_V_7638_ret, i8* @kernel_data_V_7638, align 1" [firmware/nnet_utils/nnet_conv_stream.h:286]   --->   Operation 29 'store' <Predicate = true> <Delay = 0.00>
ST_1 : Operation 30 [1/1] (0.00ns)   --->   "%kernel_data_V_8_ret = extractvalue { i8, i8, i8, i8, i8, i8, i8, i8, i8 } %call_ret8, 8" [firmware/nnet_utils/nnet_conv_stream.h:286]   --->   Operation 30 'extractvalue' 'kernel_data_V_8_ret' <Predicate = true> <Delay = 0.00>
ST_1 : Operation 31 [1/1] (0.00ns)   --->   "store i8 %kernel_data_V_8_ret, i8* @kernel_data_V_8, align 1" [firmware/nnet_utils/nnet_conv_stream.h:286]   --->   Operation 31 'store' <Predicate = true> <Delay = 0.00>

State 2 <SV = 1> <Delay = 2.37>
ST_2 : Operation 32 [1/1] (0.00ns)   --->   "%sX_2_load = load i32* @sX_2, align 4" [firmware/nnet_utils/nnet_conv_stream.h:289]   --->   Operation 32 'load' 'sX_2_load' <Predicate = true> <Delay = 0.00>
ST_2 : Operation 33 [1/1] (0.85ns)   --->   "%icmp_ln289 = icmp eq i32 %sX_2_load, 2" [firmware/nnet_utils/nnet_conv_stream.h:289]   --->   Operation 33 'icmp' 'icmp_ln289' <Predicate = true> <Delay = 0.85> <Core = "Cmp">   --->   Core 25 'Cmp' <Latency = 0> <II = 1> <Delay = 0.85> <FuncUnit> <Opcode : 'icmp'> <InPorts = 2> <OutPorts = 1>
ST_2 : Operation 34 [1/1] (0.00ns)   --->   "%sY_2_load = load i32* @sY_2, align 4" [firmware/nnet_utils/nnet_conv_stream.h:289]   --->   Operation 34 'load' 'sY_2_load' <Predicate = true> <Delay = 0.00>
ST_2 : Operation 35 [1/1] (0.85ns)   --->   "%icmp_ln289_7 = icmp eq i32 %sY_2_load, 2" [firmware/nnet_utils/nnet_conv_stream.h:289]   --->   Operation 35 'icmp' 'icmp_ln289_7' <Predicate = true> <Delay = 0.85> <Core = "Cmp">   --->   Core 25 'Cmp' <Latency = 0> <II = 1> <Delay = 0.85> <FuncUnit> <Opcode : 'icmp'> <InPorts = 2> <OutPorts = 1>
ST_2 : Operation 36 [1/1] (0.00ns)   --->   "%pY_2_load = load i32* @pY_2, align 4" [firmware/nnet_utils/nnet_conv_stream.h:289]   --->   Operation 36 'load' 'pY_2_load' <Predicate = true> <Delay = 0.00>
ST_2 : Operation 37 [1/1] (0.00ns)   --->   "%tmp = call i31 @_ssdm_op_PartSelect.i31.i32.i32.i32(i32 %pY_2_load, i32 1, i32 31)" [firmware/nnet_utils/nnet_conv_stream.h:289]   --->   Operation 37 'partselect' 'tmp' <Predicate = true> <Delay = 0.00>
ST_2 : Operation 38 [1/1] (0.84ns)   --->   "%icmp_ln289_8 = icmp sgt i31 %tmp, 0" [firmware/nnet_utils/nnet_conv_stream.h:289]   --->   Operation 38 'icmp' 'icmp_ln289_8' <Predicate = true> <Delay = 0.84> <Core = "Cmp">   --->   Core 25 'Cmp' <Latency = 0> <II = 1> <Delay = 0.85> <FuncUnit> <Opcode : 'icmp'> <InPorts = 2> <OutPorts = 1>
ST_2 : Operation 39 [1/1] (0.00ns)   --->   "%pX_2_load = load i32* @pX_2, align 4" [firmware/nnet_utils/nnet_conv_stream.h:289]   --->   Operation 39 'load' 'pX_2_load' <Predicate = true> <Delay = 0.00>
ST_2 : Operation 40 [1/1] (0.00ns)   --->   "%tmp_4822 = call i31 @_ssdm_op_PartSelect.i31.i32.i32.i32(i32 %pX_2_load, i32 1, i32 31)" [firmware/nnet_utils/nnet_conv_stream.h:289]   --->   Operation 40 'partselect' 'tmp_4822' <Predicate = true> <Delay = 0.00>
ST_2 : Operation 41 [1/1] (0.84ns)   --->   "%icmp_ln289_9 = icmp sgt i31 %tmp_4822, 0" [firmware/nnet_utils/nnet_conv_stream.h:289]   --->   Operation 41 'icmp' 'icmp_ln289_9' <Predicate = true> <Delay = 0.84> <Core = "Cmp">   --->   Core 25 'Cmp' <Latency = 0> <II = 1> <Delay = 0.85> <FuncUnit> <Opcode : 'icmp'> <InPorts = 2> <OutPorts = 1>
ST_2 : Operation 42 [1/1] (0.00ns) (grouped into LUT with out node and_ln289_6)   --->   "%and_ln289 = and i1 %icmp_ln289, %icmp_ln289_7" [firmware/nnet_utils/nnet_conv_stream.h:289]   --->   Operation 42 'and' 'and_ln289' <Predicate = true> <Delay = 0.00> <Core = "LogicGate">   --->   Core 27 'LogicGate' <Latency = 0> <II = 1> <Delay = 0.12> <FuncUnit> <Opcode : 'and' 'or' 'xor'> <InPorts = 2> <OutPorts = 1>
ST_2 : Operation 43 [1/1] (0.00ns) (grouped into LUT with out node and_ln289_6)   --->   "%and_ln289_5 = and i1 %icmp_ln289_8, %icmp_ln289_9" [firmware/nnet_utils/nnet_conv_stream.h:289]   --->   Operation 43 'and' 'and_ln289_5' <Predicate = true> <Delay = 0.00> <Core = "LogicGate">   --->   Core 27 'LogicGate' <Latency = 0> <II = 1> <Delay = 0.12> <FuncUnit> <Opcode : 'and' 'or' 'xor'> <InPorts = 2> <OutPorts = 1>
ST_2 : Operation 44 [1/1] (0.12ns) (out node of the LUT)   --->   "%and_ln289_6 = and i1 %and_ln289_5, %and_ln289" [firmware/nnet_utils/nnet_conv_stream.h:289]   --->   Operation 44 'and' 'and_ln289_6' <Predicate = true> <Delay = 0.12> <Core = "LogicGate">   --->   Core 27 'LogicGate' <Latency = 0> <II = 1> <Delay = 0.12> <FuncUnit> <Opcode : 'and' 'or' 'xor'> <InPorts = 2> <OutPorts = 1>
ST_2 : Operation 45 [1/1] (0.00ns)   --->   "br i1 %and_ln289_6, label %0, label %._crit_edge22" [firmware/nnet_utils/nnet_conv_stream.h:289]   --->   Operation 45 'br' <Predicate = true> <Delay = 0.00>
ST_2 : Operation 46 [6/6] (2.37ns)   --->   "%call_ret = call fastcc { i8, i8, i8, i8 } @"dense_latency<ap_fixed,ap_fixed<8,2,0,0,0>,config6_mult>.0.0.0.0.0"(i8 %kernel_data_V_0_ret, i8 %kernel_data_V_1632_ret, i8 %kernel_data_V_2633_ret, i8 %kernel_data_V_3634_ret, i8 %kernel_data_V_4635_ret, i8 %kernel_data_V_5636_ret, i8 %kernel_data_V_6637_ret, i8 %kernel_data_V_7638_ret, i8 %kernel_data_V_8_ret)" [firmware/nnet_utils/nnet_conv_stream.h:294]   --->   Operation 46 'call' 'call_ret' <Predicate = (and_ln289_6)> <Delay = 2.37> <CoreType = "Generic">   --->   Core 0 '' <Latency = 0> <II = 1> <Delay = 1.00> <Generic> <Opcode : >
ST_2 : Operation 47 [1/1] (0.85ns)   --->   "%icmp_ln313 = icmp eq i32 %pX_2_load, 65" [firmware/nnet_utils/nnet_conv_stream.h:313]   --->   Operation 47 'icmp' 'icmp_ln313' <Predicate = true> <Delay = 0.85> <Core = "Cmp">   --->   Core 25 'Cmp' <Latency = 0> <II = 1> <Delay = 0.85> <FuncUnit> <Opcode : 'icmp'> <InPorts = 2> <OutPorts = 1>
ST_2 : Operation 48 [1/1] (0.00ns)   --->   "br i1 %icmp_ln313, label %1, label %5" [firmware/nnet_utils/nnet_conv_stream.h:313]   --->   Operation 48 'br' <Predicate = true> <Delay = 0.00>
ST_2 : Operation 49 [1/1] (0.66ns)   --->   "%add_ln326 = add nsw i32 %pX_2_load, 1" [firmware/nnet_utils/nnet_conv_stream.h:326]   --->   Operation 49 'add' 'add_ln326' <Predicate = (!icmp_ln313)> <Delay = 0.66> <Core = "AddSub">   --->   Core 14 'AddSub' <Latency = 0> <II = 1> <Delay = 0.66> <FuncUnit> <Opcode : 'add' 'sub'> <InPorts = 2> <OutPorts = 1>
ST_2 : Operation 50 [1/1] (0.60ns)   --->   "store i32 %add_ln326, i32* @pX_2, align 4" [firmware/nnet_utils/nnet_conv_stream.h:326]   --->   Operation 50 'store' <Predicate = (!icmp_ln313)> <Delay = 0.60>
ST_2 : Operation 51 [1/1] (0.66ns)   --->   "%add_ln328 = add i32 %sX_2_load, 1" [firmware/nnet_utils/nnet_conv_stream.h:328]   --->   Operation 51 'add' 'add_ln328' <Predicate = (!icmp_ln313)> <Delay = 0.66> <Core = "AddSub">   --->   Core 14 'AddSub' <Latency = 0> <II = 1> <Delay = 0.66> <FuncUnit> <Opcode : 'add' 'sub'> <InPorts = 2> <OutPorts = 1>
ST_2 : Operation 52 [1/1] (0.22ns)   --->   "%select_ln328 = select i1 %icmp_ln289, i32 2, i32 %add_ln328" [firmware/nnet_utils/nnet_conv_stream.h:328]   --->   Operation 52 'select' 'select_ln328' <Predicate = (!icmp_ln313)> <Delay = 0.22> <Core = "Sel">   --->   Core 26 'Sel' <Latency = 0> <II = 1> <Delay = 0.22> <FuncUnit> <Opcode : 'select'> <InPorts = 3> <OutPorts = 1>
ST_2 : Operation 53 [1/1] (0.60ns)   --->   "store i32 %select_ln328, i32* @sX_2, align 4" [firmware/nnet_utils/nnet_conv_stream.h:328]   --->   Operation 53 'store' <Predicate = (!icmp_ln313)> <Delay = 0.60>
ST_2 : Operation 54 [1/1] (0.60ns)   --->   "store i32 0, i32* @pX_2, align 4" [firmware/nnet_utils/nnet_conv_stream.h:315]   --->   Operation 54 'store' <Predicate = (icmp_ln313)> <Delay = 0.60>
ST_2 : Operation 55 [1/1] (0.60ns)   --->   "store i32 0, i32* @sX_2, align 4" [firmware/nnet_utils/nnet_conv_stream.h:316]   --->   Operation 55 'store' <Predicate = (icmp_ln313)> <Delay = 0.60>
ST_2 : Operation 56 [1/1] (0.85ns)   --->   "%icmp_ln317 = icmp eq i32 %pY_2_load, 65" [firmware/nnet_utils/nnet_conv_stream.h:317]   --->   Operation 56 'icmp' 'icmp_ln317' <Predicate = (icmp_ln313)> <Delay = 0.85> <Core = "Cmp">   --->   Core 25 'Cmp' <Latency = 0> <II = 1> <Delay = 0.85> <FuncUnit> <Opcode : 'icmp'> <InPorts = 2> <OutPorts = 1>
ST_2 : Operation 57 [1/1] (0.00ns)   --->   "br i1 %icmp_ln317, label %2, label %3" [firmware/nnet_utils/nnet_conv_stream.h:317]   --->   Operation 57 'br' <Predicate = (icmp_ln313)> <Delay = 0.00>
ST_2 : Operation 58 [1/1] (0.66ns)   --->   "%add_ln321 = add nsw i32 %pY_2_load, 1" [firmware/nnet_utils/nnet_conv_stream.h:321]   --->   Operation 58 'add' 'add_ln321' <Predicate = (icmp_ln313 & !icmp_ln317)> <Delay = 0.66> <Core = "AddSub">   --->   Core 14 'AddSub' <Latency = 0> <II = 1> <Delay = 0.66> <FuncUnit> <Opcode : 'add' 'sub'> <InPorts = 2> <OutPorts = 1>
ST_2 : Operation 59 [1/1] (0.60ns)   --->   "store i32 %add_ln321, i32* @pY_2, align 4" [firmware/nnet_utils/nnet_conv_stream.h:321]   --->   Operation 59 'store' <Predicate = (icmp_ln313 & !icmp_ln317)> <Delay = 0.60>
ST_2 : Operation 60 [1/1] (0.66ns)   --->   "%add_ln323 = add i32 %sY_2_load, 1" [firmware/nnet_utils/nnet_conv_stream.h:323]   --->   Operation 60 'add' 'add_ln323' <Predicate = (icmp_ln313 & !icmp_ln317)> <Delay = 0.66> <Core = "AddSub">   --->   Core 14 'AddSub' <Latency = 0> <II = 1> <Delay = 0.66> <FuncUnit> <Opcode : 'add' 'sub'> <InPorts = 2> <OutPorts = 1>
ST_2 : Operation 61 [1/1] (0.22ns)   --->   "%select_ln323 = select i1 %icmp_ln289_7, i32 2, i32 %add_ln323" [firmware/nnet_utils/nnet_conv_stream.h:323]   --->   Operation 61 'select' 'select_ln323' <Predicate = (icmp_ln313 & !icmp_ln317)> <Delay = 0.22> <Core = "Sel">   --->   Core 26 'Sel' <Latency = 0> <II = 1> <Delay = 0.22> <FuncUnit> <Opcode : 'select'> <InPorts = 3> <OutPorts = 1>
ST_2 : Operation 62 [1/1] (0.60ns)   --->   "br label %4"   --->   Operation 62 'br' <Predicate = (icmp_ln313 & !icmp_ln317)> <Delay = 0.60>
ST_2 : Operation 63 [1/1] (0.60ns)   --->   "store i32 0, i32* @pY_2, align 4" [firmware/nnet_utils/nnet_conv_stream.h:318]   --->   Operation 63 'store' <Predicate = (icmp_ln313 & icmp_ln317)> <Delay = 0.60>
ST_2 : Operation 64 [1/1] (0.60ns)   --->   "br label %4" [firmware/nnet_utils/nnet_conv_stream.h:320]   --->   Operation 64 'br' <Predicate = (icmp_ln313 & icmp_ln317)> <Delay = 0.60>

State 3 <SV = 2> <Delay = 2.37>
ST_3 : Operation 65 [5/6] (2.37ns)   --->   "%call_ret = call fastcc { i8, i8, i8, i8 } @"dense_latency<ap_fixed,ap_fixed<8,2,0,0,0>,config6_mult>.0.0.0.0.0"(i8 %kernel_data_V_0_ret, i8 %kernel_data_V_1632_ret, i8 %kernel_data_V_2633_ret, i8 %kernel_data_V_3634_ret, i8 %kernel_data_V_4635_ret, i8 %kernel_data_V_5636_ret, i8 %kernel_data_V_6637_ret, i8 %kernel_data_V_7638_ret, i8 %kernel_data_V_8_ret)" [firmware/nnet_utils/nnet_conv_stream.h:294]   --->   Operation 65 'call' 'call_ret' <Predicate = (and_ln289_6)> <Delay = 2.37> <CoreType = "Generic">   --->   Core 0 '' <Latency = 0> <II = 1> <Delay = 1.00> <Generic> <Opcode : >
ST_3 : Operation 66 [1/1] (0.00ns)   --->   "%storemerge = phi i32 [ %select_ln323, %3 ], [ 0, %2 ]" [firmware/nnet_utils/nnet_conv_stream.h:323]   --->   Operation 66 'phi' 'storemerge' <Predicate = (icmp_ln313)> <Delay = 0.00>
ST_3 : Operation 67 [1/1] (0.00ns)   --->   "store i32 %storemerge, i32* @sY_2, align 4" [firmware/nnet_utils/nnet_conv_stream.h:319]   --->   Operation 67 'store' <Predicate = (icmp_ln313)> <Delay = 0.00>

State 4 <SV = 3> <Delay = 2.37>
ST_4 : Operation 68 [4/6] (2.37ns)   --->   "%call_ret = call fastcc { i8, i8, i8, i8 } @"dense_latency<ap_fixed,ap_fixed<8,2,0,0,0>,config6_mult>.0.0.0.0.0"(i8 %kernel_data_V_0_ret, i8 %kernel_data_V_1632_ret, i8 %kernel_data_V_2633_ret, i8 %kernel_data_V_3634_ret, i8 %kernel_data_V_4635_ret, i8 %kernel_data_V_5636_ret, i8 %kernel_data_V_6637_ret, i8 %kernel_data_V_7638_ret, i8 %kernel_data_V_8_ret)" [firmware/nnet_utils/nnet_conv_stream.h:294]   --->   Operation 68 'call' 'call_ret' <Predicate = (and_ln289_6)> <Delay = 2.37> <CoreType = "Generic">   --->   Core 0 '' <Latency = 0> <II = 1> <Delay = 1.00> <Generic> <Opcode : >

State 5 <SV = 4> <Delay = 2.37>
ST_5 : Operation 69 [3/6] (2.37ns)   --->   "%call_ret = call fastcc { i8, i8, i8, i8 } @"dense_latency<ap_fixed,ap_fixed<8,2,0,0,0>,config6_mult>.0.0.0.0.0"(i8 %kernel_data_V_0_ret, i8 %kernel_data_V_1632_ret, i8 %kernel_data_V_2633_ret, i8 %kernel_data_V_3634_ret, i8 %kernel_data_V_4635_ret, i8 %kernel_data_V_5636_ret, i8 %kernel_data_V_6637_ret, i8 %kernel_data_V_7638_ret, i8 %kernel_data_V_8_ret)" [firmware/nnet_utils/nnet_conv_stream.h:294]   --->   Operation 69 'call' 'call_ret' <Predicate = (and_ln289_6)> <Delay = 2.37> <CoreType = "Generic">   --->   Core 0 '' <Latency = 0> <II = 1> <Delay = 1.00> <Generic> <Opcode : >

State 6 <SV = 5> <Delay = 2.37>
ST_6 : Operation 70 [2/6] (2.37ns)   --->   "%call_ret = call fastcc { i8, i8, i8, i8 } @"dense_latency<ap_fixed,ap_fixed<8,2,0,0,0>,config6_mult>.0.0.0.0.0"(i8 %kernel_data_V_0_ret, i8 %kernel_data_V_1632_ret, i8 %kernel_data_V_2633_ret, i8 %kernel_data_V_3634_ret, i8 %kernel_data_V_4635_ret, i8 %kernel_data_V_5636_ret, i8 %kernel_data_V_6637_ret, i8 %kernel_data_V_7638_ret, i8 %kernel_data_V_8_ret)" [firmware/nnet_utils/nnet_conv_stream.h:294]   --->   Operation 70 'call' 'call_ret' <Predicate = (and_ln289_6)> <Delay = 2.37> <CoreType = "Generic">   --->   Core 0 '' <Latency = 0> <II = 1> <Delay = 1.00> <Generic> <Opcode : >

State 7 <SV = 6> <Delay = 1.94>
ST_7 : Operation 71 [1/6] (1.94ns)   --->   "%call_ret = call fastcc { i8, i8, i8, i8 } @"dense_latency<ap_fixed,ap_fixed<8,2,0,0,0>,config6_mult>.0.0.0.0.0"(i8 %kernel_data_V_0_ret, i8 %kernel_data_V_1632_ret, i8 %kernel_data_V_2633_ret, i8 %kernel_data_V_3634_ret, i8 %kernel_data_V_4635_ret, i8 %kernel_data_V_5636_ret, i8 %kernel_data_V_6637_ret, i8 %kernel_data_V_7638_ret, i8 %kernel_data_V_8_ret)" [firmware/nnet_utils/nnet_conv_stream.h:294]   --->   Operation 71 'call' 'call_ret' <Predicate = (and_ln289_6)> <Delay = 1.94> <CoreType = "Generic">   --->   Core 0 '' <Latency = 0> <II = 1> <Delay = 1.00> <Generic> <Opcode : >
ST_7 : Operation 72 [1/1] (0.00ns)   --->   "%res_out_0_V = extractvalue { i8, i8, i8, i8 } %call_ret, 0" [firmware/nnet_utils/nnet_conv_stream.h:294]   --->   Operation 72 'extractvalue' 'res_out_0_V' <Predicate = (and_ln289_6)> <Delay = 0.00>
ST_7 : Operation 73 [1/1] (0.00ns)   --->   "%res_out_1_V = extractvalue { i8, i8, i8, i8 } %call_ret, 1" [firmware/nnet_utils/nnet_conv_stream.h:294]   --->   Operation 73 'extractvalue' 'res_out_1_V' <Predicate = (and_ln289_6)> <Delay = 0.00>
ST_7 : Operation 74 [1/1] (0.00ns)   --->   "%res_out_2_V = extractvalue { i8, i8, i8, i8 } %call_ret, 2" [firmware/nnet_utils/nnet_conv_stream.h:294]   --->   Operation 74 'extractvalue' 'res_out_2_V' <Predicate = (and_ln289_6)> <Delay = 0.00>
ST_7 : Operation 75 [1/1] (0.00ns)   --->   "%res_out_3_V = extractvalue { i8, i8, i8, i8 } %call_ret, 3" [firmware/nnet_utils/nnet_conv_stream.h:294]   --->   Operation 75 'extractvalue' 'res_out_3_V' <Predicate = (and_ln289_6)> <Delay = 0.00>

State 8 <SV = 7> <Delay = 1.21>
ST_8 : Operation 76 [1/1] (0.00ns)   --->   "call void (...)* @_ssdm_op_SpecInterface(i8* %res_stream_V_data_0_V, [8 x i8]* @ap_fifo_str, i32 0, i32 0, [1 x i8]* @p_str864, i32 0, i32 0, [1 x i8]* @p_str865, [1 x i8]* @p_str866, [1 x i8]* @p_str867, i32 2, i32 2, i32 16, i32 16, [1 x i8]* @p_str868, [1 x i8]* @p_str869)"   --->   Operation 76 'specinterface' <Predicate = true> <Delay = 0.00>
ST_8 : Operation 77 [1/1] (0.00ns)   --->   "call void (...)* @_ssdm_op_SpecInterface(i8* %res_stream_V_data_1_V, [8 x i8]* @ap_fifo_str, i32 0, i32 0, [1 x i8]* @p_str871, i32 0, i32 0, [1 x i8]* @p_str872, [1 x i8]* @p_str873, [1 x i8]* @p_str874, i32 2, i32 2, i32 16, i32 16, [1 x i8]* @p_str875, [1 x i8]* @p_str876)"   --->   Operation 77 'specinterface' <Predicate = true> <Delay = 0.00>
ST_8 : Operation 78 [1/1] (0.00ns)   --->   "call void (...)* @_ssdm_op_SpecInterface(i8* %res_stream_V_data_2_V, [8 x i8]* @ap_fifo_str, i32 0, i32 0, [1 x i8]* @p_str878, i32 0, i32 0, [1 x i8]* @p_str879, [1 x i8]* @p_str880, [1 x i8]* @p_str881, i32 2, i32 2, i32 16, i32 16, [1 x i8]* @p_str882, [1 x i8]* @p_str883)"   --->   Operation 78 'specinterface' <Predicate = true> <Delay = 0.00>
ST_8 : Operation 79 [1/1] (0.00ns)   --->   "call void (...)* @_ssdm_op_SpecInterface(i8* %res_stream_V_data_3_V, [8 x i8]* @ap_fifo_str, i32 0, i32 0, [1 x i8]* @p_str885, i32 0, i32 0, [1 x i8]* @p_str886, [1 x i8]* @p_str887, [1 x i8]* @p_str888, i32 2, i32 2, i32 16, i32 16, [1 x i8]* @p_str889, [1 x i8]* @p_str890)"   --->   Operation 79 'specinterface' <Predicate = true> <Delay = 0.00>
ST_8 : Operation 80 [1/1] (1.21ns)   --->   "call void @_ssdm_op_Write.ap_fifo.volatile.i8P.i8P.i8P.i8P(i8* %res_stream_V_data_0_V, i8* %res_stream_V_data_1_V, i8* %res_stream_V_data_2_V, i8* %res_stream_V_data_3_V, i8 %res_out_0_V, i8 %res_out_1_V, i8 %res_out_2_V, i8 %res_out_3_V)" [firmware/nnet_utils/nnet_conv_stream.h:309]   --->   Operation 80 'write' <Predicate = (and_ln289_6)> <Delay = 1.21> <Core = "FIFO_SRL">   --->   Core 36 'FIFO_SRL' <Latency = 0> <II = 1> <Delay = 1.45> <Storage> <Opcode : 'read' 'write' 'nbread' 'nbwrite'> <Ports = 0> <Width = 8> <Depth = 0> <FIFO>
ST_8 : Operation 81 [1/1] (0.00ns)   --->   "br label %._crit_edge22" [firmware/nnet_utils/nnet_conv_stream.h:310]   --->   Operation 81 'br' <Predicate = (and_ln289_6)> <Delay = 0.00>
ST_8 : Operation 82 [1/1] (0.00ns)   --->   "br label %6"   --->   Operation 82 'br' <Predicate = (!icmp_ln313)> <Delay = 0.00>
ST_8 : Operation 83 [1/1] (0.00ns)   --->   "br label %6" [firmware/nnet_utils/nnet_conv_stream.h:325]   --->   Operation 83 'br' <Predicate = (icmp_ln313)> <Delay = 0.00>
ST_8 : Operation 84 [1/1] (0.00ns)   --->   "ret void" [firmware/nnet_utils/nnet_conv_stream.h:330]   --->   Operation 84 'ret' <Predicate = true> <Delay = 0.00>


============================================================
+ Verbose Summary: Timing violations
============================================================
Target clock period: 2.78ns, clock uncertainty: 0.347ns.

 <State 1>: 1.22ns
The critical path consists of the following:
	wire read on port 'in_elem_data_V_read' [25]  (0 ns)
	'call' operation ('call_ret8', firmware/nnet_utils/nnet_conv_stream.h:286) to 'shift_line_buffer<array<ap_fixed<8, 2, 0, 0, 0>, 1u>, config6>' [32]  (1.22 ns)

 <State 2>: 2.37ns
The critical path consists of the following:
	'call' operation ('call_ret', firmware/nnet_utils/nnet_conv_stream.h:294) to 'dense_latency<ap_fixed,ap_fixed<8,2,0,0,0>,config6_mult>.0.0.0.0.0' [63]  (2.37 ns)

 <State 3>: 2.37ns
The critical path consists of the following:
	'call' operation ('call_ret', firmware/nnet_utils/nnet_conv_stream.h:294) to 'dense_latency<ap_fixed,ap_fixed<8,2,0,0,0>,config6_mult>.0.0.0.0.0' [63]  (2.37 ns)

 <State 4>: 2.37ns
The critical path consists of the following:
	'call' operation ('call_ret', firmware/nnet_utils/nnet_conv_stream.h:294) to 'dense_latency<ap_fixed,ap_fixed<8,2,0,0,0>,config6_mult>.0.0.0.0.0' [63]  (2.37 ns)

 <State 5>: 2.37ns
The critical path consists of the following:
	'call' operation ('call_ret', firmware/nnet_utils/nnet_conv_stream.h:294) to 'dense_latency<ap_fixed,ap_fixed<8,2,0,0,0>,config6_mult>.0.0.0.0.0' [63]  (2.37 ns)

 <State 6>: 2.37ns
The critical path consists of the following:
	'call' operation ('call_ret', firmware/nnet_utils/nnet_conv_stream.h:294) to 'dense_latency<ap_fixed,ap_fixed<8,2,0,0,0>,config6_mult>.0.0.0.0.0' [63]  (2.37 ns)

 <State 7>: 1.94ns
The critical path consists of the following:
	'call' operation ('call_ret', firmware/nnet_utils/nnet_conv_stream.h:294) to 'dense_latency<ap_fixed,ap_fixed<8,2,0,0,0>,config6_mult>.0.0.0.0.0' [63]  (1.94 ns)

 <State 8>: 1.22ns
The critical path consists of the following:
	fifo write on port 'res_stream_V_data_0_V' (firmware/nnet_utils/nnet_conv_stream.h:309) [68]  (1.22 ns)


============================================================
+ Verbose Summary: Binding
============================================================
N/A
* FSMD analyzer results:
  - Output states:
 - Input state : 
  - Chain level:
	State 1
	State 2
	State 3
	State 4
	State 5
	State 6
	State 7
	State 8


============================================================
+ Verbose Summary: Datapath Resource usage 
============================================================
N/A
