

================================================================
== Vivado HLS Report for 'conv_2d_cl_array_ap_fixed_4u_array_ap_fixed_8_2_0_0_0_4u_config10_s'
================================================================
* Date:           Tue Jul 30 11:18:33 2024

* Version:        2019.2 (Build 2704478 on Wed Nov 06 22:10:23 MST 2019)
* Project:        myproject_prj
* Solution:       solution1
* Product family: virtexuplus
* Target device:  xcvu9p-flga2577-2-e


================================================================
== Performance Estimates
================================================================
+ Timing: 
    * Summary: 
    +--------+---------+----------+------------+
    |  Clock |  Target | Estimated| Uncertainty|
    +--------+---------+----------+------------+
    |ap_clk  | 2.78 ns | 2.438 ns |   0.35 ns  |
    +--------+---------+----------+------------+

+ Latency: 
    * Summary: 
    +---------+---------+-----------+-----------+------+------+---------+
    |  Latency (cycles) |   Latency (absolute)  |   Interval  | Pipeline|
    |   min   |   max   |    min    |    max    |  min |  max |   Type  |
    +---------+---------+-----------+-----------+------+------+---------+
    |     4379|     4379| 12.165 us | 12.165 us |  4379|  4379|   none  |
    +---------+---------+-----------+-----------+------+------+---------+

    + Detail: 
        * Instance: 
        +----------------------------------------------------------------------------------+-----------------------------------------------------------------------+---------+---------+-----------+-----------+-----+-----+----------+
        |                                                                                  |                                                                       |  Latency (cycles) |   Latency (absolute)  |  Interval | Pipeline |
        |                                     Instance                                     |                                 Module                                |   min   |   max   |    min    |    max    | min | max |   Type   |
        +----------------------------------------------------------------------------------+-----------------------------------------------------------------------+---------+---------+-----------+-----------+-----+-----+----------+
        |grp_compute_output_buffer_2d_array_array_ap_fixed_8_2_0_0_0_4u_config10_s_fu_249  |compute_output_buffer_2d_array_array_ap_fixed_8_2_0_0_0_4u_config10_s  |       21|       21| 58.338 ns | 58.338 ns |    1|    1| function |
        +----------------------------------------------------------------------------------+-----------------------------------------------------------------------+---------+---------+-----------+-----------+-----+-----+----------+

        * Loop: 
        +----------------------------------+---------+---------+----------+-----------+-----------+------+----------+
        |                                  |  Latency (cycles) | Iteration|  Initiation Interval  | Trip |          |
        |             Loop Name            |   min   |   max   |  Latency |  achieved |   target  | Count| Pipelined|
        +----------------------------------+---------+---------+----------+-----------+-----------+------+----------+
        |- ReadInputHeight_ReadInputWidth  |     4377|     4377|        23|          1|          1|  4356|    yes   |
        +----------------------------------+---------+---------+----------+-----------+-----------+------+----------+



================================================================
== Utilization Estimates
================================================================
* Summary: 
+---------------------+---------+-------+---------+---------+-----+
|         Name        | BRAM_18K| DSP48E|    FF   |   LUT   | URAM|
+---------------------+---------+-------+---------+---------+-----+
|DSP                  |        -|      -|        -|        -|    -|
|Expression           |        -|      -|        0|       42|    -|
|FIFO                 |        -|      -|        -|        -|    -|
|Instance             |        0|      0|     6309|    18273|    -|
|Memory               |        -|      -|        -|        -|    -|
|Multiplexer          |        -|      -|        -|      174|    -|
|Register             |        0|      -|      107|       32|    -|
+---------------------+---------+-------+---------+---------+-----+
|Total                |        0|      0|     6416|    18521|    0|
+---------------------+---------+-------+---------+---------+-----+
|Available SLR        |     1440|   2280|   788160|   394080|  320|
+---------------------+---------+-------+---------+---------+-----+
|Utilization SLR (%)  |        0|      0|    ~0   |        4|    0|
+---------------------+---------+-------+---------+---------+-----+
|Available            |     4320|   6840|  2364480|  1182240|  960|
+---------------------+---------+-------+---------+---------+-----+
|Utilization (%)      |        0|      0|    ~0   |        1|    0|
+---------------------+---------+-------+---------+---------+-----+

+ Detail: 
    * Instance: 
    +----------------------------------------------------------------------------------+-----------------------------------------------------------------------+---------+-------+------+-------+-----+
    |                                     Instance                                     |                                 Module                                | BRAM_18K| DSP48E|  FF  |  LUT  | URAM|
    +----------------------------------------------------------------------------------+-----------------------------------------------------------------------+---------+-------+------+-------+-----+
    |grp_compute_output_buffer_2d_array_array_ap_fixed_8_2_0_0_0_4u_config10_s_fu_249  |compute_output_buffer_2d_array_array_ap_fixed_8_2_0_0_0_4u_config10_s  |        0|      0|  6309|  18273|    0|
    +----------------------------------------------------------------------------------+-----------------------------------------------------------------------+---------+-------+------+-------+-----+
    |Total                                                                             |                                                                       |        0|      0|  6309|  18273|    0|
    +----------------------------------------------------------------------------------+-----------------------------------------------------------------------+---------+-------+------+-------+-----+

    * DSP48E: 
    N/A

    * Memory: 
    N/A

    * FIFO: 
    N/A

    * Expression: 
    +------------------------------------------+----------+-------+---+----+------------+------------+
    |               Variable Name              | Operation| DSP48E| FF| LUT| Bitwidth P0| Bitwidth P1|
    +------------------------------------------+----------+-------+---+----+------------+------------+
    |add_ln79_fu_343_p2                        |     +    |      0|  0|  13|          13|           1|
    |ap_block_pp0_stage0_11001_ignoreCallOp44  |    and   |      0|  0|   2|           1|           1|
    |ap_block_state24_pp0_stage0_iter22        |    and   |      0|  0|   2|           1|           1|
    |ap_block_state3_pp0_stage0_iter1          |    and   |      0|  0|   2|           1|           1|
    |io_acc_block_signal_op39                  |    and   |      0|  0|   2|           1|           1|
    |icmp_ln79_fu_337_p2                       |   icmp   |      0|  0|  13|          13|          13|
    |ap_block_pp0_stage0_11001                 |    or    |      0|  0|   2|           1|           1|
    |ap_block_state1                           |    or    |      0|  0|   2|           1|           1|
    |ap_enable_pp0                             |    xor   |      0|  0|   2|           1|           2|
    |ap_enable_reg_pp0_iter1                   |    xor   |      0|  0|   2|           2|           1|
    +------------------------------------------+----------+-------+---+----+------------+------------+
    |Total                                     |          |      0|  0|  42|          35|          23|
    +------------------------------------------+----------+-------+---+----+------------+------------+

    * Multiplexer: 
    +--------------------------+----+-----------+-----+-----------+
    |           Name           | LUT| Input Size| Bits| Total Bits|
    +--------------------------+----+-----------+-----+-----------+
    |ap_NS_fsm                 |  21|          4|    1|          4|
    |ap_done                   |   9|          2|    1|          2|
    |ap_enable_reg_pp0_iter1   |   9|          2|    1|          2|
    |ap_enable_reg_pp0_iter22  |   9|          2|    1|          2|
    |data_V_data_0_V_blk_n     |   9|          2|    1|          2|
    |data_V_data_1_V_blk_n     |   9|          2|    1|          2|
    |data_V_data_2_V_blk_n     |   9|          2|    1|          2|
    |data_V_data_3_V_blk_n     |   9|          2|    1|          2|
    |indvar_flatten_reg_238    |   9|          2|   13|         26|
    |real_start                |   9|          2|    1|          2|
    |res_V_data_0_V_blk_n      |   9|          2|    1|          2|
    |res_V_data_0_V_write      |   9|          2|    1|          2|
    |res_V_data_1_V_blk_n      |   9|          2|    1|          2|
    |res_V_data_1_V_write      |   9|          2|    1|          2|
    |res_V_data_2_V_blk_n      |   9|          2|    1|          2|
    |res_V_data_2_V_write      |   9|          2|    1|          2|
    |res_V_data_3_V_blk_n      |   9|          2|    1|          2|
    |res_V_data_3_V_write      |   9|          2|    1|          2|
    +--------------------------+----+-----------+-----+-----------+
    |Total                     | 174|         38|   30|         62|
    +--------------------------+----+-----------+-----+-----------+

    * Register: 
    +-----------------------------------------------------------------------------------------------+----+----+-----+-----------+
    |                                              Name                                             | FF | LUT| Bits| Const Bits|
    +-----------------------------------------------------------------------------------------------+----+----+-----+-----------+
    |ap_CS_fsm                                                                                      |   3|   0|    3|          0|
    |ap_done_reg                                                                                    |   1|   0|    1|          0|
    |ap_enable_reg_pp0_iter0                                                                        |   1|   0|    1|          0|
    |ap_enable_reg_pp0_iter1                                                                        |   1|   0|    1|          0|
    |ap_enable_reg_pp0_iter10                                                                       |   1|   0|    1|          0|
    |ap_enable_reg_pp0_iter11                                                                       |   1|   0|    1|          0|
    |ap_enable_reg_pp0_iter12                                                                       |   1|   0|    1|          0|
    |ap_enable_reg_pp0_iter13                                                                       |   1|   0|    1|          0|
    |ap_enable_reg_pp0_iter14                                                                       |   1|   0|    1|          0|
    |ap_enable_reg_pp0_iter15                                                                       |   1|   0|    1|          0|
    |ap_enable_reg_pp0_iter16                                                                       |   1|   0|    1|          0|
    |ap_enable_reg_pp0_iter17                                                                       |   1|   0|    1|          0|
    |ap_enable_reg_pp0_iter18                                                                       |   1|   0|    1|          0|
    |ap_enable_reg_pp0_iter19                                                                       |   1|   0|    1|          0|
    |ap_enable_reg_pp0_iter2                                                                        |   1|   0|    1|          0|
    |ap_enable_reg_pp0_iter20                                                                       |   1|   0|    1|          0|
    |ap_enable_reg_pp0_iter21                                                                       |   1|   0|    1|          0|
    |ap_enable_reg_pp0_iter22                                                                       |   1|   0|    1|          0|
    |ap_enable_reg_pp0_iter3                                                                        |   1|   0|    1|          0|
    |ap_enable_reg_pp0_iter4                                                                        |   1|   0|    1|          0|
    |ap_enable_reg_pp0_iter5                                                                        |   1|   0|    1|          0|
    |ap_enable_reg_pp0_iter6                                                                        |   1|   0|    1|          0|
    |ap_enable_reg_pp0_iter7                                                                        |   1|   0|    1|          0|
    |ap_enable_reg_pp0_iter8                                                                        |   1|   0|    1|          0|
    |ap_enable_reg_pp0_iter9                                                                        |   1|   0|    1|          0|
    |grp_compute_output_buffer_2d_array_array_ap_fixed_8_2_0_0_0_4u_config10_s_fu_249_ap_start_reg  |   1|   0|    1|          0|
    |icmp_ln79_reg_369                                                                              |   1|   0|    1|          0|
    |indvar_flatten_reg_238                                                                         |  13|   0|   13|          0|
    |start_once_reg                                                                                 |   1|   0|    1|          0|
    |icmp_ln79_reg_369                                                                              |  64|  32|    1|          0|
    +-----------------------------------------------------------------------------------------------+----+----+-----+-----------+
    |Total                                                                                          | 107|  32|   44|          0|
    +-----------------------------------------------------------------------------------------------+----+----+-----+-----------+



================================================================
== Interface
================================================================
* Summary: 
+-------------------------+-----+-----+------------+-----------------------------------------------------------------------+--------------+
|        RTL Ports        | Dir | Bits|  Protocol  |                             Source Object                             |    C Type    |
+-------------------------+-----+-----+------------+-----------------------------------------------------------------------+--------------+
|ap_clk                   |  in |    1| ap_ctrl_hs | conv_2d_cl<array<ap_fixed,4u>,array<ap_fixed<8,2,0,0,0>,4u>,config10> | return value |
|ap_rst                   |  in |    1| ap_ctrl_hs | conv_2d_cl<array<ap_fixed,4u>,array<ap_fixed<8,2,0,0,0>,4u>,config10> | return value |
|ap_start                 |  in |    1| ap_ctrl_hs | conv_2d_cl<array<ap_fixed,4u>,array<ap_fixed<8,2,0,0,0>,4u>,config10> | return value |
|start_full_n             |  in |    1| ap_ctrl_hs | conv_2d_cl<array<ap_fixed,4u>,array<ap_fixed<8,2,0,0,0>,4u>,config10> | return value |
|ap_done                  | out |    1| ap_ctrl_hs | conv_2d_cl<array<ap_fixed,4u>,array<ap_fixed<8,2,0,0,0>,4u>,config10> | return value |
|ap_continue              |  in |    1| ap_ctrl_hs | conv_2d_cl<array<ap_fixed,4u>,array<ap_fixed<8,2,0,0,0>,4u>,config10> | return value |
|ap_idle                  | out |    1| ap_ctrl_hs | conv_2d_cl<array<ap_fixed,4u>,array<ap_fixed<8,2,0,0,0>,4u>,config10> | return value |
|ap_ready                 | out |    1| ap_ctrl_hs | conv_2d_cl<array<ap_fixed,4u>,array<ap_fixed<8,2,0,0,0>,4u>,config10> | return value |
|start_out                | out |    1| ap_ctrl_hs | conv_2d_cl<array<ap_fixed,4u>,array<ap_fixed<8,2,0,0,0>,4u>,config10> | return value |
|start_write              | out |    1| ap_ctrl_hs | conv_2d_cl<array<ap_fixed,4u>,array<ap_fixed<8,2,0,0,0>,4u>,config10> | return value |
|data_V_data_0_V_dout     |  in |    8|   ap_fifo  |                            data_V_data_0_V                            |    pointer   |
|data_V_data_0_V_empty_n  |  in |    1|   ap_fifo  |                            data_V_data_0_V                            |    pointer   |
|data_V_data_0_V_read     | out |    1|   ap_fifo  |                            data_V_data_0_V                            |    pointer   |
|data_V_data_1_V_dout     |  in |    8|   ap_fifo  |                            data_V_data_1_V                            |    pointer   |
|data_V_data_1_V_empty_n  |  in |    1|   ap_fifo  |                            data_V_data_1_V                            |    pointer   |
|data_V_data_1_V_read     | out |    1|   ap_fifo  |                            data_V_data_1_V                            |    pointer   |
|data_V_data_2_V_dout     |  in |    8|   ap_fifo  |                            data_V_data_2_V                            |    pointer   |
|data_V_data_2_V_empty_n  |  in |    1|   ap_fifo  |                            data_V_data_2_V                            |    pointer   |
|data_V_data_2_V_read     | out |    1|   ap_fifo  |                            data_V_data_2_V                            |    pointer   |
|data_V_data_3_V_dout     |  in |    8|   ap_fifo  |                            data_V_data_3_V                            |    pointer   |
|data_V_data_3_V_empty_n  |  in |    1|   ap_fifo  |                            data_V_data_3_V                            |    pointer   |
|data_V_data_3_V_read     | out |    1|   ap_fifo  |                            data_V_data_3_V                            |    pointer   |
|res_V_data_0_V_din       | out |    8|   ap_fifo  |                             res_V_data_0_V                            |    pointer   |
|res_V_data_0_V_full_n    |  in |    1|   ap_fifo  |                             res_V_data_0_V                            |    pointer   |
|res_V_data_0_V_write     | out |    1|   ap_fifo  |                             res_V_data_0_V                            |    pointer   |
|res_V_data_1_V_din       | out |    8|   ap_fifo  |                             res_V_data_1_V                            |    pointer   |
|res_V_data_1_V_full_n    |  in |    1|   ap_fifo  |                             res_V_data_1_V                            |    pointer   |
|res_V_data_1_V_write     | out |    1|   ap_fifo  |                             res_V_data_1_V                            |    pointer   |
|res_V_data_2_V_din       | out |    8|   ap_fifo  |                             res_V_data_2_V                            |    pointer   |
|res_V_data_2_V_full_n    |  in |    1|   ap_fifo  |                             res_V_data_2_V                            |    pointer   |
|res_V_data_2_V_write     | out |    1|   ap_fifo  |                             res_V_data_2_V                            |    pointer   |
|res_V_data_3_V_din       | out |    8|   ap_fifo  |                             res_V_data_3_V                            |    pointer   |
|res_V_data_3_V_full_n    |  in |    1|   ap_fifo  |                             res_V_data_3_V                            |    pointer   |
|res_V_data_3_V_write     | out |    1|   ap_fifo  |                             res_V_data_3_V                            |    pointer   |
+-------------------------+-----+-----+------------+-----------------------------------------------------------------------+--------------+

============================================================
+ Verbose Summary: Synthesis Manager
============================================================
InlineROM: 1
ExposeGlobal: 0
============================================================
+ Verbose Summary: CDFG Model
============================================================
IsTopModel: 0
ResetActiveHigh: 1
IsCombinational: 2
IsDatapathOnly: 0
HasWiredReturn: 1
HasMFsm: 0
HasVarLatency: 1
IsPipeline: 0
IsRtlPipelined: 0
IsInstanceOverlapped: 0
IsDontTouch: 0
HasImplIP: 0
IsGatedGlobalClock: 0

+ Individual pipeline summary: 
  * Pipeline-0: initiation interval (II) = 1, depth = 23


============================================================
+ Verbose Summary: Schedule
============================================================
* Number of FSM states : 25
* Pipeline : 1
  Pipeline-0 : II = 1, D = 23, States = { 2 3 4 5 6 7 8 9 10 11 12 13 14 15 16 17 18 19 20 21 22 23 24 }
* Dataflow Pipeline: 0

* FSM state transitions: 
1 --> 2 
2 --> 25 3 
3 --> 4 
4 --> 5 
5 --> 6 
6 --> 7 
7 --> 8 
8 --> 9 
9 --> 10 
10 --> 11 
11 --> 12 
12 --> 13 
13 --> 14 
14 --> 15 
15 --> 16 
16 --> 17 
17 --> 18 
18 --> 19 
19 --> 20 
20 --> 21 
21 --> 22 
22 --> 23 
23 --> 24 
24 --> 2 
25 --> 

* FSM state operations: 

State 1 <SV = 0> <Delay = 0.60>
ST_1 : Operation 26 [1/1] (0.00ns)   --->   "call void (...)* @_ssdm_op_SpecInterface(i8* %res_V_data_3_V, [8 x i8]* @ap_fifo_str, i32 0, i32 0, [1 x i8]* @p_str969, i32 0, i32 0, [1 x i8]* @p_str970, [1 x i8]* @p_str971, [1 x i8]* @p_str972, i32 2, i32 2, i32 16, i32 16, [1 x i8]* @p_str973, [1 x i8]* @p_str974)"   --->   Operation 26 'specinterface' <Predicate = true> <Delay = 0.00>
ST_1 : Operation 27 [1/1] (0.00ns)   --->   "call void (...)* @_ssdm_op_SpecInterface(i8* %res_V_data_2_V, [8 x i8]* @ap_fifo_str, i32 0, i32 0, [1 x i8]* @p_str962, i32 0, i32 0, [1 x i8]* @p_str963, [1 x i8]* @p_str964, [1 x i8]* @p_str965, i32 2, i32 2, i32 16, i32 16, [1 x i8]* @p_str966, [1 x i8]* @p_str967)"   --->   Operation 27 'specinterface' <Predicate = true> <Delay = 0.00>
ST_1 : Operation 28 [1/1] (0.00ns)   --->   "call void (...)* @_ssdm_op_SpecInterface(i8* %res_V_data_1_V, [8 x i8]* @ap_fifo_str, i32 0, i32 0, [1 x i8]* @p_str955, i32 0, i32 0, [1 x i8]* @p_str956, [1 x i8]* @p_str957, [1 x i8]* @p_str958, i32 2, i32 2, i32 16, i32 16, [1 x i8]* @p_str959, [1 x i8]* @p_str960)"   --->   Operation 28 'specinterface' <Predicate = true> <Delay = 0.00>
ST_1 : Operation 29 [1/1] (0.00ns)   --->   "call void (...)* @_ssdm_op_SpecInterface(i8* %res_V_data_0_V, [8 x i8]* @ap_fifo_str, i32 0, i32 0, [1 x i8]* @p_str948, i32 0, i32 0, [1 x i8]* @p_str949, [1 x i8]* @p_str950, [1 x i8]* @p_str951, i32 2, i32 2, i32 16, i32 16, [1 x i8]* @p_str952, [1 x i8]* @p_str953)"   --->   Operation 29 'specinterface' <Predicate = true> <Delay = 0.00>
ST_1 : Operation 30 [1/1] (0.00ns)   --->   "call void (...)* @_ssdm_op_SpecInterface(i8* %data_V_data_3_V, [8 x i8]* @ap_fifo_str, i32 0, i32 0, [1 x i8]* @p_str941, i32 0, i32 0, [1 x i8]* @p_str942, [1 x i8]* @p_str943, [1 x i8]* @p_str944, i32 2, i32 2, i32 16, i32 16, [1 x i8]* @p_str945, [1 x i8]* @p_str946)"   --->   Operation 30 'specinterface' <Predicate = true> <Delay = 0.00>
ST_1 : Operation 31 [1/1] (0.00ns)   --->   "call void (...)* @_ssdm_op_SpecInterface(i8* %data_V_data_2_V, [8 x i8]* @ap_fifo_str, i32 0, i32 0, [1 x i8]* @p_str934, i32 0, i32 0, [1 x i8]* @p_str935, [1 x i8]* @p_str936, [1 x i8]* @p_str937, i32 2, i32 2, i32 16, i32 16, [1 x i8]* @p_str938, [1 x i8]* @p_str939)"   --->   Operation 31 'specinterface' <Predicate = true> <Delay = 0.00>
ST_1 : Operation 32 [1/1] (0.00ns)   --->   "call void (...)* @_ssdm_op_SpecInterface(i8* %data_V_data_1_V, [8 x i8]* @ap_fifo_str, i32 0, i32 0, [1 x i8]* @p_str927, i32 0, i32 0, [1 x i8]* @p_str928, [1 x i8]* @p_str929, [1 x i8]* @p_str930, i32 2, i32 2, i32 16, i32 16, [1 x i8]* @p_str931, [1 x i8]* @p_str932)"   --->   Operation 32 'specinterface' <Predicate = true> <Delay = 0.00>
ST_1 : Operation 33 [1/1] (0.00ns)   --->   "call void (...)* @_ssdm_op_SpecInterface(i8* %data_V_data_0_V, [8 x i8]* @ap_fifo_str, i32 0, i32 0, [1 x i8]* @p_str920, i32 0, i32 0, [1 x i8]* @p_str921, [1 x i8]* @p_str922, [1 x i8]* @p_str923, i32 2, i32 2, i32 16, i32 16, [1 x i8]* @p_str924, [1 x i8]* @p_str925)"   --->   Operation 33 'specinterface' <Predicate = true> <Delay = 0.00>
ST_1 : Operation 34 [1/1] (0.60ns)   --->   "br label %0" [firmware/nnet_utils/nnet_conv2d_stream.h:79->firmware/nnet_utils/nnet_conv2d_stream.h:103]   --->   Operation 34 'br' <Predicate = true> <Delay = 0.60>

State 2 <SV = 1> <Delay = 0.64>
ST_2 : Operation 35 [1/1] (0.00ns)   --->   "%indvar_flatten = phi i13 [ 0, %codeRepl ], [ %add_ln79, %hls_label_9 ]" [firmware/nnet_utils/nnet_conv2d_stream.h:79->firmware/nnet_utils/nnet_conv2d_stream.h:103]   --->   Operation 35 'phi' 'indvar_flatten' <Predicate = true> <Delay = 0.00>
ST_2 : Operation 36 [1/1] (0.64ns)   --->   "%icmp_ln79 = icmp eq i13 %indvar_flatten, -3836" [firmware/nnet_utils/nnet_conv2d_stream.h:79->firmware/nnet_utils/nnet_conv2d_stream.h:103]   --->   Operation 36 'icmp' 'icmp_ln79' <Predicate = true> <Delay = 0.64> <Core = "Cmp">   --->   Core 25 'Cmp' <Latency = 0> <II = 1> <Delay = 0.64> <FuncUnit> <Opcode : 'icmp'> <InPorts = 2> <OutPorts = 1>
ST_2 : Operation 37 [1/1] (0.54ns)   --->   "%add_ln79 = add i13 %indvar_flatten, 1" [firmware/nnet_utils/nnet_conv2d_stream.h:79->firmware/nnet_utils/nnet_conv2d_stream.h:103]   --->   Operation 37 'add' 'add_ln79' <Predicate = true> <Delay = 0.54> <Core = "AddSub">   --->   Core 14 'AddSub' <Latency = 0> <II = 1> <Delay = 0.54> <FuncUnit> <Opcode : 'add' 'sub'> <InPorts = 2> <OutPorts = 1>
ST_2 : Operation 38 [1/1] (0.00ns)   --->   "br i1 %icmp_ln79, label %"conv_2d_buffer_cl<array<ap_fixed<8, 2, 0, 0, 0>, 4u>, array<ap_fixed<8, 2, 0, 0, 0>, 4u>, config10>.exit", label %hls_label_9" [firmware/nnet_utils/nnet_conv2d_stream.h:79->firmware/nnet_utils/nnet_conv2d_stream.h:103]   --->   Operation 38 'br' <Predicate = true> <Delay = 0.00>

State 3 <SV = 2> <Delay = 2.43>
ST_3 : Operation 39 [1/1] (1.21ns)   --->   "%empty_340 = call { i8, i8, i8, i8 } @_ssdm_op_Read.ap_fifo.volatile.i8P.i8P.i8P.i8P(i8* %data_V_data_0_V, i8* %data_V_data_1_V, i8* %data_V_data_2_V, i8* %data_V_data_3_V)" [firmware/nnet_utils/nnet_conv2d_stream.h:87->firmware/nnet_utils/nnet_conv2d_stream.h:103]   --->   Operation 39 'read' 'empty_340' <Predicate = (!icmp_ln79)> <Delay = 1.21> <Core = "FIFO_SRL">   --->   Core 36 'FIFO_SRL' <Latency = 0> <II = 1> <Delay = 1.45> <Storage> <Opcode : 'read' 'write' 'nbread' 'nbwrite'> <Ports = 0> <Width = 8> <Depth = 0> <FIFO>
ST_3 : Operation 40 [1/1] (0.00ns)   --->   "%tmp_data_0_V = extractvalue { i8, i8, i8, i8 } %empty_340, 0" [firmware/nnet_utils/nnet_conv2d_stream.h:87->firmware/nnet_utils/nnet_conv2d_stream.h:103]   --->   Operation 40 'extractvalue' 'tmp_data_0_V' <Predicate = (!icmp_ln79)> <Delay = 0.00>
ST_3 : Operation 41 [1/1] (0.00ns)   --->   "%tmp_data_1_V = extractvalue { i8, i8, i8, i8 } %empty_340, 1" [firmware/nnet_utils/nnet_conv2d_stream.h:87->firmware/nnet_utils/nnet_conv2d_stream.h:103]   --->   Operation 41 'extractvalue' 'tmp_data_1_V' <Predicate = (!icmp_ln79)> <Delay = 0.00>
ST_3 : Operation 42 [1/1] (0.00ns)   --->   "%tmp_data_2_V = extractvalue { i8, i8, i8, i8 } %empty_340, 2" [firmware/nnet_utils/nnet_conv2d_stream.h:87->firmware/nnet_utils/nnet_conv2d_stream.h:103]   --->   Operation 42 'extractvalue' 'tmp_data_2_V' <Predicate = (!icmp_ln79)> <Delay = 0.00>
ST_3 : Operation 43 [1/1] (0.00ns)   --->   "%tmp_data_3_V = extractvalue { i8, i8, i8, i8 } %empty_340, 3" [firmware/nnet_utils/nnet_conv2d_stream.h:87->firmware/nnet_utils/nnet_conv2d_stream.h:103]   --->   Operation 43 'extractvalue' 'tmp_data_3_V' <Predicate = (!icmp_ln79)> <Delay = 0.00>
ST_3 : Operation 44 [22/22] (1.22ns)   --->   "call fastcc void @"compute_output_buffer_2d<array,array<ap_fixed<8,2,0,0,0>,4u>,config10>"(i8 %tmp_data_0_V, i8 %tmp_data_1_V, i8 %tmp_data_2_V, i8 %tmp_data_3_V, i8* %res_V_data_0_V, i8* %res_V_data_1_V, i8* %res_V_data_2_V, i8* %res_V_data_3_V)" [firmware/nnet_utils/nnet_conv2d_stream.h:87->firmware/nnet_utils/nnet_conv2d_stream.h:103]   --->   Operation 44 'call' <Predicate = (!icmp_ln79)> <Delay = 1.22> <CoreType = "Generic">   --->   Core 0 '' <Latency = 0> <II = 1> <Delay = 1.00> <Generic> <Opcode : >

State 4 <SV = 3> <Delay = 0.00>
ST_4 : Operation 45 [21/22] (0.00ns)   --->   "call fastcc void @"compute_output_buffer_2d<array,array<ap_fixed<8,2,0,0,0>,4u>,config10>"(i8 %tmp_data_0_V, i8 %tmp_data_1_V, i8 %tmp_data_2_V, i8 %tmp_data_3_V, i8* %res_V_data_0_V, i8* %res_V_data_1_V, i8* %res_V_data_2_V, i8* %res_V_data_3_V)" [firmware/nnet_utils/nnet_conv2d_stream.h:87->firmware/nnet_utils/nnet_conv2d_stream.h:103]   --->   Operation 45 'call' <Predicate = (!icmp_ln79)> <Delay = 0.00> <CoreType = "Generic">   --->   Core 0 '' <Latency = 0> <II = 1> <Delay = 1.00> <Generic> <Opcode : >

State 5 <SV = 4> <Delay = 0.00>
ST_5 : Operation 46 [20/22] (0.00ns)   --->   "call fastcc void @"compute_output_buffer_2d<array,array<ap_fixed<8,2,0,0,0>,4u>,config10>"(i8 %tmp_data_0_V, i8 %tmp_data_1_V, i8 %tmp_data_2_V, i8 %tmp_data_3_V, i8* %res_V_data_0_V, i8* %res_V_data_1_V, i8* %res_V_data_2_V, i8* %res_V_data_3_V)" [firmware/nnet_utils/nnet_conv2d_stream.h:87->firmware/nnet_utils/nnet_conv2d_stream.h:103]   --->   Operation 46 'call' <Predicate = (!icmp_ln79)> <Delay = 0.00> <CoreType = "Generic">   --->   Core 0 '' <Latency = 0> <II = 1> <Delay = 1.00> <Generic> <Opcode : >

State 6 <SV = 5> <Delay = 0.00>
ST_6 : Operation 47 [19/22] (0.00ns)   --->   "call fastcc void @"compute_output_buffer_2d<array,array<ap_fixed<8,2,0,0,0>,4u>,config10>"(i8 %tmp_data_0_V, i8 %tmp_data_1_V, i8 %tmp_data_2_V, i8 %tmp_data_3_V, i8* %res_V_data_0_V, i8* %res_V_data_1_V, i8* %res_V_data_2_V, i8* %res_V_data_3_V)" [firmware/nnet_utils/nnet_conv2d_stream.h:87->firmware/nnet_utils/nnet_conv2d_stream.h:103]   --->   Operation 47 'call' <Predicate = (!icmp_ln79)> <Delay = 0.00> <CoreType = "Generic">   --->   Core 0 '' <Latency = 0> <II = 1> <Delay = 1.00> <Generic> <Opcode : >

State 7 <SV = 6> <Delay = 0.00>
ST_7 : Operation 48 [18/22] (0.00ns)   --->   "call fastcc void @"compute_output_buffer_2d<array,array<ap_fixed<8,2,0,0,0>,4u>,config10>"(i8 %tmp_data_0_V, i8 %tmp_data_1_V, i8 %tmp_data_2_V, i8 %tmp_data_3_V, i8* %res_V_data_0_V, i8* %res_V_data_1_V, i8* %res_V_data_2_V, i8* %res_V_data_3_V)" [firmware/nnet_utils/nnet_conv2d_stream.h:87->firmware/nnet_utils/nnet_conv2d_stream.h:103]   --->   Operation 48 'call' <Predicate = (!icmp_ln79)> <Delay = 0.00> <CoreType = "Generic">   --->   Core 0 '' <Latency = 0> <II = 1> <Delay = 1.00> <Generic> <Opcode : >

State 8 <SV = 7> <Delay = 0.00>
ST_8 : Operation 49 [17/22] (0.00ns)   --->   "call fastcc void @"compute_output_buffer_2d<array,array<ap_fixed<8,2,0,0,0>,4u>,config10>"(i8 %tmp_data_0_V, i8 %tmp_data_1_V, i8 %tmp_data_2_V, i8 %tmp_data_3_V, i8* %res_V_data_0_V, i8* %res_V_data_1_V, i8* %res_V_data_2_V, i8* %res_V_data_3_V)" [firmware/nnet_utils/nnet_conv2d_stream.h:87->firmware/nnet_utils/nnet_conv2d_stream.h:103]   --->   Operation 49 'call' <Predicate = (!icmp_ln79)> <Delay = 0.00> <CoreType = "Generic">   --->   Core 0 '' <Latency = 0> <II = 1> <Delay = 1.00> <Generic> <Opcode : >

State 9 <SV = 8> <Delay = 0.00>
ST_9 : Operation 50 [16/22] (0.00ns)   --->   "call fastcc void @"compute_output_buffer_2d<array,array<ap_fixed<8,2,0,0,0>,4u>,config10>"(i8 %tmp_data_0_V, i8 %tmp_data_1_V, i8 %tmp_data_2_V, i8 %tmp_data_3_V, i8* %res_V_data_0_V, i8* %res_V_data_1_V, i8* %res_V_data_2_V, i8* %res_V_data_3_V)" [firmware/nnet_utils/nnet_conv2d_stream.h:87->firmware/nnet_utils/nnet_conv2d_stream.h:103]   --->   Operation 50 'call' <Predicate = (!icmp_ln79)> <Delay = 0.00> <CoreType = "Generic">   --->   Core 0 '' <Latency = 0> <II = 1> <Delay = 1.00> <Generic> <Opcode : >

State 10 <SV = 9> <Delay = 0.00>
ST_10 : Operation 51 [15/22] (0.00ns)   --->   "call fastcc void @"compute_output_buffer_2d<array,array<ap_fixed<8,2,0,0,0>,4u>,config10>"(i8 %tmp_data_0_V, i8 %tmp_data_1_V, i8 %tmp_data_2_V, i8 %tmp_data_3_V, i8* %res_V_data_0_V, i8* %res_V_data_1_V, i8* %res_V_data_2_V, i8* %res_V_data_3_V)" [firmware/nnet_utils/nnet_conv2d_stream.h:87->firmware/nnet_utils/nnet_conv2d_stream.h:103]   --->   Operation 51 'call' <Predicate = (!icmp_ln79)> <Delay = 0.00> <CoreType = "Generic">   --->   Core 0 '' <Latency = 0> <II = 1> <Delay = 1.00> <Generic> <Opcode : >

State 11 <SV = 10> <Delay = 0.00>
ST_11 : Operation 52 [14/22] (0.00ns)   --->   "call fastcc void @"compute_output_buffer_2d<array,array<ap_fixed<8,2,0,0,0>,4u>,config10>"(i8 %tmp_data_0_V, i8 %tmp_data_1_V, i8 %tmp_data_2_V, i8 %tmp_data_3_V, i8* %res_V_data_0_V, i8* %res_V_data_1_V, i8* %res_V_data_2_V, i8* %res_V_data_3_V)" [firmware/nnet_utils/nnet_conv2d_stream.h:87->firmware/nnet_utils/nnet_conv2d_stream.h:103]   --->   Operation 52 'call' <Predicate = (!icmp_ln79)> <Delay = 0.00> <CoreType = "Generic">   --->   Core 0 '' <Latency = 0> <II = 1> <Delay = 1.00> <Generic> <Opcode : >

State 12 <SV = 11> <Delay = 0.00>
ST_12 : Operation 53 [13/22] (0.00ns)   --->   "call fastcc void @"compute_output_buffer_2d<array,array<ap_fixed<8,2,0,0,0>,4u>,config10>"(i8 %tmp_data_0_V, i8 %tmp_data_1_V, i8 %tmp_data_2_V, i8 %tmp_data_3_V, i8* %res_V_data_0_V, i8* %res_V_data_1_V, i8* %res_V_data_2_V, i8* %res_V_data_3_V)" [firmware/nnet_utils/nnet_conv2d_stream.h:87->firmware/nnet_utils/nnet_conv2d_stream.h:103]   --->   Operation 53 'call' <Predicate = (!icmp_ln79)> <Delay = 0.00> <CoreType = "Generic">   --->   Core 0 '' <Latency = 0> <II = 1> <Delay = 1.00> <Generic> <Opcode : >

State 13 <SV = 12> <Delay = 0.00>
ST_13 : Operation 54 [12/22] (0.00ns)   --->   "call fastcc void @"compute_output_buffer_2d<array,array<ap_fixed<8,2,0,0,0>,4u>,config10>"(i8 %tmp_data_0_V, i8 %tmp_data_1_V, i8 %tmp_data_2_V, i8 %tmp_data_3_V, i8* %res_V_data_0_V, i8* %res_V_data_1_V, i8* %res_V_data_2_V, i8* %res_V_data_3_V)" [firmware/nnet_utils/nnet_conv2d_stream.h:87->firmware/nnet_utils/nnet_conv2d_stream.h:103]   --->   Operation 54 'call' <Predicate = (!icmp_ln79)> <Delay = 0.00> <CoreType = "Generic">   --->   Core 0 '' <Latency = 0> <II = 1> <Delay = 1.00> <Generic> <Opcode : >

State 14 <SV = 13> <Delay = 0.00>
ST_14 : Operation 55 [11/22] (0.00ns)   --->   "call fastcc void @"compute_output_buffer_2d<array,array<ap_fixed<8,2,0,0,0>,4u>,config10>"(i8 %tmp_data_0_V, i8 %tmp_data_1_V, i8 %tmp_data_2_V, i8 %tmp_data_3_V, i8* %res_V_data_0_V, i8* %res_V_data_1_V, i8* %res_V_data_2_V, i8* %res_V_data_3_V)" [firmware/nnet_utils/nnet_conv2d_stream.h:87->firmware/nnet_utils/nnet_conv2d_stream.h:103]   --->   Operation 55 'call' <Predicate = (!icmp_ln79)> <Delay = 0.00> <CoreType = "Generic">   --->   Core 0 '' <Latency = 0> <II = 1> <Delay = 1.00> <Generic> <Opcode : >

State 15 <SV = 14> <Delay = 0.00>
ST_15 : Operation 56 [10/22] (0.00ns)   --->   "call fastcc void @"compute_output_buffer_2d<array,array<ap_fixed<8,2,0,0,0>,4u>,config10>"(i8 %tmp_data_0_V, i8 %tmp_data_1_V, i8 %tmp_data_2_V, i8 %tmp_data_3_V, i8* %res_V_data_0_V, i8* %res_V_data_1_V, i8* %res_V_data_2_V, i8* %res_V_data_3_V)" [firmware/nnet_utils/nnet_conv2d_stream.h:87->firmware/nnet_utils/nnet_conv2d_stream.h:103]   --->   Operation 56 'call' <Predicate = (!icmp_ln79)> <Delay = 0.00> <CoreType = "Generic">   --->   Core 0 '' <Latency = 0> <II = 1> <Delay = 1.00> <Generic> <Opcode : >

State 16 <SV = 15> <Delay = 0.00>
ST_16 : Operation 57 [9/22] (0.00ns)   --->   "call fastcc void @"compute_output_buffer_2d<array,array<ap_fixed<8,2,0,0,0>,4u>,config10>"(i8 %tmp_data_0_V, i8 %tmp_data_1_V, i8 %tmp_data_2_V, i8 %tmp_data_3_V, i8* %res_V_data_0_V, i8* %res_V_data_1_V, i8* %res_V_data_2_V, i8* %res_V_data_3_V)" [firmware/nnet_utils/nnet_conv2d_stream.h:87->firmware/nnet_utils/nnet_conv2d_stream.h:103]   --->   Operation 57 'call' <Predicate = (!icmp_ln79)> <Delay = 0.00> <CoreType = "Generic">   --->   Core 0 '' <Latency = 0> <II = 1> <Delay = 1.00> <Generic> <Opcode : >

State 17 <SV = 16> <Delay = 0.00>
ST_17 : Operation 58 [8/22] (0.00ns)   --->   "call fastcc void @"compute_output_buffer_2d<array,array<ap_fixed<8,2,0,0,0>,4u>,config10>"(i8 %tmp_data_0_V, i8 %tmp_data_1_V, i8 %tmp_data_2_V, i8 %tmp_data_3_V, i8* %res_V_data_0_V, i8* %res_V_data_1_V, i8* %res_V_data_2_V, i8* %res_V_data_3_V)" [firmware/nnet_utils/nnet_conv2d_stream.h:87->firmware/nnet_utils/nnet_conv2d_stream.h:103]   --->   Operation 58 'call' <Predicate = (!icmp_ln79)> <Delay = 0.00> <CoreType = "Generic">   --->   Core 0 '' <Latency = 0> <II = 1> <Delay = 1.00> <Generic> <Opcode : >

State 18 <SV = 17> <Delay = 0.00>
ST_18 : Operation 59 [7/22] (0.00ns)   --->   "call fastcc void @"compute_output_buffer_2d<array,array<ap_fixed<8,2,0,0,0>,4u>,config10>"(i8 %tmp_data_0_V, i8 %tmp_data_1_V, i8 %tmp_data_2_V, i8 %tmp_data_3_V, i8* %res_V_data_0_V, i8* %res_V_data_1_V, i8* %res_V_data_2_V, i8* %res_V_data_3_V)" [firmware/nnet_utils/nnet_conv2d_stream.h:87->firmware/nnet_utils/nnet_conv2d_stream.h:103]   --->   Operation 59 'call' <Predicate = (!icmp_ln79)> <Delay = 0.00> <CoreType = "Generic">   --->   Core 0 '' <Latency = 0> <II = 1> <Delay = 1.00> <Generic> <Opcode : >

State 19 <SV = 18> <Delay = 0.00>
ST_19 : Operation 60 [6/22] (0.00ns)   --->   "call fastcc void @"compute_output_buffer_2d<array,array<ap_fixed<8,2,0,0,0>,4u>,config10>"(i8 %tmp_data_0_V, i8 %tmp_data_1_V, i8 %tmp_data_2_V, i8 %tmp_data_3_V, i8* %res_V_data_0_V, i8* %res_V_data_1_V, i8* %res_V_data_2_V, i8* %res_V_data_3_V)" [firmware/nnet_utils/nnet_conv2d_stream.h:87->firmware/nnet_utils/nnet_conv2d_stream.h:103]   --->   Operation 60 'call' <Predicate = (!icmp_ln79)> <Delay = 0.00> <CoreType = "Generic">   --->   Core 0 '' <Latency = 0> <II = 1> <Delay = 1.00> <Generic> <Opcode : >

State 20 <SV = 19> <Delay = 0.00>
ST_20 : Operation 61 [5/22] (0.00ns)   --->   "call fastcc void @"compute_output_buffer_2d<array,array<ap_fixed<8,2,0,0,0>,4u>,config10>"(i8 %tmp_data_0_V, i8 %tmp_data_1_V, i8 %tmp_data_2_V, i8 %tmp_data_3_V, i8* %res_V_data_0_V, i8* %res_V_data_1_V, i8* %res_V_data_2_V, i8* %res_V_data_3_V)" [firmware/nnet_utils/nnet_conv2d_stream.h:87->firmware/nnet_utils/nnet_conv2d_stream.h:103]   --->   Operation 61 'call' <Predicate = (!icmp_ln79)> <Delay = 0.00> <CoreType = "Generic">   --->   Core 0 '' <Latency = 0> <II = 1> <Delay = 1.00> <Generic> <Opcode : >

State 21 <SV = 20> <Delay = 0.00>
ST_21 : Operation 62 [4/22] (0.00ns)   --->   "call fastcc void @"compute_output_buffer_2d<array,array<ap_fixed<8,2,0,0,0>,4u>,config10>"(i8 %tmp_data_0_V, i8 %tmp_data_1_V, i8 %tmp_data_2_V, i8 %tmp_data_3_V, i8* %res_V_data_0_V, i8* %res_V_data_1_V, i8* %res_V_data_2_V, i8* %res_V_data_3_V)" [firmware/nnet_utils/nnet_conv2d_stream.h:87->firmware/nnet_utils/nnet_conv2d_stream.h:103]   --->   Operation 62 'call' <Predicate = (!icmp_ln79)> <Delay = 0.00> <CoreType = "Generic">   --->   Core 0 '' <Latency = 0> <II = 1> <Delay = 1.00> <Generic> <Opcode : >

State 22 <SV = 21> <Delay = 0.00>
ST_22 : Operation 63 [3/22] (0.00ns)   --->   "call fastcc void @"compute_output_buffer_2d<array,array<ap_fixed<8,2,0,0,0>,4u>,config10>"(i8 %tmp_data_0_V, i8 %tmp_data_1_V, i8 %tmp_data_2_V, i8 %tmp_data_3_V, i8* %res_V_data_0_V, i8* %res_V_data_1_V, i8* %res_V_data_2_V, i8* %res_V_data_3_V)" [firmware/nnet_utils/nnet_conv2d_stream.h:87->firmware/nnet_utils/nnet_conv2d_stream.h:103]   --->   Operation 63 'call' <Predicate = (!icmp_ln79)> <Delay = 0.00> <CoreType = "Generic">   --->   Core 0 '' <Latency = 0> <II = 1> <Delay = 1.00> <Generic> <Opcode : >

State 23 <SV = 22> <Delay = 0.00>
ST_23 : Operation 64 [2/22] (0.00ns)   --->   "call fastcc void @"compute_output_buffer_2d<array,array<ap_fixed<8,2,0,0,0>,4u>,config10>"(i8 %tmp_data_0_V, i8 %tmp_data_1_V, i8 %tmp_data_2_V, i8 %tmp_data_3_V, i8* %res_V_data_0_V, i8* %res_V_data_1_V, i8* %res_V_data_2_V, i8* %res_V_data_3_V)" [firmware/nnet_utils/nnet_conv2d_stream.h:87->firmware/nnet_utils/nnet_conv2d_stream.h:103]   --->   Operation 64 'call' <Predicate = (!icmp_ln79)> <Delay = 0.00> <CoreType = "Generic">   --->   Core 0 '' <Latency = 0> <II = 1> <Delay = 1.00> <Generic> <Opcode : >

State 24 <SV = 23> <Delay = 0.00>
ST_24 : Operation 65 [1/1] (0.00ns)   --->   "call void (...)* @_ssdm_op_SpecLoopName([31 x i8]* @ReadInputHeight_ReadInputWidth_str)"   --->   Operation 65 'specloopname' <Predicate = (!icmp_ln79)> <Delay = 0.00>
ST_24 : Operation 66 [1/1] (0.00ns)   --->   "%empty = call i32 (...)* @_ssdm_op_SpecLoopTripCount(i64 4356, i64 4356, i64 4356)"   --->   Operation 66 'speclooptripcount' 'empty' <Predicate = (!icmp_ln79)> <Delay = 0.00>
ST_24 : Operation 67 [1/1] (0.00ns)   --->   "call void (...)* @_ssdm_op_SpecLoopName([15 x i8]* @p_str77) nounwind" [firmware/nnet_utils/nnet_conv2d_stream.h:81->firmware/nnet_utils/nnet_conv2d_stream.h:103]   --->   Operation 67 'specloopname' <Predicate = (!icmp_ln79)> <Delay = 0.00>
ST_24 : Operation 68 [1/1] (0.00ns)   --->   "%tmp_s = call i32 (...)* @_ssdm_op_SpecRegionBegin([12 x i8]* @p_str133)" [firmware/nnet_utils/nnet_conv2d_stream.h:83->firmware/nnet_utils/nnet_conv2d_stream.h:103]   --->   Operation 68 'specregionbegin' 'tmp_s' <Predicate = (!icmp_ln79)> <Delay = 0.00>
ST_24 : Operation 69 [1/1] (0.00ns)   --->   "call void (...)* @_ssdm_op_SpecPipeline(i32 1, i32 1, i32 1, i32 0, [1 x i8]* @p_str38) nounwind" [firmware/nnet_utils/nnet_conv2d_stream.h:84->firmware/nnet_utils/nnet_conv2d_stream.h:103]   --->   Operation 69 'specpipeline' <Predicate = (!icmp_ln79)> <Delay = 0.00>
ST_24 : Operation 70 [1/1] (0.00ns)   --->   "%empty_339 = call i32 (...)* @_ssdm_op_SpecRegionEnd([12 x i8]* @p_str133, i32 %tmp_s)" [firmware/nnet_utils/nnet_conv2d_stream.h:85->firmware/nnet_utils/nnet_conv2d_stream.h:103]   --->   Operation 70 'specregionend' 'empty_339' <Predicate = (!icmp_ln79)> <Delay = 0.00>
ST_24 : Operation 71 [1/22] (0.00ns)   --->   "call fastcc void @"compute_output_buffer_2d<array,array<ap_fixed<8,2,0,0,0>,4u>,config10>"(i8 %tmp_data_0_V, i8 %tmp_data_1_V, i8 %tmp_data_2_V, i8 %tmp_data_3_V, i8* %res_V_data_0_V, i8* %res_V_data_1_V, i8* %res_V_data_2_V, i8* %res_V_data_3_V)" [firmware/nnet_utils/nnet_conv2d_stream.h:87->firmware/nnet_utils/nnet_conv2d_stream.h:103]   --->   Operation 71 'call' <Predicate = (!icmp_ln79)> <Delay = 0.00> <CoreType = "Generic">   --->   Core 0 '' <Latency = 0> <II = 1> <Delay = 1.00> <Generic> <Opcode : >
ST_24 : Operation 72 [1/1] (0.00ns)   --->   "br label %0"   --->   Operation 72 'br' <Predicate = (!icmp_ln79)> <Delay = 0.00>

State 25 <SV = 2> <Delay = 0.00>
ST_25 : Operation 73 [1/1] (0.00ns)   --->   "ret void" [firmware/nnet_utils/nnet_conv2d_stream.h:109]   --->   Operation 73 'ret' <Predicate = true> <Delay = 0.00>


============================================================
+ Verbose Summary: Binding
============================================================
STG Binding: 
---------------- STG Properties BEGIN ----------------
- Is combinational: 0
- Is one-state seq: 0
- Is datapath-only: 0
- Is pipelined: 0
- Is top level: 0
Port [ Return ] is wired: 1; IO mode=ap_ctrl_hs:ce=0
Port [ data_V_data_0_V]:  wired=1; compound=1; hidden=0; nouse=0; global=0; static=0; extern=0; dir=0; type=3; pingpong=0; private_global=0; IO mode=ap_fifo:ce=0
Port [ data_V_data_1_V]:  wired=1; compound=1; hidden=0; nouse=0; global=0; static=0; extern=0; dir=0; type=3; pingpong=0; private_global=0; IO mode=ap_fifo:ce=0
Port [ data_V_data_2_V]:  wired=1; compound=1; hidden=0; nouse=0; global=0; static=0; extern=0; dir=0; type=3; pingpong=0; private_global=0; IO mode=ap_fifo:ce=0
Port [ data_V_data_3_V]:  wired=1; compound=1; hidden=0; nouse=0; global=0; static=0; extern=0; dir=0; type=3; pingpong=0; private_global=0; IO mode=ap_fifo:ce=0
Port [ res_V_data_0_V]:  wired=1; compound=1; hidden=0; nouse=0; global=0; static=0; extern=0; dir=1; type=3; pingpong=0; private_global=0; IO mode=ap_fifo:ce=0
Port [ res_V_data_1_V]:  wired=1; compound=1; hidden=0; nouse=0; global=0; static=0; extern=0; dir=1; type=3; pingpong=0; private_global=0; IO mode=ap_fifo:ce=0
Port [ res_V_data_2_V]:  wired=1; compound=1; hidden=0; nouse=0; global=0; static=0; extern=0; dir=1; type=3; pingpong=0; private_global=0; IO mode=ap_fifo:ce=0
Port [ res_V_data_3_V]:  wired=1; compound=1; hidden=0; nouse=0; global=0; static=0; extern=0; dir=1; type=3; pingpong=0; private_global=0; IO mode=ap_fifo:ce=0
Port [ kernel_data_V_1_4]:  wired=0; compound=0; hidden=1; nouse=1; global=1; static=1; extern=0; dir=2; type=0; pingpong=0; private_global=0; linkage=7; visibility=0; IO mode=ap_ovld:ce=0
Port [ kernel_data_V_1_5]:  wired=0; compound=0; hidden=1; nouse=1; global=1; static=1; extern=0; dir=2; type=0; pingpong=0; private_global=0; linkage=7; visibility=0; IO mode=ap_ovld:ce=0
Port [ kernel_data_V_1_6]:  wired=0; compound=0; hidden=1; nouse=1; global=1; static=1; extern=0; dir=2; type=0; pingpong=0; private_global=0; linkage=7; visibility=0; IO mode=ap_ovld:ce=0
Port [ kernel_data_V_1_7]:  wired=0; compound=0; hidden=1; nouse=1; global=1; static=1; extern=0; dir=2; type=0; pingpong=0; private_global=0; linkage=7; visibility=0; IO mode=ap_ovld:ce=0
Port [ kernel_data_V_1_8]:  wired=0; compound=0; hidden=1; nouse=1; global=1; static=1; extern=0; dir=2; type=0; pingpong=0; private_global=0; linkage=7; visibility=0; IO mode=ap_ovld:ce=0
Port [ kernel_data_V_1_9]:  wired=0; compound=0; hidden=1; nouse=1; global=1; static=1; extern=0; dir=2; type=0; pingpong=0; private_global=0; linkage=7; visibility=0; IO mode=ap_ovld:ce=0
Port [ kernel_data_V_1_10]:  wired=0; compound=0; hidden=1; nouse=1; global=1; static=1; extern=0; dir=2; type=0; pingpong=0; private_global=0; linkage=7; visibility=0; IO mode=ap_ovld:ce=0
Port [ kernel_data_V_1_11]:  wired=0; compound=0; hidden=1; nouse=1; global=1; static=1; extern=0; dir=2; type=0; pingpong=0; private_global=0; linkage=7; visibility=0; IO mode=ap_ovld:ce=0
Port [ kernel_data_V_1_16]:  wired=0; compound=0; hidden=1; nouse=1; global=1; static=1; extern=0; dir=2; type=0; pingpong=0; private_global=0; linkage=7; visibility=0; IO mode=ap_ovld:ce=0
Port [ kernel_data_V_1_17]:  wired=0; compound=0; hidden=1; nouse=1; global=1; static=1; extern=0; dir=2; type=0; pingpong=0; private_global=0; linkage=7; visibility=0; IO mode=ap_ovld:ce=0
Port [ kernel_data_V_1_18]:  wired=0; compound=0; hidden=1; nouse=1; global=1; static=1; extern=0; dir=2; type=0; pingpong=0; private_global=0; linkage=7; visibility=0; IO mode=ap_ovld:ce=0
Port [ kernel_data_V_1_19]:  wired=0; compound=0; hidden=1; nouse=1; global=1; static=1; extern=0; dir=2; type=0; pingpong=0; private_global=0; linkage=7; visibility=0; IO mode=ap_ovld:ce=0
Port [ kernel_data_V_1_20]:  wired=0; compound=0; hidden=1; nouse=1; global=1; static=1; extern=0; dir=2; type=0; pingpong=0; private_global=0; linkage=7; visibility=0; IO mode=ap_ovld:ce=0
Port [ kernel_data_V_1_21]:  wired=0; compound=0; hidden=1; nouse=1; global=1; static=1; extern=0; dir=2; type=0; pingpong=0; private_global=0; linkage=7; visibility=0; IO mode=ap_ovld:ce=0
Port [ kernel_data_V_1_22]:  wired=0; compound=0; hidden=1; nouse=1; global=1; static=1; extern=0; dir=2; type=0; pingpong=0; private_global=0; linkage=7; visibility=0; IO mode=ap_ovld:ce=0
Port [ kernel_data_V_1_23]:  wired=0; compound=0; hidden=1; nouse=1; global=1; static=1; extern=0; dir=2; type=0; pingpong=0; private_global=0; linkage=7; visibility=0; IO mode=ap_ovld:ce=0
Port [ kernel_data_V_1_28]:  wired=0; compound=0; hidden=1; nouse=1; global=1; static=1; extern=0; dir=2; type=0; pingpong=0; private_global=0; linkage=7; visibility=0; IO mode=ap_ovld:ce=0
Port [ kernel_data_V_1_29]:  wired=0; compound=0; hidden=1; nouse=1; global=1; static=1; extern=0; dir=2; type=0; pingpong=0; private_global=0; linkage=7; visibility=0; IO mode=ap_ovld:ce=0
Port [ kernel_data_V_1_30]:  wired=0; compound=0; hidden=1; nouse=1; global=1; static=1; extern=0; dir=2; type=0; pingpong=0; private_global=0; linkage=7; visibility=0; IO mode=ap_ovld:ce=0
Port [ kernel_data_V_1_31]:  wired=0; compound=0; hidden=1; nouse=1; global=1; static=1; extern=0; dir=2; type=0; pingpong=0; private_global=0; linkage=7; visibility=0; IO mode=ap_ovld:ce=0
Port [ kernel_data_V_1_32]:  wired=0; compound=0; hidden=1; nouse=1; global=1; static=1; extern=0; dir=2; type=0; pingpong=0; private_global=0; linkage=7; visibility=0; IO mode=ap_ovld:ce=0
Port [ kernel_data_V_1_33]:  wired=0; compound=0; hidden=1; nouse=1; global=1; static=1; extern=0; dir=2; type=0; pingpong=0; private_global=0; linkage=7; visibility=0; IO mode=ap_ovld:ce=0
Port [ kernel_data_V_1_34]:  wired=0; compound=0; hidden=1; nouse=1; global=1; static=1; extern=0; dir=2; type=0; pingpong=0; private_global=0; linkage=7; visibility=0; IO mode=ap_ovld:ce=0
Port [ kernel_data_V_1_35]:  wired=0; compound=0; hidden=1; nouse=1; global=1; static=1; extern=0; dir=2; type=0; pingpong=0; private_global=0; linkage=7; visibility=0; IO mode=ap_ovld:ce=0
Port [ line_buffer_Array_V_1_0_0]:  wired=0; compound=1; hidden=1; nouse=1; global=1; static=1; extern=0; dir=3; type=1; pingpong=0; private_global=0; linkage=7; visibility=0; MemPort=[2]; IO mode=ap_memory:ce=0
Port [ line_buffer_Array_V_1_1_0]:  wired=0; compound=1; hidden=1; nouse=1; global=1; static=1; extern=0; dir=3; type=1; pingpong=0; private_global=0; linkage=7; visibility=0; MemPort=[2]; IO mode=ap_memory:ce=0
Port [ line_buffer_Array_V_1_0_1]:  wired=0; compound=1; hidden=1; nouse=1; global=1; static=1; extern=0; dir=3; type=1; pingpong=0; private_global=0; linkage=7; visibility=0; MemPort=[2]; IO mode=ap_memory:ce=0
Port [ line_buffer_Array_V_1_1_1]:  wired=0; compound=1; hidden=1; nouse=1; global=1; static=1; extern=0; dir=3; type=1; pingpong=0; private_global=0; linkage=7; visibility=0; MemPort=[2]; IO mode=ap_memory:ce=0
Port [ line_buffer_Array_V_1_0_2]:  wired=0; compound=1; hidden=1; nouse=1; global=1; static=1; extern=0; dir=3; type=1; pingpong=0; private_global=0; linkage=7; visibility=0; MemPort=[2]; IO mode=ap_memory:ce=0
Port [ line_buffer_Array_V_1_1_2]:  wired=0; compound=1; hidden=1; nouse=1; global=1; static=1; extern=0; dir=3; type=1; pingpong=0; private_global=0; linkage=7; visibility=0; MemPort=[2]; IO mode=ap_memory:ce=0
Port [ line_buffer_Array_V_1_0_3]:  wired=0; compound=1; hidden=1; nouse=1; global=1; static=1; extern=0; dir=3; type=1; pingpong=0; private_global=0; linkage=7; visibility=0; MemPort=[2]; IO mode=ap_memory:ce=0
Port [ line_buffer_Array_V_1_1_3]:  wired=0; compound=1; hidden=1; nouse=1; global=1; static=1; extern=0; dir=3; type=1; pingpong=0; private_global=0; linkage=7; visibility=0; MemPort=[2]; IO mode=ap_memory:ce=0
Port [ sX_1]:  wired=0; compound=0; hidden=1; nouse=1; global=1; static=1; extern=0; dir=2; type=0; pingpong=0; private_global=0; linkage=7; visibility=0; IO mode=ap_ovld:ce=0
Port [ sY_1]:  wired=0; compound=0; hidden=1; nouse=1; global=1; static=1; extern=0; dir=2; type=0; pingpong=0; private_global=0; linkage=7; visibility=0; IO mode=ap_ovld:ce=0
Port [ pY_1]:  wired=0; compound=0; hidden=1; nouse=1; global=1; static=1; extern=0; dir=2; type=0; pingpong=0; private_global=0; linkage=7; visibility=0; IO mode=ap_ovld:ce=0
Port [ pX_1]:  wired=0; compound=0; hidden=1; nouse=1; global=1; static=1; extern=0; dir=2; type=0; pingpong=0; private_global=0; linkage=7; visibility=0; IO mode=ap_ovld:ce=0
---------------- STG Properties END ------------------

---------------- Datapath Model BEGIN ----------------

<LifeTime>
<method=bitvector/>
specinterface_ln0 (specinterface    ) [ 00000000000000000000000000]
specinterface_ln0 (specinterface    ) [ 00000000000000000000000000]
specinterface_ln0 (specinterface    ) [ 00000000000000000000000000]
specinterface_ln0 (specinterface    ) [ 00000000000000000000000000]
specinterface_ln0 (specinterface    ) [ 00000000000000000000000000]
specinterface_ln0 (specinterface    ) [ 00000000000000000000000000]
specinterface_ln0 (specinterface    ) [ 00000000000000000000000000]
specinterface_ln0 (specinterface    ) [ 00000000000000000000000000]
br_ln79           (br               ) [ 01111111111111111111111110]
indvar_flatten    (phi              ) [ 00100000000000000000000000]
icmp_ln79         (icmp             ) [ 00111111111111111111111110]
add_ln79          (add              ) [ 01111111111111111111111110]
br_ln79           (br               ) [ 00000000000000000000000000]
empty_340         (read             ) [ 00000000000000000000000000]
tmp_data_0_V      (extractvalue     ) [ 00000000000000000000000000]
tmp_data_1_V      (extractvalue     ) [ 00000000000000000000000000]
tmp_data_2_V      (extractvalue     ) [ 00000000000000000000000000]
tmp_data_3_V      (extractvalue     ) [ 00000000000000000000000000]
specloopname_ln0  (specloopname     ) [ 00000000000000000000000000]
empty             (speclooptripcount) [ 00000000000000000000000000]
specloopname_ln81 (specloopname     ) [ 00000000000000000000000000]
tmp_s             (specregionbegin  ) [ 00000000000000000000000000]
specpipeline_ln84 (specpipeline     ) [ 00000000000000000000000000]
empty_339         (specregionend    ) [ 00000000000000000000000000]
call_ln87         (call             ) [ 00000000000000000000000000]
br_ln0            (br               ) [ 01111111111111111111111110]
ret_ln109         (ret              ) [ 00000000000000000000000000]
</LifeTime>

<model>

<comp_list>
<comp id="0" class="1000" name="data_V_data_0_V">
<pin_list>
<pin id="1" dir="1" index="0" bw="1" slack="0"/>
</pin_list>
<bind>
<StgValue><ssdm name="data_V_data_0_V"/></StgValue>
</bind>
</comp>

<comp id="2" class="1000" name="data_V_data_1_V">
<pin_list>
<pin id="3" dir="1" index="0" bw="1" slack="0"/>
</pin_list>
<bind>
<StgValue><ssdm name="data_V_data_1_V"/></StgValue>
</bind>
</comp>

<comp id="4" class="1000" name="data_V_data_2_V">
<pin_list>
<pin id="5" dir="1" index="0" bw="1" slack="0"/>
</pin_list>
<bind>
<StgValue><ssdm name="data_V_data_2_V"/></StgValue>
</bind>
</comp>

<comp id="6" class="1000" name="data_V_data_3_V">
<pin_list>
<pin id="7" dir="1" index="0" bw="1" slack="0"/>
</pin_list>
<bind>
<StgValue><ssdm name="data_V_data_3_V"/></StgValue>
</bind>
</comp>

<comp id="8" class="1000" name="res_V_data_0_V">
<pin_list>
<pin id="9" dir="1" index="0" bw="1" slack="0"/>
</pin_list>
<bind>
<StgValue><ssdm name="res_V_data_0_V"/></StgValue>
</bind>
</comp>

<comp id="10" class="1000" name="res_V_data_1_V">
<pin_list>
<pin id="11" dir="1" index="0" bw="1" slack="0"/>
</pin_list>
<bind>
<StgValue><ssdm name="res_V_data_1_V"/></StgValue>
</bind>
</comp>

<comp id="12" class="1000" name="res_V_data_2_V">
<pin_list>
<pin id="13" dir="1" index="0" bw="1" slack="0"/>
</pin_list>
<bind>
<StgValue><ssdm name="res_V_data_2_V"/></StgValue>
</bind>
</comp>

<comp id="14" class="1000" name="res_V_data_3_V">
<pin_list>
<pin id="15" dir="1" index="0" bw="1" slack="0"/>
</pin_list>
<bind>
<StgValue><ssdm name="res_V_data_3_V"/></StgValue>
</bind>
</comp>

<comp id="16" class="1000" name="kernel_data_V_1_4">
<pin_list>
<pin id="17" dir="1" index="0" bw="1" slack="0"/>
</pin_list>
<bind>
<StgValue><ssdm name="kernel_data_V_1_4"/></StgValue>
</bind>
</comp>

<comp id="18" class="1000" name="kernel_data_V_1_5">
<pin_list>
<pin id="19" dir="1" index="0" bw="1" slack="0"/>
</pin_list>
<bind>
<StgValue><ssdm name="kernel_data_V_1_5"/></StgValue>
</bind>
</comp>

<comp id="20" class="1000" name="kernel_data_V_1_6">
<pin_list>
<pin id="21" dir="1" index="0" bw="1" slack="0"/>
</pin_list>
<bind>
<StgValue><ssdm name="kernel_data_V_1_6"/></StgValue>
</bind>
</comp>

<comp id="22" class="1000" name="kernel_data_V_1_7">
<pin_list>
<pin id="23" dir="1" index="0" bw="1" slack="0"/>
</pin_list>
<bind>
<StgValue><ssdm name="kernel_data_V_1_7"/></StgValue>
</bind>
</comp>

<comp id="24" class="1000" name="kernel_data_V_1_8">
<pin_list>
<pin id="25" dir="1" index="0" bw="1" slack="0"/>
</pin_list>
<bind>
<StgValue><ssdm name="kernel_data_V_1_8"/></StgValue>
</bind>
</comp>

<comp id="26" class="1000" name="kernel_data_V_1_9">
<pin_list>
<pin id="27" dir="1" index="0" bw="1" slack="0"/>
</pin_list>
<bind>
<StgValue><ssdm name="kernel_data_V_1_9"/></StgValue>
</bind>
</comp>

<comp id="28" class="1000" name="kernel_data_V_1_10">
<pin_list>
<pin id="29" dir="1" index="0" bw="1" slack="0"/>
</pin_list>
<bind>
<StgValue><ssdm name="kernel_data_V_1_10"/></StgValue>
</bind>
</comp>

<comp id="30" class="1000" name="kernel_data_V_1_11">
<pin_list>
<pin id="31" dir="1" index="0" bw="1" slack="0"/>
</pin_list>
<bind>
<StgValue><ssdm name="kernel_data_V_1_11"/></StgValue>
</bind>
</comp>

<comp id="32" class="1000" name="kernel_data_V_1_16">
<pin_list>
<pin id="33" dir="1" index="0" bw="1" slack="0"/>
</pin_list>
<bind>
<StgValue><ssdm name="kernel_data_V_1_16"/></StgValue>
</bind>
</comp>

<comp id="34" class="1000" name="kernel_data_V_1_17">
<pin_list>
<pin id="35" dir="1" index="0" bw="1" slack="0"/>
</pin_list>
<bind>
<StgValue><ssdm name="kernel_data_V_1_17"/></StgValue>
</bind>
</comp>

<comp id="36" class="1000" name="kernel_data_V_1_18">
<pin_list>
<pin id="37" dir="1" index="0" bw="1" slack="0"/>
</pin_list>
<bind>
<StgValue><ssdm name="kernel_data_V_1_18"/></StgValue>
</bind>
</comp>

<comp id="38" class="1000" name="kernel_data_V_1_19">
<pin_list>
<pin id="39" dir="1" index="0" bw="1" slack="0"/>
</pin_list>
<bind>
<StgValue><ssdm name="kernel_data_V_1_19"/></StgValue>
</bind>
</comp>

<comp id="40" class="1000" name="kernel_data_V_1_20">
<pin_list>
<pin id="41" dir="1" index="0" bw="1" slack="0"/>
</pin_list>
<bind>
<StgValue><ssdm name="kernel_data_V_1_20"/></StgValue>
</bind>
</comp>

<comp id="42" class="1000" name="kernel_data_V_1_21">
<pin_list>
<pin id="43" dir="1" index="0" bw="1" slack="0"/>
</pin_list>
<bind>
<StgValue><ssdm name="kernel_data_V_1_21"/></StgValue>
</bind>
</comp>

<comp id="44" class="1000" name="kernel_data_V_1_22">
<pin_list>
<pin id="45" dir="1" index="0" bw="1" slack="0"/>
</pin_list>
<bind>
<StgValue><ssdm name="kernel_data_V_1_22"/></StgValue>
</bind>
</comp>

<comp id="46" class="1000" name="kernel_data_V_1_23">
<pin_list>
<pin id="47" dir="1" index="0" bw="1" slack="0"/>
</pin_list>
<bind>
<StgValue><ssdm name="kernel_data_V_1_23"/></StgValue>
</bind>
</comp>

<comp id="48" class="1000" name="kernel_data_V_1_28">
<pin_list>
<pin id="49" dir="1" index="0" bw="1" slack="0"/>
</pin_list>
<bind>
<StgValue><ssdm name="kernel_data_V_1_28"/></StgValue>
</bind>
</comp>

<comp id="50" class="1000" name="kernel_data_V_1_29">
<pin_list>
<pin id="51" dir="1" index="0" bw="1" slack="0"/>
</pin_list>
<bind>
<StgValue><ssdm name="kernel_data_V_1_29"/></StgValue>
</bind>
</comp>

<comp id="52" class="1000" name="kernel_data_V_1_30">
<pin_list>
<pin id="53" dir="1" index="0" bw="1" slack="0"/>
</pin_list>
<bind>
<StgValue><ssdm name="kernel_data_V_1_30"/></StgValue>
</bind>
</comp>

<comp id="54" class="1000" name="kernel_data_V_1_31">
<pin_list>
<pin id="55" dir="1" index="0" bw="1" slack="0"/>
</pin_list>
<bind>
<StgValue><ssdm name="kernel_data_V_1_31"/></StgValue>
</bind>
</comp>

<comp id="56" class="1000" name="kernel_data_V_1_32">
<pin_list>
<pin id="57" dir="1" index="0" bw="1" slack="0"/>
</pin_list>
<bind>
<StgValue><ssdm name="kernel_data_V_1_32"/></StgValue>
</bind>
</comp>

<comp id="58" class="1000" name="kernel_data_V_1_33">
<pin_list>
<pin id="59" dir="1" index="0" bw="1" slack="0"/>
</pin_list>
<bind>
<StgValue><ssdm name="kernel_data_V_1_33"/></StgValue>
</bind>
</comp>

<comp id="60" class="1000" name="kernel_data_V_1_34">
<pin_list>
<pin id="61" dir="1" index="0" bw="1" slack="0"/>
</pin_list>
<bind>
<StgValue><ssdm name="kernel_data_V_1_34"/></StgValue>
</bind>
</comp>

<comp id="62" class="1000" name="kernel_data_V_1_35">
<pin_list>
<pin id="63" dir="1" index="0" bw="1" slack="0"/>
</pin_list>
<bind>
<StgValue><ssdm name="kernel_data_V_1_35"/></StgValue>
</bind>
</comp>

<comp id="64" class="1000" name="line_buffer_Array_V_1_0_0">
<pin_list>
<pin id="65" dir="1" index="0" bw="1" slack="0"/>
</pin_list>
<bind>
<StgValue><ssdm name="line_buffer_Array_V_1_0_0"/><MemPortTyVec>2 </MemPortTyVec>
</StgValue>
</bind>
</comp>

<comp id="66" class="1000" name="line_buffer_Array_V_1_1_0">
<pin_list>
<pin id="67" dir="1" index="0" bw="1" slack="0"/>
</pin_list>
<bind>
<StgValue><ssdm name="line_buffer_Array_V_1_1_0"/><MemPortTyVec>2 </MemPortTyVec>
</StgValue>
</bind>
</comp>

<comp id="68" class="1000" name="line_buffer_Array_V_1_0_1">
<pin_list>
<pin id="69" dir="1" index="0" bw="1" slack="0"/>
</pin_list>
<bind>
<StgValue><ssdm name="line_buffer_Array_V_1_0_1"/><MemPortTyVec>2 </MemPortTyVec>
</StgValue>
</bind>
</comp>

<comp id="70" class="1000" name="line_buffer_Array_V_1_1_1">
<pin_list>
<pin id="71" dir="1" index="0" bw="1" slack="0"/>
</pin_list>
<bind>
<StgValue><ssdm name="line_buffer_Array_V_1_1_1"/><MemPortTyVec>2 </MemPortTyVec>
</StgValue>
</bind>
</comp>

<comp id="72" class="1000" name="line_buffer_Array_V_1_0_2">
<pin_list>
<pin id="73" dir="1" index="0" bw="1" slack="0"/>
</pin_list>
<bind>
<StgValue><ssdm name="line_buffer_Array_V_1_0_2"/><MemPortTyVec>2 </MemPortTyVec>
</StgValue>
</bind>
</comp>

<comp id="74" class="1000" name="line_buffer_Array_V_1_1_2">
<pin_list>
<pin id="75" dir="1" index="0" bw="1" slack="0"/>
</pin_list>
<bind>
<StgValue><ssdm name="line_buffer_Array_V_1_1_2"/><MemPortTyVec>2 </MemPortTyVec>
</StgValue>
</bind>
</comp>

<comp id="76" class="1000" name="line_buffer_Array_V_1_0_3">
<pin_list>
<pin id="77" dir="1" index="0" bw="1" slack="0"/>
</pin_list>
<bind>
<StgValue><ssdm name="line_buffer_Array_V_1_0_3"/><MemPortTyVec>2 </MemPortTyVec>
</StgValue>
</bind>
</comp>

<comp id="78" class="1000" name="line_buffer_Array_V_1_1_3">
<pin_list>
<pin id="79" dir="1" index="0" bw="1" slack="0"/>
</pin_list>
<bind>
<StgValue><ssdm name="line_buffer_Array_V_1_1_3"/><MemPortTyVec>2 </MemPortTyVec>
</StgValue>
</bind>
</comp>

<comp id="80" class="1000" name="sX_1">
<pin_list>
<pin id="81" dir="1" index="0" bw="1" slack="0"/>
</pin_list>
<bind>
<StgValue><ssdm name="sX_1"/></StgValue>
</bind>
</comp>

<comp id="82" class="1000" name="sY_1">
<pin_list>
<pin id="83" dir="1" index="0" bw="1" slack="0"/>
</pin_list>
<bind>
<StgValue><ssdm name="sY_1"/></StgValue>
</bind>
</comp>

<comp id="84" class="1000" name="pY_1">
<pin_list>
<pin id="85" dir="1" index="0" bw="1" slack="0"/>
</pin_list>
<bind>
<StgValue><ssdm name="pY_1"/></StgValue>
</bind>
</comp>

<comp id="86" class="1000" name="pX_1">
<pin_list>
<pin id="87" dir="1" index="0" bw="1" slack="0"/>
</pin_list>
<bind>
<StgValue><ssdm name="pX_1"/></StgValue>
</bind>
</comp>

<comp id="88" class="1001" name="const_88">
<pin_list>
<pin id="89" dir="1" index="0" bw="1" slack="2147483647"/>
</pin_list>
<bind>
<StgValue><ssdm name="_ssdm_op_SpecInterface"/></StgValue>
</bind>
</comp>

<comp id="90" class="1001" name="const_90">
<pin_list>
<pin id="91" dir="1" index="0" bw="1" slack="2147483647"/>
</pin_list>
<bind>
<StgValue><ssdm name="ap_fifo_str"/></StgValue>
</bind>
</comp>

<comp id="92" class="1001" name="const_92">
<pin_list>
<pin id="93" dir="1" index="0" bw="1" slack="2147483647"/>
</pin_list>
<bind>
<StgValue><ssdm name=""/></StgValue>
</bind>
</comp>

<comp id="94" class="1001" name="const_94">
<pin_list>
<pin id="95" dir="1" index="0" bw="1" slack="2147483647"/>
</pin_list>
<bind>
<StgValue><ssdm name="p_str969"/></StgValue>
</bind>
</comp>

<comp id="96" class="1001" name="const_96">
<pin_list>
<pin id="97" dir="1" index="0" bw="1" slack="2147483647"/>
</pin_list>
<bind>
<StgValue><ssdm name="p_str970"/></StgValue>
</bind>
</comp>

<comp id="98" class="1001" name="const_98">
<pin_list>
<pin id="99" dir="1" index="0" bw="1" slack="2147483647"/>
</pin_list>
<bind>
<StgValue><ssdm name="p_str971"/></StgValue>
</bind>
</comp>

<comp id="100" class="1001" name="const_100">
<pin_list>
<pin id="101" dir="1" index="0" bw="1" slack="2147483647"/>
</pin_list>
<bind>
<StgValue><ssdm name="p_str972"/></StgValue>
</bind>
</comp>

<comp id="102" class="1001" name="const_102">
<pin_list>
<pin id="103" dir="1" index="0" bw="1" slack="2147483647"/>
</pin_list>
<bind>
<StgValue><ssdm name=""/></StgValue>
</bind>
</comp>

<comp id="104" class="1001" name="const_104">
<pin_list>
<pin id="105" dir="1" index="0" bw="1" slack="2147483647"/>
</pin_list>
<bind>
<StgValue><ssdm name=""/></StgValue>
</bind>
</comp>

<comp id="106" class="1001" name="const_106">
<pin_list>
<pin id="107" dir="1" index="0" bw="1" slack="2147483647"/>
</pin_list>
<bind>
<StgValue><ssdm name="p_str973"/></StgValue>
</bind>
</comp>

<comp id="108" class="1001" name="const_108">
<pin_list>
<pin id="109" dir="1" index="0" bw="1" slack="2147483647"/>
</pin_list>
<bind>
<StgValue><ssdm name="p_str974"/></StgValue>
</bind>
</comp>

<comp id="110" class="1001" name="const_110">
<pin_list>
<pin id="111" dir="1" index="0" bw="1" slack="2147483647"/>
</pin_list>
<bind>
<StgValue><ssdm name="p_str962"/></StgValue>
</bind>
</comp>

<comp id="112" class="1001" name="const_112">
<pin_list>
<pin id="113" dir="1" index="0" bw="1" slack="2147483647"/>
</pin_list>
<bind>
<StgValue><ssdm name="p_str963"/></StgValue>
</bind>
</comp>

<comp id="114" class="1001" name="const_114">
<pin_list>
<pin id="115" dir="1" index="0" bw="1" slack="2147483647"/>
</pin_list>
<bind>
<StgValue><ssdm name="p_str964"/></StgValue>
</bind>
</comp>

<comp id="116" class="1001" name="const_116">
<pin_list>
<pin id="117" dir="1" index="0" bw="1" slack="2147483647"/>
</pin_list>
<bind>
<StgValue><ssdm name="p_str965"/></StgValue>
</bind>
</comp>

<comp id="118" class="1001" name="const_118">
<pin_list>
<pin id="119" dir="1" index="0" bw="1" slack="2147483647"/>
</pin_list>
<bind>
<StgValue><ssdm name="p_str966"/></StgValue>
</bind>
</comp>

<comp id="120" class="1001" name="const_120">
<pin_list>
<pin id="121" dir="1" index="0" bw="1" slack="2147483647"/>
</pin_list>
<bind>
<StgValue><ssdm name="p_str967"/></StgValue>
</bind>
</comp>

<comp id="122" class="1001" name="const_122">
<pin_list>
<pin id="123" dir="1" index="0" bw="1" slack="2147483647"/>
</pin_list>
<bind>
<StgValue><ssdm name="p_str955"/></StgValue>
</bind>
</comp>

<comp id="124" class="1001" name="const_124">
<pin_list>
<pin id="125" dir="1" index="0" bw="1" slack="2147483647"/>
</pin_list>
<bind>
<StgValue><ssdm name="p_str956"/></StgValue>
</bind>
</comp>

<comp id="126" class="1001" name="const_126">
<pin_list>
<pin id="127" dir="1" index="0" bw="1" slack="2147483647"/>
</pin_list>
<bind>
<StgValue><ssdm name="p_str957"/></StgValue>
</bind>
</comp>

<comp id="128" class="1001" name="const_128">
<pin_list>
<pin id="129" dir="1" index="0" bw="1" slack="2147483647"/>
</pin_list>
<bind>
<StgValue><ssdm name="p_str958"/></StgValue>
</bind>
</comp>

<comp id="130" class="1001" name="const_130">
<pin_list>
<pin id="131" dir="1" index="0" bw="1" slack="2147483647"/>
</pin_list>
<bind>
<StgValue><ssdm name="p_str959"/></StgValue>
</bind>
</comp>

<comp id="132" class="1001" name="const_132">
<pin_list>
<pin id="133" dir="1" index="0" bw="1" slack="2147483647"/>
</pin_list>
<bind>
<StgValue><ssdm name="p_str960"/></StgValue>
</bind>
</comp>

<comp id="134" class="1001" name="const_134">
<pin_list>
<pin id="135" dir="1" index="0" bw="1" slack="2147483647"/>
</pin_list>
<bind>
<StgValue><ssdm name="p_str948"/></StgValue>
</bind>
</comp>

<comp id="136" class="1001" name="const_136">
<pin_list>
<pin id="137" dir="1" index="0" bw="1" slack="2147483647"/>
</pin_list>
<bind>
<StgValue><ssdm name="p_str949"/></StgValue>
</bind>
</comp>

<comp id="138" class="1001" name="const_138">
<pin_list>
<pin id="139" dir="1" index="0" bw="1" slack="2147483647"/>
</pin_list>
<bind>
<StgValue><ssdm name="p_str950"/></StgValue>
</bind>
</comp>

<comp id="140" class="1001" name="const_140">
<pin_list>
<pin id="141" dir="1" index="0" bw="1" slack="2147483647"/>
</pin_list>
<bind>
<StgValue><ssdm name="p_str951"/></StgValue>
</bind>
</comp>

<comp id="142" class="1001" name="const_142">
<pin_list>
<pin id="143" dir="1" index="0" bw="1" slack="2147483647"/>
</pin_list>
<bind>
<StgValue><ssdm name="p_str952"/></StgValue>
</bind>
</comp>

<comp id="144" class="1001" name="const_144">
<pin_list>
<pin id="145" dir="1" index="0" bw="1" slack="2147483647"/>
</pin_list>
<bind>
<StgValue><ssdm name="p_str953"/></StgValue>
</bind>
</comp>

<comp id="146" class="1001" name="const_146">
<pin_list>
<pin id="147" dir="1" index="0" bw="1" slack="2147483647"/>
</pin_list>
<bind>
<StgValue><ssdm name="p_str941"/></StgValue>
</bind>
</comp>

<comp id="148" class="1001" name="const_148">
<pin_list>
<pin id="149" dir="1" index="0" bw="1" slack="2147483647"/>
</pin_list>
<bind>
<StgValue><ssdm name="p_str942"/></StgValue>
</bind>
</comp>

<comp id="150" class="1001" name="const_150">
<pin_list>
<pin id="151" dir="1" index="0" bw="1" slack="2147483647"/>
</pin_list>
<bind>
<StgValue><ssdm name="p_str943"/></StgValue>
</bind>
</comp>

<comp id="152" class="1001" name="const_152">
<pin_list>
<pin id="153" dir="1" index="0" bw="1" slack="2147483647"/>
</pin_list>
<bind>
<StgValue><ssdm name="p_str944"/></StgValue>
</bind>
</comp>

<comp id="154" class="1001" name="const_154">
<pin_list>
<pin id="155" dir="1" index="0" bw="1" slack="2147483647"/>
</pin_list>
<bind>
<StgValue><ssdm name="p_str945"/></StgValue>
</bind>
</comp>

<comp id="156" class="1001" name="const_156">
<pin_list>
<pin id="157" dir="1" index="0" bw="1" slack="2147483647"/>
</pin_list>
<bind>
<StgValue><ssdm name="p_str946"/></StgValue>
</bind>
</comp>

<comp id="158" class="1001" name="const_158">
<pin_list>
<pin id="159" dir="1" index="0" bw="1" slack="2147483647"/>
</pin_list>
<bind>
<StgValue><ssdm name="p_str934"/></StgValue>
</bind>
</comp>

<comp id="160" class="1001" name="const_160">
<pin_list>
<pin id="161" dir="1" index="0" bw="1" slack="2147483647"/>
</pin_list>
<bind>
<StgValue><ssdm name="p_str935"/></StgValue>
</bind>
</comp>

<comp id="162" class="1001" name="const_162">
<pin_list>
<pin id="163" dir="1" index="0" bw="1" slack="2147483647"/>
</pin_list>
<bind>
<StgValue><ssdm name="p_str936"/></StgValue>
</bind>
</comp>

<comp id="164" class="1001" name="const_164">
<pin_list>
<pin id="165" dir="1" index="0" bw="1" slack="2147483647"/>
</pin_list>
<bind>
<StgValue><ssdm name="p_str937"/></StgValue>
</bind>
</comp>

<comp id="166" class="1001" name="const_166">
<pin_list>
<pin id="167" dir="1" index="0" bw="1" slack="2147483647"/>
</pin_list>
<bind>
<StgValue><ssdm name="p_str938"/></StgValue>
</bind>
</comp>

<comp id="168" class="1001" name="const_168">
<pin_list>
<pin id="169" dir="1" index="0" bw="1" slack="2147483647"/>
</pin_list>
<bind>
<StgValue><ssdm name="p_str939"/></StgValue>
</bind>
</comp>

<comp id="170" class="1001" name="const_170">
<pin_list>
<pin id="171" dir="1" index="0" bw="1" slack="2147483647"/>
</pin_list>
<bind>
<StgValue><ssdm name="p_str927"/></StgValue>
</bind>
</comp>

<comp id="172" class="1001" name="const_172">
<pin_list>
<pin id="173" dir="1" index="0" bw="1" slack="2147483647"/>
</pin_list>
<bind>
<StgValue><ssdm name="p_str928"/></StgValue>
</bind>
</comp>

<comp id="174" class="1001" name="const_174">
<pin_list>
<pin id="175" dir="1" index="0" bw="1" slack="2147483647"/>
</pin_list>
<bind>
<StgValue><ssdm name="p_str929"/></StgValue>
</bind>
</comp>

<comp id="176" class="1001" name="const_176">
<pin_list>
<pin id="177" dir="1" index="0" bw="1" slack="2147483647"/>
</pin_list>
<bind>
<StgValue><ssdm name="p_str930"/></StgValue>
</bind>
</comp>

<comp id="178" class="1001" name="const_178">
<pin_list>
<pin id="179" dir="1" index="0" bw="1" slack="2147483647"/>
</pin_list>
<bind>
<StgValue><ssdm name="p_str931"/></StgValue>
</bind>
</comp>

<comp id="180" class="1001" name="const_180">
<pin_list>
<pin id="181" dir="1" index="0" bw="1" slack="2147483647"/>
</pin_list>
<bind>
<StgValue><ssdm name="p_str932"/></StgValue>
</bind>
</comp>

<comp id="182" class="1001" name="const_182">
<pin_list>
<pin id="183" dir="1" index="0" bw="1" slack="2147483647"/>
</pin_list>
<bind>
<StgValue><ssdm name="p_str920"/></StgValue>
</bind>
</comp>

<comp id="184" class="1001" name="const_184">
<pin_list>
<pin id="185" dir="1" index="0" bw="1" slack="2147483647"/>
</pin_list>
<bind>
<StgValue><ssdm name="p_str921"/></StgValue>
</bind>
</comp>

<comp id="186" class="1001" name="const_186">
<pin_list>
<pin id="187" dir="1" index="0" bw="1" slack="2147483647"/>
</pin_list>
<bind>
<StgValue><ssdm name="p_str922"/></StgValue>
</bind>
</comp>

<comp id="188" class="1001" name="const_188">
<pin_list>
<pin id="189" dir="1" index="0" bw="1" slack="2147483647"/>
</pin_list>
<bind>
<StgValue><ssdm name="p_str923"/></StgValue>
</bind>
</comp>

<comp id="190" class="1001" name="const_190">
<pin_list>
<pin id="191" dir="1" index="0" bw="1" slack="2147483647"/>
</pin_list>
<bind>
<StgValue><ssdm name="p_str924"/></StgValue>
</bind>
</comp>

<comp id="192" class="1001" name="const_192">
<pin_list>
<pin id="193" dir="1" index="0" bw="1" slack="2147483647"/>
</pin_list>
<bind>
<StgValue><ssdm name="p_str925"/></StgValue>
</bind>
</comp>

<comp id="194" class="1001" name="const_194">
<pin_list>
<pin id="195" dir="1" index="0" bw="1" slack="1"/>
</pin_list>
<bind>
<StgValue><ssdm name=""/></StgValue>
</bind>
</comp>

<comp id="196" class="1001" name="const_196">
<pin_list>
<pin id="197" dir="1" index="0" bw="1" slack="0"/>
</pin_list>
<bind>
<StgValue><ssdm name=""/></StgValue>
</bind>
</comp>

<comp id="198" class="1001" name="const_198">
<pin_list>
<pin id="199" dir="1" index="0" bw="1" slack="0"/>
</pin_list>
<bind>
<StgValue><ssdm name=""/></StgValue>
</bind>
</comp>

<comp id="200" class="1001" name="const_200">
<pin_list>
<pin id="201" dir="1" index="0" bw="1" slack="0"/>
</pin_list>
<bind>
<StgValue><ssdm name="_ssdm_op_Read.ap_fifo.volatile.i8P.i8P.i8P.i8P"/></StgValue>
</bind>
</comp>

<comp id="202" class="1001" name="const_202">
<pin_list>
<pin id="203" dir="1" index="0" bw="1" slack="0"/>
</pin_list>
<bind>
<StgValue><ssdm name="compute_output_buffer_2d<array,array<ap_fixed<8,2,0,0,0>,4u>,config10>"/></StgValue>
</bind>
</comp>

<comp id="204" class="1001" name="const_204">
<pin_list>
<pin id="205" dir="1" index="0" bw="1" slack="2147483647"/>
</pin_list>
<bind>
<StgValue><ssdm name="_ssdm_op_SpecLoopName"/></StgValue>
</bind>
</comp>

<comp id="206" class="1001" name="const_206">
<pin_list>
<pin id="207" dir="1" index="0" bw="1" slack="2147483647"/>
</pin_list>
<bind>
<StgValue><ssdm name="ReadInputHeight_ReadInputWidth_str"/></StgValue>
</bind>
</comp>

<comp id="208" class="1001" name="const_208">
<pin_list>
<pin id="209" dir="1" index="0" bw="1" slack="2147483647"/>
</pin_list>
<bind>
<StgValue><ssdm name="_ssdm_op_SpecLoopTripCount"/></StgValue>
</bind>
</comp>

<comp id="210" class="1001" name="const_210">
<pin_list>
<pin id="211" dir="1" index="0" bw="1" slack="2147483647"/>
</pin_list>
<bind>
<StgValue><ssdm name=""/></StgValue>
</bind>
</comp>

<comp id="212" class="1001" name="const_212">
<pin_list>
<pin id="213" dir="1" index="0" bw="1" slack="2147483647"/>
</pin_list>
<bind>
<StgValue><ssdm name="p_str77"/></StgValue>
</bind>
</comp>

<comp id="214" class="1001" name="const_214">
<pin_list>
<pin id="215" dir="1" index="0" bw="1" slack="2147483647"/>
</pin_list>
<bind>
<StgValue><ssdm name="_ssdm_op_SpecRegionBegin"/></StgValue>
</bind>
</comp>

<comp id="216" class="1001" name="const_216">
<pin_list>
<pin id="217" dir="1" index="0" bw="1" slack="2147483647"/>
</pin_list>
<bind>
<StgValue><ssdm name="p_str133"/></StgValue>
</bind>
</comp>

<comp id="218" class="1001" name="const_218">
<pin_list>
<pin id="219" dir="1" index="0" bw="1" slack="2147483647"/>
</pin_list>
<bind>
<StgValue><ssdm name="_ssdm_op_SpecPipeline"/></StgValue>
</bind>
</comp>

<comp id="220" class="1001" name="const_220">
<pin_list>
<pin id="221" dir="1" index="0" bw="1" slack="2147483647"/>
</pin_list>
<bind>
<StgValue><ssdm name=""/></StgValue>
</bind>
</comp>

<comp id="222" class="1001" name="const_222">
<pin_list>
<pin id="223" dir="1" index="0" bw="1" slack="2147483647"/>
</pin_list>
<bind>
<StgValue><ssdm name="p_str38"/></StgValue>
</bind>
</comp>

<comp id="224" class="1001" name="const_224">
<pin_list>
<pin id="225" dir="1" index="0" bw="1" slack="2147483647"/>
</pin_list>
<bind>
<StgValue><ssdm name="_ssdm_op_SpecRegionEnd"/></StgValue>
</bind>
</comp>

<comp id="226" class="1004" name="empty_340_read_fu_226">
<pin_list>
<pin id="227" dir="0" index="0" bw="32" slack="0"/>
<pin id="228" dir="0" index="1" bw="8" slack="0"/>
<pin id="229" dir="0" index="2" bw="8" slack="0"/>
<pin id="230" dir="0" index="3" bw="8" slack="0"/>
<pin id="231" dir="0" index="4" bw="8" slack="0"/>
<pin id="232" dir="1" index="5" bw="32" slack="0"/>
</pin_list>
<bind>
<opcode="read(1150) " fcode="read"/>
<opset="empty_340/3 "/>
</bind>
</comp>

<comp id="238" class="1005" name="indvar_flatten_reg_238">
<pin_list>
<pin id="239" dir="0" index="0" bw="13" slack="1"/>
<pin id="240" dir="1" index="1" bw="13" slack="1"/>
</pin_list>
<bind>
<opset="indvar_flatten (phireg) "/>
</bind>
</comp>

<comp id="242" class="1004" name="indvar_flatten_phi_fu_242">
<pin_list>
<pin id="243" dir="0" index="0" bw="1" slack="1"/>
<pin id="244" dir="0" index="1" bw="0" slack="2147483647"/>
<pin id="245" dir="0" index="2" bw="13" slack="0"/>
<pin id="246" dir="0" index="3" bw="0" slack="2147483647"/>
<pin id="247" dir="1" index="4" bw="13" slack="0"/>
</pin_list>
<bind>
<opcode="phi(47) " fcode="phi"/>
<opset="indvar_flatten/2 "/>
</bind>
</comp>

<comp id="249" class="1004" name="grp_compute_output_buffer_2d_array_array_ap_fixed_8_2_0_0_0_4u_config10_s_fu_249">
<pin_list>
<pin id="250" dir="0" index="0" bw="0" slack="0"/>
<pin id="251" dir="0" index="1" bw="8" slack="0"/>
<pin id="252" dir="0" index="2" bw="8" slack="0"/>
<pin id="253" dir="0" index="3" bw="8" slack="0"/>
<pin id="254" dir="0" index="4" bw="8" slack="0"/>
<pin id="255" dir="0" index="5" bw="8" slack="0"/>
<pin id="256" dir="0" index="6" bw="8" slack="0"/>
<pin id="257" dir="0" index="7" bw="8" slack="0"/>
<pin id="258" dir="0" index="8" bw="8" slack="0"/>
<pin id="259" dir="0" index="9" bw="8" slack="0"/>
<pin id="260" dir="0" index="10" bw="8" slack="0"/>
<pin id="261" dir="0" index="11" bw="8" slack="0"/>
<pin id="262" dir="0" index="12" bw="8" slack="0"/>
<pin id="263" dir="0" index="13" bw="8" slack="0"/>
<pin id="264" dir="0" index="14" bw="8" slack="0"/>
<pin id="265" dir="0" index="15" bw="8" slack="0"/>
<pin id="266" dir="0" index="16" bw="8" slack="0"/>
<pin id="267" dir="0" index="17" bw="8" slack="0"/>
<pin id="268" dir="0" index="18" bw="8" slack="0"/>
<pin id="269" dir="0" index="19" bw="8" slack="0"/>
<pin id="270" dir="0" index="20" bw="8" slack="0"/>
<pin id="271" dir="0" index="21" bw="8" slack="0"/>
<pin id="272" dir="0" index="22" bw="8" slack="0"/>
<pin id="273" dir="0" index="23" bw="8" slack="0"/>
<pin id="274" dir="0" index="24" bw="8" slack="0"/>
<pin id="275" dir="0" index="25" bw="8" slack="0"/>
<pin id="276" dir="0" index="26" bw="8" slack="0"/>
<pin id="277" dir="0" index="27" bw="8" slack="0"/>
<pin id="278" dir="0" index="28" bw="8" slack="0"/>
<pin id="279" dir="0" index="29" bw="8" slack="0"/>
<pin id="280" dir="0" index="30" bw="8" slack="0"/>
<pin id="281" dir="0" index="31" bw="8" slack="0"/>
<pin id="282" dir="0" index="32" bw="8" slack="0"/>
<pin id="283" dir="0" index="33" bw="8" slack="0"/>
<pin id="284" dir="0" index="34" bw="8" slack="0"/>
<pin id="285" dir="0" index="35" bw="8" slack="0"/>
<pin id="286" dir="0" index="36" bw="8" slack="0"/>
<pin id="287" dir="0" index="37" bw="8" slack="0"/>
<pin id="288" dir="0" index="38" bw="8" slack="0"/>
<pin id="289" dir="0" index="39" bw="8" slack="0"/>
<pin id="290" dir="0" index="40" bw="8" slack="0"/>
<pin id="291" dir="0" index="41" bw="32" slack="0"/>
<pin id="292" dir="0" index="42" bw="32" slack="0"/>
<pin id="293" dir="0" index="43" bw="32" slack="0"/>
<pin id="294" dir="0" index="44" bw="32" slack="0"/>
<pin id="295" dir="1" index="45" bw="0" slack="2147483647"/>
</pin_list>
<bind>
<opcode="call(48) " fcode="call"/>
<opset="call_ln87/3 "/>
</bind>
</comp>

<comp id="337" class="1004" name="icmp_ln79_fu_337">
<pin_list>
<pin id="338" dir="0" index="0" bw="13" slack="0"/>
<pin id="339" dir="0" index="1" bw="13" slack="0"/>
<pin id="340" dir="1" index="2" bw="1" slack="1"/>
</pin_list>
<bind>
<opcode="icmp(45) " fcode="icmp"/>
<opset="icmp_ln79/2 "/>
</bind>
</comp>

<comp id="343" class="1004" name="add_ln79_fu_343">
<pin_list>
<pin id="344" dir="0" index="0" bw="13" slack="0"/>
<pin id="345" dir="0" index="1" bw="1" slack="0"/>
<pin id="346" dir="1" index="2" bw="13" slack="0"/>
</pin_list>
<bind>
<opcode="add(8) " fcode="add"/>
<opset="add_ln79/2 "/>
</bind>
</comp>

<comp id="349" class="1004" name="tmp_data_0_V_fu_349">
<pin_list>
<pin id="350" dir="0" index="0" bw="32" slack="0"/>
<pin id="351" dir="1" index="1" bw="8" slack="0"/>
</pin_list>
<bind>
<opcode="extractvalue(56) " fcode="extractvalue"/>
<opset="tmp_data_0_V/3 "/>
</bind>
</comp>

<comp id="354" class="1004" name="tmp_data_1_V_fu_354">
<pin_list>
<pin id="355" dir="0" index="0" bw="32" slack="0"/>
<pin id="356" dir="1" index="1" bw="8" slack="0"/>
</pin_list>
<bind>
<opcode="extractvalue(56) " fcode="extractvalue"/>
<opset="tmp_data_1_V/3 "/>
</bind>
</comp>

<comp id="359" class="1004" name="tmp_data_2_V_fu_359">
<pin_list>
<pin id="360" dir="0" index="0" bw="32" slack="0"/>
<pin id="361" dir="1" index="1" bw="8" slack="0"/>
</pin_list>
<bind>
<opcode="extractvalue(56) " fcode="extractvalue"/>
<opset="tmp_data_2_V/3 "/>
</bind>
</comp>

<comp id="364" class="1004" name="tmp_data_3_V_fu_364">
<pin_list>
<pin id="365" dir="0" index="0" bw="32" slack="0"/>
<pin id="366" dir="1" index="1" bw="8" slack="0"/>
</pin_list>
<bind>
<opcode="extractvalue(56) " fcode="extractvalue"/>
<opset="tmp_data_3_V/3 "/>
</bind>
</comp>

<comp id="369" class="1005" name="icmp_ln79_reg_369">
<pin_list>
<pin id="370" dir="0" index="0" bw="1" slack="1"/>
<pin id="371" dir="1" index="1" bw="1" slack="2147483647"/>
</pin_list>
<bind>
<opset="icmp_ln79 "/>
</bind>
</comp>

<comp id="373" class="1005" name="add_ln79_reg_373">
<pin_list>
<pin id="374" dir="0" index="0" bw="13" slack="0"/>
<pin id="375" dir="1" index="1" bw="13" slack="0"/>
</pin_list>
<bind>
<opset="add_ln79 "/>
</bind>
</comp>

</comp_list>

<net_list>
<net id="233"><net_src comp="200" pin="0"/><net_sink comp="226" pin=0"/></net>

<net id="234"><net_src comp="0" pin="0"/><net_sink comp="226" pin=1"/></net>

<net id="235"><net_src comp="2" pin="0"/><net_sink comp="226" pin=2"/></net>

<net id="236"><net_src comp="4" pin="0"/><net_sink comp="226" pin=3"/></net>

<net id="237"><net_src comp="6" pin="0"/><net_sink comp="226" pin=4"/></net>

<net id="241"><net_src comp="194" pin="0"/><net_sink comp="238" pin=0"/></net>

<net id="248"><net_src comp="238" pin="1"/><net_sink comp="242" pin=0"/></net>

<net id="296"><net_src comp="202" pin="0"/><net_sink comp="249" pin=0"/></net>

<net id="297"><net_src comp="8" pin="0"/><net_sink comp="249" pin=5"/></net>

<net id="298"><net_src comp="10" pin="0"/><net_sink comp="249" pin=6"/></net>

<net id="299"><net_src comp="12" pin="0"/><net_sink comp="249" pin=7"/></net>

<net id="300"><net_src comp="14" pin="0"/><net_sink comp="249" pin=8"/></net>

<net id="301"><net_src comp="16" pin="0"/><net_sink comp="249" pin=9"/></net>

<net id="302"><net_src comp="18" pin="0"/><net_sink comp="249" pin=10"/></net>

<net id="303"><net_src comp="20" pin="0"/><net_sink comp="249" pin=11"/></net>

<net id="304"><net_src comp="22" pin="0"/><net_sink comp="249" pin=12"/></net>

<net id="305"><net_src comp="24" pin="0"/><net_sink comp="249" pin=13"/></net>

<net id="306"><net_src comp="26" pin="0"/><net_sink comp="249" pin=14"/></net>

<net id="307"><net_src comp="28" pin="0"/><net_sink comp="249" pin=15"/></net>

<net id="308"><net_src comp="30" pin="0"/><net_sink comp="249" pin=16"/></net>

<net id="309"><net_src comp="32" pin="0"/><net_sink comp="249" pin=17"/></net>

<net id="310"><net_src comp="34" pin="0"/><net_sink comp="249" pin=18"/></net>

<net id="311"><net_src comp="36" pin="0"/><net_sink comp="249" pin=19"/></net>

<net id="312"><net_src comp="38" pin="0"/><net_sink comp="249" pin=20"/></net>

<net id="313"><net_src comp="40" pin="0"/><net_sink comp="249" pin=21"/></net>

<net id="314"><net_src comp="42" pin="0"/><net_sink comp="249" pin=22"/></net>

<net id="315"><net_src comp="44" pin="0"/><net_sink comp="249" pin=23"/></net>

<net id="316"><net_src comp="46" pin="0"/><net_sink comp="249" pin=24"/></net>

<net id="317"><net_src comp="48" pin="0"/><net_sink comp="249" pin=25"/></net>

<net id="318"><net_src comp="50" pin="0"/><net_sink comp="249" pin=26"/></net>

<net id="319"><net_src comp="52" pin="0"/><net_sink comp="249" pin=27"/></net>

<net id="320"><net_src comp="54" pin="0"/><net_sink comp="249" pin=28"/></net>

<net id="321"><net_src comp="56" pin="0"/><net_sink comp="249" pin=29"/></net>

<net id="322"><net_src comp="58" pin="0"/><net_sink comp="249" pin=30"/></net>

<net id="323"><net_src comp="60" pin="0"/><net_sink comp="249" pin=31"/></net>

<net id="324"><net_src comp="62" pin="0"/><net_sink comp="249" pin=32"/></net>

<net id="325"><net_src comp="64" pin="0"/><net_sink comp="249" pin=33"/></net>

<net id="326"><net_src comp="66" pin="0"/><net_sink comp="249" pin=34"/></net>

<net id="327"><net_src comp="68" pin="0"/><net_sink comp="249" pin=35"/></net>

<net id="328"><net_src comp="70" pin="0"/><net_sink comp="249" pin=36"/></net>

<net id="329"><net_src comp="72" pin="0"/><net_sink comp="249" pin=37"/></net>

<net id="330"><net_src comp="74" pin="0"/><net_sink comp="249" pin=38"/></net>

<net id="331"><net_src comp="76" pin="0"/><net_sink comp="249" pin=39"/></net>

<net id="332"><net_src comp="78" pin="0"/><net_sink comp="249" pin=40"/></net>

<net id="333"><net_src comp="80" pin="0"/><net_sink comp="249" pin=41"/></net>

<net id="334"><net_src comp="82" pin="0"/><net_sink comp="249" pin=42"/></net>

<net id="335"><net_src comp="84" pin="0"/><net_sink comp="249" pin=43"/></net>

<net id="336"><net_src comp="86" pin="0"/><net_sink comp="249" pin=44"/></net>

<net id="341"><net_src comp="242" pin="4"/><net_sink comp="337" pin=0"/></net>

<net id="342"><net_src comp="196" pin="0"/><net_sink comp="337" pin=1"/></net>

<net id="347"><net_src comp="242" pin="4"/><net_sink comp="343" pin=0"/></net>

<net id="348"><net_src comp="198" pin="0"/><net_sink comp="343" pin=1"/></net>

<net id="352"><net_src comp="226" pin="5"/><net_sink comp="349" pin=0"/></net>

<net id="353"><net_src comp="349" pin="1"/><net_sink comp="249" pin=1"/></net>

<net id="357"><net_src comp="226" pin="5"/><net_sink comp="354" pin=0"/></net>

<net id="358"><net_src comp="354" pin="1"/><net_sink comp="249" pin=2"/></net>

<net id="362"><net_src comp="226" pin="5"/><net_sink comp="359" pin=0"/></net>

<net id="363"><net_src comp="359" pin="1"/><net_sink comp="249" pin=3"/></net>

<net id="367"><net_src comp="226" pin="5"/><net_sink comp="364" pin=0"/></net>

<net id="368"><net_src comp="364" pin="1"/><net_sink comp="249" pin=4"/></net>

<net id="372"><net_src comp="337" pin="2"/><net_sink comp="369" pin=0"/></net>

<net id="376"><net_src comp="343" pin="2"/><net_sink comp="373" pin=0"/></net>

<net id="377"><net_src comp="373" pin="1"/><net_sink comp="242" pin=2"/></net>

</net_list>

</model> 
---------------- Datapath Model END ------------------

* FSMD analyzer results:
  - Output states:
	Port: res_V_data_0_V | {24 }
	Port: res_V_data_1_V | {24 }
	Port: res_V_data_2_V | {24 }
	Port: res_V_data_3_V | {24 }
	Port: kernel_data_V_1_4 | {3 }
	Port: kernel_data_V_1_5 | {3 }
	Port: kernel_data_V_1_6 | {3 }
	Port: kernel_data_V_1_7 | {3 }
	Port: kernel_data_V_1_8 | {3 }
	Port: kernel_data_V_1_9 | {3 }
	Port: kernel_data_V_1_10 | {3 }
	Port: kernel_data_V_1_11 | {3 }
	Port: kernel_data_V_1_16 | {3 }
	Port: kernel_data_V_1_17 | {3 }
	Port: kernel_data_V_1_18 | {3 }
	Port: kernel_data_V_1_19 | {3 }
	Port: kernel_data_V_1_20 | {3 }
	Port: kernel_data_V_1_21 | {3 }
	Port: kernel_data_V_1_22 | {3 }
	Port: kernel_data_V_1_23 | {3 }
	Port: kernel_data_V_1_28 | {3 }
	Port: kernel_data_V_1_29 | {3 }
	Port: kernel_data_V_1_30 | {3 }
	Port: kernel_data_V_1_31 | {3 }
	Port: kernel_data_V_1_32 | {3 }
	Port: kernel_data_V_1_33 | {3 }
	Port: kernel_data_V_1_34 | {3 }
	Port: kernel_data_V_1_35 | {3 }
	Port: line_buffer_Array_V_1_0_0 | {}
	Port: line_buffer_Array_V_1_1_0 | {}
	Port: line_buffer_Array_V_1_0_1 | {}
	Port: line_buffer_Array_V_1_1_1 | {}
	Port: line_buffer_Array_V_1_0_2 | {}
	Port: line_buffer_Array_V_1_1_2 | {}
	Port: line_buffer_Array_V_1_0_3 | {}
	Port: line_buffer_Array_V_1_1_3 | {}
	Port: sX_1 | {4 }
	Port: sY_1 | {5 }
	Port: pY_1 | {4 }
	Port: pX_1 | {4 }
 - Input state : 
	Port: conv_2d_cl<array<ap_fixed,4u>,array<ap_fixed<8,2,0,0,0>,4u>,config10> : data_V_data_0_V | {3 }
	Port: conv_2d_cl<array<ap_fixed,4u>,array<ap_fixed<8,2,0,0,0>,4u>,config10> : data_V_data_1_V | {3 }
	Port: conv_2d_cl<array<ap_fixed,4u>,array<ap_fixed<8,2,0,0,0>,4u>,config10> : data_V_data_2_V | {3 }
	Port: conv_2d_cl<array<ap_fixed,4u>,array<ap_fixed<8,2,0,0,0>,4u>,config10> : data_V_data_3_V | {3 }
	Port: conv_2d_cl<array<ap_fixed,4u>,array<ap_fixed<8,2,0,0,0>,4u>,config10> : kernel_data_V_1_4 | {3 }
	Port: conv_2d_cl<array<ap_fixed,4u>,array<ap_fixed<8,2,0,0,0>,4u>,config10> : kernel_data_V_1_5 | {3 }
	Port: conv_2d_cl<array<ap_fixed,4u>,array<ap_fixed<8,2,0,0,0>,4u>,config10> : kernel_data_V_1_6 | {3 }
	Port: conv_2d_cl<array<ap_fixed,4u>,array<ap_fixed<8,2,0,0,0>,4u>,config10> : kernel_data_V_1_7 | {3 }
	Port: conv_2d_cl<array<ap_fixed,4u>,array<ap_fixed<8,2,0,0,0>,4u>,config10> : kernel_data_V_1_8 | {3 }
	Port: conv_2d_cl<array<ap_fixed,4u>,array<ap_fixed<8,2,0,0,0>,4u>,config10> : kernel_data_V_1_9 | {3 }
	Port: conv_2d_cl<array<ap_fixed,4u>,array<ap_fixed<8,2,0,0,0>,4u>,config10> : kernel_data_V_1_10 | {3 }
	Port: conv_2d_cl<array<ap_fixed,4u>,array<ap_fixed<8,2,0,0,0>,4u>,config10> : kernel_data_V_1_11 | {3 }
	Port: conv_2d_cl<array<ap_fixed,4u>,array<ap_fixed<8,2,0,0,0>,4u>,config10> : kernel_data_V_1_16 | {3 }
	Port: conv_2d_cl<array<ap_fixed,4u>,array<ap_fixed<8,2,0,0,0>,4u>,config10> : kernel_data_V_1_17 | {3 }
	Port: conv_2d_cl<array<ap_fixed,4u>,array<ap_fixed<8,2,0,0,0>,4u>,config10> : kernel_data_V_1_18 | {3 }
	Port: conv_2d_cl<array<ap_fixed,4u>,array<ap_fixed<8,2,0,0,0>,4u>,config10> : kernel_data_V_1_19 | {3 }
	Port: conv_2d_cl<array<ap_fixed,4u>,array<ap_fixed<8,2,0,0,0>,4u>,config10> : kernel_data_V_1_20 | {3 }
	Port: conv_2d_cl<array<ap_fixed,4u>,array<ap_fixed<8,2,0,0,0>,4u>,config10> : kernel_data_V_1_21 | {3 }
	Port: conv_2d_cl<array<ap_fixed,4u>,array<ap_fixed<8,2,0,0,0>,4u>,config10> : kernel_data_V_1_22 | {3 }
	Port: conv_2d_cl<array<ap_fixed,4u>,array<ap_fixed<8,2,0,0,0>,4u>,config10> : kernel_data_V_1_23 | {3 }
	Port: conv_2d_cl<array<ap_fixed,4u>,array<ap_fixed<8,2,0,0,0>,4u>,config10> : kernel_data_V_1_28 | {3 }
	Port: conv_2d_cl<array<ap_fixed,4u>,array<ap_fixed<8,2,0,0,0>,4u>,config10> : kernel_data_V_1_29 | {3 }
	Port: conv_2d_cl<array<ap_fixed,4u>,array<ap_fixed<8,2,0,0,0>,4u>,config10> : kernel_data_V_1_30 | {3 }
	Port: conv_2d_cl<array<ap_fixed,4u>,array<ap_fixed<8,2,0,0,0>,4u>,config10> : kernel_data_V_1_31 | {3 }
	Port: conv_2d_cl<array<ap_fixed,4u>,array<ap_fixed<8,2,0,0,0>,4u>,config10> : kernel_data_V_1_32 | {3 }
	Port: conv_2d_cl<array<ap_fixed,4u>,array<ap_fixed<8,2,0,0,0>,4u>,config10> : kernel_data_V_1_33 | {3 }
	Port: conv_2d_cl<array<ap_fixed,4u>,array<ap_fixed<8,2,0,0,0>,4u>,config10> : kernel_data_V_1_34 | {3 }
	Port: conv_2d_cl<array<ap_fixed,4u>,array<ap_fixed<8,2,0,0,0>,4u>,config10> : kernel_data_V_1_35 | {3 }
	Port: conv_2d_cl<array<ap_fixed,4u>,array<ap_fixed<8,2,0,0,0>,4u>,config10> : line_buffer_Array_V_1_0_0 | {}
	Port: conv_2d_cl<array<ap_fixed,4u>,array<ap_fixed<8,2,0,0,0>,4u>,config10> : line_buffer_Array_V_1_1_0 | {}
	Port: conv_2d_cl<array<ap_fixed,4u>,array<ap_fixed<8,2,0,0,0>,4u>,config10> : line_buffer_Array_V_1_0_1 | {}
	Port: conv_2d_cl<array<ap_fixed,4u>,array<ap_fixed<8,2,0,0,0>,4u>,config10> : line_buffer_Array_V_1_1_1 | {}
	Port: conv_2d_cl<array<ap_fixed,4u>,array<ap_fixed<8,2,0,0,0>,4u>,config10> : line_buffer_Array_V_1_0_2 | {}
	Port: conv_2d_cl<array<ap_fixed,4u>,array<ap_fixed<8,2,0,0,0>,4u>,config10> : line_buffer_Array_V_1_1_2 | {}
	Port: conv_2d_cl<array<ap_fixed,4u>,array<ap_fixed<8,2,0,0,0>,4u>,config10> : line_buffer_Array_V_1_0_3 | {}
	Port: conv_2d_cl<array<ap_fixed,4u>,array<ap_fixed<8,2,0,0,0>,4u>,config10> : line_buffer_Array_V_1_1_3 | {}
	Port: conv_2d_cl<array<ap_fixed,4u>,array<ap_fixed<8,2,0,0,0>,4u>,config10> : sX_1 | {4 }
	Port: conv_2d_cl<array<ap_fixed,4u>,array<ap_fixed<8,2,0,0,0>,4u>,config10> : sY_1 | {4 }
	Port: conv_2d_cl<array<ap_fixed,4u>,array<ap_fixed<8,2,0,0,0>,4u>,config10> : pY_1 | {4 }
	Port: conv_2d_cl<array<ap_fixed,4u>,array<ap_fixed<8,2,0,0,0>,4u>,config10> : pX_1 | {4 }
  - Chain level:
	State 1
	State 2
		icmp_ln79 : 1
		add_ln79 : 1
		br_ln79 : 2
	State 3
		call_ln87 : 1
	State 4
	State 5
	State 6
	State 7
	State 8
	State 9
	State 10
	State 11
	State 12
	State 13
	State 14
	State 15
	State 16
	State 17
	State 18
	State 19
	State 20
	State 21
	State 22
	State 23
	State 24
		empty_339 : 1
	State 25


============================================================
+ Verbose Summary: Datapath Resource usage 
============================================================

* Functional unit list:
|----------|----------------------------------------------------------------------------------|---------|---------|---------|
| Operation|                                  Functional Unit                                 |  DSP48E |    FF   |   LUT   |
|----------|----------------------------------------------------------------------------------|---------|---------|---------|
|   call   | grp_compute_output_buffer_2d_array_array_ap_fixed_8_2_0_0_0_4u_config10_s_fu_249 |    0    |   2630  |  15845  |
|----------|----------------------------------------------------------------------------------|---------|---------|---------|
|   icmp   |                                 icmp_ln79_fu_337                                 |    0    |    0    |    13   |
|----------|----------------------------------------------------------------------------------|---------|---------|---------|
|    add   |                                  add_ln79_fu_343                                 |    0    |    0    |    13   |
|----------|----------------------------------------------------------------------------------|---------|---------|---------|
|   read   |                               empty_340_read_fu_226                              |    0    |    0    |    0    |
|----------|----------------------------------------------------------------------------------|---------|---------|---------|
|          |                                tmp_data_0_V_fu_349                               |    0    |    0    |    0    |
|extractvalue|                                tmp_data_1_V_fu_354                               |    0    |    0    |    0    |
|          |                                tmp_data_2_V_fu_359                               |    0    |    0    |    0    |
|          |                                tmp_data_3_V_fu_364                               |    0    |    0    |    0    |
|----------|----------------------------------------------------------------------------------|---------|---------|---------|
|   Total  |                                                                                  |    0    |   2630  |  15871  |
|----------|----------------------------------------------------------------------------------|---------|---------|---------|

Memories:
N/A

* Register list:
+----------------------+--------+
|                      |   FF   |
+----------------------+--------+
|   add_ln79_reg_373   |   13   |
|   icmp_ln79_reg_369  |    1   |
|indvar_flatten_reg_238|   13   |
+----------------------+--------+
|         Total        |   27   |
+----------------------+--------+

* Multiplexer (MUX) list: 
|--------|------|------|------|--------|
|  Comp  |  Pin | Size |  BW  | S x BW |
|--------|------|------|------|--------|
|  Total |      |      |      |    0   |
|--------|------|------|------|--------|



* Summary:
+-----------+--------+--------+--------+
|           | DSP48E |   FF   |   LUT  |
+-----------+--------+--------+--------+
|  Function |    0   |  2630  |  15871 |
|   Memory  |    -   |    -   |    -   |
|Multiplexer|    -   |    -   |    -   |
|  Register |    -   |   27   |    -   |
+-----------+--------+--------+--------+
|   Total   |    0   |  2657  |  15871 |
+-----------+--------+--------+--------+
