

================================================================
== Vivado HLS Report for 'pointwise_conv_2d_cl_array_array_ap_fixed_8_2_0_0_0_1u_config61_s'
================================================================
* Date:           Tue Jul 30 11:16:55 2024

* Version:        2019.2 (Build 2704478 on Wed Nov 06 22:10:23 MST 2019)
* Project:        myproject_prj
* Solution:       solution1
* Product family: virtexuplus
* Target device:  xcvu9p-flga2577-2-e


================================================================
== Performance Estimates
================================================================
+ Timing: 
    * Summary: 
    +--------+---------+----------+------------+
    |  Clock |  Target | Estimated| Uncertainty|
    +--------+---------+----------+------------+
    |ap_clk  | 2.78 ns | 2.344 ns |   0.35 ns  |
    +--------+---------+----------+------------+

+ Latency: 
    * Summary: 
    +---------+---------+-----------+-----------+------+------+---------+
    |  Latency (cycles) |   Latency (absolute)  |   Interval  | Pipeline|
    |   min   |   max   |    min    |    max    |  min |  max |   Type  |
    +---------+---------+-----------+-----------+------+------+---------+
    |     4101|     4101| 11.393 us | 11.393 us |  4101|  4101|   none  |
    +---------+---------+-----------+-----------+------+------+---------+

    + Detail: 
        * Instance: 
        N/A

        * Loop: 
        +----------------------------------+---------+---------+----------+-----------+-----------+------+----------+
        |                                  |  Latency (cycles) | Iteration|  Initiation Interval  | Trip |          |
        |             Loop Name            |   min   |   max   |  Latency |  achieved |   target  | Count| Pipelined|
        +----------------------------------+---------+---------+----------+-----------+-----------+------+----------+
        |- ReadInputHeight_ReadInputWidth  |     4099|     4099|         5|          1|          1|  4096|    yes   |
        +----------------------------------+---------+---------+----------+-----------+-----------+------+----------+

============================================================
+ Verbose Summary: Synthesis Manager
============================================================
InlineROM: 1
ExposeGlobal: 0
============================================================
+ Verbose Summary: CDFG Model
============================================================
IsTopModel: 0
ResetActiveHigh: 1
IsCombinational: 2
IsDatapathOnly: 0
HasWiredReturn: 1
HasMFsm: 0
HasVarLatency: 1
IsPipeline: 0
IsRtlPipelined: 0
IsInstanceOverlapped: 0
IsDontTouch: 0
HasImplIP: 0
IsGatedGlobalClock: 0

+ Individual pipeline summary: 
  * Pipeline-0: initiation interval (II) = 1, depth = 5


============================================================
+ Verbose Summary: Schedule
============================================================
* Number of FSM states : 7
* Pipeline : 1
  Pipeline-0 : II = 1, D = 5, States = { 2 3 4 5 6 }
* Dataflow Pipeline: 0

* FSM state transitions: 
1 --> 2 
2 --> 7 3 
3 --> 4 
4 --> 5 
5 --> 6 
6 --> 2 
7 --> 

* FSM state operations: 

State 1 <SV = 0> <Delay = 0.60>
ST_1 : Operation 8 [1/1] (0.00ns)   --->   "call void (...)* @_ssdm_op_SpecInterface(i8* %res_V_data_V, [8 x i8]* @ap_fifo_str, i32 0, i32 0, [1 x i8]* @p_str1844, i32 0, i32 0, [1 x i8]* @p_str1845, [1 x i8]* @p_str1846, [1 x i8]* @p_str1847, i32 2, i32 2, i32 16, i32 16, [1 x i8]* @p_str1848, [1 x i8]* @p_str1849)"   --->   Operation 8 'specinterface' <Predicate = true> <Delay = 0.00>
ST_1 : Operation 9 [1/1] (0.00ns)   --->   "call void (...)* @_ssdm_op_SpecInterface(i8* %data_V_data_3_V, [8 x i8]* @ap_fifo_str, i32 0, i32 0, [1 x i8]* @p_str1837, i32 0, i32 0, [1 x i8]* @p_str1838, [1 x i8]* @p_str1839, [1 x i8]* @p_str1840, i32 2, i32 2, i32 16, i32 16, [1 x i8]* @p_str1841, [1 x i8]* @p_str1842)"   --->   Operation 9 'specinterface' <Predicate = true> <Delay = 0.00>
ST_1 : Operation 10 [1/1] (0.00ns)   --->   "call void (...)* @_ssdm_op_SpecInterface(i8* %data_V_data_2_V, [8 x i8]* @ap_fifo_str, i32 0, i32 0, [1 x i8]* @p_str1830, i32 0, i32 0, [1 x i8]* @p_str1831, [1 x i8]* @p_str1832, [1 x i8]* @p_str1833, i32 2, i32 2, i32 16, i32 16, [1 x i8]* @p_str1834, [1 x i8]* @p_str1835)"   --->   Operation 10 'specinterface' <Predicate = true> <Delay = 0.00>
ST_1 : Operation 11 [1/1] (0.00ns)   --->   "call void (...)* @_ssdm_op_SpecInterface(i8* %data_V_data_1_V, [8 x i8]* @ap_fifo_str, i32 0, i32 0, [1 x i8]* @p_str1823, i32 0, i32 0, [1 x i8]* @p_str1824, [1 x i8]* @p_str1825, [1 x i8]* @p_str1826, i32 2, i32 2, i32 16, i32 16, [1 x i8]* @p_str1827, [1 x i8]* @p_str1828)"   --->   Operation 11 'specinterface' <Predicate = true> <Delay = 0.00>
ST_1 : Operation 12 [1/1] (0.00ns)   --->   "call void (...)* @_ssdm_op_SpecInterface(i8* %data_V_data_0_V, [8 x i8]* @ap_fifo_str, i32 0, i32 0, [1 x i8]* @p_str1816, i32 0, i32 0, [1 x i8]* @p_str1817, [1 x i8]* @p_str1818, [1 x i8]* @p_str1819, i32 2, i32 2, i32 16, i32 16, [1 x i8]* @p_str1820, [1 x i8]* @p_str1821)"   --->   Operation 12 'specinterface' <Predicate = true> <Delay = 0.00>
ST_1 : Operation 13 [1/1] (0.60ns)   --->   "br label %1" [firmware/nnet_utils/nnet_sepconv2d_stream.h:106]   --->   Operation 13 'br' <Predicate = true> <Delay = 0.60>

State 2 <SV = 1> <Delay = 0.64>
ST_2 : Operation 14 [1/1] (0.00ns)   --->   "%indvar_flatten = phi i13 [ 0, %0 ], [ %add_ln106, %ReadInputWidth_begin ]" [firmware/nnet_utils/nnet_sepconv2d_stream.h:106]   --->   Operation 14 'phi' 'indvar_flatten' <Predicate = true> <Delay = 0.00>
ST_2 : Operation 15 [1/1] (0.64ns)   --->   "%icmp_ln106 = icmp eq i13 %indvar_flatten, -4096" [firmware/nnet_utils/nnet_sepconv2d_stream.h:106]   --->   Operation 15 'icmp' 'icmp_ln106' <Predicate = true> <Delay = 0.64> <Core = "Cmp">   --->   Core 25 'Cmp' <Latency = 0> <II = 1> <Delay = 0.49> <FuncUnit> <Opcode : 'icmp'> <InPorts = 2> <OutPorts = 1>
ST_2 : Operation 16 [1/1] (0.54ns)   --->   "%add_ln106 = add i13 %indvar_flatten, 1" [firmware/nnet_utils/nnet_sepconv2d_stream.h:106]   --->   Operation 16 'add' 'add_ln106' <Predicate = true> <Delay = 0.54> <Core = "AddSub">   --->   Core 14 'AddSub' <Latency = 0> <II = 1> <Delay = 0.48> <FuncUnit> <Opcode : 'add' 'sub'> <InPorts = 2> <OutPorts = 1>
ST_2 : Operation 17 [1/1] (0.00ns)   --->   "br i1 %icmp_ln106, label %2, label %ReadInputWidth_begin" [firmware/nnet_utils/nnet_sepconv2d_stream.h:106]   --->   Operation 17 'br' <Predicate = true> <Delay = 0.00>

State 3 <SV = 2> <Delay = 1.21>
ST_3 : Operation 18 [1/1] (1.21ns)   --->   "%empty_134 = call { i8, i8, i8, i8 } @_ssdm_op_Read.ap_fifo.volatile.i8P.i8P.i8P.i8P(i8* %data_V_data_0_V, i8* %data_V_data_1_V, i8* %data_V_data_2_V, i8* %data_V_data_3_V)" [firmware/nnet_utils/nnet_sepconv2d_stream.h:113]   --->   Operation 18 'read' 'empty_134' <Predicate = (!icmp_ln106)> <Delay = 1.21> <Core = "FIFO_SRL">   --->   Core 36 'FIFO_SRL' <Latency = 0> <II = 1> <Delay = 1.45> <Storage> <Opcode : 'read' 'write' 'nbread' 'nbwrite'> <Ports = 0> <Width = 8> <Depth = 0> <FIFO>
ST_3 : Operation 19 [1/1] (0.00ns)   --->   "%tmp_data_0_V = extractvalue { i8, i8, i8, i8 } %empty_134, 0" [firmware/nnet_utils/nnet_sepconv2d_stream.h:113]   --->   Operation 19 'extractvalue' 'tmp_data_0_V' <Predicate = (!icmp_ln106)> <Delay = 0.00>
ST_3 : Operation 20 [1/1] (0.00ns)   --->   "%tmp_data_1_V = extractvalue { i8, i8, i8, i8 } %empty_134, 1" [firmware/nnet_utils/nnet_sepconv2d_stream.h:113]   --->   Operation 20 'extractvalue' 'tmp_data_1_V' <Predicate = (!icmp_ln106)> <Delay = 0.00>
ST_3 : Operation 21 [1/1] (0.00ns)   --->   "%tmp_data_2_V = extractvalue { i8, i8, i8, i8 } %empty_134, 2" [firmware/nnet_utils/nnet_sepconv2d_stream.h:113]   --->   Operation 21 'extractvalue' 'tmp_data_2_V' <Predicate = (!icmp_ln106)> <Delay = 0.00>
ST_3 : Operation 22 [1/1] (0.00ns)   --->   "%tmp_data_3_V = extractvalue { i8, i8, i8, i8 } %empty_134, 3" [firmware/nnet_utils/nnet_sepconv2d_stream.h:113]   --->   Operation 22 'extractvalue' 'tmp_data_3_V' <Predicate = (!icmp_ln106)> <Delay = 0.00>

State 4 <SV = 3> <Delay = 2.08>
ST_4 : Operation 23 [1/1] (0.00ns)   --->   "%sext_ln1118 = sext i8 %tmp_data_0_V to i15" [firmware/nnet_utils/nnet_mult.h:73->firmware/nnet_utils/nnet_dense_latency.h:42->firmware/nnet_utils/nnet_sepconv_stream.h:158->firmware/nnet_utils/nnet_sepconv2d_stream.h:113]   --->   Operation 23 'sext' 'sext_ln1118' <Predicate = (!icmp_ln106)> <Delay = 0.00>
ST_4 : Operation 24 [1/1] (1.55ns)   --->   "%mul_ln1118 = mul i15 35, %sext_ln1118" [firmware/nnet_utils/nnet_mult.h:73->firmware/nnet_utils/nnet_dense_latency.h:42->firmware/nnet_utils/nnet_sepconv_stream.h:158->firmware/nnet_utils/nnet_sepconv2d_stream.h:113]   --->   Operation 24 'mul' 'mul_ln1118' <Predicate = (!icmp_ln106)> <Delay = 1.55> <Core = "Mul">   --->   Core 16 'Mul' <Latency = 0> <II = 1> <Delay = 1.55> <FuncUnit> <Opcode : 'mul'> <InPorts = 2> <OutPorts = 1>
ST_4 : Operation 25 [1/1] (0.00ns)   --->   "%trunc_ln = call i13 @_ssdm_op_PartSelect.i13.i15.i32.i32(i15 %mul_ln1118, i32 2, i32 14)" [firmware/nnet_utils/nnet_dense_latency.h:42->firmware/nnet_utils/nnet_sepconv_stream.h:158->firmware/nnet_utils/nnet_sepconv2d_stream.h:113]   --->   Operation 25 'partselect' 'trunc_ln' <Predicate = (!icmp_ln106)> <Delay = 0.00>
ST_4 : Operation 26 [1/1] (0.00ns)   --->   "%tmp = call i1 @_ssdm_op_BitSelect.i1.i15.i32(i15 %mul_ln1118, i32 1)" [firmware/nnet_utils/nnet_dense_latency.h:42->firmware/nnet_utils/nnet_sepconv_stream.h:158->firmware/nnet_utils/nnet_sepconv2d_stream.h:113]   --->   Operation 26 'bitselect' 'tmp' <Predicate = (!icmp_ln106)> <Delay = 0.00>
ST_4 : Operation 27 [1/1] (0.00ns)   --->   "%zext_ln1118 = zext i1 %tmp to i12" [firmware/nnet_utils/nnet_mult.h:73->firmware/nnet_utils/nnet_dense_latency.h:42->firmware/nnet_utils/nnet_sepconv_stream.h:158->firmware/nnet_utils/nnet_sepconv2d_stream.h:113]   --->   Operation 27 'zext' 'zext_ln1118' <Predicate = (!icmp_ln106)> <Delay = 0.00>
ST_4 : Operation 28 [1/1] (0.00ns)   --->   "%shl_ln = call i12 @_ssdm_op_BitConcatenate.i12.i8.i4(i8 %tmp_data_1_V, i4 0)" [firmware/nnet_utils/nnet_mult.h:73->firmware/nnet_utils/nnet_dense_latency.h:42->firmware/nnet_utils/nnet_sepconv_stream.h:158->firmware/nnet_utils/nnet_sepconv2d_stream.h:113]   --->   Operation 28 'bitconcatenate' 'shl_ln' <Predicate = (!icmp_ln106)> <Delay = 0.00>
ST_4 : Operation 29 [1/1] (0.00ns)   --->   "%sext_ln1118_38 = sext i12 %shl_ln to i13" [firmware/nnet_utils/nnet_mult.h:73->firmware/nnet_utils/nnet_dense_latency.h:42->firmware/nnet_utils/nnet_sepconv_stream.h:158->firmware/nnet_utils/nnet_sepconv2d_stream.h:113]   --->   Operation 29 'sext' 'sext_ln1118_38' <Predicate = (!icmp_ln106)> <Delay = 0.00>
ST_4 : Operation 30 [1/1] (0.00ns)   --->   "%shl_ln1118_s = call i10 @_ssdm_op_BitConcatenate.i10.i8.i2(i8 %tmp_data_1_V, i2 0)" [firmware/nnet_utils/nnet_mult.h:73->firmware/nnet_utils/nnet_dense_latency.h:42->firmware/nnet_utils/nnet_sepconv_stream.h:158->firmware/nnet_utils/nnet_sepconv2d_stream.h:113]   --->   Operation 30 'bitconcatenate' 'shl_ln1118_s' <Predicate = (!icmp_ln106)> <Delay = 0.00>
ST_4 : Operation 31 [1/1] (0.00ns)   --->   "%sext_ln1118_39 = sext i10 %shl_ln1118_s to i13" [firmware/nnet_utils/nnet_mult.h:73->firmware/nnet_utils/nnet_dense_latency.h:42->firmware/nnet_utils/nnet_sepconv_stream.h:158->firmware/nnet_utils/nnet_sepconv2d_stream.h:113]   --->   Operation 31 'sext' 'sext_ln1118_39' <Predicate = (!icmp_ln106)> <Delay = 0.00>
ST_4 : Operation 32 [1/1] (0.52ns)   --->   "%sub_ln1118 = sub i13 %sext_ln1118_38, %sext_ln1118_39" [firmware/nnet_utils/nnet_mult.h:73->firmware/nnet_utils/nnet_dense_latency.h:42->firmware/nnet_utils/nnet_sepconv_stream.h:158->firmware/nnet_utils/nnet_sepconv2d_stream.h:113]   --->   Operation 32 'sub' 'sub_ln1118' <Predicate = (!icmp_ln106)> <Delay = 0.52> <Core = "AddSub">   --->   Core 14 'AddSub' <Latency = 0> <II = 1> <Delay = 0.48> <FuncUnit> <Opcode : 'add' 'sub'> <InPorts = 2> <OutPorts = 1>
ST_4 : Operation 33 [1/1] (0.00ns)   --->   "%trunc_ln708_s = call i11 @_ssdm_op_PartSelect.i11.i13.i32.i32(i13 %sub_ln1118, i32 2, i32 12)" [firmware/nnet_utils/nnet_dense_latency.h:42->firmware/nnet_utils/nnet_sepconv_stream.h:158->firmware/nnet_utils/nnet_sepconv2d_stream.h:113]   --->   Operation 33 'partselect' 'trunc_ln708_s' <Predicate = (!icmp_ln106)> <Delay = 0.00>
ST_4 : Operation 34 [1/1] (0.00ns)   --->   "%sext_ln1118_40 = sext i11 %trunc_ln708_s to i12" [firmware/nnet_utils/nnet_mult.h:73->firmware/nnet_utils/nnet_dense_latency.h:42->firmware/nnet_utils/nnet_sepconv_stream.h:158->firmware/nnet_utils/nnet_sepconv2d_stream.h:113]   --->   Operation 34 'sext' 'sext_ln1118_40' <Predicate = (!icmp_ln106)> <Delay = 0.00>
ST_4 : Operation 35 [1/1] (0.00ns)   --->   "%shl_ln1118_6 = call i13 @_ssdm_op_BitConcatenate.i13.i8.i5(i8 %tmp_data_2_V, i5 0)" [firmware/nnet_utils/nnet_mult.h:73->firmware/nnet_utils/nnet_dense_latency.h:42->firmware/nnet_utils/nnet_sepconv_stream.h:158->firmware/nnet_utils/nnet_sepconv2d_stream.h:113]   --->   Operation 35 'bitconcatenate' 'shl_ln1118_6' <Predicate = (!icmp_ln106)> <Delay = 0.00>
ST_4 : Operation 36 [1/1] (0.00ns)   --->   "%sext_ln1118_41 = sext i13 %shl_ln1118_6 to i14" [firmware/nnet_utils/nnet_mult.h:73->firmware/nnet_utils/nnet_dense_latency.h:42->firmware/nnet_utils/nnet_sepconv_stream.h:158->firmware/nnet_utils/nnet_sepconv2d_stream.h:113]   --->   Operation 36 'sext' 'sext_ln1118_41' <Predicate = (!icmp_ln106)> <Delay = 0.00>
ST_4 : Operation 37 [1/1] (0.00ns)   --->   "%shl_ln1118_7 = call i10 @_ssdm_op_BitConcatenate.i10.i8.i2(i8 %tmp_data_2_V, i2 0)" [firmware/nnet_utils/nnet_mult.h:73->firmware/nnet_utils/nnet_dense_latency.h:42->firmware/nnet_utils/nnet_sepconv_stream.h:158->firmware/nnet_utils/nnet_sepconv2d_stream.h:113]   --->   Operation 37 'bitconcatenate' 'shl_ln1118_7' <Predicate = (!icmp_ln106)> <Delay = 0.00>
ST_4 : Operation 38 [1/1] (0.00ns)   --->   "%sext_ln1118_42 = sext i10 %shl_ln1118_7 to i14" [firmware/nnet_utils/nnet_mult.h:73->firmware/nnet_utils/nnet_dense_latency.h:42->firmware/nnet_utils/nnet_sepconv_stream.h:158->firmware/nnet_utils/nnet_sepconv2d_stream.h:113]   --->   Operation 38 'sext' 'sext_ln1118_42' <Predicate = (!icmp_ln106)> <Delay = 0.00>
ST_4 : Operation 39 [1/1] (0.54ns)   --->   "%add_ln1118 = add i14 %sext_ln1118_41, %sext_ln1118_42" [firmware/nnet_utils/nnet_mult.h:73->firmware/nnet_utils/nnet_dense_latency.h:42->firmware/nnet_utils/nnet_sepconv_stream.h:158->firmware/nnet_utils/nnet_sepconv2d_stream.h:113]   --->   Operation 39 'add' 'add_ln1118' <Predicate = (!icmp_ln106)> <Delay = 0.54> <Core = "AddSub">   --->   Core 14 'AddSub' <Latency = 0> <II = 1> <Delay = 0.48> <FuncUnit> <Opcode : 'add' 'sub'> <InPorts = 2> <OutPorts = 1>
ST_4 : Operation 40 [1/1] (0.00ns)   --->   "%trunc_ln708_32 = call i12 @_ssdm_op_PartSelect.i12.i14.i32.i32(i14 %add_ln1118, i32 2, i32 13)" [firmware/nnet_utils/nnet_dense_latency.h:42->firmware/nnet_utils/nnet_sepconv_stream.h:158->firmware/nnet_utils/nnet_sepconv2d_stream.h:113]   --->   Operation 40 'partselect' 'trunc_ln708_32' <Predicate = (!icmp_ln106)> <Delay = 0.00>
ST_4 : Operation 41 [1/1] (0.53ns)   --->   "%add_ln1192_33 = add i12 %sext_ln1118_40, %zext_ln1118" [firmware/nnet_utils/nnet_dense_latency.h:58->firmware/nnet_utils/nnet_sepconv_stream.h:158->firmware/nnet_utils/nnet_sepconv2d_stream.h:113]   --->   Operation 41 'add' 'add_ln1192_33' <Predicate = (!icmp_ln106)> <Delay = 0.53> <Core = "AddSub">   --->   Core 14 'AddSub' <Latency = 0> <II = 1> <Delay = 0.48> <FuncUnit> <Opcode : 'add' 'sub'> <InPorts = 2> <OutPorts = 1>

State 5 <SV = 4> <Delay = 2.15>
ST_5 : Operation 42 [1/1] (0.00ns)   --->   "%sext_ln415 = sext i13 %trunc_ln to i14" [firmware/nnet_utils/nnet_dense_latency.h:42->firmware/nnet_utils/nnet_sepconv_stream.h:158->firmware/nnet_utils/nnet_sepconv2d_stream.h:113]   --->   Operation 42 'sext' 'sext_ln415' <Predicate = (!icmp_ln106)> <Delay = 0.00>
ST_5 : Operation 43 [1/1] (0.00ns)   --->   "%sext_ln1118_43 = sext i12 %trunc_ln708_32 to i14" [firmware/nnet_utils/nnet_mult.h:73->firmware/nnet_utils/nnet_dense_latency.h:42->firmware/nnet_utils/nnet_sepconv_stream.h:158->firmware/nnet_utils/nnet_sepconv2d_stream.h:113]   --->   Operation 43 'sext' 'sext_ln1118_43' <Predicate = (!icmp_ln106)> <Delay = 0.00>
ST_5 : Operation 44 [1/1] (0.00ns)   --->   "%shl_ln1118_8 = call i14 @_ssdm_op_BitConcatenate.i14.i8.i6(i8 %tmp_data_3_V, i6 0)" [firmware/nnet_utils/nnet_mult.h:73->firmware/nnet_utils/nnet_dense_latency.h:42->firmware/nnet_utils/nnet_sepconv_stream.h:158->firmware/nnet_utils/nnet_sepconv2d_stream.h:113]   --->   Operation 44 'bitconcatenate' 'shl_ln1118_8' <Predicate = (!icmp_ln106)> <Delay = 0.00>
ST_5 : Operation 45 [1/1] (0.00ns)   --->   "%sext_ln1118_44 = sext i14 %shl_ln1118_8 to i15" [firmware/nnet_utils/nnet_mult.h:73->firmware/nnet_utils/nnet_dense_latency.h:42->firmware/nnet_utils/nnet_sepconv_stream.h:158->firmware/nnet_utils/nnet_sepconv2d_stream.h:113]   --->   Operation 45 'sext' 'sext_ln1118_44' <Predicate = (!icmp_ln106)> <Delay = 0.00>
ST_5 : Operation 46 [1/1] (0.00ns)   --->   "%shl_ln1118_9 = call i10 @_ssdm_op_BitConcatenate.i10.i8.i2(i8 %tmp_data_3_V, i2 0)" [firmware/nnet_utils/nnet_mult.h:73->firmware/nnet_utils/nnet_dense_latency.h:42->firmware/nnet_utils/nnet_sepconv_stream.h:158->firmware/nnet_utils/nnet_sepconv2d_stream.h:113]   --->   Operation 46 'bitconcatenate' 'shl_ln1118_9' <Predicate = (!icmp_ln106)> <Delay = 0.00>
ST_5 : Operation 47 [1/1] (0.00ns)   --->   "%sext_ln1118_45 = sext i10 %shl_ln1118_9 to i15" [firmware/nnet_utils/nnet_mult.h:73->firmware/nnet_utils/nnet_dense_latency.h:42->firmware/nnet_utils/nnet_sepconv_stream.h:158->firmware/nnet_utils/nnet_sepconv2d_stream.h:113]   --->   Operation 47 'sext' 'sext_ln1118_45' <Predicate = (!icmp_ln106)> <Delay = 0.00>
ST_5 : Operation 48 [1/1] (0.55ns)   --->   "%sub_ln1118_13 = sub i15 %sext_ln1118_45, %sext_ln1118_44" [firmware/nnet_utils/nnet_mult.h:73->firmware/nnet_utils/nnet_dense_latency.h:42->firmware/nnet_utils/nnet_sepconv_stream.h:158->firmware/nnet_utils/nnet_sepconv2d_stream.h:113]   --->   Operation 48 'sub' 'sub_ln1118_13' <Predicate = (!icmp_ln106)> <Delay = 0.55> <Core = "AddSub">   --->   Core 14 'AddSub' <Latency = 0> <II = 1> <Delay = 0.48> <FuncUnit> <Opcode : 'add' 'sub'> <InPorts = 2> <OutPorts = 1>
ST_5 : Operation 49 [1/1] (0.00ns)   --->   "%tmp_90 = call i13 @_ssdm_op_PartSelect.i13.i15.i32.i32(i15 %sub_ln1118_13, i32 2, i32 14)" [firmware/nnet_utils/nnet_dense_latency.h:48->firmware/nnet_utils/nnet_sepconv_stream.h:158->firmware/nnet_utils/nnet_sepconv2d_stream.h:113]   --->   Operation 49 'partselect' 'tmp_90' <Predicate = (!icmp_ln106)> <Delay = 0.00>
ST_5 : Operation 50 [1/1] (0.00ns)   --->   "%sext_ln48 = sext i13 %tmp_90 to i15" [firmware/nnet_utils/nnet_dense_latency.h:48->firmware/nnet_utils/nnet_sepconv_stream.h:158->firmware/nnet_utils/nnet_sepconv2d_stream.h:113]   --->   Operation 50 'sext' 'sext_ln48' <Predicate = (!icmp_ln106)> <Delay = 0.00>
ST_5 : Operation 51 [1/1] (0.00ns)   --->   "%sext_ln1192 = sext i12 %add_ln1192_33 to i14" [firmware/nnet_utils/nnet_dense_latency.h:58->firmware/nnet_utils/nnet_sepconv_stream.h:158->firmware/nnet_utils/nnet_sepconv2d_stream.h:113]   --->   Operation 51 'sext' 'sext_ln1192' <Predicate = (!icmp_ln106)> <Delay = 0.00>
ST_5 : Operation 52 [1/1] (0.00ns) (grouped into TernaryAdder)   --->   "%acc_0_V = add i14 %sext_ln1192, %sext_ln415" [firmware/nnet_utils/nnet_dense_latency.h:58->firmware/nnet_utils/nnet_sepconv_stream.h:158->firmware/nnet_utils/nnet_sepconv2d_stream.h:113]   --->   Operation 52 'add' 'acc_0_V' <Predicate = (!icmp_ln106)> <Delay = 0.00> <Core = "TAddSub">   --->   Core 83 'TAddSub' <Latency = 0> <II = 1> <Delay = 0.35> <IPBlock> <Opcode : 'add' 'sub'> <InPorts = 3> <OutPorts = 1> <Sync> <CReg>
ST_5 : Operation 53 [1/1] (0.71ns) (root node of TernaryAdder)   --->   "%acc_0_V_5 = add i14 %acc_0_V, %sext_ln1118_43" [firmware/nnet_utils/nnet_dense_latency.h:58->firmware/nnet_utils/nnet_sepconv_stream.h:158->firmware/nnet_utils/nnet_sepconv2d_stream.h:113]   --->   Operation 53 'add' 'acc_0_V_5' <Predicate = (!icmp_ln106)> <Delay = 0.71> <Core = "TAddSub">   --->   Core 83 'TAddSub' <Latency = 0> <II = 1> <Delay = 0.35> <IPBlock> <Opcode : 'add' 'sub'> <InPorts = 3> <OutPorts = 1> <Sync> <CReg>
ST_5 : Operation 54 [1/1] (0.00ns)   --->   "%sext_ln703 = sext i14 %acc_0_V_5 to i15" [firmware/nnet_utils/nnet_dense_latency.h:58->firmware/nnet_utils/nnet_sepconv_stream.h:158->firmware/nnet_utils/nnet_sepconv2d_stream.h:113]   --->   Operation 54 'sext' 'sext_ln703' <Predicate = (!icmp_ln106)> <Delay = 0.00>
ST_5 : Operation 55 [1/1] (0.55ns)   --->   "%acc_0_V_6 = add i15 %sext_ln703, %sext_ln48" [firmware/nnet_utils/nnet_dense_latency.h:58->firmware/nnet_utils/nnet_sepconv_stream.h:158->firmware/nnet_utils/nnet_sepconv2d_stream.h:113]   --->   Operation 55 'add' 'acc_0_V_6' <Predicate = (!icmp_ln106)> <Delay = 0.55> <Core = "AddSub">   --->   Core 14 'AddSub' <Latency = 0> <II = 1> <Delay = 0.48> <FuncUnit> <Opcode : 'add' 'sub'> <InPorts = 2> <OutPorts = 1>
ST_5 : Operation 56 [1/1] (0.00ns)   --->   "%p_Result_s = call i1 @_ssdm_op_BitSelect.i1.i15.i32(i15 %acc_0_V_6, i32 14)" [firmware/nnet_utils/nnet_mult.h:111->firmware/nnet_utils/nnet_dense_latency.h:66->firmware/nnet_utils/nnet_sepconv_stream.h:158->firmware/nnet_utils/nnet_sepconv2d_stream.h:113]   --->   Operation 56 'bitselect' 'p_Result_s' <Predicate = (!icmp_ln106)> <Delay = 0.00>
ST_5 : Operation 57 [1/1] (0.00ns)   --->   "%p_Val2_s = call i8 @_ssdm_op_PartSelect.i8.i15.i32.i32(i15 %acc_0_V_6, i32 4, i32 11)" [firmware/nnet_utils/nnet_mult.h:111->firmware/nnet_utils/nnet_dense_latency.h:66->firmware/nnet_utils/nnet_sepconv_stream.h:158->firmware/nnet_utils/nnet_sepconv2d_stream.h:113]   --->   Operation 57 'partselect' 'p_Val2_s' <Predicate = (!icmp_ln106)> <Delay = 0.00>
ST_5 : Operation 58 [1/1] (0.00ns) (grouped into LUT with out node carry_1)   --->   "%p_Result_1 = call i1 @_ssdm_op_BitSelect.i1.i15.i32(i15 %acc_0_V_6, i32 11)" [firmware/nnet_utils/nnet_mult.h:111->firmware/nnet_utils/nnet_dense_latency.h:66->firmware/nnet_utils/nnet_sepconv_stream.h:158->firmware/nnet_utils/nnet_sepconv2d_stream.h:113]   --->   Operation 58 'bitselect' 'p_Result_1' <Predicate = (!icmp_ln106)> <Delay = 0.00>
ST_5 : Operation 59 [1/1] (0.00ns)   --->   "%tmp_93 = call i1 @_ssdm_op_BitSelect.i1.i15.i32(i15 %acc_0_V_6, i32 3)" [firmware/nnet_utils/nnet_mult.h:111->firmware/nnet_utils/nnet_dense_latency.h:66->firmware/nnet_utils/nnet_sepconv_stream.h:158->firmware/nnet_utils/nnet_sepconv2d_stream.h:113]   --->   Operation 59 'bitselect' 'tmp_93' <Predicate = (!icmp_ln106)> <Delay = 0.00>
ST_5 : Operation 60 [1/1] (0.00ns)   --->   "%zext_ln415 = zext i1 %tmp_93 to i8" [firmware/nnet_utils/nnet_mult.h:111->firmware/nnet_utils/nnet_dense_latency.h:66->firmware/nnet_utils/nnet_sepconv_stream.h:158->firmware/nnet_utils/nnet_sepconv2d_stream.h:113]   --->   Operation 60 'zext' 'zext_ln415' <Predicate = (!icmp_ln106)> <Delay = 0.00>
ST_5 : Operation 61 [1/1] (0.48ns)   --->   "%p_Val2_1 = add i8 %p_Val2_s, %zext_ln415" [firmware/nnet_utils/nnet_mult.h:111->firmware/nnet_utils/nnet_dense_latency.h:66->firmware/nnet_utils/nnet_sepconv_stream.h:158->firmware/nnet_utils/nnet_sepconv2d_stream.h:113]   --->   Operation 61 'add' 'p_Val2_1' <Predicate = (!icmp_ln106)> <Delay = 0.48> <Core = "AddSub">   --->   Core 14 'AddSub' <Latency = 0> <II = 1> <Delay = 0.48> <FuncUnit> <Opcode : 'add' 'sub'> <InPorts = 2> <OutPorts = 1>
ST_5 : Operation 62 [1/1] (0.00ns) (grouped into LUT with out node carry_1)   --->   "%tmp_94 = call i1 @_ssdm_op_BitSelect.i1.i8.i32(i8 %p_Val2_1, i32 7)" [firmware/nnet_utils/nnet_mult.h:111->firmware/nnet_utils/nnet_dense_latency.h:66->firmware/nnet_utils/nnet_sepconv_stream.h:158->firmware/nnet_utils/nnet_sepconv2d_stream.h:113]   --->   Operation 62 'bitselect' 'tmp_94' <Predicate = (!icmp_ln106)> <Delay = 0.00>
ST_5 : Operation 63 [1/1] (0.00ns) (grouped into LUT with out node carry_1)   --->   "%xor_ln416 = xor i1 %tmp_94, true" [firmware/nnet_utils/nnet_mult.h:111->firmware/nnet_utils/nnet_dense_latency.h:66->firmware/nnet_utils/nnet_sepconv_stream.h:158->firmware/nnet_utils/nnet_sepconv2d_stream.h:113]   --->   Operation 63 'xor' 'xor_ln416' <Predicate = (!icmp_ln106)> <Delay = 0.00> <Core = "LogicGate">   --->   Core 27 'LogicGate' <Latency = 0> <II = 1> <Delay = 0.12> <FuncUnit> <Opcode : 'and' 'or' 'xor'> <InPorts = 2> <OutPorts = 1>
ST_5 : Operation 64 [1/1] (0.12ns) (out node of the LUT)   --->   "%carry_1 = and i1 %p_Result_1, %xor_ln416" [firmware/nnet_utils/nnet_mult.h:111->firmware/nnet_utils/nnet_dense_latency.h:66->firmware/nnet_utils/nnet_sepconv_stream.h:158->firmware/nnet_utils/nnet_sepconv2d_stream.h:113]   --->   Operation 64 'and' 'carry_1' <Predicate = (!icmp_ln106)> <Delay = 0.12> <Core = "LogicGate">   --->   Core 27 'LogicGate' <Latency = 0> <II = 1> <Delay = 0.12> <FuncUnit> <Opcode : 'and' 'or' 'xor'> <InPorts = 2> <OutPorts = 1>
ST_5 : Operation 65 [1/1] (0.00ns)   --->   "%p_Result_2 = call i1 @_ssdm_op_BitSelect.i1.i8.i32(i8 %p_Val2_1, i32 7)" [firmware/nnet_utils/nnet_mult.h:111->firmware/nnet_utils/nnet_dense_latency.h:66->firmware/nnet_utils/nnet_sepconv_stream.h:158->firmware/nnet_utils/nnet_sepconv2d_stream.h:113]   --->   Operation 65 'bitselect' 'p_Result_2' <Predicate = (!icmp_ln106)> <Delay = 0.00>
ST_5 : Operation 66 [1/1] (0.00ns)   --->   "%tmp_96 = call i2 @_ssdm_op_PartSelect.i2.i15.i32.i32(i15 %acc_0_V_6, i32 13, i32 14)" [firmware/nnet_utils/nnet_mult.h:111->firmware/nnet_utils/nnet_dense_latency.h:66->firmware/nnet_utils/nnet_sepconv_stream.h:158->firmware/nnet_utils/nnet_sepconv2d_stream.h:113]   --->   Operation 66 'partselect' 'tmp_96' <Predicate = (!icmp_ln106)> <Delay = 0.00>
ST_5 : Operation 67 [1/1] (0.34ns)   --->   "%Range2_all_ones = icmp eq i2 %tmp_96, -1" [firmware/nnet_utils/nnet_mult.h:111->firmware/nnet_utils/nnet_dense_latency.h:66->firmware/nnet_utils/nnet_sepconv_stream.h:158->firmware/nnet_utils/nnet_sepconv2d_stream.h:113]   --->   Operation 67 'icmp' 'Range2_all_ones' <Predicate = (!icmp_ln106)> <Delay = 0.34> <Core = "Cmp">   --->   Core 25 'Cmp' <Latency = 0> <II = 1> <Delay = 0.49> <FuncUnit> <Opcode : 'icmp'> <InPorts = 2> <OutPorts = 1>
ST_5 : Operation 68 [1/1] (0.00ns)   --->   "%tmp_97 = call i3 @_ssdm_op_PartSelect.i3.i15.i32.i32(i15 %acc_0_V_6, i32 12, i32 14)" [firmware/nnet_utils/nnet_mult.h:111->firmware/nnet_utils/nnet_dense_latency.h:66->firmware/nnet_utils/nnet_sepconv_stream.h:158->firmware/nnet_utils/nnet_sepconv2d_stream.h:113]   --->   Operation 68 'partselect' 'tmp_97' <Predicate = (!icmp_ln106)> <Delay = 0.00>
ST_5 : Operation 69 [1/1] (0.49ns)   --->   "%Range1_all_ones = icmp eq i3 %tmp_97, -1" [firmware/nnet_utils/nnet_mult.h:111->firmware/nnet_utils/nnet_dense_latency.h:66->firmware/nnet_utils/nnet_sepconv_stream.h:158->firmware/nnet_utils/nnet_sepconv2d_stream.h:113]   --->   Operation 69 'icmp' 'Range1_all_ones' <Predicate = (!icmp_ln106)> <Delay = 0.49> <Core = "Cmp">   --->   Core 25 'Cmp' <Latency = 0> <II = 1> <Delay = 0.49> <FuncUnit> <Opcode : 'icmp'> <InPorts = 2> <OutPorts = 1>
ST_5 : Operation 70 [1/1] (0.49ns)   --->   "%Range1_all_zeros = icmp eq i3 %tmp_97, 0" [firmware/nnet_utils/nnet_mult.h:111->firmware/nnet_utils/nnet_dense_latency.h:66->firmware/nnet_utils/nnet_sepconv_stream.h:158->firmware/nnet_utils/nnet_sepconv2d_stream.h:113]   --->   Operation 70 'icmp' 'Range1_all_zeros' <Predicate = (!icmp_ln106)> <Delay = 0.49> <Core = "Cmp">   --->   Core 25 'Cmp' <Latency = 0> <II = 1> <Delay = 0.49> <FuncUnit> <Opcode : 'icmp'> <InPorts = 2> <OutPorts = 1>
ST_5 : Operation 71 [1/1] (0.00ns) (grouped into LUT with out node and_ln786)   --->   "%tmp_98 = call i1 @_ssdm_op_BitSelect.i1.i15.i32(i15 %acc_0_V_6, i32 12)" [firmware/nnet_utils/nnet_mult.h:111->firmware/nnet_utils/nnet_dense_latency.h:66->firmware/nnet_utils/nnet_sepconv_stream.h:158->firmware/nnet_utils/nnet_sepconv2d_stream.h:113]   --->   Operation 71 'bitselect' 'tmp_98' <Predicate = (!icmp_ln106)> <Delay = 0.00>
ST_5 : Operation 72 [1/1] (0.00ns) (grouped into LUT with out node and_ln786)   --->   "%xor_ln779 = xor i1 %tmp_98, true" [firmware/nnet_utils/nnet_mult.h:111->firmware/nnet_utils/nnet_dense_latency.h:66->firmware/nnet_utils/nnet_sepconv_stream.h:158->firmware/nnet_utils/nnet_sepconv2d_stream.h:113]   --->   Operation 72 'xor' 'xor_ln779' <Predicate = (!icmp_ln106)> <Delay = 0.00> <Core = "LogicGate">   --->   Core 27 'LogicGate' <Latency = 0> <II = 1> <Delay = 0.12> <FuncUnit> <Opcode : 'and' 'or' 'xor'> <InPorts = 2> <OutPorts = 1>
ST_5 : Operation 73 [1/1] (0.00ns) (grouped into LUT with out node and_ln786)   --->   "%and_ln779 = and i1 %Range2_all_ones, %xor_ln779" [firmware/nnet_utils/nnet_mult.h:111->firmware/nnet_utils/nnet_dense_latency.h:66->firmware/nnet_utils/nnet_sepconv_stream.h:158->firmware/nnet_utils/nnet_sepconv2d_stream.h:113]   --->   Operation 73 'and' 'and_ln779' <Predicate = (!icmp_ln106)> <Delay = 0.00> <Core = "LogicGate">   --->   Core 27 'LogicGate' <Latency = 0> <II = 1> <Delay = 0.12> <FuncUnit> <Opcode : 'and' 'or' 'xor'> <InPorts = 2> <OutPorts = 1>
ST_5 : Operation 74 [1/1] (0.00ns) (grouped into LUT with out node and_ln786)   --->   "%deleted_ones = select i1 %carry_1, i1 %and_ln779, i1 %Range1_all_ones" [firmware/nnet_utils/nnet_mult.h:111->firmware/nnet_utils/nnet_dense_latency.h:66->firmware/nnet_utils/nnet_sepconv_stream.h:158->firmware/nnet_utils/nnet_sepconv2d_stream.h:113]   --->   Operation 74 'select' 'deleted_ones' <Predicate = (!icmp_ln106)> <Delay = 0.00> <Core = "Sel">   --->   Core 26 'Sel' <Latency = 0> <II = 1> <Delay = 0.30> <FuncUnit> <Opcode : 'select'> <InPorts = 3> <OutPorts = 1>
ST_5 : Operation 75 [1/1] (0.27ns) (out node of the LUT)   --->   "%and_ln786 = and i1 %p_Result_2, %deleted_ones" [firmware/nnet_utils/nnet_mult.h:111->firmware/nnet_utils/nnet_dense_latency.h:66->firmware/nnet_utils/nnet_sepconv_stream.h:158->firmware/nnet_utils/nnet_sepconv2d_stream.h:113]   --->   Operation 75 'and' 'and_ln786' <Predicate = (!icmp_ln106)> <Delay = 0.27> <Core = "LogicGate">   --->   Core 27 'LogicGate' <Latency = 0> <II = 1> <Delay = 0.12> <FuncUnit> <Opcode : 'and' 'or' 'xor'> <InPorts = 2> <OutPorts = 1>

State 6 <SV = 5> <Delay = 2.34>
ST_6 : Operation 76 [1/1] (0.00ns)   --->   "call void (...)* @_ssdm_op_SpecLoopName([31 x i8]* @ReadInputHeight_ReadInputWidth_str)"   --->   Operation 76 'specloopname' <Predicate = (!icmp_ln106)> <Delay = 0.00>
ST_6 : Operation 77 [1/1] (0.00ns)   --->   "%empty = call i32 (...)* @_ssdm_op_SpecLoopTripCount(i64 4096, i64 4096, i64 4096)"   --->   Operation 77 'speclooptripcount' 'empty' <Predicate = (!icmp_ln106)> <Delay = 0.00>
ST_6 : Operation 78 [1/1] (0.00ns)   --->   "call void (...)* @_ssdm_op_SpecLoopName([15 x i8]* @p_str77) nounwind" [firmware/nnet_utils/nnet_sepconv2d_stream.h:108]   --->   Operation 78 'specloopname' <Predicate = (!icmp_ln106)> <Delay = 0.00>
ST_6 : Operation 79 [1/1] (0.00ns)   --->   "%tmp_s = call i32 (...)* @_ssdm_op_SpecRegionBegin([15 x i8]* @p_str77)" [firmware/nnet_utils/nnet_sepconv2d_stream.h:108]   --->   Operation 79 'specregionbegin' 'tmp_s' <Predicate = (!icmp_ln106)> <Delay = 0.00>
ST_6 : Operation 80 [1/1] (0.00ns)   --->   "%tmp_3 = call i32 (...)* @_ssdm_op_SpecRegionBegin([13 x i8]* @p_str78)" [firmware/nnet_utils/nnet_sepconv2d_stream.h:109]   --->   Operation 80 'specregionbegin' 'tmp_3' <Predicate = (!icmp_ln106)> <Delay = 0.00>
ST_6 : Operation 81 [1/1] (0.00ns)   --->   "call void (...)* @_ssdm_op_SpecPipeline(i32 1, i32 1, i32 1, i32 0, [1 x i8]* @p_str38) nounwind" [firmware/nnet_utils/nnet_sepconv2d_stream.h:110]   --->   Operation 81 'specpipeline' <Predicate = (!icmp_ln106)> <Delay = 0.00>
ST_6 : Operation 82 [1/1] (0.00ns)   --->   "%empty_133 = call i32 (...)* @_ssdm_op_SpecRegionEnd([13 x i8]* @p_str78, i32 %tmp_3)" [firmware/nnet_utils/nnet_sepconv2d_stream.h:111]   --->   Operation 82 'specregionend' 'empty_133' <Predicate = (!icmp_ln106)> <Delay = 0.00>
ST_6 : Operation 83 [1/1] (0.00ns)   --->   "call void (...)* @_ssdm_op_SpecResourceLimit(i32 4, [4 x i8]* @p_str81, [1 x i8]* @p_str38, [1 x i8]* @p_str38, [1 x i8]* @p_str38) nounwind" [firmware/nnet_utils/nnet_dense_latency.h:33->firmware/nnet_utils/nnet_sepconv_stream.h:158->firmware/nnet_utils/nnet_sepconv2d_stream.h:113]   --->   Operation 83 'specresourcelimit' <Predicate = (!icmp_ln106)> <Delay = 0.00>
ST_6 : Operation 84 [1/1] (0.00ns)   --->   "call void (...)* @_ssdm_op_SpecLoopName([11 x i8]* @p_str84) nounwind" [firmware/nnet_utils/nnet_dense_latency.h:48->firmware/nnet_utils/nnet_sepconv_stream.h:158->firmware/nnet_utils/nnet_sepconv2d_stream.h:113]   --->   Operation 84 'specloopname' <Predicate = (!icmp_ln106)> <Delay = 0.00>
ST_6 : Operation 85 [1/1] (0.00ns)   --->   "call void (...)* @_ssdm_op_SpecLoopName([7 x i8]* @p_str87) nounwind" [firmware/nnet_utils/nnet_dense_latency.h:64->firmware/nnet_utils/nnet_sepconv_stream.h:158->firmware/nnet_utils/nnet_sepconv2d_stream.h:113]   --->   Operation 85 'specloopname' <Predicate = (!icmp_ln106)> <Delay = 0.00>
ST_6 : Operation 86 [1/1] (0.00ns) (grouped into LUT with out node or_ln340_3)   --->   "%deleted_zeros = select i1 %carry_1, i1 %Range1_all_ones, i1 %Range1_all_zeros" [firmware/nnet_utils/nnet_mult.h:111->firmware/nnet_utils/nnet_dense_latency.h:66->firmware/nnet_utils/nnet_sepconv_stream.h:158->firmware/nnet_utils/nnet_sepconv2d_stream.h:113]   --->   Operation 86 'select' 'deleted_zeros' <Predicate = (!icmp_ln106)> <Delay = 0.00> <Core = "Sel">   --->   Core 26 'Sel' <Latency = 0> <II = 1> <Delay = 0.30> <FuncUnit> <Opcode : 'select'> <InPorts = 3> <OutPorts = 1>
ST_6 : Operation 87 [1/1] (0.12ns)   --->   "%and_ln781 = and i1 %carry_1, %Range1_all_ones" [firmware/nnet_utils/nnet_mult.h:111->firmware/nnet_utils/nnet_dense_latency.h:66->firmware/nnet_utils/nnet_sepconv_stream.h:158->firmware/nnet_utils/nnet_sepconv2d_stream.h:113]   --->   Operation 87 'and' 'and_ln781' <Predicate = (!icmp_ln106)> <Delay = 0.12> <Core = "LogicGate">   --->   Core 27 'LogicGate' <Latency = 0> <II = 1> <Delay = 0.12> <FuncUnit> <Opcode : 'and' 'or' 'xor'> <InPorts = 2> <OutPorts = 1>
ST_6 : Operation 88 [1/1] (0.00ns) (grouped into LUT with out node or_ln340_3)   --->   "%xor_ln785_5 = xor i1 %deleted_zeros, true" [firmware/nnet_utils/nnet_mult.h:111->firmware/nnet_utils/nnet_dense_latency.h:66->firmware/nnet_utils/nnet_sepconv_stream.h:158->firmware/nnet_utils/nnet_sepconv2d_stream.h:113]   --->   Operation 88 'xor' 'xor_ln785_5' <Predicate = (!icmp_ln106)> <Delay = 0.00> <Core = "LogicGate">   --->   Core 27 'LogicGate' <Latency = 0> <II = 1> <Delay = 0.12> <FuncUnit> <Opcode : 'and' 'or' 'xor'> <InPorts = 2> <OutPorts = 1>
ST_6 : Operation 89 [1/1] (0.00ns) (grouped into LUT with out node or_ln340_3)   --->   "%or_ln785_3 = or i1 %p_Result_2, %xor_ln785_5" [firmware/nnet_utils/nnet_mult.h:111->firmware/nnet_utils/nnet_dense_latency.h:66->firmware/nnet_utils/nnet_sepconv_stream.h:158->firmware/nnet_utils/nnet_sepconv2d_stream.h:113]   --->   Operation 89 'or' 'or_ln785_3' <Predicate = (!icmp_ln106)> <Delay = 0.00> <Core = "LogicGate">   --->   Core 27 'LogicGate' <Latency = 0> <II = 1> <Delay = 0.12> <FuncUnit> <Opcode : 'and' 'or' 'xor'> <InPorts = 2> <OutPorts = 1>
ST_6 : Operation 90 [1/1] (0.12ns)   --->   "%xor_ln785_6 = xor i1 %p_Result_s, true" [firmware/nnet_utils/nnet_mult.h:111->firmware/nnet_utils/nnet_dense_latency.h:66->firmware/nnet_utils/nnet_sepconv_stream.h:158->firmware/nnet_utils/nnet_sepconv2d_stream.h:113]   --->   Operation 90 'xor' 'xor_ln785_6' <Predicate = (!icmp_ln106)> <Delay = 0.12> <Core = "LogicGate">   --->   Core 27 'LogicGate' <Latency = 0> <II = 1> <Delay = 0.12> <FuncUnit> <Opcode : 'and' 'or' 'xor'> <InPorts = 2> <OutPorts = 1>
ST_6 : Operation 91 [1/1] (0.00ns) (grouped into LUT with out node or_ln340_3)   --->   "%overflow = and i1 %or_ln785_3, %xor_ln785_6" [firmware/nnet_utils/nnet_mult.h:111->firmware/nnet_utils/nnet_dense_latency.h:66->firmware/nnet_utils/nnet_sepconv_stream.h:158->firmware/nnet_utils/nnet_sepconv2d_stream.h:113]   --->   Operation 91 'and' 'overflow' <Predicate = (!icmp_ln106)> <Delay = 0.00> <Core = "LogicGate">   --->   Core 27 'LogicGate' <Latency = 0> <II = 1> <Delay = 0.12> <FuncUnit> <Opcode : 'and' 'or' 'xor'> <InPorts = 2> <OutPorts = 1>
ST_6 : Operation 92 [1/1] (0.00ns) (grouped into LUT with out node underflow)   --->   "%or_ln786 = or i1 %and_ln781, %and_ln786" [firmware/nnet_utils/nnet_mult.h:111->firmware/nnet_utils/nnet_dense_latency.h:66->firmware/nnet_utils/nnet_sepconv_stream.h:158->firmware/nnet_utils/nnet_sepconv2d_stream.h:113]   --->   Operation 92 'or' 'or_ln786' <Predicate = (!icmp_ln106)> <Delay = 0.00> <Core = "LogicGate">   --->   Core 27 'LogicGate' <Latency = 0> <II = 1> <Delay = 0.12> <FuncUnit> <Opcode : 'and' 'or' 'xor'> <InPorts = 2> <OutPorts = 1>
ST_6 : Operation 93 [1/1] (0.00ns) (grouped into LUT with out node underflow)   --->   "%xor_ln786 = xor i1 %or_ln786, true" [firmware/nnet_utils/nnet_mult.h:111->firmware/nnet_utils/nnet_dense_latency.h:66->firmware/nnet_utils/nnet_sepconv_stream.h:158->firmware/nnet_utils/nnet_sepconv2d_stream.h:113]   --->   Operation 93 'xor' 'xor_ln786' <Predicate = (!icmp_ln106)> <Delay = 0.00> <Core = "LogicGate">   --->   Core 27 'LogicGate' <Latency = 0> <II = 1> <Delay = 0.12> <FuncUnit> <Opcode : 'and' 'or' 'xor'> <InPorts = 2> <OutPorts = 1>
ST_6 : Operation 94 [1/1] (0.12ns) (out node of the LUT)   --->   "%underflow = and i1 %p_Result_s, %xor_ln786" [firmware/nnet_utils/nnet_mult.h:111->firmware/nnet_utils/nnet_dense_latency.h:66->firmware/nnet_utils/nnet_sepconv_stream.h:158->firmware/nnet_utils/nnet_sepconv2d_stream.h:113]   --->   Operation 94 'and' 'underflow' <Predicate = (!icmp_ln106)> <Delay = 0.12> <Core = "LogicGate">   --->   Core 27 'LogicGate' <Latency = 0> <II = 1> <Delay = 0.12> <FuncUnit> <Opcode : 'and' 'or' 'xor'> <InPorts = 2> <OutPorts = 1>
ST_6 : Operation 95 [1/1] (0.27ns) (out node of the LUT)   --->   "%or_ln340_3 = or i1 %underflow, %overflow" [firmware/nnet_utils/nnet_mult.h:111->firmware/nnet_utils/nnet_dense_latency.h:66->firmware/nnet_utils/nnet_sepconv_stream.h:158->firmware/nnet_utils/nnet_sepconv2d_stream.h:113]   --->   Operation 95 'or' 'or_ln340_3' <Predicate = (!icmp_ln106)> <Delay = 0.27> <Core = "LogicGate">   --->   Core 27 'LogicGate' <Latency = 0> <II = 1> <Delay = 0.12> <FuncUnit> <Opcode : 'and' 'or' 'xor'> <InPorts = 2> <OutPorts = 1>
ST_6 : Operation 96 [1/1] (0.00ns) (grouped into LUT with out node res_pack_data_V)   --->   "%or_ln340 = or i1 %and_ln786, %xor_ln785_6" [firmware/nnet_utils/nnet_mult.h:111->firmware/nnet_utils/nnet_dense_latency.h:66->firmware/nnet_utils/nnet_sepconv_stream.h:158->firmware/nnet_utils/nnet_sepconv2d_stream.h:113]   --->   Operation 96 'or' 'or_ln340' <Predicate = (!icmp_ln106)> <Delay = 0.00> <Core = "LogicGate">   --->   Core 27 'LogicGate' <Latency = 0> <II = 1> <Delay = 0.12> <FuncUnit> <Opcode : 'and' 'or' 'xor'> <InPorts = 2> <OutPorts = 1>
ST_6 : Operation 97 [1/1] (0.00ns) (grouped into LUT with out node res_pack_data_V)   --->   "%or_ln340_23 = or i1 %or_ln340, %and_ln781" [firmware/nnet_utils/nnet_mult.h:111->firmware/nnet_utils/nnet_dense_latency.h:66->firmware/nnet_utils/nnet_sepconv_stream.h:158->firmware/nnet_utils/nnet_sepconv2d_stream.h:113]   --->   Operation 97 'or' 'or_ln340_23' <Predicate = (!icmp_ln106)> <Delay = 0.00> <Core = "LogicGate">   --->   Core 27 'LogicGate' <Latency = 0> <II = 1> <Delay = 0.12> <FuncUnit> <Opcode : 'and' 'or' 'xor'> <InPorts = 2> <OutPorts = 1>
ST_6 : Operation 98 [1/1] (0.30ns) (out node of the LUT)   --->   "%select_ln340 = select i1 %or_ln340_3, i8 127, i8 %p_Val2_1" [firmware/nnet_utils/nnet_mult.h:111->firmware/nnet_utils/nnet_dense_latency.h:66->firmware/nnet_utils/nnet_sepconv_stream.h:158->firmware/nnet_utils/nnet_sepconv2d_stream.h:113]   --->   Operation 98 'select' 'select_ln340' <Predicate = (!icmp_ln106)> <Delay = 0.30> <Core = "Sel">   --->   Core 26 'Sel' <Latency = 0> <II = 1> <Delay = 0.30> <FuncUnit> <Opcode : 'select'> <InPorts = 3> <OutPorts = 1>
ST_6 : Operation 99 [1/1] (0.00ns) (grouped into LUT with out node res_pack_data_V)   --->   "%select_ln388 = select i1 %underflow, i8 -128, i8 %p_Val2_1" [firmware/nnet_utils/nnet_mult.h:111->firmware/nnet_utils/nnet_dense_latency.h:66->firmware/nnet_utils/nnet_sepconv_stream.h:158->firmware/nnet_utils/nnet_sepconv2d_stream.h:113]   --->   Operation 99 'select' 'select_ln388' <Predicate = (!icmp_ln106)> <Delay = 0.00> <Core = "Sel">   --->   Core 26 'Sel' <Latency = 0> <II = 1> <Delay = 0.30> <FuncUnit> <Opcode : 'select'> <InPorts = 3> <OutPorts = 1>
ST_6 : Operation 100 [1/1] (0.30ns) (out node of the LUT)   --->   "%res_pack_data_V = select i1 %or_ln340_23, i8 %select_ln340, i8 %select_ln388" [firmware/nnet_utils/nnet_mult.h:111->firmware/nnet_utils/nnet_dense_latency.h:66->firmware/nnet_utils/nnet_sepconv_stream.h:158->firmware/nnet_utils/nnet_sepconv2d_stream.h:113]   --->   Operation 100 'select' 'res_pack_data_V' <Predicate = (!icmp_ln106)> <Delay = 0.30> <Core = "Sel">   --->   Core 26 'Sel' <Latency = 0> <II = 1> <Delay = 0.30> <FuncUnit> <Opcode : 'select'> <InPorts = 3> <OutPorts = 1>
ST_6 : Operation 101 [1/1] (1.21ns)   --->   "call void @_ssdm_op_Write.ap_fifo.volatile.i8P(i8* %res_V_data_V, i8 %res_pack_data_V)" [firmware/nnet_utils/nnet_sepconv_stream.h:171->firmware/nnet_utils/nnet_sepconv2d_stream.h:113]   --->   Operation 101 'write' <Predicate = (!icmp_ln106)> <Delay = 1.21> <Core = "FIFO_SRL">   --->   Core 36 'FIFO_SRL' <Latency = 0> <II = 1> <Delay = 1.45> <Storage> <Opcode : 'read' 'write' 'nbread' 'nbwrite'> <Ports = 0> <Width = 8> <Depth = 0> <FIFO>
ST_6 : Operation 102 [1/1] (0.00ns)   --->   "%empty_135 = call i32 (...)* @_ssdm_op_SpecRegionEnd([15 x i8]* @p_str77, i32 %tmp_s)" [firmware/nnet_utils/nnet_sepconv2d_stream.h:117]   --->   Operation 102 'specregionend' 'empty_135' <Predicate = (!icmp_ln106)> <Delay = 0.00>
ST_6 : Operation 103 [1/1] (0.00ns)   --->   "br label %1"   --->   Operation 103 'br' <Predicate = (!icmp_ln106)> <Delay = 0.00>

State 7 <SV = 2> <Delay = 0.00>
ST_7 : Operation 104 [1/1] (0.00ns)   --->   "ret void" [firmware/nnet_utils/nnet_sepconv2d_stream.h:119]   --->   Operation 104 'ret' <Predicate = true> <Delay = 0.00>


============================================================
+ Verbose Summary: Timing violations
============================================================
Target clock period: 2.78ns, clock uncertainty: 0.347ns.

 <State 1>: 0.603ns
The critical path consists of the following:
	multiplexor before 'phi' operation ('indvar_flatten', firmware/nnet_utils/nnet_sepconv2d_stream.h:106) with incoming values : ('add_ln106', firmware/nnet_utils/nnet_sepconv2d_stream.h:106) [13]  (0.603 ns)

 <State 2>: 0.64ns
The critical path consists of the following:
	'phi' operation ('indvar_flatten', firmware/nnet_utils/nnet_sepconv2d_stream.h:106) with incoming values : ('add_ln106', firmware/nnet_utils/nnet_sepconv2d_stream.h:106) [13]  (0 ns)
	'icmp' operation ('icmp_ln106', firmware/nnet_utils/nnet_sepconv2d_stream.h:106) [14]  (0.64 ns)

 <State 3>: 1.22ns
The critical path consists of the following:
	fifo read on port 'data_V_data_0_V' (firmware/nnet_utils/nnet_sepconv2d_stream.h:113) [25]  (1.22 ns)

 <State 4>: 2.08ns
The critical path consists of the following:
	'mul' operation ('mul_ln1118', firmware/nnet_utils/nnet_mult.h:73->firmware/nnet_utils/nnet_dense_latency.h:42->firmware/nnet_utils/nnet_sepconv_stream.h:158->firmware/nnet_utils/nnet_sepconv2d_stream.h:113) [32]  (1.55 ns)
	'add' operation ('add_ln1192_33', firmware/nnet_utils/nnet_dense_latency.h:58->firmware/nnet_utils/nnet_sepconv_stream.h:158->firmware/nnet_utils/nnet_sepconv2d_stream.h:113) [59]  (0.534 ns)

 <State 5>: 2.15ns
The critical path consists of the following:
	'add' operation ('acc[0].V', firmware/nnet_utils/nnet_dense_latency.h:58->firmware/nnet_utils/nnet_sepconv_stream.h:158->firmware/nnet_utils/nnet_sepconv2d_stream.h:113) [61]  (0 ns)
	'add' operation ('acc[0].V', firmware/nnet_utils/nnet_dense_latency.h:58->firmware/nnet_utils/nnet_sepconv_stream.h:158->firmware/nnet_utils/nnet_sepconv2d_stream.h:113) [62]  (0.716 ns)
	'add' operation ('acc[0].V', firmware/nnet_utils/nnet_dense_latency.h:58->firmware/nnet_utils/nnet_sepconv_stream.h:158->firmware/nnet_utils/nnet_sepconv2d_stream.h:113) [64]  (0.555 ns)
	'add' operation ('__Val2__', firmware/nnet_utils/nnet_mult.h:111->firmware/nnet_utils/nnet_dense_latency.h:66->firmware/nnet_utils/nnet_sepconv_stream.h:158->firmware/nnet_utils/nnet_sepconv2d_stream.h:113) [71]  (0.481 ns)
	'xor' operation ('xor_ln416', firmware/nnet_utils/nnet_mult.h:111->firmware/nnet_utils/nnet_dense_latency.h:66->firmware/nnet_utils/nnet_sepconv_stream.h:158->firmware/nnet_utils/nnet_sepconv2d_stream.h:113) [73]  (0 ns)
	'and' operation ('carry', firmware/nnet_utils/nnet_mult.h:111->firmware/nnet_utils/nnet_dense_latency.h:66->firmware/nnet_utils/nnet_sepconv_stream.h:158->firmware/nnet_utils/nnet_sepconv2d_stream.h:113) [74]  (0.122 ns)
	'select' operation ('deleted_ones', firmware/nnet_utils/nnet_mult.h:111->firmware/nnet_utils/nnet_dense_latency.h:66->firmware/nnet_utils/nnet_sepconv_stream.h:158->firmware/nnet_utils/nnet_sepconv2d_stream.h:113) [85]  (0 ns)
	'and' operation ('and_ln786', firmware/nnet_utils/nnet_mult.h:111->firmware/nnet_utils/nnet_dense_latency.h:66->firmware/nnet_utils/nnet_sepconv_stream.h:158->firmware/nnet_utils/nnet_sepconv2d_stream.h:113) [91]  (0.278 ns)

 <State 6>: 2.34ns
The critical path consists of the following:
	'and' operation ('and_ln781', firmware/nnet_utils/nnet_mult.h:111->firmware/nnet_utils/nnet_dense_latency.h:66->firmware/nnet_utils/nnet_sepconv_stream.h:158->firmware/nnet_utils/nnet_sepconv2d_stream.h:113) [86]  (0.122 ns)
	'or' operation ('or_ln786', firmware/nnet_utils/nnet_mult.h:111->firmware/nnet_utils/nnet_dense_latency.h:66->firmware/nnet_utils/nnet_sepconv_stream.h:158->firmware/nnet_utils/nnet_sepconv2d_stream.h:113) [92]  (0 ns)
	'xor' operation ('xor_ln786', firmware/nnet_utils/nnet_mult.h:111->firmware/nnet_utils/nnet_dense_latency.h:66->firmware/nnet_utils/nnet_sepconv_stream.h:158->firmware/nnet_utils/nnet_sepconv2d_stream.h:113) [93]  (0 ns)
	'and' operation ('underflow', firmware/nnet_utils/nnet_mult.h:111->firmware/nnet_utils/nnet_dense_latency.h:66->firmware/nnet_utils/nnet_sepconv_stream.h:158->firmware/nnet_utils/nnet_sepconv2d_stream.h:113) [94]  (0.122 ns)
	'or' operation ('or_ln340_3', firmware/nnet_utils/nnet_mult.h:111->firmware/nnet_utils/nnet_dense_latency.h:66->firmware/nnet_utils/nnet_sepconv_stream.h:158->firmware/nnet_utils/nnet_sepconv2d_stream.h:113) [95]  (0.278 ns)
	'select' operation ('select_ln340', firmware/nnet_utils/nnet_mult.h:111->firmware/nnet_utils/nnet_dense_latency.h:66->firmware/nnet_utils/nnet_sepconv_stream.h:158->firmware/nnet_utils/nnet_sepconv2d_stream.h:113) [98]  (0.303 ns)
	'select' operation ('res_pack.data.V', firmware/nnet_utils/nnet_mult.h:111->firmware/nnet_utils/nnet_dense_latency.h:66->firmware/nnet_utils/nnet_sepconv_stream.h:158->firmware/nnet_utils/nnet_sepconv2d_stream.h:113) [100]  (0.303 ns)
	fifo write on port 'res_V_data_V' (firmware/nnet_utils/nnet_sepconv_stream.h:171->firmware/nnet_utils/nnet_sepconv2d_stream.h:113) [101]  (1.22 ns)

 <State 7>: 0ns
The critical path consists of the following:


============================================================
+ Verbose Summary: Binding
============================================================
N/A
* FSMD analyzer results:
  - Output states:
 - Input state : 
  - Chain level:
	State 1
	State 2
	State 3
	State 4
	State 5
	State 6
	State 7


============================================================
+ Verbose Summary: Datapath Resource usage 
============================================================
N/A
