

================================================================
== Vivado HLS Report for 'relu_array_ap_fixed_4u_array_ap_fixed_8_2_0_0_0_4u_ReLU_config18_s'
================================================================
* Date:           Mon Aug 12 13:37:34 2024

* Version:        2019.2 (Build 2704478 on Wed Nov 06 22:10:23 MST 2019)
* Project:        myproject_prj
* Solution:       solution1
* Product family: virtexuplus
* Target device:  xcvu13p-flga2577-2-e


================================================================
== Performance Estimates
================================================================
+ Timing: 
    * Summary: 
    +--------+---------+----------+------------+
    |  Clock |  Target | Estimated| Uncertainty|
    +--------+---------+----------+------------+
    |ap_clk  | 2.78 ns | 2.100 ns |   0.35 ns  |
    +--------+---------+----------+------------+

+ Latency: 
    * Summary: 
    +---------+---------+----------+----------+-----+-----+---------+
    |  Latency (cycles) |  Latency (absolute) |  Interval | Pipeline|
    |   min   |   max   |    min   |    max   | min | max |   Type  |
    +---------+---------+----------+----------+-----+-----+---------+
    |      195|      195| 0.542 us | 0.542 us |  195|  195|   none  |
    +---------+---------+----------+----------+-----+-----+---------+

    + Detail: 
        * Instance: 
        N/A

        * Loop: 
        +---------------+---------+---------+----------+-----------+-----------+------+----------+
        |               |  Latency (cycles) | Iteration|  Initiation Interval  | Trip |          |
        |   Loop Name   |   min   |   max   |  Latency |  achieved |   target  | Count| Pipelined|
        +---------------+---------+---------+----------+-----------+-----------+------+----------+
        |- ReLUActLoop  |      193|      193|         3|          1|          1|   192|    yes   |
        +---------------+---------+---------+----------+-----------+-----------+------+----------+

============================================================
+ Verbose Summary: Synthesis Manager
============================================================
InlineROM: 1
ExposeGlobal: 0
============================================================
+ Verbose Summary: CDFG Model
============================================================
IsTopModel: 0
ResetActiveHigh: 1
IsCombinational: 2
IsDatapathOnly: 0
HasWiredReturn: 1
HasMFsm: 0
HasVarLatency: 1
IsPipeline: 0
IsRtlPipelined: 0
IsInstanceOverlapped: 0
IsDontTouch: 0
HasImplIP: 0
IsGatedGlobalClock: 0

+ Individual pipeline summary: 
  * Pipeline-0: initiation interval (II) = 1, depth = 3


============================================================
+ Verbose Summary: Schedule
============================================================
* Number of FSM states : 5
* Pipeline : 1
  Pipeline-0 : II = 1, D = 3, States = { 2 3 4 }
* Dataflow Pipeline: 0

* FSM state transitions: 
1 --> 2 
2 --> 5 3 
3 --> 4 
4 --> 2 
5 --> 

* FSM state operations: 

State 1 <SV = 0> <Delay = 0.60>
ST_1 : Operation 6 [1/1] (0.00ns)   --->   "call void (...)* @_ssdm_op_SpecInterface(i8* %res_V_data_3_V, [8 x i8]* @ap_fifo_str, i32 0, i32 0, [1 x i8]* @p_str1081, i32 0, i32 0, [1 x i8]* @p_str1082, [1 x i8]* @p_str1083, [1 x i8]* @p_str1084, i32 2, i32 2, i32 16, i32 16, [1 x i8]* @p_str1085, [1 x i8]* @p_str1086)"   --->   Operation 6 'specinterface' <Predicate = true> <Delay = 0.00>
ST_1 : Operation 7 [1/1] (0.00ns)   --->   "call void (...)* @_ssdm_op_SpecInterface(i8* %res_V_data_2_V, [8 x i8]* @ap_fifo_str, i32 0, i32 0, [1 x i8]* @p_str1074, i32 0, i32 0, [1 x i8]* @p_str1075, [1 x i8]* @p_str1076, [1 x i8]* @p_str1077, i32 2, i32 2, i32 16, i32 16, [1 x i8]* @p_str1078, [1 x i8]* @p_str1079)"   --->   Operation 7 'specinterface' <Predicate = true> <Delay = 0.00>
ST_1 : Operation 8 [1/1] (0.00ns)   --->   "call void (...)* @_ssdm_op_SpecInterface(i8* %res_V_data_1_V, [8 x i8]* @ap_fifo_str, i32 0, i32 0, [1 x i8]* @p_str1067, i32 0, i32 0, [1 x i8]* @p_str1068, [1 x i8]* @p_str1069, [1 x i8]* @p_str1070, i32 2, i32 2, i32 16, i32 16, [1 x i8]* @p_str1071, [1 x i8]* @p_str1072)"   --->   Operation 8 'specinterface' <Predicate = true> <Delay = 0.00>
ST_1 : Operation 9 [1/1] (0.00ns)   --->   "call void (...)* @_ssdm_op_SpecInterface(i8* %res_V_data_0_V, [8 x i8]* @ap_fifo_str, i32 0, i32 0, [1 x i8]* @p_str1060, i32 0, i32 0, [1 x i8]* @p_str1061, [1 x i8]* @p_str1062, [1 x i8]* @p_str1063, i32 2, i32 2, i32 16, i32 16, [1 x i8]* @p_str1064, [1 x i8]* @p_str1065)"   --->   Operation 9 'specinterface' <Predicate = true> <Delay = 0.00>
ST_1 : Operation 10 [1/1] (0.00ns)   --->   "call void (...)* @_ssdm_op_SpecInterface(i8* %data_V_data_3_V, [8 x i8]* @ap_fifo_str, i32 0, i32 0, [1 x i8]* @p_str1053, i32 0, i32 0, [1 x i8]* @p_str1054, [1 x i8]* @p_str1055, [1 x i8]* @p_str1056, i32 2, i32 2, i32 16, i32 16, [1 x i8]* @p_str1057, [1 x i8]* @p_str1058)"   --->   Operation 10 'specinterface' <Predicate = true> <Delay = 0.00>
ST_1 : Operation 11 [1/1] (0.00ns)   --->   "call void (...)* @_ssdm_op_SpecInterface(i8* %data_V_data_2_V, [8 x i8]* @ap_fifo_str, i32 0, i32 0, [1 x i8]* @p_str1046, i32 0, i32 0, [1 x i8]* @p_str1047, [1 x i8]* @p_str1048, [1 x i8]* @p_str1049, i32 2, i32 2, i32 16, i32 16, [1 x i8]* @p_str1050, [1 x i8]* @p_str1051)"   --->   Operation 11 'specinterface' <Predicate = true> <Delay = 0.00>
ST_1 : Operation 12 [1/1] (0.00ns)   --->   "call void (...)* @_ssdm_op_SpecInterface(i8* %data_V_data_1_V, [8 x i8]* @ap_fifo_str, i32 0, i32 0, [1 x i8]* @p_str1039, i32 0, i32 0, [1 x i8]* @p_str1040, [1 x i8]* @p_str1041, [1 x i8]* @p_str1042, i32 2, i32 2, i32 16, i32 16, [1 x i8]* @p_str1043, [1 x i8]* @p_str1044)"   --->   Operation 12 'specinterface' <Predicate = true> <Delay = 0.00>
ST_1 : Operation 13 [1/1] (0.00ns)   --->   "call void (...)* @_ssdm_op_SpecInterface(i8* %data_V_data_0_V, [8 x i8]* @ap_fifo_str, i32 0, i32 0, [1 x i8]* @p_str1032, i32 0, i32 0, [1 x i8]* @p_str1033, [1 x i8]* @p_str1034, [1 x i8]* @p_str1035, i32 2, i32 2, i32 16, i32 16, [1 x i8]* @p_str1036, [1 x i8]* @p_str1037)"   --->   Operation 13 'specinterface' <Predicate = true> <Delay = 0.00>
ST_1 : Operation 14 [1/1] (0.60ns)   --->   "br label %1" [firmware/nnet_utils/nnet_activation_stream.h:41]   --->   Operation 14 'br' <Predicate = true> <Delay = 0.60>

State 2 <SV = 1> <Delay = 0.58>
ST_2 : Operation 15 [1/1] (0.00ns)   --->   "%i_0 = phi i8 [ 0, %0 ], [ %i, %ReLUActLoop ]"   --->   Operation 15 'phi' 'i_0' <Predicate = true> <Delay = 0.00>
ST_2 : Operation 16 [1/1] (0.58ns)   --->   "%icmp_ln41 = icmp eq i8 %i_0, -64" [firmware/nnet_utils/nnet_activation_stream.h:41]   --->   Operation 16 'icmp' 'icmp_ln41' <Predicate = true> <Delay = 0.58> <Core = "Cmp">   --->   Core 25 'Cmp' <Latency = 0> <II = 1> <Delay = 0.58> <FuncUnit> <Opcode : 'icmp'> <InPorts = 2> <OutPorts = 1>
ST_2 : Operation 17 [1/1] (0.00ns)   --->   "%empty = call i32 (...)* @_ssdm_op_SpecLoopTripCount(i64 192, i64 192, i64 192)"   --->   Operation 17 'speclooptripcount' 'empty' <Predicate = true> <Delay = 0.00>
ST_2 : Operation 18 [1/1] (0.48ns)   --->   "%i = add i8 %i_0, 1" [firmware/nnet_utils/nnet_activation_stream.h:41]   --->   Operation 18 'add' 'i' <Predicate = true> <Delay = 0.48> <Core = "AddSub">   --->   Core 14 'AddSub' <Latency = 0> <II = 1> <Delay = 0.48> <FuncUnit> <Opcode : 'add' 'sub'> <InPorts = 2> <OutPorts = 1>
ST_2 : Operation 19 [1/1] (0.00ns)   --->   "br i1 %icmp_ln41, label %2, label %ReLUActLoop" [firmware/nnet_utils/nnet_activation_stream.h:41]   --->   Operation 19 'br' <Predicate = true> <Delay = 0.00>

State 3 <SV = 2> <Delay = 1.21>
ST_3 : Operation 20 [1/1] (1.21ns)   --->   "%empty_122 = call { i8, i8, i8, i8 } @_ssdm_op_Read.ap_fifo.volatile.i8P.i8P.i8P.i8P(i8* %data_V_data_0_V, i8* %data_V_data_1_V, i8* %data_V_data_2_V, i8* %data_V_data_3_V)" [firmware/nnet_utils/nnet_activation_stream.h:44]   --->   Operation 20 'read' 'empty_122' <Predicate = (!icmp_ln41)> <Delay = 1.21> <Core = "FIFO_SRL">   --->   Core 36 'FIFO_SRL' <Latency = 0> <II = 1> <Delay = 1.45> <Storage> <Opcode : 'read' 'write' 'nbread' 'nbwrite'> <Ports = 0> <Width = 8> <Depth = 0> <FIFO>
ST_3 : Operation 21 [1/1] (0.00ns)   --->   "%tmp_data_0_V = extractvalue { i8, i8, i8, i8 } %empty_122, 0" [firmware/nnet_utils/nnet_activation_stream.h:44]   --->   Operation 21 'extractvalue' 'tmp_data_0_V' <Predicate = (!icmp_ln41)> <Delay = 0.00>
ST_3 : Operation 22 [1/1] (0.00ns)   --->   "%tmp_data_1_V = extractvalue { i8, i8, i8, i8 } %empty_122, 1" [firmware/nnet_utils/nnet_activation_stream.h:44]   --->   Operation 22 'extractvalue' 'tmp_data_1_V' <Predicate = (!icmp_ln41)> <Delay = 0.00>
ST_3 : Operation 23 [1/1] (0.00ns)   --->   "%tmp_data_2_V = extractvalue { i8, i8, i8, i8 } %empty_122, 2" [firmware/nnet_utils/nnet_activation_stream.h:44]   --->   Operation 23 'extractvalue' 'tmp_data_2_V' <Predicate = (!icmp_ln41)> <Delay = 0.00>
ST_3 : Operation 24 [1/1] (0.00ns)   --->   "%tmp_data_3_V = extractvalue { i8, i8, i8, i8 } %empty_122, 3" [firmware/nnet_utils/nnet_activation_stream.h:44]   --->   Operation 24 'extractvalue' 'tmp_data_3_V' <Predicate = (!icmp_ln41)> <Delay = 0.00>

State 4 <SV = 3> <Delay = 2.09>
ST_4 : Operation 25 [1/1] (0.00ns)   --->   "call void (...)* @_ssdm_op_SpecLoopName([12 x i8]* @p_str73) nounwind" [firmware/nnet_utils/nnet_activation_stream.h:41]   --->   Operation 25 'specloopname' <Predicate = (!icmp_ln41)> <Delay = 0.00>
ST_4 : Operation 26 [1/1] (0.00ns)   --->   "%tmp = call i32 (...)* @_ssdm_op_SpecRegionBegin([12 x i8]* @p_str73)" [firmware/nnet_utils/nnet_activation_stream.h:41]   --->   Operation 26 'specregionbegin' 'tmp' <Predicate = (!icmp_ln41)> <Delay = 0.00>
ST_4 : Operation 27 [1/1] (0.00ns)   --->   "call void (...)* @_ssdm_op_SpecPipeline(i32 -1, i32 1, i32 1, i32 0, [1 x i8]* @p_str38) nounwind" [firmware/nnet_utils/nnet_activation_stream.h:42]   --->   Operation 27 'specpipeline' <Predicate = (!icmp_ln41)> <Delay = 0.00>
ST_4 : Operation 28 [1/1] (0.58ns)   --->   "%icmp_ln1494 = icmp sgt i8 %tmp_data_0_V, 0" [firmware/nnet_utils/nnet_activation_stream.h:51]   --->   Operation 28 'icmp' 'icmp_ln1494' <Predicate = (!icmp_ln41)> <Delay = 0.58> <Core = "Cmp">   --->   Core 25 'Cmp' <Latency = 0> <II = 1> <Delay = 0.58> <FuncUnit> <Opcode : 'icmp'> <InPorts = 2> <OutPorts = 1>
ST_4 : Operation 29 [1/1] (0.30ns)   --->   "%tmp_data_0_V_36 = select i1 %icmp_ln1494, i8 %tmp_data_0_V, i8 0" [firmware/nnet_utils/nnet_activation_stream.h:51]   --->   Operation 29 'select' 'tmp_data_0_V_36' <Predicate = (!icmp_ln41)> <Delay = 0.30> <Core = "Sel">   --->   Core 26 'Sel' <Latency = 0> <II = 1> <Delay = 0.30> <FuncUnit> <Opcode : 'select'> <InPorts = 3> <OutPorts = 1>
ST_4 : Operation 30 [1/1] (0.58ns)   --->   "%icmp_ln1494_1 = icmp sgt i8 %tmp_data_1_V, 0" [firmware/nnet_utils/nnet_activation_stream.h:51]   --->   Operation 30 'icmp' 'icmp_ln1494_1' <Predicate = (!icmp_ln41)> <Delay = 0.58> <Core = "Cmp">   --->   Core 25 'Cmp' <Latency = 0> <II = 1> <Delay = 0.58> <FuncUnit> <Opcode : 'icmp'> <InPorts = 2> <OutPorts = 1>
ST_4 : Operation 31 [1/1] (0.30ns)   --->   "%tmp_data_1_V_36 = select i1 %icmp_ln1494_1, i8 %tmp_data_1_V, i8 0" [firmware/nnet_utils/nnet_activation_stream.h:51]   --->   Operation 31 'select' 'tmp_data_1_V_36' <Predicate = (!icmp_ln41)> <Delay = 0.30> <Core = "Sel">   --->   Core 26 'Sel' <Latency = 0> <II = 1> <Delay = 0.30> <FuncUnit> <Opcode : 'select'> <InPorts = 3> <OutPorts = 1>
ST_4 : Operation 32 [1/1] (0.58ns)   --->   "%icmp_ln1494_2 = icmp sgt i8 %tmp_data_2_V, 0" [firmware/nnet_utils/nnet_activation_stream.h:51]   --->   Operation 32 'icmp' 'icmp_ln1494_2' <Predicate = (!icmp_ln41)> <Delay = 0.58> <Core = "Cmp">   --->   Core 25 'Cmp' <Latency = 0> <II = 1> <Delay = 0.58> <FuncUnit> <Opcode : 'icmp'> <InPorts = 2> <OutPorts = 1>
ST_4 : Operation 33 [1/1] (0.30ns)   --->   "%tmp_data_2_V_36 = select i1 %icmp_ln1494_2, i8 %tmp_data_2_V, i8 0" [firmware/nnet_utils/nnet_activation_stream.h:51]   --->   Operation 33 'select' 'tmp_data_2_V_36' <Predicate = (!icmp_ln41)> <Delay = 0.30> <Core = "Sel">   --->   Core 26 'Sel' <Latency = 0> <II = 1> <Delay = 0.30> <FuncUnit> <Opcode : 'select'> <InPorts = 3> <OutPorts = 1>
ST_4 : Operation 34 [1/1] (0.58ns)   --->   "%icmp_ln1494_3 = icmp sgt i8 %tmp_data_3_V, 0" [firmware/nnet_utils/nnet_activation_stream.h:51]   --->   Operation 34 'icmp' 'icmp_ln1494_3' <Predicate = (!icmp_ln41)> <Delay = 0.58> <Core = "Cmp">   --->   Core 25 'Cmp' <Latency = 0> <II = 1> <Delay = 0.58> <FuncUnit> <Opcode : 'icmp'> <InPorts = 2> <OutPorts = 1>
ST_4 : Operation 35 [1/1] (0.30ns)   --->   "%tmp_data_3_V_36 = select i1 %icmp_ln1494_3, i8 %tmp_data_3_V, i8 0" [firmware/nnet_utils/nnet_activation_stream.h:51]   --->   Operation 35 'select' 'tmp_data_3_V_36' <Predicate = (!icmp_ln41)> <Delay = 0.30> <Core = "Sel">   --->   Core 26 'Sel' <Latency = 0> <II = 1> <Delay = 0.30> <FuncUnit> <Opcode : 'select'> <InPorts = 3> <OutPorts = 1>
ST_4 : Operation 36 [1/1] (1.21ns)   --->   "call void @_ssdm_op_Write.ap_fifo.volatile.i8P.i8P.i8P.i8P(i8* %res_V_data_0_V, i8* %res_V_data_1_V, i8* %res_V_data_2_V, i8* %res_V_data_3_V, i8 %tmp_data_0_V_36, i8 %tmp_data_1_V_36, i8 %tmp_data_2_V_36, i8 %tmp_data_3_V_36)" [firmware/nnet_utils/nnet_activation_stream.h:57]   --->   Operation 36 'write' <Predicate = (!icmp_ln41)> <Delay = 1.21> <Core = "FIFO_SRL">   --->   Core 36 'FIFO_SRL' <Latency = 0> <II = 1> <Delay = 1.45> <Storage> <Opcode : 'read' 'write' 'nbread' 'nbwrite'> <Ports = 0> <Width = 8> <Depth = 0> <FIFO>
ST_4 : Operation 37 [1/1] (0.00ns)   --->   "%empty_123 = call i32 (...)* @_ssdm_op_SpecRegionEnd([12 x i8]* @p_str73, i32 %tmp)" [firmware/nnet_utils/nnet_activation_stream.h:58]   --->   Operation 37 'specregionend' 'empty_123' <Predicate = (!icmp_ln41)> <Delay = 0.00>
ST_4 : Operation 38 [1/1] (0.00ns)   --->   "br label %1" [firmware/nnet_utils/nnet_activation_stream.h:41]   --->   Operation 38 'br' <Predicate = (!icmp_ln41)> <Delay = 0.00>

State 5 <SV = 2> <Delay = 0.00>
ST_5 : Operation 39 [1/1] (0.00ns)   --->   "ret void" [firmware/nnet_utils/nnet_activation_stream.h:59]   --->   Operation 39 'ret' <Predicate = true> <Delay = 0.00>


============================================================
+ Verbose Summary: Binding
============================================================
STG Binding: 
---------------- STG Properties BEGIN ----------------
- Is combinational: 0
- Is one-state seq: 0
- Is datapath-only: 0
- Is pipelined: 0
- Is top level: 0
Port [ Return ] is wired: 1; IO mode=ap_ctrl_hs:ce=0
Port [ data_V_data_0_V]:  wired=1; compound=1; hidden=0; nouse=0; global=0; static=0; extern=0; dir=0; type=3; pingpong=0; private_global=0; IO mode=ap_fifo:ce=0
Port [ data_V_data_1_V]:  wired=1; compound=1; hidden=0; nouse=0; global=0; static=0; extern=0; dir=0; type=3; pingpong=0; private_global=0; IO mode=ap_fifo:ce=0
Port [ data_V_data_2_V]:  wired=1; compound=1; hidden=0; nouse=0; global=0; static=0; extern=0; dir=0; type=3; pingpong=0; private_global=0; IO mode=ap_fifo:ce=0
Port [ data_V_data_3_V]:  wired=1; compound=1; hidden=0; nouse=0; global=0; static=0; extern=0; dir=0; type=3; pingpong=0; private_global=0; IO mode=ap_fifo:ce=0
Port [ res_V_data_0_V]:  wired=1; compound=1; hidden=0; nouse=0; global=0; static=0; extern=0; dir=1; type=3; pingpong=0; private_global=0; IO mode=ap_fifo:ce=0
Port [ res_V_data_1_V]:  wired=1; compound=1; hidden=0; nouse=0; global=0; static=0; extern=0; dir=1; type=3; pingpong=0; private_global=0; IO mode=ap_fifo:ce=0
Port [ res_V_data_2_V]:  wired=1; compound=1; hidden=0; nouse=0; global=0; static=0; extern=0; dir=1; type=3; pingpong=0; private_global=0; IO mode=ap_fifo:ce=0
Port [ res_V_data_3_V]:  wired=1; compound=1; hidden=0; nouse=0; global=0; static=0; extern=0; dir=1; type=3; pingpong=0; private_global=0; IO mode=ap_fifo:ce=0
---------------- STG Properties END ------------------

---------------- Datapath Model BEGIN ----------------

<LifeTime>
<method=bitvector/>
specinterface_ln0 (specinterface    ) [ 000000]
specinterface_ln0 (specinterface    ) [ 000000]
specinterface_ln0 (specinterface    ) [ 000000]
specinterface_ln0 (specinterface    ) [ 000000]
specinterface_ln0 (specinterface    ) [ 000000]
specinterface_ln0 (specinterface    ) [ 000000]
specinterface_ln0 (specinterface    ) [ 000000]
specinterface_ln0 (specinterface    ) [ 000000]
br_ln41           (br               ) [ 011110]
i_0               (phi              ) [ 001000]
icmp_ln41         (icmp             ) [ 001110]
empty             (speclooptripcount) [ 000000]
i                 (add              ) [ 011110]
br_ln41           (br               ) [ 000000]
empty_122         (read             ) [ 000000]
tmp_data_0_V      (extractvalue     ) [ 001010]
tmp_data_1_V      (extractvalue     ) [ 001010]
tmp_data_2_V      (extractvalue     ) [ 001010]
tmp_data_3_V      (extractvalue     ) [ 001010]
specloopname_ln41 (specloopname     ) [ 000000]
tmp               (specregionbegin  ) [ 000000]
specpipeline_ln42 (specpipeline     ) [ 000000]
icmp_ln1494       (icmp             ) [ 000000]
tmp_data_0_V_36   (select           ) [ 000000]
icmp_ln1494_1     (icmp             ) [ 000000]
tmp_data_1_V_36   (select           ) [ 000000]
icmp_ln1494_2     (icmp             ) [ 000000]
tmp_data_2_V_36   (select           ) [ 000000]
icmp_ln1494_3     (icmp             ) [ 000000]
tmp_data_3_V_36   (select           ) [ 000000]
write_ln57        (write            ) [ 000000]
empty_123         (specregionend    ) [ 000000]
br_ln41           (br               ) [ 011110]
ret_ln59          (ret              ) [ 000000]
</LifeTime>

<model>

<comp_list>
<comp id="0" class="1000" name="data_V_data_0_V">
<pin_list>
<pin id="1" dir="1" index="0" bw="1" slack="0"/>
</pin_list>
<bind>
<StgValue><ssdm name="data_V_data_0_V"/></StgValue>
</bind>
</comp>

<comp id="2" class="1000" name="data_V_data_1_V">
<pin_list>
<pin id="3" dir="1" index="0" bw="1" slack="0"/>
</pin_list>
<bind>
<StgValue><ssdm name="data_V_data_1_V"/></StgValue>
</bind>
</comp>

<comp id="4" class="1000" name="data_V_data_2_V">
<pin_list>
<pin id="5" dir="1" index="0" bw="1" slack="0"/>
</pin_list>
<bind>
<StgValue><ssdm name="data_V_data_2_V"/></StgValue>
</bind>
</comp>

<comp id="6" class="1000" name="data_V_data_3_V">
<pin_list>
<pin id="7" dir="1" index="0" bw="1" slack="0"/>
</pin_list>
<bind>
<StgValue><ssdm name="data_V_data_3_V"/></StgValue>
</bind>
</comp>

<comp id="8" class="1000" name="res_V_data_0_V">
<pin_list>
<pin id="9" dir="1" index="0" bw="1" slack="0"/>
</pin_list>
<bind>
<StgValue><ssdm name="res_V_data_0_V"/></StgValue>
</bind>
</comp>

<comp id="10" class="1000" name="res_V_data_1_V">
<pin_list>
<pin id="11" dir="1" index="0" bw="1" slack="0"/>
</pin_list>
<bind>
<StgValue><ssdm name="res_V_data_1_V"/></StgValue>
</bind>
</comp>

<comp id="12" class="1000" name="res_V_data_2_V">
<pin_list>
<pin id="13" dir="1" index="0" bw="1" slack="0"/>
</pin_list>
<bind>
<StgValue><ssdm name="res_V_data_2_V"/></StgValue>
</bind>
</comp>

<comp id="14" class="1000" name="res_V_data_3_V">
<pin_list>
<pin id="15" dir="1" index="0" bw="1" slack="0"/>
</pin_list>
<bind>
<StgValue><ssdm name="res_V_data_3_V"/></StgValue>
</bind>
</comp>

<comp id="16" class="1001" name="const_16">
<pin_list>
<pin id="17" dir="1" index="0" bw="1" slack="2147483647"/>
</pin_list>
<bind>
<StgValue><ssdm name="_ssdm_op_SpecInterface"/></StgValue>
</bind>
</comp>

<comp id="18" class="1001" name="const_18">
<pin_list>
<pin id="19" dir="1" index="0" bw="1" slack="2147483647"/>
</pin_list>
<bind>
<StgValue><ssdm name="ap_fifo_str"/></StgValue>
</bind>
</comp>

<comp id="20" class="1001" name="const_20">
<pin_list>
<pin id="21" dir="1" index="0" bw="1" slack="2147483647"/>
</pin_list>
<bind>
<StgValue><ssdm name=""/></StgValue>
</bind>
</comp>

<comp id="22" class="1001" name="const_22">
<pin_list>
<pin id="23" dir="1" index="0" bw="1" slack="2147483647"/>
</pin_list>
<bind>
<StgValue><ssdm name="p_str1081"/></StgValue>
</bind>
</comp>

<comp id="24" class="1001" name="const_24">
<pin_list>
<pin id="25" dir="1" index="0" bw="1" slack="2147483647"/>
</pin_list>
<bind>
<StgValue><ssdm name="p_str1082"/></StgValue>
</bind>
</comp>

<comp id="26" class="1001" name="const_26">
<pin_list>
<pin id="27" dir="1" index="0" bw="1" slack="2147483647"/>
</pin_list>
<bind>
<StgValue><ssdm name="p_str1083"/></StgValue>
</bind>
</comp>

<comp id="28" class="1001" name="const_28">
<pin_list>
<pin id="29" dir="1" index="0" bw="1" slack="2147483647"/>
</pin_list>
<bind>
<StgValue><ssdm name="p_str1084"/></StgValue>
</bind>
</comp>

<comp id="30" class="1001" name="const_30">
<pin_list>
<pin id="31" dir="1" index="0" bw="1" slack="2147483647"/>
</pin_list>
<bind>
<StgValue><ssdm name=""/></StgValue>
</bind>
</comp>

<comp id="32" class="1001" name="const_32">
<pin_list>
<pin id="33" dir="1" index="0" bw="1" slack="2147483647"/>
</pin_list>
<bind>
<StgValue><ssdm name=""/></StgValue>
</bind>
</comp>

<comp id="34" class="1001" name="const_34">
<pin_list>
<pin id="35" dir="1" index="0" bw="1" slack="2147483647"/>
</pin_list>
<bind>
<StgValue><ssdm name="p_str1085"/></StgValue>
</bind>
</comp>

<comp id="36" class="1001" name="const_36">
<pin_list>
<pin id="37" dir="1" index="0" bw="1" slack="2147483647"/>
</pin_list>
<bind>
<StgValue><ssdm name="p_str1086"/></StgValue>
</bind>
</comp>

<comp id="38" class="1001" name="const_38">
<pin_list>
<pin id="39" dir="1" index="0" bw="1" slack="2147483647"/>
</pin_list>
<bind>
<StgValue><ssdm name="p_str1074"/></StgValue>
</bind>
</comp>

<comp id="40" class="1001" name="const_40">
<pin_list>
<pin id="41" dir="1" index="0" bw="1" slack="2147483647"/>
</pin_list>
<bind>
<StgValue><ssdm name="p_str1075"/></StgValue>
</bind>
</comp>

<comp id="42" class="1001" name="const_42">
<pin_list>
<pin id="43" dir="1" index="0" bw="1" slack="2147483647"/>
</pin_list>
<bind>
<StgValue><ssdm name="p_str1076"/></StgValue>
</bind>
</comp>

<comp id="44" class="1001" name="const_44">
<pin_list>
<pin id="45" dir="1" index="0" bw="1" slack="2147483647"/>
</pin_list>
<bind>
<StgValue><ssdm name="p_str1077"/></StgValue>
</bind>
</comp>

<comp id="46" class="1001" name="const_46">
<pin_list>
<pin id="47" dir="1" index="0" bw="1" slack="2147483647"/>
</pin_list>
<bind>
<StgValue><ssdm name="p_str1078"/></StgValue>
</bind>
</comp>

<comp id="48" class="1001" name="const_48">
<pin_list>
<pin id="49" dir="1" index="0" bw="1" slack="2147483647"/>
</pin_list>
<bind>
<StgValue><ssdm name="p_str1079"/></StgValue>
</bind>
</comp>

<comp id="50" class="1001" name="const_50">
<pin_list>
<pin id="51" dir="1" index="0" bw="1" slack="2147483647"/>
</pin_list>
<bind>
<StgValue><ssdm name="p_str1067"/></StgValue>
</bind>
</comp>

<comp id="52" class="1001" name="const_52">
<pin_list>
<pin id="53" dir="1" index="0" bw="1" slack="2147483647"/>
</pin_list>
<bind>
<StgValue><ssdm name="p_str1068"/></StgValue>
</bind>
</comp>

<comp id="54" class="1001" name="const_54">
<pin_list>
<pin id="55" dir="1" index="0" bw="1" slack="2147483647"/>
</pin_list>
<bind>
<StgValue><ssdm name="p_str1069"/></StgValue>
</bind>
</comp>

<comp id="56" class="1001" name="const_56">
<pin_list>
<pin id="57" dir="1" index="0" bw="1" slack="2147483647"/>
</pin_list>
<bind>
<StgValue><ssdm name="p_str1070"/></StgValue>
</bind>
</comp>

<comp id="58" class="1001" name="const_58">
<pin_list>
<pin id="59" dir="1" index="0" bw="1" slack="2147483647"/>
</pin_list>
<bind>
<StgValue><ssdm name="p_str1071"/></StgValue>
</bind>
</comp>

<comp id="60" class="1001" name="const_60">
<pin_list>
<pin id="61" dir="1" index="0" bw="1" slack="2147483647"/>
</pin_list>
<bind>
<StgValue><ssdm name="p_str1072"/></StgValue>
</bind>
</comp>

<comp id="62" class="1001" name="const_62">
<pin_list>
<pin id="63" dir="1" index="0" bw="1" slack="2147483647"/>
</pin_list>
<bind>
<StgValue><ssdm name="p_str1060"/></StgValue>
</bind>
</comp>

<comp id="64" class="1001" name="const_64">
<pin_list>
<pin id="65" dir="1" index="0" bw="1" slack="2147483647"/>
</pin_list>
<bind>
<StgValue><ssdm name="p_str1061"/></StgValue>
</bind>
</comp>

<comp id="66" class="1001" name="const_66">
<pin_list>
<pin id="67" dir="1" index="0" bw="1" slack="2147483647"/>
</pin_list>
<bind>
<StgValue><ssdm name="p_str1062"/></StgValue>
</bind>
</comp>

<comp id="68" class="1001" name="const_68">
<pin_list>
<pin id="69" dir="1" index="0" bw="1" slack="2147483647"/>
</pin_list>
<bind>
<StgValue><ssdm name="p_str1063"/></StgValue>
</bind>
</comp>

<comp id="70" class="1001" name="const_70">
<pin_list>
<pin id="71" dir="1" index="0" bw="1" slack="2147483647"/>
</pin_list>
<bind>
<StgValue><ssdm name="p_str1064"/></StgValue>
</bind>
</comp>

<comp id="72" class="1001" name="const_72">
<pin_list>
<pin id="73" dir="1" index="0" bw="1" slack="2147483647"/>
</pin_list>
<bind>
<StgValue><ssdm name="p_str1065"/></StgValue>
</bind>
</comp>

<comp id="74" class="1001" name="const_74">
<pin_list>
<pin id="75" dir="1" index="0" bw="1" slack="2147483647"/>
</pin_list>
<bind>
<StgValue><ssdm name="p_str1053"/></StgValue>
</bind>
</comp>

<comp id="76" class="1001" name="const_76">
<pin_list>
<pin id="77" dir="1" index="0" bw="1" slack="2147483647"/>
</pin_list>
<bind>
<StgValue><ssdm name="p_str1054"/></StgValue>
</bind>
</comp>

<comp id="78" class="1001" name="const_78">
<pin_list>
<pin id="79" dir="1" index="0" bw="1" slack="2147483647"/>
</pin_list>
<bind>
<StgValue><ssdm name="p_str1055"/></StgValue>
</bind>
</comp>

<comp id="80" class="1001" name="const_80">
<pin_list>
<pin id="81" dir="1" index="0" bw="1" slack="2147483647"/>
</pin_list>
<bind>
<StgValue><ssdm name="p_str1056"/></StgValue>
</bind>
</comp>

<comp id="82" class="1001" name="const_82">
<pin_list>
<pin id="83" dir="1" index="0" bw="1" slack="2147483647"/>
</pin_list>
<bind>
<StgValue><ssdm name="p_str1057"/></StgValue>
</bind>
</comp>

<comp id="84" class="1001" name="const_84">
<pin_list>
<pin id="85" dir="1" index="0" bw="1" slack="2147483647"/>
</pin_list>
<bind>
<StgValue><ssdm name="p_str1058"/></StgValue>
</bind>
</comp>

<comp id="86" class="1001" name="const_86">
<pin_list>
<pin id="87" dir="1" index="0" bw="1" slack="2147483647"/>
</pin_list>
<bind>
<StgValue><ssdm name="p_str1046"/></StgValue>
</bind>
</comp>

<comp id="88" class="1001" name="const_88">
<pin_list>
<pin id="89" dir="1" index="0" bw="1" slack="2147483647"/>
</pin_list>
<bind>
<StgValue><ssdm name="p_str1047"/></StgValue>
</bind>
</comp>

<comp id="90" class="1001" name="const_90">
<pin_list>
<pin id="91" dir="1" index="0" bw="1" slack="2147483647"/>
</pin_list>
<bind>
<StgValue><ssdm name="p_str1048"/></StgValue>
</bind>
</comp>

<comp id="92" class="1001" name="const_92">
<pin_list>
<pin id="93" dir="1" index="0" bw="1" slack="2147483647"/>
</pin_list>
<bind>
<StgValue><ssdm name="p_str1049"/></StgValue>
</bind>
</comp>

<comp id="94" class="1001" name="const_94">
<pin_list>
<pin id="95" dir="1" index="0" bw="1" slack="2147483647"/>
</pin_list>
<bind>
<StgValue><ssdm name="p_str1050"/></StgValue>
</bind>
</comp>

<comp id="96" class="1001" name="const_96">
<pin_list>
<pin id="97" dir="1" index="0" bw="1" slack="2147483647"/>
</pin_list>
<bind>
<StgValue><ssdm name="p_str1051"/></StgValue>
</bind>
</comp>

<comp id="98" class="1001" name="const_98">
<pin_list>
<pin id="99" dir="1" index="0" bw="1" slack="2147483647"/>
</pin_list>
<bind>
<StgValue><ssdm name="p_str1039"/></StgValue>
</bind>
</comp>

<comp id="100" class="1001" name="const_100">
<pin_list>
<pin id="101" dir="1" index="0" bw="1" slack="2147483647"/>
</pin_list>
<bind>
<StgValue><ssdm name="p_str1040"/></StgValue>
</bind>
</comp>

<comp id="102" class="1001" name="const_102">
<pin_list>
<pin id="103" dir="1" index="0" bw="1" slack="2147483647"/>
</pin_list>
<bind>
<StgValue><ssdm name="p_str1041"/></StgValue>
</bind>
</comp>

<comp id="104" class="1001" name="const_104">
<pin_list>
<pin id="105" dir="1" index="0" bw="1" slack="2147483647"/>
</pin_list>
<bind>
<StgValue><ssdm name="p_str1042"/></StgValue>
</bind>
</comp>

<comp id="106" class="1001" name="const_106">
<pin_list>
<pin id="107" dir="1" index="0" bw="1" slack="2147483647"/>
</pin_list>
<bind>
<StgValue><ssdm name="p_str1043"/></StgValue>
</bind>
</comp>

<comp id="108" class="1001" name="const_108">
<pin_list>
<pin id="109" dir="1" index="0" bw="1" slack="2147483647"/>
</pin_list>
<bind>
<StgValue><ssdm name="p_str1044"/></StgValue>
</bind>
</comp>

<comp id="110" class="1001" name="const_110">
<pin_list>
<pin id="111" dir="1" index="0" bw="1" slack="2147483647"/>
</pin_list>
<bind>
<StgValue><ssdm name="p_str1032"/></StgValue>
</bind>
</comp>

<comp id="112" class="1001" name="const_112">
<pin_list>
<pin id="113" dir="1" index="0" bw="1" slack="2147483647"/>
</pin_list>
<bind>
<StgValue><ssdm name="p_str1033"/></StgValue>
</bind>
</comp>

<comp id="114" class="1001" name="const_114">
<pin_list>
<pin id="115" dir="1" index="0" bw="1" slack="2147483647"/>
</pin_list>
<bind>
<StgValue><ssdm name="p_str1034"/></StgValue>
</bind>
</comp>

<comp id="116" class="1001" name="const_116">
<pin_list>
<pin id="117" dir="1" index="0" bw="1" slack="2147483647"/>
</pin_list>
<bind>
<StgValue><ssdm name="p_str1035"/></StgValue>
</bind>
</comp>

<comp id="118" class="1001" name="const_118">
<pin_list>
<pin id="119" dir="1" index="0" bw="1" slack="2147483647"/>
</pin_list>
<bind>
<StgValue><ssdm name="p_str1036"/></StgValue>
</bind>
</comp>

<comp id="120" class="1001" name="const_120">
<pin_list>
<pin id="121" dir="1" index="0" bw="1" slack="2147483647"/>
</pin_list>
<bind>
<StgValue><ssdm name="p_str1037"/></StgValue>
</bind>
</comp>

<comp id="122" class="1001" name="const_122">
<pin_list>
<pin id="123" dir="1" index="0" bw="1" slack="0"/>
</pin_list>
<bind>
<StgValue><ssdm name=""/></StgValue>
</bind>
</comp>

<comp id="124" class="1001" name="const_124">
<pin_list>
<pin id="125" dir="1" index="0" bw="1" slack="0"/>
</pin_list>
<bind>
<StgValue><ssdm name=""/></StgValue>
</bind>
</comp>

<comp id="126" class="1001" name="const_126">
<pin_list>
<pin id="127" dir="1" index="0" bw="1" slack="2147483647"/>
</pin_list>
<bind>
<StgValue><ssdm name="_ssdm_op_SpecLoopTripCount"/></StgValue>
</bind>
</comp>

<comp id="128" class="1001" name="const_128">
<pin_list>
<pin id="129" dir="1" index="0" bw="1" slack="2147483647"/>
</pin_list>
<bind>
<StgValue><ssdm name=""/></StgValue>
</bind>
</comp>

<comp id="130" class="1001" name="const_130">
<pin_list>
<pin id="131" dir="1" index="0" bw="1" slack="0"/>
</pin_list>
<bind>
<StgValue><ssdm name=""/></StgValue>
</bind>
</comp>

<comp id="132" class="1001" name="const_132">
<pin_list>
<pin id="133" dir="1" index="0" bw="1" slack="0"/>
</pin_list>
<bind>
<StgValue><ssdm name="_ssdm_op_Read.ap_fifo.volatile.i8P.i8P.i8P.i8P"/></StgValue>
</bind>
</comp>

<comp id="134" class="1001" name="const_134">
<pin_list>
<pin id="135" dir="1" index="0" bw="1" slack="2147483647"/>
</pin_list>
<bind>
<StgValue><ssdm name="_ssdm_op_SpecLoopName"/></StgValue>
</bind>
</comp>

<comp id="136" class="1001" name="const_136">
<pin_list>
<pin id="137" dir="1" index="0" bw="1" slack="2147483647"/>
</pin_list>
<bind>
<StgValue><ssdm name="p_str73"/></StgValue>
</bind>
</comp>

<comp id="138" class="1001" name="const_138">
<pin_list>
<pin id="139" dir="1" index="0" bw="1" slack="2147483647"/>
</pin_list>
<bind>
<StgValue><ssdm name="_ssdm_op_SpecRegionBegin"/></StgValue>
</bind>
</comp>

<comp id="140" class="1001" name="const_140">
<pin_list>
<pin id="141" dir="1" index="0" bw="1" slack="2147483647"/>
</pin_list>
<bind>
<StgValue><ssdm name="_ssdm_op_SpecPipeline"/></StgValue>
</bind>
</comp>

<comp id="142" class="1001" name="const_142">
<pin_list>
<pin id="143" dir="1" index="0" bw="1" slack="2147483647"/>
</pin_list>
<bind>
<StgValue><ssdm name=""/></StgValue>
</bind>
</comp>

<comp id="144" class="1001" name="const_144">
<pin_list>
<pin id="145" dir="1" index="0" bw="1" slack="2147483647"/>
</pin_list>
<bind>
<StgValue><ssdm name=""/></StgValue>
</bind>
</comp>

<comp id="146" class="1001" name="const_146">
<pin_list>
<pin id="147" dir="1" index="0" bw="1" slack="2147483647"/>
</pin_list>
<bind>
<StgValue><ssdm name="p_str38"/></StgValue>
</bind>
</comp>

<comp id="148" class="1001" name="const_148">
<pin_list>
<pin id="149" dir="1" index="0" bw="1" slack="0"/>
</pin_list>
<bind>
<StgValue><ssdm name="_ssdm_op_Write.ap_fifo.volatile.i8P.i8P.i8P.i8P"/></StgValue>
</bind>
</comp>

<comp id="150" class="1001" name="const_150">
<pin_list>
<pin id="151" dir="1" index="0" bw="1" slack="2147483647"/>
</pin_list>
<bind>
<StgValue><ssdm name="_ssdm_op_SpecRegionEnd"/></StgValue>
</bind>
</comp>

<comp id="152" class="1004" name="empty_122_read_fu_152">
<pin_list>
<pin id="153" dir="0" index="0" bw="32" slack="0"/>
<pin id="154" dir="0" index="1" bw="8" slack="0"/>
<pin id="155" dir="0" index="2" bw="8" slack="0"/>
<pin id="156" dir="0" index="3" bw="8" slack="0"/>
<pin id="157" dir="0" index="4" bw="8" slack="0"/>
<pin id="158" dir="1" index="5" bw="32" slack="0"/>
</pin_list>
<bind>
<opcode="read(1150) " fcode="read"/>
<opset="empty_122/3 "/>
</bind>
</comp>

<comp id="164" class="1004" name="write_ln57_write_fu_164">
<pin_list>
<pin id="165" dir="0" index="0" bw="0" slack="0"/>
<pin id="166" dir="0" index="1" bw="8" slack="0"/>
<pin id="167" dir="0" index="2" bw="8" slack="0"/>
<pin id="168" dir="0" index="3" bw="8" slack="0"/>
<pin id="169" dir="0" index="4" bw="8" slack="0"/>
<pin id="170" dir="0" index="5" bw="8" slack="0"/>
<pin id="171" dir="0" index="6" bw="8" slack="0"/>
<pin id="172" dir="0" index="7" bw="8" slack="0"/>
<pin id="173" dir="0" index="8" bw="8" slack="0"/>
<pin id="174" dir="1" index="9" bw="0" slack="2147483647"/>
</pin_list>
<bind>
<opcode="write(1151) " fcode="write"/>
<opset="write_ln57/4 "/>
</bind>
</comp>

<comp id="180" class="1005" name="i_0_reg_180">
<pin_list>
<pin id="181" dir="0" index="0" bw="8" slack="1"/>
<pin id="182" dir="1" index="1" bw="8" slack="1"/>
</pin_list>
<bind>
<opset="i_0 (phireg) "/>
</bind>
</comp>

<comp id="184" class="1004" name="i_0_phi_fu_184">
<pin_list>
<pin id="185" dir="0" index="0" bw="1" slack="1"/>
<pin id="186" dir="0" index="1" bw="0" slack="2147483647"/>
<pin id="187" dir="0" index="2" bw="8" slack="0"/>
<pin id="188" dir="0" index="3" bw="0" slack="2147483647"/>
<pin id="189" dir="1" index="4" bw="8" slack="0"/>
</pin_list>
<bind>
<opcode="phi(47) " fcode="phi"/>
<opset="i_0/2 "/>
</bind>
</comp>

<comp id="191" class="1004" name="icmp_ln41_fu_191">
<pin_list>
<pin id="192" dir="0" index="0" bw="8" slack="0"/>
<pin id="193" dir="0" index="1" bw="7" slack="0"/>
<pin id="194" dir="1" index="2" bw="1" slack="1"/>
</pin_list>
<bind>
<opcode="icmp(45) " fcode="icmp"/>
<opset="icmp_ln41/2 "/>
</bind>
</comp>

<comp id="197" class="1004" name="i_fu_197">
<pin_list>
<pin id="198" dir="0" index="0" bw="8" slack="0"/>
<pin id="199" dir="0" index="1" bw="1" slack="0"/>
<pin id="200" dir="1" index="2" bw="8" slack="0"/>
</pin_list>
<bind>
<opcode="add(8) " fcode="add"/>
<opset="i/2 "/>
</bind>
</comp>

<comp id="203" class="1004" name="tmp_data_0_V_fu_203">
<pin_list>
<pin id="204" dir="0" index="0" bw="32" slack="0"/>
<pin id="205" dir="1" index="1" bw="8" slack="1"/>
</pin_list>
<bind>
<opcode="extractvalue(56) " fcode="extractvalue"/>
<opset="tmp_data_0_V/3 "/>
</bind>
</comp>

<comp id="207" class="1004" name="tmp_data_1_V_fu_207">
<pin_list>
<pin id="208" dir="0" index="0" bw="32" slack="0"/>
<pin id="209" dir="1" index="1" bw="8" slack="1"/>
</pin_list>
<bind>
<opcode="extractvalue(56) " fcode="extractvalue"/>
<opset="tmp_data_1_V/3 "/>
</bind>
</comp>

<comp id="211" class="1004" name="tmp_data_2_V_fu_211">
<pin_list>
<pin id="212" dir="0" index="0" bw="32" slack="0"/>
<pin id="213" dir="1" index="1" bw="8" slack="1"/>
</pin_list>
<bind>
<opcode="extractvalue(56) " fcode="extractvalue"/>
<opset="tmp_data_2_V/3 "/>
</bind>
</comp>

<comp id="215" class="1004" name="tmp_data_3_V_fu_215">
<pin_list>
<pin id="216" dir="0" index="0" bw="32" slack="0"/>
<pin id="217" dir="1" index="1" bw="8" slack="1"/>
</pin_list>
<bind>
<opcode="extractvalue(56) " fcode="extractvalue"/>
<opset="tmp_data_3_V/3 "/>
</bind>
</comp>

<comp id="219" class="1004" name="icmp_ln1494_fu_219">
<pin_list>
<pin id="220" dir="0" index="0" bw="8" slack="1"/>
<pin id="221" dir="0" index="1" bw="1" slack="0"/>
<pin id="222" dir="1" index="2" bw="1" slack="0"/>
</pin_list>
<bind>
<opcode="icmp(45) " fcode="icmp"/>
<opset="icmp_ln1494/4 "/>
</bind>
</comp>

<comp id="224" class="1004" name="tmp_data_0_V_36_fu_224">
<pin_list>
<pin id="225" dir="0" index="0" bw="1" slack="0"/>
<pin id="226" dir="0" index="1" bw="8" slack="1"/>
<pin id="227" dir="0" index="2" bw="1" slack="0"/>
<pin id="228" dir="1" index="3" bw="8" slack="0"/>
</pin_list>
<bind>
<opcode="select(49) " fcode="select"/>
<opset="tmp_data_0_V_36/4 "/>
</bind>
</comp>

<comp id="232" class="1004" name="icmp_ln1494_1_fu_232">
<pin_list>
<pin id="233" dir="0" index="0" bw="8" slack="1"/>
<pin id="234" dir="0" index="1" bw="1" slack="0"/>
<pin id="235" dir="1" index="2" bw="1" slack="0"/>
</pin_list>
<bind>
<opcode="icmp(45) " fcode="icmp"/>
<opset="icmp_ln1494_1/4 "/>
</bind>
</comp>

<comp id="237" class="1004" name="tmp_data_1_V_36_fu_237">
<pin_list>
<pin id="238" dir="0" index="0" bw="1" slack="0"/>
<pin id="239" dir="0" index="1" bw="8" slack="1"/>
<pin id="240" dir="0" index="2" bw="1" slack="0"/>
<pin id="241" dir="1" index="3" bw="8" slack="0"/>
</pin_list>
<bind>
<opcode="select(49) " fcode="select"/>
<opset="tmp_data_1_V_36/4 "/>
</bind>
</comp>

<comp id="245" class="1004" name="icmp_ln1494_2_fu_245">
<pin_list>
<pin id="246" dir="0" index="0" bw="8" slack="1"/>
<pin id="247" dir="0" index="1" bw="1" slack="0"/>
<pin id="248" dir="1" index="2" bw="1" slack="0"/>
</pin_list>
<bind>
<opcode="icmp(45) " fcode="icmp"/>
<opset="icmp_ln1494_2/4 "/>
</bind>
</comp>

<comp id="250" class="1004" name="tmp_data_2_V_36_fu_250">
<pin_list>
<pin id="251" dir="0" index="0" bw="1" slack="0"/>
<pin id="252" dir="0" index="1" bw="8" slack="1"/>
<pin id="253" dir="0" index="2" bw="1" slack="0"/>
<pin id="254" dir="1" index="3" bw="8" slack="0"/>
</pin_list>
<bind>
<opcode="select(49) " fcode="select"/>
<opset="tmp_data_2_V_36/4 "/>
</bind>
</comp>

<comp id="258" class="1004" name="icmp_ln1494_3_fu_258">
<pin_list>
<pin id="259" dir="0" index="0" bw="8" slack="1"/>
<pin id="260" dir="0" index="1" bw="1" slack="0"/>
<pin id="261" dir="1" index="2" bw="1" slack="0"/>
</pin_list>
<bind>
<opcode="icmp(45) " fcode="icmp"/>
<opset="icmp_ln1494_3/4 "/>
</bind>
</comp>

<comp id="263" class="1004" name="tmp_data_3_V_36_fu_263">
<pin_list>
<pin id="264" dir="0" index="0" bw="1" slack="0"/>
<pin id="265" dir="0" index="1" bw="8" slack="1"/>
<pin id="266" dir="0" index="2" bw="1" slack="0"/>
<pin id="267" dir="1" index="3" bw="8" slack="0"/>
</pin_list>
<bind>
<opcode="select(49) " fcode="select"/>
<opset="tmp_data_3_V_36/4 "/>
</bind>
</comp>

<comp id="271" class="1005" name="icmp_ln41_reg_271">
<pin_list>
<pin id="272" dir="0" index="0" bw="1" slack="1"/>
<pin id="273" dir="1" index="1" bw="1" slack="2147483647"/>
</pin_list>
<bind>
<opset="icmp_ln41 "/>
</bind>
</comp>

<comp id="275" class="1005" name="i_reg_275">
<pin_list>
<pin id="276" dir="0" index="0" bw="8" slack="0"/>
<pin id="277" dir="1" index="1" bw="8" slack="0"/>
</pin_list>
<bind>
<opset="i "/>
</bind>
</comp>

<comp id="280" class="1005" name="tmp_data_0_V_reg_280">
<pin_list>
<pin id="281" dir="0" index="0" bw="8" slack="1"/>
<pin id="282" dir="1" index="1" bw="8" slack="1"/>
</pin_list>
<bind>
<opset="tmp_data_0_V "/>
</bind>
</comp>

<comp id="286" class="1005" name="tmp_data_1_V_reg_286">
<pin_list>
<pin id="287" dir="0" index="0" bw="8" slack="1"/>
<pin id="288" dir="1" index="1" bw="8" slack="1"/>
</pin_list>
<bind>
<opset="tmp_data_1_V "/>
</bind>
</comp>

<comp id="292" class="1005" name="tmp_data_2_V_reg_292">
<pin_list>
<pin id="293" dir="0" index="0" bw="8" slack="1"/>
<pin id="294" dir="1" index="1" bw="8" slack="1"/>
</pin_list>
<bind>
<opset="tmp_data_2_V "/>
</bind>
</comp>

<comp id="298" class="1005" name="tmp_data_3_V_reg_298">
<pin_list>
<pin id="299" dir="0" index="0" bw="8" slack="1"/>
<pin id="300" dir="1" index="1" bw="8" slack="1"/>
</pin_list>
<bind>
<opset="tmp_data_3_V "/>
</bind>
</comp>

</comp_list>

<net_list>
<net id="159"><net_src comp="132" pin="0"/><net_sink comp="152" pin=0"/></net>

<net id="160"><net_src comp="0" pin="0"/><net_sink comp="152" pin=1"/></net>

<net id="161"><net_src comp="2" pin="0"/><net_sink comp="152" pin=2"/></net>

<net id="162"><net_src comp="4" pin="0"/><net_sink comp="152" pin=3"/></net>

<net id="163"><net_src comp="6" pin="0"/><net_sink comp="152" pin=4"/></net>

<net id="175"><net_src comp="148" pin="0"/><net_sink comp="164" pin=0"/></net>

<net id="176"><net_src comp="8" pin="0"/><net_sink comp="164" pin=1"/></net>

<net id="177"><net_src comp="10" pin="0"/><net_sink comp="164" pin=2"/></net>

<net id="178"><net_src comp="12" pin="0"/><net_sink comp="164" pin=3"/></net>

<net id="179"><net_src comp="14" pin="0"/><net_sink comp="164" pin=4"/></net>

<net id="183"><net_src comp="122" pin="0"/><net_sink comp="180" pin=0"/></net>

<net id="190"><net_src comp="180" pin="1"/><net_sink comp="184" pin=0"/></net>

<net id="195"><net_src comp="184" pin="4"/><net_sink comp="191" pin=0"/></net>

<net id="196"><net_src comp="124" pin="0"/><net_sink comp="191" pin=1"/></net>

<net id="201"><net_src comp="184" pin="4"/><net_sink comp="197" pin=0"/></net>

<net id="202"><net_src comp="130" pin="0"/><net_sink comp="197" pin=1"/></net>

<net id="206"><net_src comp="152" pin="5"/><net_sink comp="203" pin=0"/></net>

<net id="210"><net_src comp="152" pin="5"/><net_sink comp="207" pin=0"/></net>

<net id="214"><net_src comp="152" pin="5"/><net_sink comp="211" pin=0"/></net>

<net id="218"><net_src comp="152" pin="5"/><net_sink comp="215" pin=0"/></net>

<net id="223"><net_src comp="122" pin="0"/><net_sink comp="219" pin=1"/></net>

<net id="229"><net_src comp="219" pin="2"/><net_sink comp="224" pin=0"/></net>

<net id="230"><net_src comp="122" pin="0"/><net_sink comp="224" pin=2"/></net>

<net id="231"><net_src comp="224" pin="3"/><net_sink comp="164" pin=5"/></net>

<net id="236"><net_src comp="122" pin="0"/><net_sink comp="232" pin=1"/></net>

<net id="242"><net_src comp="232" pin="2"/><net_sink comp="237" pin=0"/></net>

<net id="243"><net_src comp="122" pin="0"/><net_sink comp="237" pin=2"/></net>

<net id="244"><net_src comp="237" pin="3"/><net_sink comp="164" pin=6"/></net>

<net id="249"><net_src comp="122" pin="0"/><net_sink comp="245" pin=1"/></net>

<net id="255"><net_src comp="245" pin="2"/><net_sink comp="250" pin=0"/></net>

<net id="256"><net_src comp="122" pin="0"/><net_sink comp="250" pin=2"/></net>

<net id="257"><net_src comp="250" pin="3"/><net_sink comp="164" pin=7"/></net>

<net id="262"><net_src comp="122" pin="0"/><net_sink comp="258" pin=1"/></net>

<net id="268"><net_src comp="258" pin="2"/><net_sink comp="263" pin=0"/></net>

<net id="269"><net_src comp="122" pin="0"/><net_sink comp="263" pin=2"/></net>

<net id="270"><net_src comp="263" pin="3"/><net_sink comp="164" pin=8"/></net>

<net id="274"><net_src comp="191" pin="2"/><net_sink comp="271" pin=0"/></net>

<net id="278"><net_src comp="197" pin="2"/><net_sink comp="275" pin=0"/></net>

<net id="279"><net_src comp="275" pin="1"/><net_sink comp="184" pin=2"/></net>

<net id="283"><net_src comp="203" pin="1"/><net_sink comp="280" pin=0"/></net>

<net id="284"><net_src comp="280" pin="1"/><net_sink comp="219" pin=0"/></net>

<net id="285"><net_src comp="280" pin="1"/><net_sink comp="224" pin=1"/></net>

<net id="289"><net_src comp="207" pin="1"/><net_sink comp="286" pin=0"/></net>

<net id="290"><net_src comp="286" pin="1"/><net_sink comp="232" pin=0"/></net>

<net id="291"><net_src comp="286" pin="1"/><net_sink comp="237" pin=1"/></net>

<net id="295"><net_src comp="211" pin="1"/><net_sink comp="292" pin=0"/></net>

<net id="296"><net_src comp="292" pin="1"/><net_sink comp="245" pin=0"/></net>

<net id="297"><net_src comp="292" pin="1"/><net_sink comp="250" pin=1"/></net>

<net id="301"><net_src comp="215" pin="1"/><net_sink comp="298" pin=0"/></net>

<net id="302"><net_src comp="298" pin="1"/><net_sink comp="258" pin=0"/></net>

<net id="303"><net_src comp="298" pin="1"/><net_sink comp="263" pin=1"/></net>

</net_list>

</model> 
---------------- Datapath Model END ------------------

* FSMD analyzer results:
  - Output states:
	Port: res_V_data_0_V | {4 }
	Port: res_V_data_1_V | {4 }
	Port: res_V_data_2_V | {4 }
	Port: res_V_data_3_V | {4 }
 - Input state : 
	Port: relu<array<ap_fixed,4u>,array<ap_fixed<8,2,0,0,0>,4u>,ReLU_config18> : data_V_data_0_V | {3 }
	Port: relu<array<ap_fixed,4u>,array<ap_fixed<8,2,0,0,0>,4u>,ReLU_config18> : data_V_data_1_V | {3 }
	Port: relu<array<ap_fixed,4u>,array<ap_fixed<8,2,0,0,0>,4u>,ReLU_config18> : data_V_data_2_V | {3 }
	Port: relu<array<ap_fixed,4u>,array<ap_fixed<8,2,0,0,0>,4u>,ReLU_config18> : data_V_data_3_V | {3 }
  - Chain level:
	State 1
	State 2
		icmp_ln41 : 1
		i : 1
		br_ln41 : 2
	State 3
	State 4
		tmp_data_0_V_36 : 1
		tmp_data_1_V_36 : 1
		tmp_data_2_V_36 : 1
		tmp_data_3_V_36 : 1
		write_ln57 : 2
		empty_123 : 1
	State 5


============================================================
+ Verbose Summary: Datapath Resource usage 
============================================================

* Functional unit list:
|----------|-------------------------|---------|---------|
| Operation|     Functional Unit     |    FF   |   LUT   |
|----------|-------------------------|---------|---------|
|          |     icmp_ln41_fu_191    |    0    |    11   |
|          |    icmp_ln1494_fu_219   |    0    |    11   |
|   icmp   |   icmp_ln1494_1_fu_232  |    0    |    11   |
|          |   icmp_ln1494_2_fu_245  |    0    |    11   |
|          |   icmp_ln1494_3_fu_258  |    0    |    11   |
|----------|-------------------------|---------|---------|
|          |  tmp_data_0_V_36_fu_224 |    0    |    8    |
|  select  |  tmp_data_1_V_36_fu_237 |    0    |    8    |
|          |  tmp_data_2_V_36_fu_250 |    0    |    8    |
|          |  tmp_data_3_V_36_fu_263 |    0    |    8    |
|----------|-------------------------|---------|---------|
|    add   |         i_fu_197        |    0    |    8    |
|----------|-------------------------|---------|---------|
|   read   |  empty_122_read_fu_152  |    0    |    0    |
|----------|-------------------------|---------|---------|
|   write  | write_ln57_write_fu_164 |    0    |    0    |
|----------|-------------------------|---------|---------|
|          |   tmp_data_0_V_fu_203   |    0    |    0    |
|extractvalue|   tmp_data_1_V_fu_207   |    0    |    0    |
|          |   tmp_data_2_V_fu_211   |    0    |    0    |
|          |   tmp_data_3_V_fu_215   |    0    |    0    |
|----------|-------------------------|---------|---------|
|   Total  |                         |    0    |    95   |
|----------|-------------------------|---------|---------|

Memories:
N/A

* Register list:
+--------------------+--------+
|                    |   FF   |
+--------------------+--------+
|     i_0_reg_180    |    8   |
|      i_reg_275     |    8   |
|  icmp_ln41_reg_271 |    1   |
|tmp_data_0_V_reg_280|    8   |
|tmp_data_1_V_reg_286|    8   |
|tmp_data_2_V_reg_292|    8   |
|tmp_data_3_V_reg_298|    8   |
+--------------------+--------+
|        Total       |   49   |
+--------------------+--------+

* Multiplexer (MUX) list: 
|--------|------|------|------|--------|
|  Comp  |  Pin | Size |  BW  | S x BW |
|--------|------|------|------|--------|
|  Total |      |      |      |    0   |
|--------|------|------|------|--------|



* Summary:
+-----------+--------+--------+
|           |   FF   |   LUT  |
+-----------+--------+--------+
|  Function |    0   |   95   |
|   Memory  |    -   |    -   |
|Multiplexer|    -   |    -   |
|  Register |   49   |    -   |
+-----------+--------+--------+
|   Total   |   49   |   95   |
+-----------+--------+--------+
