

================================================================
== Vivado HLS Report for 'zeropad2d_cl_array_ap_fixed_1u_array_ap_fixed_8_2_0_0_0_1u_config53_s'
================================================================
* Date:           Mon Aug 12 13:34:49 2024

* Version:        2019.2 (Build 2704478 on Wed Nov 06 22:10:23 MST 2019)
* Project:        myproject_prj
* Solution:       solution1
* Product family: virtexuplus
* Target device:  xcvu13p-flga2577-2-e


================================================================
== Performance Estimates
================================================================
+ Timing: 
    * Summary: 
    +--------+---------+----------+------------+
    |  Clock |  Target | Estimated| Uncertainty|
    +--------+---------+----------+------------+
    |ap_clk  | 2.78 ns | 2.431 ns |   0.35 ns  |
    +--------+---------+----------+------------+

+ Latency: 
    * Summary: 
    +---------+---------+----------+----------+-----+-----+---------+
    |  Latency (cycles) |  Latency (absolute) |  Interval | Pipeline|
    |   min   |   max   |    min   |    max   | min | max |   Type  |
    +---------+---------+----------+----------+-----+-----+---------+
    |      927|      927| 2.575 us | 2.575 us |  927|  927|   none  |
    +---------+---------+----------+----------+-----+-----+---------+

    + Detail: 
        * Instance: 
        N/A

        * Loop: 
        +------------------+---------+---------+----------+-----------+-----------+------+----------+
        |                  |  Latency (cycles) | Iteration|  Initiation Interval  | Trip |          |
        |     Loop Name    |   min   |   max   |  Latency |  achieved |   target  | Count| Pipelined|
        +------------------+---------+---------+----------+-----------+-----------+------+----------+
        |- PadTopWidth     |       66|       66|         1|          -|          -|    66|    no    |
        |- PadMain         |      792|      792|        66|          -|          -|    12|    no    |
        | + CopyMain       |       64|       64|         1|          -|          -|    64|    no    |
        |- PadBottomWidth  |       66|       66|         1|          -|          -|    66|    no    |
        +------------------+---------+---------+----------+-----------+-----------+------+----------+

============================================================
+ Verbose Summary: Synthesis Manager
============================================================
InlineROM: 1
ExposeGlobal: 0
============================================================
+ Verbose Summary: CDFG Model
============================================================
IsTopModel: 0
ResetActiveHigh: 1
IsCombinational: 2
IsDatapathOnly: 0
HasWiredReturn: 1
HasMFsm: 0
HasVarLatency: 1
IsPipeline: 0
IsRtlPipelined: 0
IsInstanceOverlapped: 0
IsDontTouch: 0
HasImplIP: 0
IsGatedGlobalClock: 0


============================================================
+ Verbose Summary: Schedule
============================================================
* Number of FSM states : 5
* Pipeline : 0
* Dataflow Pipeline: 0

* FSM state transitions: 
1 --> 2 
2 --> 2 3 
3 --> 4 5 
4 --> 4 3 
5 --> 5 

* FSM state operations: 

State 1 <SV = 0> <Delay = 0.60>
ST_1 : Operation 6 [1/1] (0.00ns)   --->   "call void (...)* @_ssdm_op_SpecInterface(i8* %res_V_data_V, [8 x i8]* @ap_fifo_str, i32 0, i32 0, [1 x i8]* @p_str857, i32 0, i32 0, [1 x i8]* @p_str858, [1 x i8]* @p_str859, [1 x i8]* @p_str860, i32 2, i32 2, i32 16, i32 16, [1 x i8]* @p_str861, [1 x i8]* @p_str862)"   --->   Operation 6 'specinterface' <Predicate = true> <Delay = 0.00>
ST_1 : Operation 7 [1/1] (0.00ns)   --->   "call void (...)* @_ssdm_op_SpecInterface(i8* %data_V_data_V, [8 x i8]* @ap_fifo_str, i32 0, i32 0, [1 x i8]* @p_str850, i32 0, i32 0, [1 x i8]* @p_str851, [1 x i8]* @p_str852, [1 x i8]* @p_str853, i32 2, i32 2, i32 16, i32 16, [1 x i8]* @p_str854, [1 x i8]* @p_str855)"   --->   Operation 7 'specinterface' <Predicate = true> <Delay = 0.00>
ST_1 : Operation 8 [1/1] (0.00ns)   --->   "call void (...)* @_ssdm_op_SpecLoopName([7 x i8]* @p_str97) nounwind" [firmware/nnet_utils/nnet_padding_stream.h:51]   --->   Operation 8 'specloopname' <Predicate = true> <Delay = 0.00>
ST_1 : Operation 9 [1/1] (0.00ns)   --->   "%tmp = call i32 (...)* @_ssdm_op_SpecRegionBegin([7 x i8]* @p_str97)" [firmware/nnet_utils/nnet_padding_stream.h:51]   --->   Operation 9 'specregionbegin' 'tmp' <Predicate = true> <Delay = 0.00>
ST_1 : Operation 10 [1/1] (0.60ns)   --->   "br label %0" [firmware/nnet_utils/nnet_padding_stream.h:53]   --->   Operation 10 'br' <Predicate = true> <Delay = 0.60>

State 2 <SV = 1> <Delay = 1.21>
ST_2 : Operation 11 [1/1] (0.00ns)   --->   "%j_0 = phi i7 [ 0, %PadTop_begin ], [ %j, %1 ]"   --->   Operation 11 'phi' 'j_0' <Predicate = true> <Delay = 0.00>
ST_2 : Operation 12 [1/1] (0.59ns)   --->   "%icmp_ln53 = icmp eq i7 %j_0, -62" [firmware/nnet_utils/nnet_padding_stream.h:53]   --->   Operation 12 'icmp' 'icmp_ln53' <Predicate = true> <Delay = 0.59> <Core = "Cmp">   --->   Core 25 'Cmp' <Latency = 0> <II = 1> <Delay = 0.59> <FuncUnit> <Opcode : 'icmp'> <InPorts = 2> <OutPorts = 1>
ST_2 : Operation 13 [1/1] (0.00ns)   --->   "%empty = call i32 (...)* @_ssdm_op_SpecLoopTripCount(i64 66, i64 66, i64 66)"   --->   Operation 13 'speclooptripcount' 'empty' <Predicate = true> <Delay = 0.00>
ST_2 : Operation 14 [1/1] (0.40ns)   --->   "%j = add i7 %j_0, 1" [firmware/nnet_utils/nnet_padding_stream.h:53]   --->   Operation 14 'add' 'j' <Predicate = true> <Delay = 0.40> <Core = "AddSub">   --->   Core 14 'AddSub' <Latency = 0> <II = 1> <Delay = 0.40> <FuncUnit> <Opcode : 'add' 'sub'> <InPorts = 2> <OutPorts = 1>
ST_2 : Operation 15 [1/1] (0.00ns)   --->   "br i1 %icmp_ln53, label %PadTop_end, label %1" [firmware/nnet_utils/nnet_padding_stream.h:53]   --->   Operation 15 'br' <Predicate = true> <Delay = 0.00>
ST_2 : Operation 16 [1/1] (0.00ns)   --->   "call void (...)* @_ssdm_op_SpecLoopName([12 x i8]* @p_str98) nounwind" [firmware/nnet_utils/nnet_padding_stream.h:53]   --->   Operation 16 'specloopname' <Predicate = (!icmp_ln53)> <Delay = 0.00>
ST_2 : Operation 17 [1/1] (1.21ns)   --->   "call void @_ssdm_op_Write.ap_fifo.volatile.i8P(i8* %res_V_data_V, i8 0)" [firmware/nnet_utils/nnet_padding_stream.h:15->firmware/nnet_utils/nnet_padding_stream.h:54]   --->   Operation 17 'write' <Predicate = (!icmp_ln53)> <Delay = 1.21> <Core = "FIFO_SRL">   --->   Core 36 'FIFO_SRL' <Latency = 0> <II = 1> <Delay = 1.45> <Storage> <Opcode : 'read' 'write' 'nbread' 'nbwrite'> <Ports = 0> <Width = 8> <Depth = 0> <FIFO>
ST_2 : Operation 18 [1/1] (0.00ns)   --->   "br label %0" [firmware/nnet_utils/nnet_padding_stream.h:53]   --->   Operation 18 'br' <Predicate = (!icmp_ln53)> <Delay = 0.00>
ST_2 : Operation 19 [1/1] (0.00ns)   --->   "%empty_71 = call i32 (...)* @_ssdm_op_SpecRegionEnd([7 x i8]* @p_str97, i32 %tmp)" [firmware/nnet_utils/nnet_padding_stream.h:56]   --->   Operation 19 'specregionend' 'empty_71' <Predicate = (icmp_ln53)> <Delay = 0.00>
ST_2 : Operation 20 [1/1] (0.60ns)   --->   "br label %.preheader3" [firmware/nnet_utils/nnet_padding_stream.h:59]   --->   Operation 20 'br' <Predicate = (icmp_ln53)> <Delay = 0.60>

State 3 <SV = 2> <Delay = 1.21>
ST_3 : Operation 21 [1/1] (0.00ns)   --->   "%i1_0 = phi i4 [ %i, %PadMain_end ], [ 0, %PadTop_end ]"   --->   Operation 21 'phi' 'i1_0' <Predicate = true> <Delay = 0.00>
ST_3 : Operation 22 [1/1] (0.65ns)   --->   "%icmp_ln59 = icmp eq i4 %i1_0, -4" [firmware/nnet_utils/nnet_padding_stream.h:59]   --->   Operation 22 'icmp' 'icmp_ln59' <Predicate = true> <Delay = 0.65> <Core = "Cmp">   --->   Core 25 'Cmp' <Latency = 0> <II = 1> <Delay = 0.59> <FuncUnit> <Opcode : 'icmp'> <InPorts = 2> <OutPorts = 1>
ST_3 : Operation 23 [1/1] (0.00ns)   --->   "%empty_72 = call i32 (...)* @_ssdm_op_SpecLoopTripCount(i64 12, i64 12, i64 12)"   --->   Operation 23 'speclooptripcount' 'empty_72' <Predicate = true> <Delay = 0.00>
ST_3 : Operation 24 [1/1] (0.33ns)   --->   "%i = add i4 %i1_0, 1" [firmware/nnet_utils/nnet_padding_stream.h:59]   --->   Operation 24 'add' 'i' <Predicate = true> <Delay = 0.33> <Core = "AddSub">   --->   Core 14 'AddSub' <Latency = 0> <II = 1> <Delay = 0.40> <FuncUnit> <Opcode : 'add' 'sub'> <InPorts = 2> <OutPorts = 1>
ST_3 : Operation 25 [1/1] (0.00ns)   --->   "br i1 %icmp_ln59, label %PadBottom_begin, label %PadMain_begin" [firmware/nnet_utils/nnet_padding_stream.h:59]   --->   Operation 25 'br' <Predicate = true> <Delay = 0.00>
ST_3 : Operation 26 [1/1] (0.00ns)   --->   "call void (...)* @_ssdm_op_SpecLoopName([8 x i8]* @p_str99) nounwind" [firmware/nnet_utils/nnet_padding_stream.h:59]   --->   Operation 26 'specloopname' <Predicate = (!icmp_ln59)> <Delay = 0.00>
ST_3 : Operation 27 [1/1] (0.00ns)   --->   "%tmp_2 = call i32 (...)* @_ssdm_op_SpecRegionBegin([8 x i8]* @p_str99)" [firmware/nnet_utils/nnet_padding_stream.h:59]   --->   Operation 27 'specregionbegin' 'tmp_2' <Predicate = (!icmp_ln59)> <Delay = 0.00>
ST_3 : Operation 28 [1/1] (0.00ns)   --->   "call void (...)* @_ssdm_op_SpecLoopName([8 x i8]* @p_str100) nounwind" [firmware/nnet_utils/nnet_padding_stream.h:61]   --->   Operation 28 'specloopname' <Predicate = (!icmp_ln59)> <Delay = 0.00>
ST_3 : Operation 29 [1/1] (1.21ns)   --->   "call void @_ssdm_op_Write.ap_fifo.volatile.i8P(i8* %res_V_data_V, i8 0)" [firmware/nnet_utils/nnet_padding_stream.h:15->firmware/nnet_utils/nnet_padding_stream.h:62]   --->   Operation 29 'write' <Predicate = (!icmp_ln59)> <Delay = 1.21> <Core = "FIFO_SRL">   --->   Core 36 'FIFO_SRL' <Latency = 0> <II = 1> <Delay = 1.45> <Storage> <Opcode : 'read' 'write' 'nbread' 'nbwrite'> <Ports = 0> <Width = 8> <Depth = 0> <FIFO>
ST_3 : Operation 30 [1/1] (0.60ns)   --->   "br label %.preheader2" [firmware/nnet_utils/nnet_padding_stream.h:65]   --->   Operation 30 'br' <Predicate = (!icmp_ln59)> <Delay = 0.60>
ST_3 : Operation 31 [1/1] (0.00ns)   --->   "call void (...)* @_ssdm_op_SpecLoopName([10 x i8]* @p_str103) nounwind" [firmware/nnet_utils/nnet_padding_stream.h:75]   --->   Operation 31 'specloopname' <Predicate = (icmp_ln59)> <Delay = 0.00>
ST_3 : Operation 32 [1/1] (0.00ns)   --->   "%tmp_s = call i32 (...)* @_ssdm_op_SpecRegionBegin([10 x i8]* @p_str103)" [firmware/nnet_utils/nnet_padding_stream.h:75]   --->   Operation 32 'specregionbegin' 'tmp_s' <Predicate = (icmp_ln59)> <Delay = 0.00>
ST_3 : Operation 33 [1/1] (0.60ns)   --->   "br label %3" [firmware/nnet_utils/nnet_padding_stream.h:77]   --->   Operation 33 'br' <Predicate = (icmp_ln59)> <Delay = 0.60>

State 4 <SV = 3> <Delay = 2.43>
ST_4 : Operation 34 [1/1] (0.00ns)   --->   "%j3_0 = phi i7 [ %j_15, %2 ], [ 0, %PadMain_begin ]"   --->   Operation 34 'phi' 'j3_0' <Predicate = true> <Delay = 0.00>
ST_4 : Operation 35 [1/1] (0.59ns)   --->   "%icmp_ln65 = icmp eq i7 %j3_0, -64" [firmware/nnet_utils/nnet_padding_stream.h:65]   --->   Operation 35 'icmp' 'icmp_ln65' <Predicate = true> <Delay = 0.59> <Core = "Cmp">   --->   Core 25 'Cmp' <Latency = 0> <II = 1> <Delay = 0.59> <FuncUnit> <Opcode : 'icmp'> <InPorts = 2> <OutPorts = 1>
ST_4 : Operation 36 [1/1] (0.00ns)   --->   "%empty_73 = call i32 (...)* @_ssdm_op_SpecLoopTripCount(i64 64, i64 64, i64 64)"   --->   Operation 36 'speclooptripcount' 'empty_73' <Predicate = true> <Delay = 0.00>
ST_4 : Operation 37 [1/1] (0.40ns)   --->   "%j_15 = add i7 %j3_0, 1" [firmware/nnet_utils/nnet_padding_stream.h:65]   --->   Operation 37 'add' 'j_15' <Predicate = true> <Delay = 0.40> <Core = "AddSub">   --->   Core 14 'AddSub' <Latency = 0> <II = 1> <Delay = 0.40> <FuncUnit> <Opcode : 'add' 'sub'> <InPorts = 2> <OutPorts = 1>
ST_4 : Operation 38 [1/1] (0.00ns)   --->   "br i1 %icmp_ln65, label %PadMain_end, label %2" [firmware/nnet_utils/nnet_padding_stream.h:65]   --->   Operation 38 'br' <Predicate = true> <Delay = 0.00>
ST_4 : Operation 39 [1/1] (0.00ns)   --->   "call void (...)* @_ssdm_op_SpecLoopName([9 x i8]* @p_str101) nounwind" [firmware/nnet_utils/nnet_padding_stream.h:65]   --->   Operation 39 'specloopname' <Predicate = (!icmp_ln65)> <Delay = 0.00>
ST_4 : Operation 40 [1/1] (1.21ns)   --->   "%tmp_data_0_V = call i8 @_ssdm_op_Read.ap_fifo.volatile.i8P(i8* %data_V_data_V)" [firmware/nnet_utils/nnet_padding_stream.h:20->firmware/nnet_utils/nnet_padding_stream.h:66]   --->   Operation 40 'read' 'tmp_data_0_V' <Predicate = (!icmp_ln65)> <Delay = 1.21> <Core = "FIFO_SRL">   --->   Core 36 'FIFO_SRL' <Latency = 0> <II = 1> <Delay = 1.45> <Storage> <Opcode : 'read' 'write' 'nbread' 'nbwrite'> <Ports = 0> <Width = 8> <Depth = 0> <FIFO>
ST_4 : Operation 41 [1/1] (1.21ns)   --->   "call void @_ssdm_op_Write.ap_fifo.volatile.i8P(i8* %res_V_data_V, i8 %tmp_data_0_V)" [firmware/nnet_utils/nnet_padding_stream.h:26->firmware/nnet_utils/nnet_padding_stream.h:66]   --->   Operation 41 'write' <Predicate = (!icmp_ln65)> <Delay = 1.21> <Core = "FIFO_SRL">   --->   Core 36 'FIFO_SRL' <Latency = 0> <II = 1> <Delay = 1.45> <Storage> <Opcode : 'read' 'write' 'nbread' 'nbwrite'> <Ports = 0> <Width = 8> <Depth = 0> <FIFO>
ST_4 : Operation 42 [1/1] (0.00ns)   --->   "br label %.preheader2" [firmware/nnet_utils/nnet_padding_stream.h:65]   --->   Operation 42 'br' <Predicate = (!icmp_ln65)> <Delay = 0.00>
ST_4 : Operation 43 [1/1] (0.00ns)   --->   "call void (...)* @_ssdm_op_SpecLoopName([9 x i8]* @p_str102) nounwind" [firmware/nnet_utils/nnet_padding_stream.h:69]   --->   Operation 43 'specloopname' <Predicate = (icmp_ln65)> <Delay = 0.00>
ST_4 : Operation 44 [1/1] (1.21ns)   --->   "call void @_ssdm_op_Write.ap_fifo.volatile.i8P(i8* %res_V_data_V, i8 0)" [firmware/nnet_utils/nnet_padding_stream.h:15->firmware/nnet_utils/nnet_padding_stream.h:70]   --->   Operation 44 'write' <Predicate = (icmp_ln65)> <Delay = 1.21> <Core = "FIFO_SRL">   --->   Core 36 'FIFO_SRL' <Latency = 0> <II = 1> <Delay = 1.45> <Storage> <Opcode : 'read' 'write' 'nbread' 'nbwrite'> <Ports = 0> <Width = 8> <Depth = 0> <FIFO>
ST_4 : Operation 45 [1/1] (0.00ns)   --->   "%empty_74 = call i32 (...)* @_ssdm_op_SpecRegionEnd([8 x i8]* @p_str99, i32 %tmp_2)" [firmware/nnet_utils/nnet_padding_stream.h:72]   --->   Operation 45 'specregionend' 'empty_74' <Predicate = (icmp_ln65)> <Delay = 0.00>
ST_4 : Operation 46 [1/1] (0.00ns)   --->   "br label %.preheader3" [firmware/nnet_utils/nnet_padding_stream.h:59]   --->   Operation 46 'br' <Predicate = (icmp_ln65)> <Delay = 0.00>

State 5 <SV = 3> <Delay = 1.21>
ST_5 : Operation 47 [1/1] (0.00ns)   --->   "%j6_0 = phi i7 [ 0, %PadBottom_begin ], [ %j_14, %4 ]"   --->   Operation 47 'phi' 'j6_0' <Predicate = true> <Delay = 0.00>
ST_5 : Operation 48 [1/1] (0.59ns)   --->   "%icmp_ln77 = icmp eq i7 %j6_0, -62" [firmware/nnet_utils/nnet_padding_stream.h:77]   --->   Operation 48 'icmp' 'icmp_ln77' <Predicate = true> <Delay = 0.59> <Core = "Cmp">   --->   Core 25 'Cmp' <Latency = 0> <II = 1> <Delay = 0.59> <FuncUnit> <Opcode : 'icmp'> <InPorts = 2> <OutPorts = 1>
ST_5 : Operation 49 [1/1] (0.00ns)   --->   "%empty_75 = call i32 (...)* @_ssdm_op_SpecLoopTripCount(i64 66, i64 66, i64 66)"   --->   Operation 49 'speclooptripcount' 'empty_75' <Predicate = true> <Delay = 0.00>
ST_5 : Operation 50 [1/1] (0.40ns)   --->   "%j_14 = add i7 %j6_0, 1" [firmware/nnet_utils/nnet_padding_stream.h:77]   --->   Operation 50 'add' 'j_14' <Predicate = true> <Delay = 0.40> <Core = "AddSub">   --->   Core 14 'AddSub' <Latency = 0> <II = 1> <Delay = 0.40> <FuncUnit> <Opcode : 'add' 'sub'> <InPorts = 2> <OutPorts = 1>
ST_5 : Operation 51 [1/1] (0.00ns)   --->   "br i1 %icmp_ln77, label %PadBottom_end, label %4" [firmware/nnet_utils/nnet_padding_stream.h:77]   --->   Operation 51 'br' <Predicate = true> <Delay = 0.00>
ST_5 : Operation 52 [1/1] (0.00ns)   --->   "call void (...)* @_ssdm_op_SpecLoopName([15 x i8]* @p_str104) nounwind" [firmware/nnet_utils/nnet_padding_stream.h:77]   --->   Operation 52 'specloopname' <Predicate = (!icmp_ln77)> <Delay = 0.00>
ST_5 : Operation 53 [1/1] (1.21ns)   --->   "call void @_ssdm_op_Write.ap_fifo.volatile.i8P(i8* %res_V_data_V, i8 0)" [firmware/nnet_utils/nnet_padding_stream.h:15->firmware/nnet_utils/nnet_padding_stream.h:78]   --->   Operation 53 'write' <Predicate = (!icmp_ln77)> <Delay = 1.21> <Core = "FIFO_SRL">   --->   Core 36 'FIFO_SRL' <Latency = 0> <II = 1> <Delay = 1.45> <Storage> <Opcode : 'read' 'write' 'nbread' 'nbwrite'> <Ports = 0> <Width = 8> <Depth = 0> <FIFO>
ST_5 : Operation 54 [1/1] (0.00ns)   --->   "br label %3" [firmware/nnet_utils/nnet_padding_stream.h:77]   --->   Operation 54 'br' <Predicate = (!icmp_ln77)> <Delay = 0.00>
ST_5 : Operation 55 [1/1] (0.00ns)   --->   "%empty_76 = call i32 (...)* @_ssdm_op_SpecRegionEnd([10 x i8]* @p_str103, i32 %tmp_s)" [firmware/nnet_utils/nnet_padding_stream.h:80]   --->   Operation 55 'specregionend' 'empty_76' <Predicate = (icmp_ln77)> <Delay = 0.00>
ST_5 : Operation 56 [1/1] (0.00ns)   --->   "ret void" [firmware/nnet_utils/nnet_padding_stream.h:81]   --->   Operation 56 'ret' <Predicate = (icmp_ln77)> <Delay = 0.00>


============================================================
+ Verbose Summary: Binding
============================================================
STG Binding: 
---------------- STG Properties BEGIN ----------------
- Is combinational: 0
- Is one-state seq: 0
- Is datapath-only: 0
- Is pipelined: 0
- Is top level: 0
Port [ Return ] is wired: 1; IO mode=ap_ctrl_hs:ce=0
Port [ data_V_data_V]:  wired=1; compound=1; hidden=0; nouse=0; global=0; static=0; extern=0; dir=0; type=3; pingpong=0; private_global=0; IO mode=ap_fifo:ce=0
Port [ res_V_data_V]:  wired=1; compound=1; hidden=0; nouse=0; global=0; static=0; extern=0; dir=1; type=3; pingpong=0; private_global=0; IO mode=ap_fifo:ce=0
---------------- STG Properties END ------------------

---------------- Datapath Model BEGIN ----------------

<LifeTime>
<method=bitvector/>
specinterface_ln0 (specinterface    ) [ 000000]
specinterface_ln0 (specinterface    ) [ 000000]
specloopname_ln51 (specloopname     ) [ 000000]
tmp               (specregionbegin  ) [ 001000]
br_ln53           (br               ) [ 011000]
j_0               (phi              ) [ 001000]
icmp_ln53         (icmp             ) [ 001000]
empty             (speclooptripcount) [ 000000]
j                 (add              ) [ 011000]
br_ln53           (br               ) [ 000000]
specloopname_ln53 (specloopname     ) [ 000000]
write_ln15        (write            ) [ 000000]
br_ln53           (br               ) [ 011000]
empty_71          (specregionend    ) [ 000000]
br_ln59           (br               ) [ 001110]
i1_0              (phi              ) [ 000100]
icmp_ln59         (icmp             ) [ 000110]
empty_72          (speclooptripcount) [ 000000]
i                 (add              ) [ 001110]
br_ln59           (br               ) [ 000000]
specloopname_ln59 (specloopname     ) [ 000000]
tmp_2             (specregionbegin  ) [ 000010]
specloopname_ln61 (specloopname     ) [ 000000]
write_ln15        (write            ) [ 000000]
br_ln65           (br               ) [ 000110]
specloopname_ln75 (specloopname     ) [ 000000]
tmp_s             (specregionbegin  ) [ 000001]
br_ln77           (br               ) [ 000111]
j3_0              (phi              ) [ 000010]
icmp_ln65         (icmp             ) [ 000110]
empty_73          (speclooptripcount) [ 000000]
j_15              (add              ) [ 000110]
br_ln65           (br               ) [ 000000]
specloopname_ln65 (specloopname     ) [ 000000]
tmp_data_0_V      (read             ) [ 000000]
write_ln26        (write            ) [ 000000]
br_ln65           (br               ) [ 000110]
specloopname_ln69 (specloopname     ) [ 000000]
write_ln15        (write            ) [ 000000]
empty_74          (specregionend    ) [ 000000]
br_ln59           (br               ) [ 001110]
j6_0              (phi              ) [ 000001]
icmp_ln77         (icmp             ) [ 000001]
empty_75          (speclooptripcount) [ 000000]
j_14              (add              ) [ 000101]
br_ln77           (br               ) [ 000000]
specloopname_ln77 (specloopname     ) [ 000000]
write_ln15        (write            ) [ 000000]
br_ln77           (br               ) [ 000101]
empty_76          (specregionend    ) [ 000000]
ret_ln81          (ret              ) [ 000000]
</LifeTime>

<model>

<comp_list>
<comp id="0" class="1000" name="data_V_data_V">
<pin_list>
<pin id="1" dir="1" index="0" bw="1" slack="0"/>
</pin_list>
<bind>
<StgValue><ssdm name="data_V_data_V"/></StgValue>
</bind>
</comp>

<comp id="2" class="1000" name="res_V_data_V">
<pin_list>
<pin id="3" dir="1" index="0" bw="1" slack="0"/>
</pin_list>
<bind>
<StgValue><ssdm name="res_V_data_V"/></StgValue>
</bind>
</comp>

<comp id="4" class="1001" name="const_4">
<pin_list>
<pin id="5" dir="1" index="0" bw="1" slack="2147483647"/>
</pin_list>
<bind>
<StgValue><ssdm name="_ssdm_op_SpecInterface"/></StgValue>
</bind>
</comp>

<comp id="6" class="1001" name="const_6">
<pin_list>
<pin id="7" dir="1" index="0" bw="1" slack="2147483647"/>
</pin_list>
<bind>
<StgValue><ssdm name="ap_fifo_str"/></StgValue>
</bind>
</comp>

<comp id="8" class="1001" name="const_8">
<pin_list>
<pin id="9" dir="1" index="0" bw="1" slack="2147483647"/>
</pin_list>
<bind>
<StgValue><ssdm name=""/></StgValue>
</bind>
</comp>

<comp id="10" class="1001" name="const_10">
<pin_list>
<pin id="11" dir="1" index="0" bw="1" slack="2147483647"/>
</pin_list>
<bind>
<StgValue><ssdm name="p_str857"/></StgValue>
</bind>
</comp>

<comp id="12" class="1001" name="const_12">
<pin_list>
<pin id="13" dir="1" index="0" bw="1" slack="2147483647"/>
</pin_list>
<bind>
<StgValue><ssdm name="p_str858"/></StgValue>
</bind>
</comp>

<comp id="14" class="1001" name="const_14">
<pin_list>
<pin id="15" dir="1" index="0" bw="1" slack="2147483647"/>
</pin_list>
<bind>
<StgValue><ssdm name="p_str859"/></StgValue>
</bind>
</comp>

<comp id="16" class="1001" name="const_16">
<pin_list>
<pin id="17" dir="1" index="0" bw="1" slack="2147483647"/>
</pin_list>
<bind>
<StgValue><ssdm name="p_str860"/></StgValue>
</bind>
</comp>

<comp id="18" class="1001" name="const_18">
<pin_list>
<pin id="19" dir="1" index="0" bw="1" slack="2147483647"/>
</pin_list>
<bind>
<StgValue><ssdm name=""/></StgValue>
</bind>
</comp>

<comp id="20" class="1001" name="const_20">
<pin_list>
<pin id="21" dir="1" index="0" bw="1" slack="2147483647"/>
</pin_list>
<bind>
<StgValue><ssdm name=""/></StgValue>
</bind>
</comp>

<comp id="22" class="1001" name="const_22">
<pin_list>
<pin id="23" dir="1" index="0" bw="1" slack="2147483647"/>
</pin_list>
<bind>
<StgValue><ssdm name="p_str861"/></StgValue>
</bind>
</comp>

<comp id="24" class="1001" name="const_24">
<pin_list>
<pin id="25" dir="1" index="0" bw="1" slack="2147483647"/>
</pin_list>
<bind>
<StgValue><ssdm name="p_str862"/></StgValue>
</bind>
</comp>

<comp id="26" class="1001" name="const_26">
<pin_list>
<pin id="27" dir="1" index="0" bw="1" slack="2147483647"/>
</pin_list>
<bind>
<StgValue><ssdm name="p_str850"/></StgValue>
</bind>
</comp>

<comp id="28" class="1001" name="const_28">
<pin_list>
<pin id="29" dir="1" index="0" bw="1" slack="2147483647"/>
</pin_list>
<bind>
<StgValue><ssdm name="p_str851"/></StgValue>
</bind>
</comp>

<comp id="30" class="1001" name="const_30">
<pin_list>
<pin id="31" dir="1" index="0" bw="1" slack="2147483647"/>
</pin_list>
<bind>
<StgValue><ssdm name="p_str852"/></StgValue>
</bind>
</comp>

<comp id="32" class="1001" name="const_32">
<pin_list>
<pin id="33" dir="1" index="0" bw="1" slack="2147483647"/>
</pin_list>
<bind>
<StgValue><ssdm name="p_str853"/></StgValue>
</bind>
</comp>

<comp id="34" class="1001" name="const_34">
<pin_list>
<pin id="35" dir="1" index="0" bw="1" slack="2147483647"/>
</pin_list>
<bind>
<StgValue><ssdm name="p_str854"/></StgValue>
</bind>
</comp>

<comp id="36" class="1001" name="const_36">
<pin_list>
<pin id="37" dir="1" index="0" bw="1" slack="2147483647"/>
</pin_list>
<bind>
<StgValue><ssdm name="p_str855"/></StgValue>
</bind>
</comp>

<comp id="38" class="1001" name="const_38">
<pin_list>
<pin id="39" dir="1" index="0" bw="1" slack="2147483647"/>
</pin_list>
<bind>
<StgValue><ssdm name="_ssdm_op_SpecLoopName"/></StgValue>
</bind>
</comp>

<comp id="40" class="1001" name="const_40">
<pin_list>
<pin id="41" dir="1" index="0" bw="1" slack="2147483647"/>
</pin_list>
<bind>
<StgValue><ssdm name="p_str97"/></StgValue>
</bind>
</comp>

<comp id="42" class="1001" name="const_42">
<pin_list>
<pin id="43" dir="1" index="0" bw="1" slack="2147483647"/>
</pin_list>
<bind>
<StgValue><ssdm name="_ssdm_op_SpecRegionBegin"/></StgValue>
</bind>
</comp>

<comp id="44" class="1001" name="const_44">
<pin_list>
<pin id="45" dir="1" index="0" bw="1" slack="1"/>
</pin_list>
<bind>
<StgValue><ssdm name=""/></StgValue>
</bind>
</comp>

<comp id="46" class="1001" name="const_46">
<pin_list>
<pin id="47" dir="1" index="0" bw="1" slack="0"/>
</pin_list>
<bind>
<StgValue><ssdm name=""/></StgValue>
</bind>
</comp>

<comp id="48" class="1001" name="const_48">
<pin_list>
<pin id="49" dir="1" index="0" bw="1" slack="2147483647"/>
</pin_list>
<bind>
<StgValue><ssdm name="_ssdm_op_SpecLoopTripCount"/></StgValue>
</bind>
</comp>

<comp id="50" class="1001" name="const_50">
<pin_list>
<pin id="51" dir="1" index="0" bw="1" slack="2147483647"/>
</pin_list>
<bind>
<StgValue><ssdm name=""/></StgValue>
</bind>
</comp>

<comp id="52" class="1001" name="const_52">
<pin_list>
<pin id="53" dir="1" index="0" bw="1" slack="0"/>
</pin_list>
<bind>
<StgValue><ssdm name=""/></StgValue>
</bind>
</comp>

<comp id="54" class="1001" name="const_54">
<pin_list>
<pin id="55" dir="1" index="0" bw="1" slack="2147483647"/>
</pin_list>
<bind>
<StgValue><ssdm name="p_str98"/></StgValue>
</bind>
</comp>

<comp id="56" class="1001" name="const_56">
<pin_list>
<pin id="57" dir="1" index="0" bw="1" slack="0"/>
</pin_list>
<bind>
<StgValue><ssdm name="_ssdm_op_Write.ap_fifo.volatile.i8P"/></StgValue>
</bind>
</comp>

<comp id="58" class="1001" name="const_58">
<pin_list>
<pin id="59" dir="1" index="0" bw="1" slack="0"/>
</pin_list>
<bind>
<StgValue><ssdm name=""/></StgValue>
</bind>
</comp>

<comp id="60" class="1001" name="const_60">
<pin_list>
<pin id="61" dir="1" index="0" bw="1" slack="2147483647"/>
</pin_list>
<bind>
<StgValue><ssdm name="_ssdm_op_SpecRegionEnd"/></StgValue>
</bind>
</comp>

<comp id="62" class="1001" name="const_62">
<pin_list>
<pin id="63" dir="1" index="0" bw="1" slack="1"/>
</pin_list>
<bind>
<StgValue><ssdm name=""/></StgValue>
</bind>
</comp>

<comp id="64" class="1001" name="const_64">
<pin_list>
<pin id="65" dir="1" index="0" bw="1" slack="0"/>
</pin_list>
<bind>
<StgValue><ssdm name=""/></StgValue>
</bind>
</comp>

<comp id="66" class="1001" name="const_66">
<pin_list>
<pin id="67" dir="1" index="0" bw="1" slack="2147483647"/>
</pin_list>
<bind>
<StgValue><ssdm name=""/></StgValue>
</bind>
</comp>

<comp id="68" class="1001" name="const_68">
<pin_list>
<pin id="69" dir="1" index="0" bw="1" slack="0"/>
</pin_list>
<bind>
<StgValue><ssdm name=""/></StgValue>
</bind>
</comp>

<comp id="70" class="1001" name="const_70">
<pin_list>
<pin id="71" dir="1" index="0" bw="1" slack="2147483647"/>
</pin_list>
<bind>
<StgValue><ssdm name="p_str99"/></StgValue>
</bind>
</comp>

<comp id="72" class="1001" name="const_72">
<pin_list>
<pin id="73" dir="1" index="0" bw="1" slack="2147483647"/>
</pin_list>
<bind>
<StgValue><ssdm name="p_str100"/></StgValue>
</bind>
</comp>

<comp id="74" class="1001" name="const_74">
<pin_list>
<pin id="75" dir="1" index="0" bw="1" slack="2147483647"/>
</pin_list>
<bind>
<StgValue><ssdm name="p_str103"/></StgValue>
</bind>
</comp>

<comp id="76" class="1001" name="const_76">
<pin_list>
<pin id="77" dir="1" index="0" bw="1" slack="0"/>
</pin_list>
<bind>
<StgValue><ssdm name=""/></StgValue>
</bind>
</comp>

<comp id="78" class="1001" name="const_78">
<pin_list>
<pin id="79" dir="1" index="0" bw="1" slack="2147483647"/>
</pin_list>
<bind>
<StgValue><ssdm name=""/></StgValue>
</bind>
</comp>

<comp id="80" class="1001" name="const_80">
<pin_list>
<pin id="81" dir="1" index="0" bw="1" slack="2147483647"/>
</pin_list>
<bind>
<StgValue><ssdm name="p_str101"/></StgValue>
</bind>
</comp>

<comp id="82" class="1001" name="const_82">
<pin_list>
<pin id="83" dir="1" index="0" bw="1" slack="0"/>
</pin_list>
<bind>
<StgValue><ssdm name="_ssdm_op_Read.ap_fifo.volatile.i8P"/></StgValue>
</bind>
</comp>

<comp id="84" class="1001" name="const_84">
<pin_list>
<pin id="85" dir="1" index="0" bw="1" slack="2147483647"/>
</pin_list>
<bind>
<StgValue><ssdm name="p_str102"/></StgValue>
</bind>
</comp>

<comp id="86" class="1001" name="const_86">
<pin_list>
<pin id="87" dir="1" index="0" bw="1" slack="2147483647"/>
</pin_list>
<bind>
<StgValue><ssdm name="p_str104"/></StgValue>
</bind>
</comp>

<comp id="88" class="1004" name="grp_write_fu_88">
<pin_list>
<pin id="89" dir="0" index="0" bw="0" slack="0"/>
<pin id="90" dir="0" index="1" bw="8" slack="0"/>
<pin id="91" dir="0" index="2" bw="8" slack="0"/>
<pin id="92" dir="1" index="3" bw="0" slack="2147483647"/>
</pin_list>
<bind>
<opcode="write(1151) " fcode="write"/>
<opset="write_ln15/2 write_ln15/3 write_ln26/4 write_ln15/4 write_ln15/5 "/>
</bind>
</comp>

<comp id="96" class="1004" name="tmp_data_0_V_read_fu_96">
<pin_list>
<pin id="97" dir="0" index="0" bw="8" slack="0"/>
<pin id="98" dir="0" index="1" bw="8" slack="0"/>
<pin id="99" dir="1" index="2" bw="8" slack="0"/>
</pin_list>
<bind>
<opcode="read(1150) " fcode="read"/>
<opset="tmp_data_0_V/4 "/>
</bind>
</comp>

<comp id="103" class="1005" name="j_0_reg_103">
<pin_list>
<pin id="104" dir="0" index="0" bw="7" slack="1"/>
<pin id="105" dir="1" index="1" bw="7" slack="1"/>
</pin_list>
<bind>
<opset="j_0 (phireg) "/>
</bind>
</comp>

<comp id="107" class="1004" name="j_0_phi_fu_107">
<pin_list>
<pin id="108" dir="0" index="0" bw="1" slack="1"/>
<pin id="109" dir="0" index="1" bw="0" slack="2147483647"/>
<pin id="110" dir="0" index="2" bw="7" slack="0"/>
<pin id="111" dir="0" index="3" bw="0" slack="2147483647"/>
<pin id="112" dir="1" index="4" bw="7" slack="0"/>
</pin_list>
<bind>
<opcode="phi(47) " fcode="phi"/>
<opset="j_0/2 "/>
</bind>
</comp>

<comp id="114" class="1005" name="i1_0_reg_114">
<pin_list>
<pin id="115" dir="0" index="0" bw="4" slack="1"/>
<pin id="116" dir="1" index="1" bw="4" slack="1"/>
</pin_list>
<bind>
<opset="i1_0 (phireg) "/>
</bind>
</comp>

<comp id="118" class="1004" name="i1_0_phi_fu_118">
<pin_list>
<pin id="119" dir="0" index="0" bw="4" slack="0"/>
<pin id="120" dir="0" index="1" bw="0" slack="2147483647"/>
<pin id="121" dir="0" index="2" bw="1" slack="1"/>
<pin id="122" dir="0" index="3" bw="0" slack="2147483647"/>
<pin id="123" dir="1" index="4" bw="4" slack="0"/>
</pin_list>
<bind>
<opcode="phi(47) " fcode="phi"/>
<opset="i1_0/3 "/>
</bind>
</comp>

<comp id="125" class="1005" name="j3_0_reg_125">
<pin_list>
<pin id="126" dir="0" index="0" bw="7" slack="1"/>
<pin id="127" dir="1" index="1" bw="7" slack="1"/>
</pin_list>
<bind>
<opset="j3_0 (phireg) "/>
</bind>
</comp>

<comp id="129" class="1004" name="j3_0_phi_fu_129">
<pin_list>
<pin id="130" dir="0" index="0" bw="7" slack="0"/>
<pin id="131" dir="0" index="1" bw="0" slack="2147483647"/>
<pin id="132" dir="0" index="2" bw="1" slack="1"/>
<pin id="133" dir="0" index="3" bw="0" slack="2147483647"/>
<pin id="134" dir="1" index="4" bw="7" slack="0"/>
</pin_list>
<bind>
<opcode="phi(47) " fcode="phi"/>
<opset="j3_0/4 "/>
</bind>
</comp>

<comp id="136" class="1005" name="j6_0_reg_136">
<pin_list>
<pin id="137" dir="0" index="0" bw="7" slack="1"/>
<pin id="138" dir="1" index="1" bw="7" slack="1"/>
</pin_list>
<bind>
<opset="j6_0 (phireg) "/>
</bind>
</comp>

<comp id="140" class="1004" name="j6_0_phi_fu_140">
<pin_list>
<pin id="141" dir="0" index="0" bw="1" slack="1"/>
<pin id="142" dir="0" index="1" bw="0" slack="2147483647"/>
<pin id="143" dir="0" index="2" bw="7" slack="0"/>
<pin id="144" dir="0" index="3" bw="0" slack="2147483647"/>
<pin id="145" dir="1" index="4" bw="7" slack="0"/>
</pin_list>
<bind>
<opcode="phi(47) " fcode="phi"/>
<opset="j6_0/5 "/>
</bind>
</comp>

<comp id="147" class="1004" name="icmp_ln53_fu_147">
<pin_list>
<pin id="148" dir="0" index="0" bw="7" slack="0"/>
<pin id="149" dir="0" index="1" bw="7" slack="0"/>
<pin id="150" dir="1" index="2" bw="1" slack="2147483647"/>
</pin_list>
<bind>
<opcode="icmp(45) " fcode="icmp"/>
<opset="icmp_ln53/2 "/>
</bind>
</comp>

<comp id="153" class="1004" name="j_fu_153">
<pin_list>
<pin id="154" dir="0" index="0" bw="7" slack="0"/>
<pin id="155" dir="0" index="1" bw="1" slack="0"/>
<pin id="156" dir="1" index="2" bw="7" slack="0"/>
</pin_list>
<bind>
<opcode="add(8) " fcode="add"/>
<opset="j/2 "/>
</bind>
</comp>

<comp id="159" class="1004" name="icmp_ln59_fu_159">
<pin_list>
<pin id="160" dir="0" index="0" bw="4" slack="0"/>
<pin id="161" dir="0" index="1" bw="3" slack="0"/>
<pin id="162" dir="1" index="2" bw="1" slack="2147483647"/>
</pin_list>
<bind>
<opcode="icmp(45) " fcode="icmp"/>
<opset="icmp_ln59/3 "/>
</bind>
</comp>

<comp id="165" class="1004" name="i_fu_165">
<pin_list>
<pin id="166" dir="0" index="0" bw="4" slack="0"/>
<pin id="167" dir="0" index="1" bw="1" slack="0"/>
<pin id="168" dir="1" index="2" bw="4" slack="0"/>
</pin_list>
<bind>
<opcode="add(8) " fcode="add"/>
<opset="i/3 "/>
</bind>
</comp>

<comp id="171" class="1004" name="icmp_ln65_fu_171">
<pin_list>
<pin id="172" dir="0" index="0" bw="7" slack="0"/>
<pin id="173" dir="0" index="1" bw="7" slack="0"/>
<pin id="174" dir="1" index="2" bw="1" slack="2147483647"/>
</pin_list>
<bind>
<opcode="icmp(45) " fcode="icmp"/>
<opset="icmp_ln65/4 "/>
</bind>
</comp>

<comp id="177" class="1004" name="j_15_fu_177">
<pin_list>
<pin id="178" dir="0" index="0" bw="7" slack="0"/>
<pin id="179" dir="0" index="1" bw="1" slack="0"/>
<pin id="180" dir="1" index="2" bw="7" slack="0"/>
</pin_list>
<bind>
<opcode="add(8) " fcode="add"/>
<opset="j_15/4 "/>
</bind>
</comp>

<comp id="183" class="1004" name="icmp_ln77_fu_183">
<pin_list>
<pin id="184" dir="0" index="0" bw="7" slack="0"/>
<pin id="185" dir="0" index="1" bw="7" slack="0"/>
<pin id="186" dir="1" index="2" bw="1" slack="2147483647"/>
</pin_list>
<bind>
<opcode="icmp(45) " fcode="icmp"/>
<opset="icmp_ln77/5 "/>
</bind>
</comp>

<comp id="189" class="1004" name="j_14_fu_189">
<pin_list>
<pin id="190" dir="0" index="0" bw="7" slack="0"/>
<pin id="191" dir="0" index="1" bw="1" slack="0"/>
<pin id="192" dir="1" index="2" bw="7" slack="0"/>
</pin_list>
<bind>
<opcode="add(8) " fcode="add"/>
<opset="j_14/5 "/>
</bind>
</comp>

<comp id="198" class="1005" name="j_reg_198">
<pin_list>
<pin id="199" dir="0" index="0" bw="7" slack="0"/>
<pin id="200" dir="1" index="1" bw="7" slack="0"/>
</pin_list>
<bind>
<opset="j "/>
</bind>
</comp>

<comp id="206" class="1005" name="i_reg_206">
<pin_list>
<pin id="207" dir="0" index="0" bw="4" slack="0"/>
<pin id="208" dir="1" index="1" bw="4" slack="0"/>
</pin_list>
<bind>
<opset="i "/>
</bind>
</comp>

<comp id="214" class="1005" name="j_15_reg_214">
<pin_list>
<pin id="215" dir="0" index="0" bw="7" slack="0"/>
<pin id="216" dir="1" index="1" bw="7" slack="0"/>
</pin_list>
<bind>
<opset="j_15 "/>
</bind>
</comp>

<comp id="222" class="1005" name="j_14_reg_222">
<pin_list>
<pin id="223" dir="0" index="0" bw="7" slack="0"/>
<pin id="224" dir="1" index="1" bw="7" slack="0"/>
</pin_list>
<bind>
<opset="j_14 "/>
</bind>
</comp>

</comp_list>

<net_list>
<net id="93"><net_src comp="56" pin="0"/><net_sink comp="88" pin=0"/></net>

<net id="94"><net_src comp="2" pin="0"/><net_sink comp="88" pin=1"/></net>

<net id="95"><net_src comp="58" pin="0"/><net_sink comp="88" pin=2"/></net>

<net id="100"><net_src comp="82" pin="0"/><net_sink comp="96" pin=0"/></net>

<net id="101"><net_src comp="0" pin="0"/><net_sink comp="96" pin=1"/></net>

<net id="102"><net_src comp="96" pin="2"/><net_sink comp="88" pin=2"/></net>

<net id="106"><net_src comp="44" pin="0"/><net_sink comp="103" pin=0"/></net>

<net id="113"><net_src comp="103" pin="1"/><net_sink comp="107" pin=0"/></net>

<net id="117"><net_src comp="62" pin="0"/><net_sink comp="114" pin=0"/></net>

<net id="124"><net_src comp="114" pin="1"/><net_sink comp="118" pin=2"/></net>

<net id="128"><net_src comp="44" pin="0"/><net_sink comp="125" pin=0"/></net>

<net id="135"><net_src comp="125" pin="1"/><net_sink comp="129" pin=2"/></net>

<net id="139"><net_src comp="44" pin="0"/><net_sink comp="136" pin=0"/></net>

<net id="146"><net_src comp="136" pin="1"/><net_sink comp="140" pin=0"/></net>

<net id="151"><net_src comp="107" pin="4"/><net_sink comp="147" pin=0"/></net>

<net id="152"><net_src comp="46" pin="0"/><net_sink comp="147" pin=1"/></net>

<net id="157"><net_src comp="107" pin="4"/><net_sink comp="153" pin=0"/></net>

<net id="158"><net_src comp="52" pin="0"/><net_sink comp="153" pin=1"/></net>

<net id="163"><net_src comp="118" pin="4"/><net_sink comp="159" pin=0"/></net>

<net id="164"><net_src comp="64" pin="0"/><net_sink comp="159" pin=1"/></net>

<net id="169"><net_src comp="118" pin="4"/><net_sink comp="165" pin=0"/></net>

<net id="170"><net_src comp="68" pin="0"/><net_sink comp="165" pin=1"/></net>

<net id="175"><net_src comp="129" pin="4"/><net_sink comp="171" pin=0"/></net>

<net id="176"><net_src comp="76" pin="0"/><net_sink comp="171" pin=1"/></net>

<net id="181"><net_src comp="129" pin="4"/><net_sink comp="177" pin=0"/></net>

<net id="182"><net_src comp="52" pin="0"/><net_sink comp="177" pin=1"/></net>

<net id="187"><net_src comp="140" pin="4"/><net_sink comp="183" pin=0"/></net>

<net id="188"><net_src comp="46" pin="0"/><net_sink comp="183" pin=1"/></net>

<net id="193"><net_src comp="140" pin="4"/><net_sink comp="189" pin=0"/></net>

<net id="194"><net_src comp="52" pin="0"/><net_sink comp="189" pin=1"/></net>

<net id="201"><net_src comp="153" pin="2"/><net_sink comp="198" pin=0"/></net>

<net id="202"><net_src comp="198" pin="1"/><net_sink comp="107" pin=2"/></net>

<net id="209"><net_src comp="165" pin="2"/><net_sink comp="206" pin=0"/></net>

<net id="210"><net_src comp="206" pin="1"/><net_sink comp="118" pin=0"/></net>

<net id="217"><net_src comp="177" pin="2"/><net_sink comp="214" pin=0"/></net>

<net id="218"><net_src comp="214" pin="1"/><net_sink comp="129" pin=0"/></net>

<net id="225"><net_src comp="189" pin="2"/><net_sink comp="222" pin=0"/></net>

<net id="226"><net_src comp="222" pin="1"/><net_sink comp="140" pin=2"/></net>

</net_list>

</model> 
---------------- Datapath Model END ------------------

* FSMD analyzer results:
  - Output states:
	Port: res_V_data_V | {2 3 4 5 }
 - Input state : 
	Port: zeropad2d_cl<array<ap_fixed,1u>,array<ap_fixed<8,2,0,0,0>,1u>,config53> : data_V_data_V | {4 }
  - Chain level:
	State 1
	State 2
		icmp_ln53 : 1
		j : 1
		br_ln53 : 2
	State 3
		icmp_ln59 : 1
		i : 1
		br_ln59 : 2
	State 4
		icmp_ln65 : 1
		j_15 : 1
		br_ln65 : 2
	State 5
		icmp_ln77 : 1
		j_14 : 1
		br_ln77 : 2


============================================================
+ Verbose Summary: Datapath Resource usage 
============================================================

* Functional unit list:
|----------|-------------------------|---------|---------|
| Operation|     Functional Unit     |    FF   |   LUT   |
|----------|-------------------------|---------|---------|
|          |     icmp_ln53_fu_147    |    0    |    11   |
|   icmp   |     icmp_ln59_fu_159    |    0    |    9    |
|          |     icmp_ln65_fu_171    |    0    |    11   |
|          |     icmp_ln77_fu_183    |    0    |    11   |
|----------|-------------------------|---------|---------|
|          |         j_fu_153        |    0    |    7    |
|    add   |         i_fu_165        |    0    |    6    |
|          |       j_15_fu_177       |    0    |    7    |
|          |       j_14_fu_189       |    0    |    7    |
|----------|-------------------------|---------|---------|
|   write  |     grp_write_fu_88     |    0    |    0    |
|----------|-------------------------|---------|---------|
|   read   | tmp_data_0_V_read_fu_96 |    0    |    0    |
|----------|-------------------------|---------|---------|
|   Total  |                         |    0    |    69   |
|----------|-------------------------|---------|---------|

Memories:
N/A

* Register list:
+------------+--------+
|            |   FF   |
+------------+--------+
|i1_0_reg_114|    4   |
|  i_reg_206 |    4   |
|j3_0_reg_125|    7   |
|j6_0_reg_136|    7   |
| j_0_reg_103|    7   |
|j_14_reg_222|    7   |
|j_15_reg_214|    7   |
|  j_reg_198 |    7   |
+------------+--------+
|    Total   |   50   |
+------------+--------+

* Multiplexer (MUX) list: 
|-----------------|------|------|------|--------||---------||---------|
|       Comp      |  Pin | Size |  BW  | S x BW ||  Delay  ||   LUT   |
|-----------------|------|------|------|--------||---------||---------|
| grp_write_fu_88 |  p2  |   2  |   8  |   16   ||    9    |
|-----------------|------|------|------|--------||---------||---------|
|      Total      |      |      |      |   16   ||  0.603  ||    9    |
|-----------------|------|------|------|--------||---------||---------|



* Summary:
+-----------+--------+--------+--------+
|           |  Delay |   FF   |   LUT  |
+-----------+--------+--------+--------+
|  Function |    -   |    0   |   69   |
|   Memory  |    -   |    -   |    -   |
|Multiplexer|    0   |    -   |    9   |
|  Register |    -   |   50   |    -   |
+-----------+--------+--------+--------+
|   Total   |    0   |   50   |   78   |
+-----------+--------+--------+--------+
