

================================================================
== Vivado HLS Report for 'zeropad2d_cl_array_ap_fixed_4u_array_ap_fixed_8_2_0_0_0_4u_config60_s'
================================================================
* Date:           Mon Aug 12 14:06:03 2024

* Version:        2019.2 (Build 2704478 on Wed Nov 06 22:10:23 MST 2019)
* Project:        myproject_prj
* Solution:       solution1
* Product family: virtexuplus
* Target device:  xcvu13p-flga2577-2-e


================================================================
== Performance Estimates
================================================================
+ Timing: 
    * Summary: 
    +--------+---------+----------+------------+
    |  Clock |  Target | Estimated| Uncertainty|
    +--------+---------+----------+------------+
    |ap_clk  | 2.78 ns | 2.431 ns |   0.35 ns  |
    +--------+---------+----------+------------+

+ Latency: 
    * Summary: 
    +---------+---------+----------+----------+-----+-----+---------+
    |  Latency (cycles) |  Latency (absolute) |  Interval | Pipeline|
    |   min   |   max   |    min   |    max   | min | max |   Type  |
    +---------+---------+----------+----------+-----+-----+---------+
    |      927|      927| 2.575 us | 2.575 us |  927|  927|   none  |
    +---------+---------+----------+----------+-----+-----+---------+

    + Detail: 
        * Instance: 
        N/A

        * Loop: 
        +------------------+---------+---------+----------+-----------+-----------+------+----------+
        |                  |  Latency (cycles) | Iteration|  Initiation Interval  | Trip |          |
        |     Loop Name    |   min   |   max   |  Latency |  achieved |   target  | Count| Pipelined|
        +------------------+---------+---------+----------+-----------+-----------+------+----------+
        |- PadTopWidth     |       66|       66|         1|          -|          -|    66|    no    |
        |- PadMain         |      792|      792|        66|          -|          -|    12|    no    |
        | + CopyMain       |       64|       64|         1|          -|          -|    64|    no    |
        |- PadBottomWidth  |       66|       66|         1|          -|          -|    66|    no    |
        +------------------+---------+---------+----------+-----------+-----------+------+----------+



================================================================
== Utilization Estimates
================================================================
* Summary: 
+---------------------+---------+-------+---------+---------+------+
|         Name        | BRAM_18K| DSP48E|    FF   |   LUT   | URAM |
+---------------------+---------+-------+---------+---------+------+
|DSP                  |        -|      -|        -|        -|     -|
|Expression           |        -|      -|        0|       83|     -|
|FIFO                 |        -|      -|        -|        -|     -|
|Instance             |        -|      -|        -|        -|     -|
|Memory               |        -|      -|        -|        -|     -|
|Multiplexer          |        -|      -|        -|      219|     -|
|Register             |        -|      -|       36|        -|     -|
+---------------------+---------+-------+---------+---------+------+
|Total                |        0|      0|       36|      302|     0|
+---------------------+---------+-------+---------+---------+------+
|Available SLR        |     1344|   3072|   864000|   432000|   320|
+---------------------+---------+-------+---------+---------+------+
|Utilization SLR (%)  |        0|      0|    ~0   |    ~0   |     0|
+---------------------+---------+-------+---------+---------+------+
|Available            |     5376|  12288|  3456000|  1728000|  1280|
+---------------------+---------+-------+---------+---------+------+
|Utilization (%)      |        0|      0|    ~0   |    ~0   |     0|
+---------------------+---------+-------+---------+---------+------+

+ Detail: 
    * Instance: 
    N/A

    * DSP48E: 
    N/A

    * Memory: 
    N/A

    * FIFO: 
    N/A

    * Expression: 
    +--------------------------+----------+-------+---+----+------------+------------+
    |       Variable Name      | Operation| DSP48E| FF| LUT| Bitwidth P0| Bitwidth P1|
    +--------------------------+----------+-------+---+----+------------+------------+
    |i_fu_266_p2               |     +    |      0|  0|   6|           4|           1|
    |j_5_fu_310_p2             |     +    |      0|  0|   7|           7|           1|
    |j_6_fu_278_p2             |     +    |      0|  0|   7|           7|           1|
    |j_fu_254_p2               |     +    |      0|  0|   7|           7|           1|
    |ap_block_state2           |    and   |      0|  0|   2|           1|           1|
    |ap_block_state3           |    and   |      0|  0|   2|           1|           1|
    |ap_block_state5           |    and   |      0|  0|   2|           1|           1|
    |io_acc_block_signal_op23  |    and   |      0|  0|   2|           1|           1|
    |io_acc_block_signal_op46  |    and   |      0|  0|   2|           1|           1|
    |icmp_ln53_fu_248_p2       |   icmp   |      0|  0|  11|           7|           7|
    |icmp_ln59_fu_260_p2       |   icmp   |      0|  0|   9|           4|           4|
    |icmp_ln65_fu_272_p2       |   icmp   |      0|  0|  11|           7|           8|
    |icmp_ln77_fu_304_p2       |   icmp   |      0|  0|  11|           7|           7|
    |ap_block_state1           |    or    |      0|  0|   2|           1|           1|
    |ap_block_state4           |    or    |      0|  0|   2|           1|           1|
    +--------------------------+----------+-------+---+----+------------+------------+
    |Total                     |          |      0|  0|  83|          57|          37|
    +--------------------------+----------+-------+---+----+------------+------------+

    * Multiplexer: 
    +-----------------------+----+-----------+-----+-----------+
    |          Name         | LUT| Input Size| Bits| Total Bits|
    +-----------------------+----+-----------+-----+-----------+
    |ap_NS_fsm              |  33|          6|    1|          6|
    |ap_done                |   9|          2|    1|          2|
    |data_V_data_0_V_blk_n  |   9|          2|    1|          2|
    |data_V_data_1_V_blk_n  |   9|          2|    1|          2|
    |data_V_data_2_V_blk_n  |   9|          2|    1|          2|
    |data_V_data_3_V_blk_n  |   9|          2|    1|          2|
    |i1_0_reg_215           |   9|          2|    4|          8|
    |j3_0_reg_226           |   9|          2|    7|         14|
    |j6_0_reg_237           |   9|          2|    7|         14|
    |j_0_reg_204            |   9|          2|    7|         14|
    |real_start             |   9|          2|    1|          2|
    |res_V_data_0_V_blk_n   |   9|          2|    1|          2|
    |res_V_data_0_V_din     |  15|          3|    8|         24|
    |res_V_data_1_V_blk_n   |   9|          2|    1|          2|
    |res_V_data_1_V_din     |  15|          3|    8|         24|
    |res_V_data_2_V_blk_n   |   9|          2|    1|          2|
    |res_V_data_2_V_din     |  15|          3|    8|         24|
    |res_V_data_3_V_blk_n   |   9|          2|    1|          2|
    |res_V_data_3_V_din     |  15|          3|    8|         24|
    +-----------------------+----+-----------+-----+-----------+
    |Total                  | 219|         46|   68|        172|
    +-----------------------+----+-----------+-----+-----------+

    * Register: 
    +----------------+---+----+-----+-----------+
    |      Name      | FF| LUT| Bits| Const Bits|
    +----------------+---+----+-----+-----------+
    |ap_CS_fsm       |  5|   0|    5|          0|
    |ap_done_reg     |  1|   0|    1|          0|
    |i1_0_reg_215    |  4|   0|    4|          0|
    |i_reg_327       |  4|   0|    4|          0|
    |j3_0_reg_226    |  7|   0|    7|          0|
    |j6_0_reg_237    |  7|   0|    7|          0|
    |j_0_reg_204     |  7|   0|    7|          0|
    |start_once_reg  |  1|   0|    1|          0|
    +----------------+---+----+-----+-----------+
    |Total           | 36|   0|   36|          0|
    +----------------+---+----+-----+-----------+



================================================================
== Interface
================================================================
* Summary: 
+-------------------------+-----+-----+------------+-------------------------------------------------------------------------+--------------+
|        RTL Ports        | Dir | Bits|  Protocol  |                              Source Object                              |    C Type    |
+-------------------------+-----+-----+------------+-------------------------------------------------------------------------+--------------+
|ap_clk                   |  in |    1| ap_ctrl_hs | zeropad2d_cl<array<ap_fixed,4u>,array<ap_fixed<8,2,0,0,0>,4u>,config60> | return value |
|ap_rst                   |  in |    1| ap_ctrl_hs | zeropad2d_cl<array<ap_fixed,4u>,array<ap_fixed<8,2,0,0,0>,4u>,config60> | return value |
|ap_start                 |  in |    1| ap_ctrl_hs | zeropad2d_cl<array<ap_fixed,4u>,array<ap_fixed<8,2,0,0,0>,4u>,config60> | return value |
|start_full_n             |  in |    1| ap_ctrl_hs | zeropad2d_cl<array<ap_fixed,4u>,array<ap_fixed<8,2,0,0,0>,4u>,config60> | return value |
|ap_done                  | out |    1| ap_ctrl_hs | zeropad2d_cl<array<ap_fixed,4u>,array<ap_fixed<8,2,0,0,0>,4u>,config60> | return value |
|ap_continue              |  in |    1| ap_ctrl_hs | zeropad2d_cl<array<ap_fixed,4u>,array<ap_fixed<8,2,0,0,0>,4u>,config60> | return value |
|ap_idle                  | out |    1| ap_ctrl_hs | zeropad2d_cl<array<ap_fixed,4u>,array<ap_fixed<8,2,0,0,0>,4u>,config60> | return value |
|ap_ready                 | out |    1| ap_ctrl_hs | zeropad2d_cl<array<ap_fixed,4u>,array<ap_fixed<8,2,0,0,0>,4u>,config60> | return value |
|start_out                | out |    1| ap_ctrl_hs | zeropad2d_cl<array<ap_fixed,4u>,array<ap_fixed<8,2,0,0,0>,4u>,config60> | return value |
|start_write              | out |    1| ap_ctrl_hs | zeropad2d_cl<array<ap_fixed,4u>,array<ap_fixed<8,2,0,0,0>,4u>,config60> | return value |
|data_V_data_0_V_dout     |  in |    8|   ap_fifo  |                             data_V_data_0_V                             |    pointer   |
|data_V_data_0_V_empty_n  |  in |    1|   ap_fifo  |                             data_V_data_0_V                             |    pointer   |
|data_V_data_0_V_read     | out |    1|   ap_fifo  |                             data_V_data_0_V                             |    pointer   |
|data_V_data_1_V_dout     |  in |    8|   ap_fifo  |                             data_V_data_1_V                             |    pointer   |
|data_V_data_1_V_empty_n  |  in |    1|   ap_fifo  |                             data_V_data_1_V                             |    pointer   |
|data_V_data_1_V_read     | out |    1|   ap_fifo  |                             data_V_data_1_V                             |    pointer   |
|data_V_data_2_V_dout     |  in |    8|   ap_fifo  |                             data_V_data_2_V                             |    pointer   |
|data_V_data_2_V_empty_n  |  in |    1|   ap_fifo  |                             data_V_data_2_V                             |    pointer   |
|data_V_data_2_V_read     | out |    1|   ap_fifo  |                             data_V_data_2_V                             |    pointer   |
|data_V_data_3_V_dout     |  in |    8|   ap_fifo  |                             data_V_data_3_V                             |    pointer   |
|data_V_data_3_V_empty_n  |  in |    1|   ap_fifo  |                             data_V_data_3_V                             |    pointer   |
|data_V_data_3_V_read     | out |    1|   ap_fifo  |                             data_V_data_3_V                             |    pointer   |
|res_V_data_0_V_din       | out |    8|   ap_fifo  |                              res_V_data_0_V                             |    pointer   |
|res_V_data_0_V_full_n    |  in |    1|   ap_fifo  |                              res_V_data_0_V                             |    pointer   |
|res_V_data_0_V_write     | out |    1|   ap_fifo  |                              res_V_data_0_V                             |    pointer   |
|res_V_data_1_V_din       | out |    8|   ap_fifo  |                              res_V_data_1_V                             |    pointer   |
|res_V_data_1_V_full_n    |  in |    1|   ap_fifo  |                              res_V_data_1_V                             |    pointer   |
|res_V_data_1_V_write     | out |    1|   ap_fifo  |                              res_V_data_1_V                             |    pointer   |
|res_V_data_2_V_din       | out |    8|   ap_fifo  |                              res_V_data_2_V                             |    pointer   |
|res_V_data_2_V_full_n    |  in |    1|   ap_fifo  |                              res_V_data_2_V                             |    pointer   |
|res_V_data_2_V_write     | out |    1|   ap_fifo  |                              res_V_data_2_V                             |    pointer   |
|res_V_data_3_V_din       | out |    8|   ap_fifo  |                              res_V_data_3_V                             |    pointer   |
|res_V_data_3_V_full_n    |  in |    1|   ap_fifo  |                              res_V_data_3_V                             |    pointer   |
|res_V_data_3_V_write     | out |    1|   ap_fifo  |                              res_V_data_3_V                             |    pointer   |
+-------------------------+-----+-----+------------+-------------------------------------------------------------------------+--------------+

============================================================
+ Verbose Summary: Synthesis Manager
============================================================
InlineROM: 1
ExposeGlobal: 0
============================================================
+ Verbose Summary: CDFG Model
============================================================
IsTopModel: 0
ResetActiveHigh: 1
IsCombinational: 2
IsDatapathOnly: 0
HasWiredReturn: 1
HasMFsm: 0
HasVarLatency: 1
IsPipeline: 0
IsRtlPipelined: 0
IsInstanceOverlapped: 0
IsDontTouch: 0
HasImplIP: 0
IsGatedGlobalClock: 0


============================================================
+ Verbose Summary: Schedule
============================================================
* Number of FSM states : 5
* Pipeline : 0
* Dataflow Pipeline: 0

* FSM state transitions: 
1 --> 2 
2 --> 2 3 
3 --> 4 5 
4 --> 4 3 
5 --> 5 

* FSM state operations: 

State 1 <SV = 0> <Delay = 0.60>
ST_1 : Operation 6 [1/1] (0.00ns)   --->   "call void (...)* @_ssdm_op_SpecInterface(i8* %res_V_data_3_V, [8 x i8]* @ap_fifo_str, i32 0, i32 0, [1 x i8]* @p_str1781, i32 0, i32 0, [1 x i8]* @p_str1782, [1 x i8]* @p_str1783, [1 x i8]* @p_str1784, i32 2, i32 2, i32 16, i32 16, [1 x i8]* @p_str1785, [1 x i8]* @p_str1786)"   --->   Operation 6 'specinterface' <Predicate = true> <Delay = 0.00>
ST_1 : Operation 7 [1/1] (0.00ns)   --->   "call void (...)* @_ssdm_op_SpecInterface(i8* %res_V_data_2_V, [8 x i8]* @ap_fifo_str, i32 0, i32 0, [1 x i8]* @p_str1774, i32 0, i32 0, [1 x i8]* @p_str1775, [1 x i8]* @p_str1776, [1 x i8]* @p_str1777, i32 2, i32 2, i32 16, i32 16, [1 x i8]* @p_str1778, [1 x i8]* @p_str1779)"   --->   Operation 7 'specinterface' <Predicate = true> <Delay = 0.00>
ST_1 : Operation 8 [1/1] (0.00ns)   --->   "call void (...)* @_ssdm_op_SpecInterface(i8* %res_V_data_1_V, [8 x i8]* @ap_fifo_str, i32 0, i32 0, [1 x i8]* @p_str1767, i32 0, i32 0, [1 x i8]* @p_str1768, [1 x i8]* @p_str1769, [1 x i8]* @p_str1770, i32 2, i32 2, i32 16, i32 16, [1 x i8]* @p_str1771, [1 x i8]* @p_str1772)"   --->   Operation 8 'specinterface' <Predicate = true> <Delay = 0.00>
ST_1 : Operation 9 [1/1] (0.00ns)   --->   "call void (...)* @_ssdm_op_SpecInterface(i8* %res_V_data_0_V, [8 x i8]* @ap_fifo_str, i32 0, i32 0, [1 x i8]* @p_str1760, i32 0, i32 0, [1 x i8]* @p_str1761, [1 x i8]* @p_str1762, [1 x i8]* @p_str1763, i32 2, i32 2, i32 16, i32 16, [1 x i8]* @p_str1764, [1 x i8]* @p_str1765)"   --->   Operation 9 'specinterface' <Predicate = true> <Delay = 0.00>
ST_1 : Operation 10 [1/1] (0.00ns)   --->   "call void (...)* @_ssdm_op_SpecInterface(i8* %data_V_data_3_V, [8 x i8]* @ap_fifo_str, i32 0, i32 0, [1 x i8]* @p_str1753, i32 0, i32 0, [1 x i8]* @p_str1754, [1 x i8]* @p_str1755, [1 x i8]* @p_str1756, i32 2, i32 2, i32 16, i32 16, [1 x i8]* @p_str1757, [1 x i8]* @p_str1758)"   --->   Operation 10 'specinterface' <Predicate = true> <Delay = 0.00>
ST_1 : Operation 11 [1/1] (0.00ns)   --->   "call void (...)* @_ssdm_op_SpecInterface(i8* %data_V_data_2_V, [8 x i8]* @ap_fifo_str, i32 0, i32 0, [1 x i8]* @p_str1746, i32 0, i32 0, [1 x i8]* @p_str1747, [1 x i8]* @p_str1748, [1 x i8]* @p_str1749, i32 2, i32 2, i32 16, i32 16, [1 x i8]* @p_str1750, [1 x i8]* @p_str1751)"   --->   Operation 11 'specinterface' <Predicate = true> <Delay = 0.00>
ST_1 : Operation 12 [1/1] (0.00ns)   --->   "call void (...)* @_ssdm_op_SpecInterface(i8* %data_V_data_1_V, [8 x i8]* @ap_fifo_str, i32 0, i32 0, [1 x i8]* @p_str1739, i32 0, i32 0, [1 x i8]* @p_str1740, [1 x i8]* @p_str1741, [1 x i8]* @p_str1742, i32 2, i32 2, i32 16, i32 16, [1 x i8]* @p_str1743, [1 x i8]* @p_str1744)"   --->   Operation 12 'specinterface' <Predicate = true> <Delay = 0.00>
ST_1 : Operation 13 [1/1] (0.00ns)   --->   "call void (...)* @_ssdm_op_SpecInterface(i8* %data_V_data_0_V, [8 x i8]* @ap_fifo_str, i32 0, i32 0, [1 x i8]* @p_str1732, i32 0, i32 0, [1 x i8]* @p_str1733, [1 x i8]* @p_str1734, [1 x i8]* @p_str1735, i32 2, i32 2, i32 16, i32 16, [1 x i8]* @p_str1736, [1 x i8]* @p_str1737)"   --->   Operation 13 'specinterface' <Predicate = true> <Delay = 0.00>
ST_1 : Operation 14 [1/1] (0.00ns)   --->   "call void (...)* @_ssdm_op_SpecLoopName([7 x i8]* @p_str97) nounwind" [firmware/nnet_utils/nnet_padding_stream.h:51]   --->   Operation 14 'specloopname' <Predicate = true> <Delay = 0.00>
ST_1 : Operation 15 [1/1] (0.00ns)   --->   "%tmp = call i32 (...)* @_ssdm_op_SpecRegionBegin([7 x i8]* @p_str97)" [firmware/nnet_utils/nnet_padding_stream.h:51]   --->   Operation 15 'specregionbegin' 'tmp' <Predicate = true> <Delay = 0.00>
ST_1 : Operation 16 [1/1] (0.60ns)   --->   "br label %0" [firmware/nnet_utils/nnet_padding_stream.h:53]   --->   Operation 16 'br' <Predicate = true> <Delay = 0.60>

State 2 <SV = 1> <Delay = 1.21>
ST_2 : Operation 17 [1/1] (0.00ns)   --->   "%j_0 = phi i7 [ 0, %PadTop_begin ], [ %j, %_ZrsILi32ELb0EEN11ap_int_baseIXT_EXT0_EE5RTypeIXT_EXT0_EE4arg1ERKS1_i.exit2.i.i.i.i.i49.0 ]"   --->   Operation 17 'phi' 'j_0' <Predicate = true> <Delay = 0.00>
ST_2 : Operation 18 [1/1] (0.59ns)   --->   "%icmp_ln53 = icmp eq i7 %j_0, -62" [firmware/nnet_utils/nnet_padding_stream.h:53]   --->   Operation 18 'icmp' 'icmp_ln53' <Predicate = true> <Delay = 0.59> <Core = "Cmp">   --->   Core 25 'Cmp' <Latency = 0> <II = 1> <Delay = 0.59> <FuncUnit> <Opcode : 'icmp'> <InPorts = 2> <OutPorts = 1>
ST_2 : Operation 19 [1/1] (0.00ns)   --->   "%empty = call i32 (...)* @_ssdm_op_SpecLoopTripCount(i64 66, i64 66, i64 66)"   --->   Operation 19 'speclooptripcount' 'empty' <Predicate = true> <Delay = 0.00>
ST_2 : Operation 20 [1/1] (0.40ns)   --->   "%j = add i7 %j_0, 1" [firmware/nnet_utils/nnet_padding_stream.h:53]   --->   Operation 20 'add' 'j' <Predicate = true> <Delay = 0.40> <Core = "AddSub">   --->   Core 14 'AddSub' <Latency = 0> <II = 1> <Delay = 0.40> <FuncUnit> <Opcode : 'add' 'sub'> <InPorts = 2> <OutPorts = 1>
ST_2 : Operation 21 [1/1] (0.00ns)   --->   "br i1 %icmp_ln53, label %PadTop_end, label %_ZrsILi32ELb0EEN11ap_int_baseIXT_EXT0_EE5RTypeIXT_EXT0_EE4arg1ERKS1_i.exit2.i.i.i.i.i49.0" [firmware/nnet_utils/nnet_padding_stream.h:53]   --->   Operation 21 'br' <Predicate = true> <Delay = 0.00>
ST_2 : Operation 22 [1/1] (0.00ns)   --->   "call void (...)* @_ssdm_op_SpecLoopName([12 x i8]* @p_str98) nounwind" [firmware/nnet_utils/nnet_padding_stream.h:53]   --->   Operation 22 'specloopname' <Predicate = (!icmp_ln53)> <Delay = 0.00>
ST_2 : Operation 23 [1/1] (1.21ns)   --->   "call void @_ssdm_op_Write.ap_fifo.volatile.i8P.i8P.i8P.i8P(i8* %res_V_data_0_V, i8* %res_V_data_1_V, i8* %res_V_data_2_V, i8* %res_V_data_3_V, i8 0, i8 0, i8 0, i8 0)" [firmware/nnet_utils/nnet_padding_stream.h:15->firmware/nnet_utils/nnet_padding_stream.h:54]   --->   Operation 23 'write' <Predicate = (!icmp_ln53)> <Delay = 1.21> <Core = "FIFO_SRL">   --->   Core 36 'FIFO_SRL' <Latency = 0> <II = 1> <Delay = 1.45> <Storage> <Opcode : 'read' 'write' 'nbread' 'nbwrite'> <Ports = 0> <Width = 8> <Depth = 0> <FIFO>
ST_2 : Operation 24 [1/1] (0.00ns)   --->   "br label %0" [firmware/nnet_utils/nnet_padding_stream.h:53]   --->   Operation 24 'br' <Predicate = (!icmp_ln53)> <Delay = 0.00>
ST_2 : Operation 25 [1/1] (0.00ns)   --->   "%empty_38 = call i32 (...)* @_ssdm_op_SpecRegionEnd([7 x i8]* @p_str97, i32 %tmp)" [firmware/nnet_utils/nnet_padding_stream.h:56]   --->   Operation 25 'specregionend' 'empty_38' <Predicate = (icmp_ln53)> <Delay = 0.00>
ST_2 : Operation 26 [1/1] (0.60ns)   --->   "br label %.preheader3" [firmware/nnet_utils/nnet_padding_stream.h:59]   --->   Operation 26 'br' <Predicate = (icmp_ln53)> <Delay = 0.60>

State 3 <SV = 2> <Delay = 1.21>
ST_3 : Operation 27 [1/1] (0.00ns)   --->   "%i1_0 = phi i4 [ %i, %PadMain_end ], [ 0, %PadTop_end ]"   --->   Operation 27 'phi' 'i1_0' <Predicate = true> <Delay = 0.00>
ST_3 : Operation 28 [1/1] (0.65ns)   --->   "%icmp_ln59 = icmp eq i4 %i1_0, -4" [firmware/nnet_utils/nnet_padding_stream.h:59]   --->   Operation 28 'icmp' 'icmp_ln59' <Predicate = true> <Delay = 0.65> <Core = "Cmp">   --->   Core 25 'Cmp' <Latency = 0> <II = 1> <Delay = 0.59> <FuncUnit> <Opcode : 'icmp'> <InPorts = 2> <OutPorts = 1>
ST_3 : Operation 29 [1/1] (0.00ns)   --->   "%empty_39 = call i32 (...)* @_ssdm_op_SpecLoopTripCount(i64 12, i64 12, i64 12)"   --->   Operation 29 'speclooptripcount' 'empty_39' <Predicate = true> <Delay = 0.00>
ST_3 : Operation 30 [1/1] (0.33ns)   --->   "%i = add i4 %i1_0, 1" [firmware/nnet_utils/nnet_padding_stream.h:59]   --->   Operation 30 'add' 'i' <Predicate = true> <Delay = 0.33> <Core = "AddSub">   --->   Core 14 'AddSub' <Latency = 0> <II = 1> <Delay = 0.40> <FuncUnit> <Opcode : 'add' 'sub'> <InPorts = 2> <OutPorts = 1>
ST_3 : Operation 31 [1/1] (0.00ns)   --->   "br i1 %icmp_ln59, label %PadBottom_begin, label %PadMain_begin" [firmware/nnet_utils/nnet_padding_stream.h:59]   --->   Operation 31 'br' <Predicate = true> <Delay = 0.00>
ST_3 : Operation 32 [1/1] (0.00ns)   --->   "call void (...)* @_ssdm_op_SpecLoopName([8 x i8]* @p_str99) nounwind" [firmware/nnet_utils/nnet_padding_stream.h:59]   --->   Operation 32 'specloopname' <Predicate = (!icmp_ln59)> <Delay = 0.00>
ST_3 : Operation 33 [1/1] (0.00ns)   --->   "%tmp_6 = call i32 (...)* @_ssdm_op_SpecRegionBegin([8 x i8]* @p_str99)" [firmware/nnet_utils/nnet_padding_stream.h:59]   --->   Operation 33 'specregionbegin' 'tmp_6' <Predicate = (!icmp_ln59)> <Delay = 0.00>
ST_3 : Operation 34 [1/1] (0.00ns)   --->   "call void (...)* @_ssdm_op_SpecLoopName([8 x i8]* @p_str100) nounwind" [firmware/nnet_utils/nnet_padding_stream.h:61]   --->   Operation 34 'specloopname' <Predicate = (!icmp_ln59)> <Delay = 0.00>
ST_3 : Operation 35 [1/1] (1.21ns)   --->   "call void @_ssdm_op_Write.ap_fifo.volatile.i8P.i8P.i8P.i8P(i8* %res_V_data_0_V, i8* %res_V_data_1_V, i8* %res_V_data_2_V, i8* %res_V_data_3_V, i8 0, i8 0, i8 0, i8 0)" [firmware/nnet_utils/nnet_padding_stream.h:15->firmware/nnet_utils/nnet_padding_stream.h:62]   --->   Operation 35 'write' <Predicate = (!icmp_ln59)> <Delay = 1.21> <Core = "FIFO_SRL">   --->   Core 36 'FIFO_SRL' <Latency = 0> <II = 1> <Delay = 1.45> <Storage> <Opcode : 'read' 'write' 'nbread' 'nbwrite'> <Ports = 0> <Width = 8> <Depth = 0> <FIFO>
ST_3 : Operation 36 [1/1] (0.60ns)   --->   "br label %.preheader2" [firmware/nnet_utils/nnet_padding_stream.h:65]   --->   Operation 36 'br' <Predicate = (!icmp_ln59)> <Delay = 0.60>
ST_3 : Operation 37 [1/1] (0.00ns)   --->   "call void (...)* @_ssdm_op_SpecLoopName([10 x i8]* @p_str103) nounwind" [firmware/nnet_utils/nnet_padding_stream.h:75]   --->   Operation 37 'specloopname' <Predicate = (icmp_ln59)> <Delay = 0.00>
ST_3 : Operation 38 [1/1] (0.00ns)   --->   "%tmp_5 = call i32 (...)* @_ssdm_op_SpecRegionBegin([10 x i8]* @p_str103)" [firmware/nnet_utils/nnet_padding_stream.h:75]   --->   Operation 38 'specregionbegin' 'tmp_5' <Predicate = (icmp_ln59)> <Delay = 0.00>
ST_3 : Operation 39 [1/1] (0.60ns)   --->   "br label %1" [firmware/nnet_utils/nnet_padding_stream.h:77]   --->   Operation 39 'br' <Predicate = (icmp_ln59)> <Delay = 0.60>

State 4 <SV = 3> <Delay = 2.43>
ST_4 : Operation 40 [1/1] (0.00ns)   --->   "%j3_0 = phi i7 [ %j_6, %"fill_data<array<ap_fixed<8, 2, 0, 0, 0>, 4u>, array<ap_fixed<8, 2, 0, 0, 0>, 4u>, config60>.exit" ], [ 0, %PadMain_begin ]"   --->   Operation 40 'phi' 'j3_0' <Predicate = true> <Delay = 0.00>
ST_4 : Operation 41 [1/1] (0.59ns)   --->   "%icmp_ln65 = icmp eq i7 %j3_0, -64" [firmware/nnet_utils/nnet_padding_stream.h:65]   --->   Operation 41 'icmp' 'icmp_ln65' <Predicate = true> <Delay = 0.59> <Core = "Cmp">   --->   Core 25 'Cmp' <Latency = 0> <II = 1> <Delay = 0.59> <FuncUnit> <Opcode : 'icmp'> <InPorts = 2> <OutPorts = 1>
ST_4 : Operation 42 [1/1] (0.00ns)   --->   "%empty_40 = call i32 (...)* @_ssdm_op_SpecLoopTripCount(i64 64, i64 64, i64 64)"   --->   Operation 42 'speclooptripcount' 'empty_40' <Predicate = true> <Delay = 0.00>
ST_4 : Operation 43 [1/1] (0.40ns)   --->   "%j_6 = add i7 %j3_0, 1" [firmware/nnet_utils/nnet_padding_stream.h:65]   --->   Operation 43 'add' 'j_6' <Predicate = true> <Delay = 0.40> <Core = "AddSub">   --->   Core 14 'AddSub' <Latency = 0> <II = 1> <Delay = 0.40> <FuncUnit> <Opcode : 'add' 'sub'> <InPorts = 2> <OutPorts = 1>
ST_4 : Operation 44 [1/1] (0.00ns)   --->   "br i1 %icmp_ln65, label %PadMain_end, label %"fill_data<array<ap_fixed<8, 2, 0, 0, 0>, 4u>, array<ap_fixed<8, 2, 0, 0, 0>, 4u>, config60>.exit"" [firmware/nnet_utils/nnet_padding_stream.h:65]   --->   Operation 44 'br' <Predicate = true> <Delay = 0.00>
ST_4 : Operation 45 [1/1] (0.00ns)   --->   "call void (...)* @_ssdm_op_SpecLoopName([9 x i8]* @p_str101) nounwind" [firmware/nnet_utils/nnet_padding_stream.h:65]   --->   Operation 45 'specloopname' <Predicate = (!icmp_ln65)> <Delay = 0.00>
ST_4 : Operation 46 [1/1] (1.21ns)   --->   "%empty_41 = call { i8, i8, i8, i8 } @_ssdm_op_Read.ap_fifo.volatile.i8P.i8P.i8P.i8P(i8* %data_V_data_0_V, i8* %data_V_data_1_V, i8* %data_V_data_2_V, i8* %data_V_data_3_V)" [firmware/nnet_utils/nnet_padding_stream.h:20->firmware/nnet_utils/nnet_padding_stream.h:66]   --->   Operation 46 'read' 'empty_41' <Predicate = (!icmp_ln65)> <Delay = 1.21> <Core = "FIFO_SRL">   --->   Core 36 'FIFO_SRL' <Latency = 0> <II = 1> <Delay = 1.45> <Storage> <Opcode : 'read' 'write' 'nbread' 'nbwrite'> <Ports = 0> <Width = 8> <Depth = 0> <FIFO>
ST_4 : Operation 47 [1/1] (0.00ns)   --->   "%tmp_data_0_V = extractvalue { i8, i8, i8, i8 } %empty_41, 0" [firmware/nnet_utils/nnet_padding_stream.h:20->firmware/nnet_utils/nnet_padding_stream.h:66]   --->   Operation 47 'extractvalue' 'tmp_data_0_V' <Predicate = (!icmp_ln65)> <Delay = 0.00>
ST_4 : Operation 48 [1/1] (0.00ns)   --->   "%tmp_data_1_V = extractvalue { i8, i8, i8, i8 } %empty_41, 1" [firmware/nnet_utils/nnet_padding_stream.h:20->firmware/nnet_utils/nnet_padding_stream.h:66]   --->   Operation 48 'extractvalue' 'tmp_data_1_V' <Predicate = (!icmp_ln65)> <Delay = 0.00>
ST_4 : Operation 49 [1/1] (0.00ns)   --->   "%tmp_data_2_V = extractvalue { i8, i8, i8, i8 } %empty_41, 2" [firmware/nnet_utils/nnet_padding_stream.h:20->firmware/nnet_utils/nnet_padding_stream.h:66]   --->   Operation 49 'extractvalue' 'tmp_data_2_V' <Predicate = (!icmp_ln65)> <Delay = 0.00>
ST_4 : Operation 50 [1/1] (0.00ns)   --->   "%tmp_data_3_V = extractvalue { i8, i8, i8, i8 } %empty_41, 3" [firmware/nnet_utils/nnet_padding_stream.h:20->firmware/nnet_utils/nnet_padding_stream.h:66]   --->   Operation 50 'extractvalue' 'tmp_data_3_V' <Predicate = (!icmp_ln65)> <Delay = 0.00>
ST_4 : Operation 51 [1/1] (1.21ns)   --->   "call void @_ssdm_op_Write.ap_fifo.volatile.i8P.i8P.i8P.i8P(i8* %res_V_data_0_V, i8* %res_V_data_1_V, i8* %res_V_data_2_V, i8* %res_V_data_3_V, i8 %tmp_data_0_V, i8 %tmp_data_1_V, i8 %tmp_data_2_V, i8 %tmp_data_3_V)" [firmware/nnet_utils/nnet_padding_stream.h:26->firmware/nnet_utils/nnet_padding_stream.h:66]   --->   Operation 51 'write' <Predicate = (!icmp_ln65)> <Delay = 1.21> <Core = "FIFO_SRL">   --->   Core 36 'FIFO_SRL' <Latency = 0> <II = 1> <Delay = 1.45> <Storage> <Opcode : 'read' 'write' 'nbread' 'nbwrite'> <Ports = 0> <Width = 8> <Depth = 0> <FIFO>
ST_4 : Operation 52 [1/1] (0.00ns)   --->   "br label %.preheader2" [firmware/nnet_utils/nnet_padding_stream.h:65]   --->   Operation 52 'br' <Predicate = (!icmp_ln65)> <Delay = 0.00>
ST_4 : Operation 53 [1/1] (0.00ns)   --->   "call void (...)* @_ssdm_op_SpecLoopName([9 x i8]* @p_str102) nounwind" [firmware/nnet_utils/nnet_padding_stream.h:69]   --->   Operation 53 'specloopname' <Predicate = (icmp_ln65)> <Delay = 0.00>
ST_4 : Operation 54 [1/1] (1.21ns)   --->   "call void @_ssdm_op_Write.ap_fifo.volatile.i8P.i8P.i8P.i8P(i8* %res_V_data_0_V, i8* %res_V_data_1_V, i8* %res_V_data_2_V, i8* %res_V_data_3_V, i8 0, i8 0, i8 0, i8 0)" [firmware/nnet_utils/nnet_padding_stream.h:15->firmware/nnet_utils/nnet_padding_stream.h:70]   --->   Operation 54 'write' <Predicate = (icmp_ln65)> <Delay = 1.21> <Core = "FIFO_SRL">   --->   Core 36 'FIFO_SRL' <Latency = 0> <II = 1> <Delay = 1.45> <Storage> <Opcode : 'read' 'write' 'nbread' 'nbwrite'> <Ports = 0> <Width = 8> <Depth = 0> <FIFO>
ST_4 : Operation 55 [1/1] (0.00ns)   --->   "%empty_42 = call i32 (...)* @_ssdm_op_SpecRegionEnd([8 x i8]* @p_str99, i32 %tmp_6)" [firmware/nnet_utils/nnet_padding_stream.h:72]   --->   Operation 55 'specregionend' 'empty_42' <Predicate = (icmp_ln65)> <Delay = 0.00>
ST_4 : Operation 56 [1/1] (0.00ns)   --->   "br label %.preheader3" [firmware/nnet_utils/nnet_padding_stream.h:59]   --->   Operation 56 'br' <Predicate = (icmp_ln65)> <Delay = 0.00>

State 5 <SV = 3> <Delay = 1.21>
ST_5 : Operation 57 [1/1] (0.00ns)   --->   "%j6_0 = phi i7 [ 0, %PadBottom_begin ], [ %j_5, %_ZrsILi32ELb0EEN11ap_int_baseIXT_EXT0_EE5RTypeIXT_EXT0_EE4arg1ERKS1_i.exit2.i.i.i.i.i.0 ]"   --->   Operation 57 'phi' 'j6_0' <Predicate = true> <Delay = 0.00>
ST_5 : Operation 58 [1/1] (0.59ns)   --->   "%icmp_ln77 = icmp eq i7 %j6_0, -62" [firmware/nnet_utils/nnet_padding_stream.h:77]   --->   Operation 58 'icmp' 'icmp_ln77' <Predicate = true> <Delay = 0.59> <Core = "Cmp">   --->   Core 25 'Cmp' <Latency = 0> <II = 1> <Delay = 0.59> <FuncUnit> <Opcode : 'icmp'> <InPorts = 2> <OutPorts = 1>
ST_5 : Operation 59 [1/1] (0.00ns)   --->   "%empty_43 = call i32 (...)* @_ssdm_op_SpecLoopTripCount(i64 66, i64 66, i64 66)"   --->   Operation 59 'speclooptripcount' 'empty_43' <Predicate = true> <Delay = 0.00>
ST_5 : Operation 60 [1/1] (0.40ns)   --->   "%j_5 = add i7 %j6_0, 1" [firmware/nnet_utils/nnet_padding_stream.h:77]   --->   Operation 60 'add' 'j_5' <Predicate = true> <Delay = 0.40> <Core = "AddSub">   --->   Core 14 'AddSub' <Latency = 0> <II = 1> <Delay = 0.40> <FuncUnit> <Opcode : 'add' 'sub'> <InPorts = 2> <OutPorts = 1>
ST_5 : Operation 61 [1/1] (0.00ns)   --->   "br i1 %icmp_ln77, label %PadBottom_end, label %_ZrsILi32ELb0EEN11ap_int_baseIXT_EXT0_EE5RTypeIXT_EXT0_EE4arg1ERKS1_i.exit2.i.i.i.i.i.0" [firmware/nnet_utils/nnet_padding_stream.h:77]   --->   Operation 61 'br' <Predicate = true> <Delay = 0.00>
ST_5 : Operation 62 [1/1] (0.00ns)   --->   "call void (...)* @_ssdm_op_SpecLoopName([15 x i8]* @p_str104) nounwind" [firmware/nnet_utils/nnet_padding_stream.h:77]   --->   Operation 62 'specloopname' <Predicate = (!icmp_ln77)> <Delay = 0.00>
ST_5 : Operation 63 [1/1] (1.21ns)   --->   "call void @_ssdm_op_Write.ap_fifo.volatile.i8P.i8P.i8P.i8P(i8* %res_V_data_0_V, i8* %res_V_data_1_V, i8* %res_V_data_2_V, i8* %res_V_data_3_V, i8 0, i8 0, i8 0, i8 0)" [firmware/nnet_utils/nnet_padding_stream.h:15->firmware/nnet_utils/nnet_padding_stream.h:78]   --->   Operation 63 'write' <Predicate = (!icmp_ln77)> <Delay = 1.21> <Core = "FIFO_SRL">   --->   Core 36 'FIFO_SRL' <Latency = 0> <II = 1> <Delay = 1.45> <Storage> <Opcode : 'read' 'write' 'nbread' 'nbwrite'> <Ports = 0> <Width = 8> <Depth = 0> <FIFO>
ST_5 : Operation 64 [1/1] (0.00ns)   --->   "br label %1" [firmware/nnet_utils/nnet_padding_stream.h:77]   --->   Operation 64 'br' <Predicate = (!icmp_ln77)> <Delay = 0.00>
ST_5 : Operation 65 [1/1] (0.00ns)   --->   "%empty_44 = call i32 (...)* @_ssdm_op_SpecRegionEnd([10 x i8]* @p_str103, i32 %tmp_5)" [firmware/nnet_utils/nnet_padding_stream.h:80]   --->   Operation 65 'specregionend' 'empty_44' <Predicate = (icmp_ln77)> <Delay = 0.00>
ST_5 : Operation 66 [1/1] (0.00ns)   --->   "ret void" [firmware/nnet_utils/nnet_padding_stream.h:81]   --->   Operation 66 'ret' <Predicate = (icmp_ln77)> <Delay = 0.00>


============================================================
+ Verbose Summary: Binding
============================================================
STG Binding: 
---------------- STG Properties BEGIN ----------------
- Is combinational: 0
- Is one-state seq: 0
- Is datapath-only: 0
- Is pipelined: 0
- Is top level: 0
Port [ Return ] is wired: 1; IO mode=ap_ctrl_hs:ce=0
Port [ data_V_data_0_V]:  wired=1; compound=1; hidden=0; nouse=0; global=0; static=0; extern=0; dir=0; type=3; pingpong=0; private_global=0; IO mode=ap_fifo:ce=0
Port [ data_V_data_1_V]:  wired=1; compound=1; hidden=0; nouse=0; global=0; static=0; extern=0; dir=0; type=3; pingpong=0; private_global=0; IO mode=ap_fifo:ce=0
Port [ data_V_data_2_V]:  wired=1; compound=1; hidden=0; nouse=0; global=0; static=0; extern=0; dir=0; type=3; pingpong=0; private_global=0; IO mode=ap_fifo:ce=0
Port [ data_V_data_3_V]:  wired=1; compound=1; hidden=0; nouse=0; global=0; static=0; extern=0; dir=0; type=3; pingpong=0; private_global=0; IO mode=ap_fifo:ce=0
Port [ res_V_data_0_V]:  wired=1; compound=1; hidden=0; nouse=0; global=0; static=0; extern=0; dir=1; type=3; pingpong=0; private_global=0; IO mode=ap_fifo:ce=0
Port [ res_V_data_1_V]:  wired=1; compound=1; hidden=0; nouse=0; global=0; static=0; extern=0; dir=1; type=3; pingpong=0; private_global=0; IO mode=ap_fifo:ce=0
Port [ res_V_data_2_V]:  wired=1; compound=1; hidden=0; nouse=0; global=0; static=0; extern=0; dir=1; type=3; pingpong=0; private_global=0; IO mode=ap_fifo:ce=0
Port [ res_V_data_3_V]:  wired=1; compound=1; hidden=0; nouse=0; global=0; static=0; extern=0; dir=1; type=3; pingpong=0; private_global=0; IO mode=ap_fifo:ce=0
---------------- STG Properties END ------------------

---------------- Datapath Model BEGIN ----------------

<LifeTime>
<method=bitvector/>
specinterface_ln0 (specinterface    ) [ 000000]
specinterface_ln0 (specinterface    ) [ 000000]
specinterface_ln0 (specinterface    ) [ 000000]
specinterface_ln0 (specinterface    ) [ 000000]
specinterface_ln0 (specinterface    ) [ 000000]
specinterface_ln0 (specinterface    ) [ 000000]
specinterface_ln0 (specinterface    ) [ 000000]
specinterface_ln0 (specinterface    ) [ 000000]
specloopname_ln51 (specloopname     ) [ 000000]
tmp               (specregionbegin  ) [ 001000]
br_ln53           (br               ) [ 011000]
j_0               (phi              ) [ 001000]
icmp_ln53         (icmp             ) [ 001000]
empty             (speclooptripcount) [ 000000]
j                 (add              ) [ 011000]
br_ln53           (br               ) [ 000000]
specloopname_ln53 (specloopname     ) [ 000000]
write_ln15        (write            ) [ 000000]
br_ln53           (br               ) [ 011000]
empty_38          (specregionend    ) [ 000000]
br_ln59           (br               ) [ 001110]
i1_0              (phi              ) [ 000100]
icmp_ln59         (icmp             ) [ 000110]
empty_39          (speclooptripcount) [ 000000]
i                 (add              ) [ 001110]
br_ln59           (br               ) [ 000000]
specloopname_ln59 (specloopname     ) [ 000000]
tmp_6             (specregionbegin  ) [ 000010]
specloopname_ln61 (specloopname     ) [ 000000]
write_ln15        (write            ) [ 000000]
br_ln65           (br               ) [ 000110]
specloopname_ln75 (specloopname     ) [ 000000]
tmp_5             (specregionbegin  ) [ 000001]
br_ln77           (br               ) [ 000111]
j3_0              (phi              ) [ 000010]
icmp_ln65         (icmp             ) [ 000110]
empty_40          (speclooptripcount) [ 000000]
j_6               (add              ) [ 000110]
br_ln65           (br               ) [ 000000]
specloopname_ln65 (specloopname     ) [ 000000]
empty_41          (read             ) [ 000000]
tmp_data_0_V      (extractvalue     ) [ 000000]
tmp_data_1_V      (extractvalue     ) [ 000000]
tmp_data_2_V      (extractvalue     ) [ 000000]
tmp_data_3_V      (extractvalue     ) [ 000000]
write_ln26        (write            ) [ 000000]
br_ln65           (br               ) [ 000110]
specloopname_ln69 (specloopname     ) [ 000000]
write_ln15        (write            ) [ 000000]
empty_42          (specregionend    ) [ 000000]
br_ln59           (br               ) [ 001110]
j6_0              (phi              ) [ 000001]
icmp_ln77         (icmp             ) [ 000001]
empty_43          (speclooptripcount) [ 000000]
j_5               (add              ) [ 000101]
br_ln77           (br               ) [ 000000]
specloopname_ln77 (specloopname     ) [ 000000]
write_ln15        (write            ) [ 000000]
br_ln77           (br               ) [ 000101]
empty_44          (specregionend    ) [ 000000]
ret_ln81          (ret              ) [ 000000]
</LifeTime>

<model>

<comp_list>
<comp id="0" class="1000" name="data_V_data_0_V">
<pin_list>
<pin id="1" dir="1" index="0" bw="1" slack="0"/>
</pin_list>
<bind>
<StgValue><ssdm name="data_V_data_0_V"/></StgValue>
</bind>
</comp>

<comp id="2" class="1000" name="data_V_data_1_V">
<pin_list>
<pin id="3" dir="1" index="0" bw="1" slack="0"/>
</pin_list>
<bind>
<StgValue><ssdm name="data_V_data_1_V"/></StgValue>
</bind>
</comp>

<comp id="4" class="1000" name="data_V_data_2_V">
<pin_list>
<pin id="5" dir="1" index="0" bw="1" slack="0"/>
</pin_list>
<bind>
<StgValue><ssdm name="data_V_data_2_V"/></StgValue>
</bind>
</comp>

<comp id="6" class="1000" name="data_V_data_3_V">
<pin_list>
<pin id="7" dir="1" index="0" bw="1" slack="0"/>
</pin_list>
<bind>
<StgValue><ssdm name="data_V_data_3_V"/></StgValue>
</bind>
</comp>

<comp id="8" class="1000" name="res_V_data_0_V">
<pin_list>
<pin id="9" dir="1" index="0" bw="1" slack="0"/>
</pin_list>
<bind>
<StgValue><ssdm name="res_V_data_0_V"/></StgValue>
</bind>
</comp>

<comp id="10" class="1000" name="res_V_data_1_V">
<pin_list>
<pin id="11" dir="1" index="0" bw="1" slack="0"/>
</pin_list>
<bind>
<StgValue><ssdm name="res_V_data_1_V"/></StgValue>
</bind>
</comp>

<comp id="12" class="1000" name="res_V_data_2_V">
<pin_list>
<pin id="13" dir="1" index="0" bw="1" slack="0"/>
</pin_list>
<bind>
<StgValue><ssdm name="res_V_data_2_V"/></StgValue>
</bind>
</comp>

<comp id="14" class="1000" name="res_V_data_3_V">
<pin_list>
<pin id="15" dir="1" index="0" bw="1" slack="0"/>
</pin_list>
<bind>
<StgValue><ssdm name="res_V_data_3_V"/></StgValue>
</bind>
</comp>

<comp id="16" class="1001" name="const_16">
<pin_list>
<pin id="17" dir="1" index="0" bw="1" slack="2147483647"/>
</pin_list>
<bind>
<StgValue><ssdm name="_ssdm_op_SpecInterface"/></StgValue>
</bind>
</comp>

<comp id="18" class="1001" name="const_18">
<pin_list>
<pin id="19" dir="1" index="0" bw="1" slack="2147483647"/>
</pin_list>
<bind>
<StgValue><ssdm name="ap_fifo_str"/></StgValue>
</bind>
</comp>

<comp id="20" class="1001" name="const_20">
<pin_list>
<pin id="21" dir="1" index="0" bw="1" slack="2147483647"/>
</pin_list>
<bind>
<StgValue><ssdm name=""/></StgValue>
</bind>
</comp>

<comp id="22" class="1001" name="const_22">
<pin_list>
<pin id="23" dir="1" index="0" bw="1" slack="2147483647"/>
</pin_list>
<bind>
<StgValue><ssdm name="p_str1781"/></StgValue>
</bind>
</comp>

<comp id="24" class="1001" name="const_24">
<pin_list>
<pin id="25" dir="1" index="0" bw="1" slack="2147483647"/>
</pin_list>
<bind>
<StgValue><ssdm name="p_str1782"/></StgValue>
</bind>
</comp>

<comp id="26" class="1001" name="const_26">
<pin_list>
<pin id="27" dir="1" index="0" bw="1" slack="2147483647"/>
</pin_list>
<bind>
<StgValue><ssdm name="p_str1783"/></StgValue>
</bind>
</comp>

<comp id="28" class="1001" name="const_28">
<pin_list>
<pin id="29" dir="1" index="0" bw="1" slack="2147483647"/>
</pin_list>
<bind>
<StgValue><ssdm name="p_str1784"/></StgValue>
</bind>
</comp>

<comp id="30" class="1001" name="const_30">
<pin_list>
<pin id="31" dir="1" index="0" bw="1" slack="2147483647"/>
</pin_list>
<bind>
<StgValue><ssdm name=""/></StgValue>
</bind>
</comp>

<comp id="32" class="1001" name="const_32">
<pin_list>
<pin id="33" dir="1" index="0" bw="1" slack="2147483647"/>
</pin_list>
<bind>
<StgValue><ssdm name=""/></StgValue>
</bind>
</comp>

<comp id="34" class="1001" name="const_34">
<pin_list>
<pin id="35" dir="1" index="0" bw="1" slack="2147483647"/>
</pin_list>
<bind>
<StgValue><ssdm name="p_str1785"/></StgValue>
</bind>
</comp>

<comp id="36" class="1001" name="const_36">
<pin_list>
<pin id="37" dir="1" index="0" bw="1" slack="2147483647"/>
</pin_list>
<bind>
<StgValue><ssdm name="p_str1786"/></StgValue>
</bind>
</comp>

<comp id="38" class="1001" name="const_38">
<pin_list>
<pin id="39" dir="1" index="0" bw="1" slack="2147483647"/>
</pin_list>
<bind>
<StgValue><ssdm name="p_str1774"/></StgValue>
</bind>
</comp>

<comp id="40" class="1001" name="const_40">
<pin_list>
<pin id="41" dir="1" index="0" bw="1" slack="2147483647"/>
</pin_list>
<bind>
<StgValue><ssdm name="p_str1775"/></StgValue>
</bind>
</comp>

<comp id="42" class="1001" name="const_42">
<pin_list>
<pin id="43" dir="1" index="0" bw="1" slack="2147483647"/>
</pin_list>
<bind>
<StgValue><ssdm name="p_str1776"/></StgValue>
</bind>
</comp>

<comp id="44" class="1001" name="const_44">
<pin_list>
<pin id="45" dir="1" index="0" bw="1" slack="2147483647"/>
</pin_list>
<bind>
<StgValue><ssdm name="p_str1777"/></StgValue>
</bind>
</comp>

<comp id="46" class="1001" name="const_46">
<pin_list>
<pin id="47" dir="1" index="0" bw="1" slack="2147483647"/>
</pin_list>
<bind>
<StgValue><ssdm name="p_str1778"/></StgValue>
</bind>
</comp>

<comp id="48" class="1001" name="const_48">
<pin_list>
<pin id="49" dir="1" index="0" bw="1" slack="2147483647"/>
</pin_list>
<bind>
<StgValue><ssdm name="p_str1779"/></StgValue>
</bind>
</comp>

<comp id="50" class="1001" name="const_50">
<pin_list>
<pin id="51" dir="1" index="0" bw="1" slack="2147483647"/>
</pin_list>
<bind>
<StgValue><ssdm name="p_str1767"/></StgValue>
</bind>
</comp>

<comp id="52" class="1001" name="const_52">
<pin_list>
<pin id="53" dir="1" index="0" bw="1" slack="2147483647"/>
</pin_list>
<bind>
<StgValue><ssdm name="p_str1768"/></StgValue>
</bind>
</comp>

<comp id="54" class="1001" name="const_54">
<pin_list>
<pin id="55" dir="1" index="0" bw="1" slack="2147483647"/>
</pin_list>
<bind>
<StgValue><ssdm name="p_str1769"/></StgValue>
</bind>
</comp>

<comp id="56" class="1001" name="const_56">
<pin_list>
<pin id="57" dir="1" index="0" bw="1" slack="2147483647"/>
</pin_list>
<bind>
<StgValue><ssdm name="p_str1770"/></StgValue>
</bind>
</comp>

<comp id="58" class="1001" name="const_58">
<pin_list>
<pin id="59" dir="1" index="0" bw="1" slack="2147483647"/>
</pin_list>
<bind>
<StgValue><ssdm name="p_str1771"/></StgValue>
</bind>
</comp>

<comp id="60" class="1001" name="const_60">
<pin_list>
<pin id="61" dir="1" index="0" bw="1" slack="2147483647"/>
</pin_list>
<bind>
<StgValue><ssdm name="p_str1772"/></StgValue>
</bind>
</comp>

<comp id="62" class="1001" name="const_62">
<pin_list>
<pin id="63" dir="1" index="0" bw="1" slack="2147483647"/>
</pin_list>
<bind>
<StgValue><ssdm name="p_str1760"/></StgValue>
</bind>
</comp>

<comp id="64" class="1001" name="const_64">
<pin_list>
<pin id="65" dir="1" index="0" bw="1" slack="2147483647"/>
</pin_list>
<bind>
<StgValue><ssdm name="p_str1761"/></StgValue>
</bind>
</comp>

<comp id="66" class="1001" name="const_66">
<pin_list>
<pin id="67" dir="1" index="0" bw="1" slack="2147483647"/>
</pin_list>
<bind>
<StgValue><ssdm name="p_str1762"/></StgValue>
</bind>
</comp>

<comp id="68" class="1001" name="const_68">
<pin_list>
<pin id="69" dir="1" index="0" bw="1" slack="2147483647"/>
</pin_list>
<bind>
<StgValue><ssdm name="p_str1763"/></StgValue>
</bind>
</comp>

<comp id="70" class="1001" name="const_70">
<pin_list>
<pin id="71" dir="1" index="0" bw="1" slack="2147483647"/>
</pin_list>
<bind>
<StgValue><ssdm name="p_str1764"/></StgValue>
</bind>
</comp>

<comp id="72" class="1001" name="const_72">
<pin_list>
<pin id="73" dir="1" index="0" bw="1" slack="2147483647"/>
</pin_list>
<bind>
<StgValue><ssdm name="p_str1765"/></StgValue>
</bind>
</comp>

<comp id="74" class="1001" name="const_74">
<pin_list>
<pin id="75" dir="1" index="0" bw="1" slack="2147483647"/>
</pin_list>
<bind>
<StgValue><ssdm name="p_str1753"/></StgValue>
</bind>
</comp>

<comp id="76" class="1001" name="const_76">
<pin_list>
<pin id="77" dir="1" index="0" bw="1" slack="2147483647"/>
</pin_list>
<bind>
<StgValue><ssdm name="p_str1754"/></StgValue>
</bind>
</comp>

<comp id="78" class="1001" name="const_78">
<pin_list>
<pin id="79" dir="1" index="0" bw="1" slack="2147483647"/>
</pin_list>
<bind>
<StgValue><ssdm name="p_str1755"/></StgValue>
</bind>
</comp>

<comp id="80" class="1001" name="const_80">
<pin_list>
<pin id="81" dir="1" index="0" bw="1" slack="2147483647"/>
</pin_list>
<bind>
<StgValue><ssdm name="p_str1756"/></StgValue>
</bind>
</comp>

<comp id="82" class="1001" name="const_82">
<pin_list>
<pin id="83" dir="1" index="0" bw="1" slack="2147483647"/>
</pin_list>
<bind>
<StgValue><ssdm name="p_str1757"/></StgValue>
</bind>
</comp>

<comp id="84" class="1001" name="const_84">
<pin_list>
<pin id="85" dir="1" index="0" bw="1" slack="2147483647"/>
</pin_list>
<bind>
<StgValue><ssdm name="p_str1758"/></StgValue>
</bind>
</comp>

<comp id="86" class="1001" name="const_86">
<pin_list>
<pin id="87" dir="1" index="0" bw="1" slack="2147483647"/>
</pin_list>
<bind>
<StgValue><ssdm name="p_str1746"/></StgValue>
</bind>
</comp>

<comp id="88" class="1001" name="const_88">
<pin_list>
<pin id="89" dir="1" index="0" bw="1" slack="2147483647"/>
</pin_list>
<bind>
<StgValue><ssdm name="p_str1747"/></StgValue>
</bind>
</comp>

<comp id="90" class="1001" name="const_90">
<pin_list>
<pin id="91" dir="1" index="0" bw="1" slack="2147483647"/>
</pin_list>
<bind>
<StgValue><ssdm name="p_str1748"/></StgValue>
</bind>
</comp>

<comp id="92" class="1001" name="const_92">
<pin_list>
<pin id="93" dir="1" index="0" bw="1" slack="2147483647"/>
</pin_list>
<bind>
<StgValue><ssdm name="p_str1749"/></StgValue>
</bind>
</comp>

<comp id="94" class="1001" name="const_94">
<pin_list>
<pin id="95" dir="1" index="0" bw="1" slack="2147483647"/>
</pin_list>
<bind>
<StgValue><ssdm name="p_str1750"/></StgValue>
</bind>
</comp>

<comp id="96" class="1001" name="const_96">
<pin_list>
<pin id="97" dir="1" index="0" bw="1" slack="2147483647"/>
</pin_list>
<bind>
<StgValue><ssdm name="p_str1751"/></StgValue>
</bind>
</comp>

<comp id="98" class="1001" name="const_98">
<pin_list>
<pin id="99" dir="1" index="0" bw="1" slack="2147483647"/>
</pin_list>
<bind>
<StgValue><ssdm name="p_str1739"/></StgValue>
</bind>
</comp>

<comp id="100" class="1001" name="const_100">
<pin_list>
<pin id="101" dir="1" index="0" bw="1" slack="2147483647"/>
</pin_list>
<bind>
<StgValue><ssdm name="p_str1740"/></StgValue>
</bind>
</comp>

<comp id="102" class="1001" name="const_102">
<pin_list>
<pin id="103" dir="1" index="0" bw="1" slack="2147483647"/>
</pin_list>
<bind>
<StgValue><ssdm name="p_str1741"/></StgValue>
</bind>
</comp>

<comp id="104" class="1001" name="const_104">
<pin_list>
<pin id="105" dir="1" index="0" bw="1" slack="2147483647"/>
</pin_list>
<bind>
<StgValue><ssdm name="p_str1742"/></StgValue>
</bind>
</comp>

<comp id="106" class="1001" name="const_106">
<pin_list>
<pin id="107" dir="1" index="0" bw="1" slack="2147483647"/>
</pin_list>
<bind>
<StgValue><ssdm name="p_str1743"/></StgValue>
</bind>
</comp>

<comp id="108" class="1001" name="const_108">
<pin_list>
<pin id="109" dir="1" index="0" bw="1" slack="2147483647"/>
</pin_list>
<bind>
<StgValue><ssdm name="p_str1744"/></StgValue>
</bind>
</comp>

<comp id="110" class="1001" name="const_110">
<pin_list>
<pin id="111" dir="1" index="0" bw="1" slack="2147483647"/>
</pin_list>
<bind>
<StgValue><ssdm name="p_str1732"/></StgValue>
</bind>
</comp>

<comp id="112" class="1001" name="const_112">
<pin_list>
<pin id="113" dir="1" index="0" bw="1" slack="2147483647"/>
</pin_list>
<bind>
<StgValue><ssdm name="p_str1733"/></StgValue>
</bind>
</comp>

<comp id="114" class="1001" name="const_114">
<pin_list>
<pin id="115" dir="1" index="0" bw="1" slack="2147483647"/>
</pin_list>
<bind>
<StgValue><ssdm name="p_str1734"/></StgValue>
</bind>
</comp>

<comp id="116" class="1001" name="const_116">
<pin_list>
<pin id="117" dir="1" index="0" bw="1" slack="2147483647"/>
</pin_list>
<bind>
<StgValue><ssdm name="p_str1735"/></StgValue>
</bind>
</comp>

<comp id="118" class="1001" name="const_118">
<pin_list>
<pin id="119" dir="1" index="0" bw="1" slack="2147483647"/>
</pin_list>
<bind>
<StgValue><ssdm name="p_str1736"/></StgValue>
</bind>
</comp>

<comp id="120" class="1001" name="const_120">
<pin_list>
<pin id="121" dir="1" index="0" bw="1" slack="2147483647"/>
</pin_list>
<bind>
<StgValue><ssdm name="p_str1737"/></StgValue>
</bind>
</comp>

<comp id="122" class="1001" name="const_122">
<pin_list>
<pin id="123" dir="1" index="0" bw="1" slack="2147483647"/>
</pin_list>
<bind>
<StgValue><ssdm name="_ssdm_op_SpecLoopName"/></StgValue>
</bind>
</comp>

<comp id="124" class="1001" name="const_124">
<pin_list>
<pin id="125" dir="1" index="0" bw="1" slack="2147483647"/>
</pin_list>
<bind>
<StgValue><ssdm name="p_str97"/></StgValue>
</bind>
</comp>

<comp id="126" class="1001" name="const_126">
<pin_list>
<pin id="127" dir="1" index="0" bw="1" slack="2147483647"/>
</pin_list>
<bind>
<StgValue><ssdm name="_ssdm_op_SpecRegionBegin"/></StgValue>
</bind>
</comp>

<comp id="128" class="1001" name="const_128">
<pin_list>
<pin id="129" dir="1" index="0" bw="1" slack="1"/>
</pin_list>
<bind>
<StgValue><ssdm name=""/></StgValue>
</bind>
</comp>

<comp id="130" class="1001" name="const_130">
<pin_list>
<pin id="131" dir="1" index="0" bw="1" slack="0"/>
</pin_list>
<bind>
<StgValue><ssdm name=""/></StgValue>
</bind>
</comp>

<comp id="132" class="1001" name="const_132">
<pin_list>
<pin id="133" dir="1" index="0" bw="1" slack="2147483647"/>
</pin_list>
<bind>
<StgValue><ssdm name="_ssdm_op_SpecLoopTripCount"/></StgValue>
</bind>
</comp>

<comp id="134" class="1001" name="const_134">
<pin_list>
<pin id="135" dir="1" index="0" bw="1" slack="2147483647"/>
</pin_list>
<bind>
<StgValue><ssdm name=""/></StgValue>
</bind>
</comp>

<comp id="136" class="1001" name="const_136">
<pin_list>
<pin id="137" dir="1" index="0" bw="1" slack="0"/>
</pin_list>
<bind>
<StgValue><ssdm name=""/></StgValue>
</bind>
</comp>

<comp id="138" class="1001" name="const_138">
<pin_list>
<pin id="139" dir="1" index="0" bw="1" slack="2147483647"/>
</pin_list>
<bind>
<StgValue><ssdm name="p_str98"/></StgValue>
</bind>
</comp>

<comp id="140" class="1001" name="const_140">
<pin_list>
<pin id="141" dir="1" index="0" bw="1" slack="0"/>
</pin_list>
<bind>
<StgValue><ssdm name="_ssdm_op_Write.ap_fifo.volatile.i8P.i8P.i8P.i8P"/></StgValue>
</bind>
</comp>

<comp id="142" class="1001" name="const_142">
<pin_list>
<pin id="143" dir="1" index="0" bw="1" slack="0"/>
</pin_list>
<bind>
<StgValue><ssdm name=""/></StgValue>
</bind>
</comp>

<comp id="144" class="1001" name="const_144">
<pin_list>
<pin id="145" dir="1" index="0" bw="1" slack="2147483647"/>
</pin_list>
<bind>
<StgValue><ssdm name="_ssdm_op_SpecRegionEnd"/></StgValue>
</bind>
</comp>

<comp id="146" class="1001" name="const_146">
<pin_list>
<pin id="147" dir="1" index="0" bw="1" slack="1"/>
</pin_list>
<bind>
<StgValue><ssdm name=""/></StgValue>
</bind>
</comp>

<comp id="148" class="1001" name="const_148">
<pin_list>
<pin id="149" dir="1" index="0" bw="1" slack="0"/>
</pin_list>
<bind>
<StgValue><ssdm name=""/></StgValue>
</bind>
</comp>

<comp id="150" class="1001" name="const_150">
<pin_list>
<pin id="151" dir="1" index="0" bw="1" slack="2147483647"/>
</pin_list>
<bind>
<StgValue><ssdm name=""/></StgValue>
</bind>
</comp>

<comp id="152" class="1001" name="const_152">
<pin_list>
<pin id="153" dir="1" index="0" bw="1" slack="0"/>
</pin_list>
<bind>
<StgValue><ssdm name=""/></StgValue>
</bind>
</comp>

<comp id="154" class="1001" name="const_154">
<pin_list>
<pin id="155" dir="1" index="0" bw="1" slack="2147483647"/>
</pin_list>
<bind>
<StgValue><ssdm name="p_str99"/></StgValue>
</bind>
</comp>

<comp id="156" class="1001" name="const_156">
<pin_list>
<pin id="157" dir="1" index="0" bw="1" slack="2147483647"/>
</pin_list>
<bind>
<StgValue><ssdm name="p_str100"/></StgValue>
</bind>
</comp>

<comp id="158" class="1001" name="const_158">
<pin_list>
<pin id="159" dir="1" index="0" bw="1" slack="2147483647"/>
</pin_list>
<bind>
<StgValue><ssdm name="p_str103"/></StgValue>
</bind>
</comp>

<comp id="160" class="1001" name="const_160">
<pin_list>
<pin id="161" dir="1" index="0" bw="1" slack="0"/>
</pin_list>
<bind>
<StgValue><ssdm name=""/></StgValue>
</bind>
</comp>

<comp id="162" class="1001" name="const_162">
<pin_list>
<pin id="163" dir="1" index="0" bw="1" slack="2147483647"/>
</pin_list>
<bind>
<StgValue><ssdm name=""/></StgValue>
</bind>
</comp>

<comp id="164" class="1001" name="const_164">
<pin_list>
<pin id="165" dir="1" index="0" bw="1" slack="2147483647"/>
</pin_list>
<bind>
<StgValue><ssdm name="p_str101"/></StgValue>
</bind>
</comp>

<comp id="166" class="1001" name="const_166">
<pin_list>
<pin id="167" dir="1" index="0" bw="1" slack="0"/>
</pin_list>
<bind>
<StgValue><ssdm name="_ssdm_op_Read.ap_fifo.volatile.i8P.i8P.i8P.i8P"/></StgValue>
</bind>
</comp>

<comp id="168" class="1001" name="const_168">
<pin_list>
<pin id="169" dir="1" index="0" bw="1" slack="2147483647"/>
</pin_list>
<bind>
<StgValue><ssdm name="p_str102"/></StgValue>
</bind>
</comp>

<comp id="170" class="1001" name="const_170">
<pin_list>
<pin id="171" dir="1" index="0" bw="1" slack="2147483647"/>
</pin_list>
<bind>
<StgValue><ssdm name="p_str104"/></StgValue>
</bind>
</comp>

<comp id="172" class="1004" name="grp_write_fu_172">
<pin_list>
<pin id="173" dir="0" index="0" bw="0" slack="0"/>
<pin id="174" dir="0" index="1" bw="8" slack="0"/>
<pin id="175" dir="0" index="2" bw="8" slack="0"/>
<pin id="176" dir="0" index="3" bw="8" slack="0"/>
<pin id="177" dir="0" index="4" bw="8" slack="0"/>
<pin id="178" dir="0" index="5" bw="8" slack="0"/>
<pin id="179" dir="0" index="6" bw="8" slack="0"/>
<pin id="180" dir="0" index="7" bw="8" slack="0"/>
<pin id="181" dir="0" index="8" bw="8" slack="0"/>
<pin id="182" dir="1" index="9" bw="0" slack="2147483647"/>
</pin_list>
<bind>
<opcode="write(1151) " fcode="write"/>
<opset="write_ln15/2 write_ln15/3 write_ln26/4 write_ln15/4 write_ln15/5 "/>
</bind>
</comp>

<comp id="192" class="1004" name="empty_41_read_fu_192">
<pin_list>
<pin id="193" dir="0" index="0" bw="32" slack="0"/>
<pin id="194" dir="0" index="1" bw="8" slack="0"/>
<pin id="195" dir="0" index="2" bw="8" slack="0"/>
<pin id="196" dir="0" index="3" bw="8" slack="0"/>
<pin id="197" dir="0" index="4" bw="8" slack="0"/>
<pin id="198" dir="1" index="5" bw="32" slack="0"/>
</pin_list>
<bind>
<opcode="read(1150) " fcode="read"/>
<opset="empty_41/4 "/>
</bind>
</comp>

<comp id="204" class="1005" name="j_0_reg_204">
<pin_list>
<pin id="205" dir="0" index="0" bw="7" slack="1"/>
<pin id="206" dir="1" index="1" bw="7" slack="1"/>
</pin_list>
<bind>
<opset="j_0 (phireg) "/>
</bind>
</comp>

<comp id="208" class="1004" name="j_0_phi_fu_208">
<pin_list>
<pin id="209" dir="0" index="0" bw="1" slack="1"/>
<pin id="210" dir="0" index="1" bw="0" slack="2147483647"/>
<pin id="211" dir="0" index="2" bw="7" slack="0"/>
<pin id="212" dir="0" index="3" bw="0" slack="2147483647"/>
<pin id="213" dir="1" index="4" bw="7" slack="0"/>
</pin_list>
<bind>
<opcode="phi(47) " fcode="phi"/>
<opset="j_0/2 "/>
</bind>
</comp>

<comp id="215" class="1005" name="i1_0_reg_215">
<pin_list>
<pin id="216" dir="0" index="0" bw="4" slack="1"/>
<pin id="217" dir="1" index="1" bw="4" slack="1"/>
</pin_list>
<bind>
<opset="i1_0 (phireg) "/>
</bind>
</comp>

<comp id="219" class="1004" name="i1_0_phi_fu_219">
<pin_list>
<pin id="220" dir="0" index="0" bw="4" slack="0"/>
<pin id="221" dir="0" index="1" bw="0" slack="2147483647"/>
<pin id="222" dir="0" index="2" bw="1" slack="1"/>
<pin id="223" dir="0" index="3" bw="0" slack="2147483647"/>
<pin id="224" dir="1" index="4" bw="4" slack="0"/>
</pin_list>
<bind>
<opcode="phi(47) " fcode="phi"/>
<opset="i1_0/3 "/>
</bind>
</comp>

<comp id="226" class="1005" name="j3_0_reg_226">
<pin_list>
<pin id="227" dir="0" index="0" bw="7" slack="1"/>
<pin id="228" dir="1" index="1" bw="7" slack="1"/>
</pin_list>
<bind>
<opset="j3_0 (phireg) "/>
</bind>
</comp>

<comp id="230" class="1004" name="j3_0_phi_fu_230">
<pin_list>
<pin id="231" dir="0" index="0" bw="7" slack="0"/>
<pin id="232" dir="0" index="1" bw="0" slack="2147483647"/>
<pin id="233" dir="0" index="2" bw="1" slack="1"/>
<pin id="234" dir="0" index="3" bw="0" slack="2147483647"/>
<pin id="235" dir="1" index="4" bw="7" slack="0"/>
</pin_list>
<bind>
<opcode="phi(47) " fcode="phi"/>
<opset="j3_0/4 "/>
</bind>
</comp>

<comp id="237" class="1005" name="j6_0_reg_237">
<pin_list>
<pin id="238" dir="0" index="0" bw="7" slack="1"/>
<pin id="239" dir="1" index="1" bw="7" slack="1"/>
</pin_list>
<bind>
<opset="j6_0 (phireg) "/>
</bind>
</comp>

<comp id="241" class="1004" name="j6_0_phi_fu_241">
<pin_list>
<pin id="242" dir="0" index="0" bw="1" slack="1"/>
<pin id="243" dir="0" index="1" bw="0" slack="2147483647"/>
<pin id="244" dir="0" index="2" bw="7" slack="0"/>
<pin id="245" dir="0" index="3" bw="0" slack="2147483647"/>
<pin id="246" dir="1" index="4" bw="7" slack="0"/>
</pin_list>
<bind>
<opcode="phi(47) " fcode="phi"/>
<opset="j6_0/5 "/>
</bind>
</comp>

<comp id="248" class="1004" name="icmp_ln53_fu_248">
<pin_list>
<pin id="249" dir="0" index="0" bw="7" slack="0"/>
<pin id="250" dir="0" index="1" bw="7" slack="0"/>
<pin id="251" dir="1" index="2" bw="1" slack="2147483647"/>
</pin_list>
<bind>
<opcode="icmp(45) " fcode="icmp"/>
<opset="icmp_ln53/2 "/>
</bind>
</comp>

<comp id="254" class="1004" name="j_fu_254">
<pin_list>
<pin id="255" dir="0" index="0" bw="7" slack="0"/>
<pin id="256" dir="0" index="1" bw="1" slack="0"/>
<pin id="257" dir="1" index="2" bw="7" slack="0"/>
</pin_list>
<bind>
<opcode="add(8) " fcode="add"/>
<opset="j/2 "/>
</bind>
</comp>

<comp id="260" class="1004" name="icmp_ln59_fu_260">
<pin_list>
<pin id="261" dir="0" index="0" bw="4" slack="0"/>
<pin id="262" dir="0" index="1" bw="4" slack="0"/>
<pin id="263" dir="1" index="2" bw="1" slack="2147483647"/>
</pin_list>
<bind>
<opcode="icmp(45) " fcode="icmp"/>
<opset="icmp_ln59/3 "/>
</bind>
</comp>

<comp id="266" class="1004" name="i_fu_266">
<pin_list>
<pin id="267" dir="0" index="0" bw="4" slack="0"/>
<pin id="268" dir="0" index="1" bw="1" slack="0"/>
<pin id="269" dir="1" index="2" bw="4" slack="0"/>
</pin_list>
<bind>
<opcode="add(8) " fcode="add"/>
<opset="i/3 "/>
</bind>
</comp>

<comp id="272" class="1004" name="icmp_ln65_fu_272">
<pin_list>
<pin id="273" dir="0" index="0" bw="7" slack="0"/>
<pin id="274" dir="0" index="1" bw="7" slack="0"/>
<pin id="275" dir="1" index="2" bw="1" slack="2147483647"/>
</pin_list>
<bind>
<opcode="icmp(45) " fcode="icmp"/>
<opset="icmp_ln65/4 "/>
</bind>
</comp>

<comp id="278" class="1004" name="j_6_fu_278">
<pin_list>
<pin id="279" dir="0" index="0" bw="7" slack="0"/>
<pin id="280" dir="0" index="1" bw="1" slack="0"/>
<pin id="281" dir="1" index="2" bw="7" slack="0"/>
</pin_list>
<bind>
<opcode="add(8) " fcode="add"/>
<opset="j_6/4 "/>
</bind>
</comp>

<comp id="284" class="1004" name="tmp_data_0_V_fu_284">
<pin_list>
<pin id="285" dir="0" index="0" bw="32" slack="0"/>
<pin id="286" dir="1" index="1" bw="8" slack="0"/>
</pin_list>
<bind>
<opcode="extractvalue(56) " fcode="extractvalue"/>
<opset="tmp_data_0_V/4 "/>
</bind>
</comp>

<comp id="289" class="1004" name="tmp_data_1_V_fu_289">
<pin_list>
<pin id="290" dir="0" index="0" bw="32" slack="0"/>
<pin id="291" dir="1" index="1" bw="8" slack="0"/>
</pin_list>
<bind>
<opcode="extractvalue(56) " fcode="extractvalue"/>
<opset="tmp_data_1_V/4 "/>
</bind>
</comp>

<comp id="294" class="1004" name="tmp_data_2_V_fu_294">
<pin_list>
<pin id="295" dir="0" index="0" bw="32" slack="0"/>
<pin id="296" dir="1" index="1" bw="8" slack="0"/>
</pin_list>
<bind>
<opcode="extractvalue(56) " fcode="extractvalue"/>
<opset="tmp_data_2_V/4 "/>
</bind>
</comp>

<comp id="299" class="1004" name="tmp_data_3_V_fu_299">
<pin_list>
<pin id="300" dir="0" index="0" bw="32" slack="0"/>
<pin id="301" dir="1" index="1" bw="8" slack="0"/>
</pin_list>
<bind>
<opcode="extractvalue(56) " fcode="extractvalue"/>
<opset="tmp_data_3_V/4 "/>
</bind>
</comp>

<comp id="304" class="1004" name="icmp_ln77_fu_304">
<pin_list>
<pin id="305" dir="0" index="0" bw="7" slack="0"/>
<pin id="306" dir="0" index="1" bw="7" slack="0"/>
<pin id="307" dir="1" index="2" bw="1" slack="2147483647"/>
</pin_list>
<bind>
<opcode="icmp(45) " fcode="icmp"/>
<opset="icmp_ln77/5 "/>
</bind>
</comp>

<comp id="310" class="1004" name="j_5_fu_310">
<pin_list>
<pin id="311" dir="0" index="0" bw="7" slack="0"/>
<pin id="312" dir="0" index="1" bw="1" slack="0"/>
<pin id="313" dir="1" index="2" bw="7" slack="0"/>
</pin_list>
<bind>
<opcode="add(8) " fcode="add"/>
<opset="j_5/5 "/>
</bind>
</comp>

<comp id="319" class="1005" name="j_reg_319">
<pin_list>
<pin id="320" dir="0" index="0" bw="7" slack="0"/>
<pin id="321" dir="1" index="1" bw="7" slack="0"/>
</pin_list>
<bind>
<opset="j "/>
</bind>
</comp>

<comp id="327" class="1005" name="i_reg_327">
<pin_list>
<pin id="328" dir="0" index="0" bw="4" slack="0"/>
<pin id="329" dir="1" index="1" bw="4" slack="0"/>
</pin_list>
<bind>
<opset="i "/>
</bind>
</comp>

<comp id="335" class="1005" name="j_6_reg_335">
<pin_list>
<pin id="336" dir="0" index="0" bw="7" slack="0"/>
<pin id="337" dir="1" index="1" bw="7" slack="0"/>
</pin_list>
<bind>
<opset="j_6 "/>
</bind>
</comp>

<comp id="343" class="1005" name="j_5_reg_343">
<pin_list>
<pin id="344" dir="0" index="0" bw="7" slack="0"/>
<pin id="345" dir="1" index="1" bw="7" slack="0"/>
</pin_list>
<bind>
<opset="j_5 "/>
</bind>
</comp>

</comp_list>

<net_list>
<net id="183"><net_src comp="140" pin="0"/><net_sink comp="172" pin=0"/></net>

<net id="184"><net_src comp="8" pin="0"/><net_sink comp="172" pin=1"/></net>

<net id="185"><net_src comp="10" pin="0"/><net_sink comp="172" pin=2"/></net>

<net id="186"><net_src comp="12" pin="0"/><net_sink comp="172" pin=3"/></net>

<net id="187"><net_src comp="14" pin="0"/><net_sink comp="172" pin=4"/></net>

<net id="188"><net_src comp="142" pin="0"/><net_sink comp="172" pin=5"/></net>

<net id="189"><net_src comp="142" pin="0"/><net_sink comp="172" pin=6"/></net>

<net id="190"><net_src comp="142" pin="0"/><net_sink comp="172" pin=7"/></net>

<net id="191"><net_src comp="142" pin="0"/><net_sink comp="172" pin=8"/></net>

<net id="199"><net_src comp="166" pin="0"/><net_sink comp="192" pin=0"/></net>

<net id="200"><net_src comp="0" pin="0"/><net_sink comp="192" pin=1"/></net>

<net id="201"><net_src comp="2" pin="0"/><net_sink comp="192" pin=2"/></net>

<net id="202"><net_src comp="4" pin="0"/><net_sink comp="192" pin=3"/></net>

<net id="203"><net_src comp="6" pin="0"/><net_sink comp="192" pin=4"/></net>

<net id="207"><net_src comp="128" pin="0"/><net_sink comp="204" pin=0"/></net>

<net id="214"><net_src comp="204" pin="1"/><net_sink comp="208" pin=0"/></net>

<net id="218"><net_src comp="146" pin="0"/><net_sink comp="215" pin=0"/></net>

<net id="225"><net_src comp="215" pin="1"/><net_sink comp="219" pin=2"/></net>

<net id="229"><net_src comp="128" pin="0"/><net_sink comp="226" pin=0"/></net>

<net id="236"><net_src comp="226" pin="1"/><net_sink comp="230" pin=2"/></net>

<net id="240"><net_src comp="128" pin="0"/><net_sink comp="237" pin=0"/></net>

<net id="247"><net_src comp="237" pin="1"/><net_sink comp="241" pin=0"/></net>

<net id="252"><net_src comp="208" pin="4"/><net_sink comp="248" pin=0"/></net>

<net id="253"><net_src comp="130" pin="0"/><net_sink comp="248" pin=1"/></net>

<net id="258"><net_src comp="208" pin="4"/><net_sink comp="254" pin=0"/></net>

<net id="259"><net_src comp="136" pin="0"/><net_sink comp="254" pin=1"/></net>

<net id="264"><net_src comp="219" pin="4"/><net_sink comp="260" pin=0"/></net>

<net id="265"><net_src comp="148" pin="0"/><net_sink comp="260" pin=1"/></net>

<net id="270"><net_src comp="219" pin="4"/><net_sink comp="266" pin=0"/></net>

<net id="271"><net_src comp="152" pin="0"/><net_sink comp="266" pin=1"/></net>

<net id="276"><net_src comp="230" pin="4"/><net_sink comp="272" pin=0"/></net>

<net id="277"><net_src comp="160" pin="0"/><net_sink comp="272" pin=1"/></net>

<net id="282"><net_src comp="230" pin="4"/><net_sink comp="278" pin=0"/></net>

<net id="283"><net_src comp="136" pin="0"/><net_sink comp="278" pin=1"/></net>

<net id="287"><net_src comp="192" pin="5"/><net_sink comp="284" pin=0"/></net>

<net id="288"><net_src comp="284" pin="1"/><net_sink comp="172" pin=5"/></net>

<net id="292"><net_src comp="192" pin="5"/><net_sink comp="289" pin=0"/></net>

<net id="293"><net_src comp="289" pin="1"/><net_sink comp="172" pin=6"/></net>

<net id="297"><net_src comp="192" pin="5"/><net_sink comp="294" pin=0"/></net>

<net id="298"><net_src comp="294" pin="1"/><net_sink comp="172" pin=7"/></net>

<net id="302"><net_src comp="192" pin="5"/><net_sink comp="299" pin=0"/></net>

<net id="303"><net_src comp="299" pin="1"/><net_sink comp="172" pin=8"/></net>

<net id="308"><net_src comp="241" pin="4"/><net_sink comp="304" pin=0"/></net>

<net id="309"><net_src comp="130" pin="0"/><net_sink comp="304" pin=1"/></net>

<net id="314"><net_src comp="241" pin="4"/><net_sink comp="310" pin=0"/></net>

<net id="315"><net_src comp="136" pin="0"/><net_sink comp="310" pin=1"/></net>

<net id="322"><net_src comp="254" pin="2"/><net_sink comp="319" pin=0"/></net>

<net id="323"><net_src comp="319" pin="1"/><net_sink comp="208" pin=2"/></net>

<net id="330"><net_src comp="266" pin="2"/><net_sink comp="327" pin=0"/></net>

<net id="331"><net_src comp="327" pin="1"/><net_sink comp="219" pin=0"/></net>

<net id="338"><net_src comp="278" pin="2"/><net_sink comp="335" pin=0"/></net>

<net id="339"><net_src comp="335" pin="1"/><net_sink comp="230" pin=0"/></net>

<net id="346"><net_src comp="310" pin="2"/><net_sink comp="343" pin=0"/></net>

<net id="347"><net_src comp="343" pin="1"/><net_sink comp="241" pin=2"/></net>

</net_list>

</model> 
---------------- Datapath Model END ------------------

* FSMD analyzer results:
  - Output states:
	Port: res_V_data_0_V | {2 3 4 5 }
	Port: res_V_data_1_V | {2 3 4 5 }
	Port: res_V_data_2_V | {2 3 4 5 }
	Port: res_V_data_3_V | {2 3 4 5 }
 - Input state : 
	Port: zeropad2d_cl<array<ap_fixed,4u>,array<ap_fixed<8,2,0,0,0>,4u>,config60> : data_V_data_0_V | {4 }
	Port: zeropad2d_cl<array<ap_fixed,4u>,array<ap_fixed<8,2,0,0,0>,4u>,config60> : data_V_data_1_V | {4 }
	Port: zeropad2d_cl<array<ap_fixed,4u>,array<ap_fixed<8,2,0,0,0>,4u>,config60> : data_V_data_2_V | {4 }
	Port: zeropad2d_cl<array<ap_fixed,4u>,array<ap_fixed<8,2,0,0,0>,4u>,config60> : data_V_data_3_V | {4 }
  - Chain level:
	State 1
	State 2
		icmp_ln53 : 1
		j : 1
		br_ln53 : 2
	State 3
		icmp_ln59 : 1
		i : 1
		br_ln59 : 2
	State 4
		icmp_ln65 : 1
		j_6 : 1
		br_ln65 : 2
		write_ln26 : 1
	State 5
		icmp_ln77 : 1
		j_5 : 1
		br_ln77 : 2


============================================================
+ Verbose Summary: Datapath Resource usage 
============================================================

* Functional unit list:
|----------|----------------------|---------|---------|
| Operation|    Functional Unit   |    FF   |   LUT   |
|----------|----------------------|---------|---------|
|          |   icmp_ln53_fu_248   |    0    |    11   |
|   icmp   |   icmp_ln59_fu_260   |    0    |    9    |
|          |   icmp_ln65_fu_272   |    0    |    11   |
|          |   icmp_ln77_fu_304   |    0    |    11   |
|----------|----------------------|---------|---------|
|          |       j_fu_254       |    0    |    7    |
|    add   |       i_fu_266       |    0    |    6    |
|          |      j_6_fu_278      |    0    |    7    |
|          |      j_5_fu_310      |    0    |    7    |
|----------|----------------------|---------|---------|
|   write  |   grp_write_fu_172   |    0    |    0    |
|----------|----------------------|---------|---------|
|   read   | empty_41_read_fu_192 |    0    |    0    |
|----------|----------------------|---------|---------|
|          |  tmp_data_0_V_fu_284 |    0    |    0    |
|extractvalue|  tmp_data_1_V_fu_289 |    0    |    0    |
|          |  tmp_data_2_V_fu_294 |    0    |    0    |
|          |  tmp_data_3_V_fu_299 |    0    |    0    |
|----------|----------------------|---------|---------|
|   Total  |                      |    0    |    69   |
|----------|----------------------|---------|---------|

Memories:
N/A

* Register list:
+------------+--------+
|            |   FF   |
+------------+--------+
|i1_0_reg_215|    4   |
|  i_reg_327 |    4   |
|j3_0_reg_226|    7   |
|j6_0_reg_237|    7   |
| j_0_reg_204|    7   |
| j_5_reg_343|    7   |
| j_6_reg_335|    7   |
|  j_reg_319 |    7   |
+------------+--------+
|    Total   |   50   |
+------------+--------+

* Multiplexer (MUX) list: 
|------------------|------|------|------|--------||---------||---------|
|       Comp       |  Pin | Size |  BW  | S x BW ||  Delay  ||   LUT   |
|------------------|------|------|------|--------||---------||---------|
| grp_write_fu_172 |  p5  |   2  |   8  |   16   ||    9    |
| grp_write_fu_172 |  p6  |   2  |   8  |   16   ||    9    |
| grp_write_fu_172 |  p7  |   2  |   8  |   16   ||    9    |
| grp_write_fu_172 |  p8  |   2  |   8  |   16   ||    9    |
|------------------|------|------|------|--------||---------||---------|
|       Total      |      |      |      |   64   ||  2.412  ||    36   |
|------------------|------|------|------|--------||---------||---------|



* Summary:
+-----------+--------+--------+--------+
|           |  Delay |   FF   |   LUT  |
+-----------+--------+--------+--------+
|  Function |    -   |    0   |   69   |
|   Memory  |    -   |    -   |    -   |
|Multiplexer|    2   |    -   |   36   |
|  Register |    -   |   50   |    -   |
+-----------+--------+--------+--------+
|   Total   |    2   |   50   |   105  |
+-----------+--------+--------+--------+
