

================================================================
== Vivado HLS Report for 'clone_stream_array_ap_fixed_4u_array_ap_fixed_8_2_0_0_0_4u_3072_s'
================================================================
* Date:           Mon Aug 12 13:52:19 2024

* Version:        2019.2 (Build 2704478 on Wed Nov 06 22:10:23 MST 2019)
* Project:        myproject_prj
* Solution:       solution1
* Product family: virtexuplus
* Target device:  xcvu13p-flga2577-2-e


================================================================
== Performance Estimates
================================================================
+ Timing: 
    * Summary: 
    +--------+---------+----------+------------+
    |  Clock |  Target | Estimated| Uncertainty|
    +--------+---------+----------+------------+
    |ap_clk  | 2.78 ns | 1.216 ns |   0.35 ns  |
    +--------+---------+----------+------------+

+ Latency: 
    * Summary: 
    +---------+---------+----------+----------+-----+-----+---------+
    |  Latency (cycles) |  Latency (absolute) |  Interval | Pipeline|
    |   min   |   max   |    min   |    max   | min | max |   Type  |
    +---------+---------+----------+----------+-----+-----+---------+
    |      770|      770| 2.139 us | 2.139 us |  770|  770|   none  |
    +---------+---------+----------+----------+-----+-----+---------+

    + Detail: 
        * Instance: 
        N/A

        * Loop: 
        +-------------+---------+---------+----------+-----------+-----------+------+----------+
        |             |  Latency (cycles) | Iteration|  Initiation Interval  | Trip |          |
        |  Loop Name  |   min   |   max   |  Latency |  achieved |   target  | Count| Pipelined|
        +-------------+---------+---------+----------+-----------+-----------+------+----------+
        |- CloneLoop  |      768|      768|         2|          1|          1|   768|    yes   |
        +-------------+---------+---------+----------+-----------+-----------+------+----------+



================================================================
== Utilization Estimates
================================================================
* Summary: 
+---------------------+---------+-------+---------+---------+------+
|         Name        | BRAM_18K| DSP48E|    FF   |   LUT   | URAM |
+---------------------+---------+-------+---------+---------+------+
|DSP                  |        -|      -|        -|        -|     -|
|Expression           |        -|      -|        0|       41|     -|
|FIFO                 |        -|      -|        -|        -|     -|
|Instance             |        -|      -|        -|        -|     -|
|Memory               |        -|      -|        -|        -|     -|
|Multiplexer          |        -|      -|        -|      171|     -|
|Register             |        -|      -|       50|        -|     -|
+---------------------+---------+-------+---------+---------+------+
|Total                |        0|      0|       50|      212|     0|
+---------------------+---------+-------+---------+---------+------+
|Available SLR        |     1344|   3072|   864000|   432000|   320|
+---------------------+---------+-------+---------+---------+------+
|Utilization SLR (%)  |        0|      0|    ~0   |    ~0   |     0|
+---------------------+---------+-------+---------+---------+------+
|Available            |     5376|  12288|  3456000|  1728000|  1280|
+---------------------+---------+-------+---------+---------+------+
|Utilization (%)      |        0|      0|    ~0   |    ~0   |     0|
+---------------------+---------+-------+---------+---------+------+

+ Detail: 
    * Instance: 
    N/A

    * DSP48E: 
    N/A

    * Memory: 
    N/A

    * FIFO: 
    N/A

    * Expression: 
    +----------------------------------+----------+-------+---+----+------------+------------+
    |           Variable Name          | Operation| DSP48E| FF| LUT| Bitwidth P0| Bitwidth P1|
    +----------------------------------+----------+-------+---+----+------------+------------+
    |i_fu_225_p2                       |     +    |      0|  0|  10|          10|           1|
    |ap_block_state2_pp0_stage0_iter0  |    and   |      0|  0|   2|           1|           1|
    |io_acc_block_signal_op23          |    and   |      0|  0|   2|           1|           1|
    |io_acc_block_signal_op31          |    and   |      0|  0|   2|           1|           1|
    |io_acc_block_signal_op32          |    and   |      0|  0|   2|           1|           1|
    |icmp_ln22_fu_219_p2               |   icmp   |      0|  0|  13|          10|          10|
    |ap_block_pp0_stage0_01001         |    or    |      0|  0|   2|           1|           1|
    |ap_block_state1                   |    or    |      0|  0|   2|           1|           1|
    |ap_block_state3_pp0_stage0_iter1  |    or    |      0|  0|   2|           1|           1|
    |ap_enable_pp0                     |    xor   |      0|  0|   2|           1|           2|
    |ap_enable_reg_pp0_iter1           |    xor   |      0|  0|   2|           2|           1|
    +----------------------------------+----------+-------+---+----+------------+------------+
    |Total                             |          |      0|  0|  41|          30|          21|
    +----------------------------------+----------+-------+---+----+------------+------------+

    * Multiplexer: 
    +-----------------------------+----+-----------+-----+-----------+
    |             Name            | LUT| Input Size| Bits| Total Bits|
    +-----------------------------+----+-----------+-----+-----------+
    |ap_NS_fsm                    |  21|          4|    1|          4|
    |ap_done                      |   9|          2|    1|          2|
    |ap_enable_reg_pp0_iter1      |  15|          3|    1|          3|
    |data_V_data_0_V_TDATA_blk_n  |   9|          2|    1|          2|
    |data_V_data_1_V_TDATA_blk_n  |   9|          2|    1|          2|
    |data_V_data_2_V_TDATA_blk_n  |   9|          2|    1|          2|
    |data_V_data_3_V_TDATA_blk_n  |   9|          2|    1|          2|
    |i_0_reg_208                  |   9|          2|   10|         20|
    |real_start                   |   9|          2|    1|          2|
    |res1_V_data_0_V_blk_n        |   9|          2|    1|          2|
    |res1_V_data_1_V_blk_n        |   9|          2|    1|          2|
    |res1_V_data_2_V_blk_n        |   9|          2|    1|          2|
    |res1_V_data_3_V_blk_n        |   9|          2|    1|          2|
    |res2_V_data_0_V_blk_n        |   9|          2|    1|          2|
    |res2_V_data_1_V_blk_n        |   9|          2|    1|          2|
    |res2_V_data_2_V_blk_n        |   9|          2|    1|          2|
    |res2_V_data_3_V_blk_n        |   9|          2|    1|          2|
    +-----------------------------+----+-----------+-----+-----------+
    |Total                        | 171|         37|   26|         55|
    +-----------------------------+----+-----------+-----+-----------+

    * Register: 
    +-------------------------+----+----+-----+-----------+
    |           Name          | FF | LUT| Bits| Const Bits|
    +-------------------------+----+----+-----+-----------+
    |ap_CS_fsm                |   3|   0|    3|          0|
    |ap_done_reg              |   1|   0|    1|          0|
    |ap_enable_reg_pp0_iter0  |   1|   0|    1|          0|
    |ap_enable_reg_pp0_iter1  |   1|   0|    1|          0|
    |i_0_reg_208              |  10|   0|   10|          0|
    |icmp_ln22_reg_247        |   1|   0|    1|          0|
    |start_once_reg           |   1|   0|    1|          0|
    |tmp_data_0_V_reg_256     |   8|   0|    8|          0|
    |tmp_data_1_V_reg_262     |   8|   0|    8|          0|
    |tmp_data_2_V_reg_268     |   8|   0|    8|          0|
    |tmp_data_3_V_reg_274     |   8|   0|    8|          0|
    +-------------------------+----+----+-----+-----------+
    |Total                    |  50|   0|   50|          0|
    +-------------------------+----+----+-----+-----------+



================================================================
== Interface
================================================================
* Summary: 
+------------------------+-----+-----+------------+---------------------------------------------------------------------+--------------+
|        RTL Ports       | Dir | Bits|  Protocol  |                            Source Object                            |    C Type    |
+------------------------+-----+-----+------------+---------------------------------------------------------------------+--------------+
|ap_clk                  |  in |    1| ap_ctrl_hs | clone_stream<array<ap_fixed,4u>,array<ap_fixed<8,2,0,0,0>,4u>,3072> | return value |
|ap_rst                  |  in |    1| ap_ctrl_hs | clone_stream<array<ap_fixed,4u>,array<ap_fixed<8,2,0,0,0>,4u>,3072> | return value |
|ap_start                |  in |    1| ap_ctrl_hs | clone_stream<array<ap_fixed,4u>,array<ap_fixed<8,2,0,0,0>,4u>,3072> | return value |
|start_full_n            |  in |    1| ap_ctrl_hs | clone_stream<array<ap_fixed,4u>,array<ap_fixed<8,2,0,0,0>,4u>,3072> | return value |
|ap_done                 | out |    1| ap_ctrl_hs | clone_stream<array<ap_fixed,4u>,array<ap_fixed<8,2,0,0,0>,4u>,3072> | return value |
|ap_continue             |  in |    1| ap_ctrl_hs | clone_stream<array<ap_fixed,4u>,array<ap_fixed<8,2,0,0,0>,4u>,3072> | return value |
|ap_idle                 | out |    1| ap_ctrl_hs | clone_stream<array<ap_fixed,4u>,array<ap_fixed<8,2,0,0,0>,4u>,3072> | return value |
|ap_ready                | out |    1| ap_ctrl_hs | clone_stream<array<ap_fixed,4u>,array<ap_fixed<8,2,0,0,0>,4u>,3072> | return value |
|start_out               | out |    1| ap_ctrl_hs | clone_stream<array<ap_fixed,4u>,array<ap_fixed<8,2,0,0,0>,4u>,3072> | return value |
|start_write             | out |    1| ap_ctrl_hs | clone_stream<array<ap_fixed,4u>,array<ap_fixed<8,2,0,0,0>,4u>,3072> | return value |
|data_V_data_0_V_TDATA   |  in |    8|    axis    |                           data_V_data_0_V                           |    pointer   |
|data_V_data_0_V_TVALID  |  in |    1|    axis    |                           data_V_data_0_V                           |    pointer   |
|data_V_data_0_V_TREADY  | out |    1|    axis    |                           data_V_data_0_V                           |    pointer   |
|data_V_data_1_V_TDATA   |  in |    8|    axis    |                           data_V_data_1_V                           |    pointer   |
|data_V_data_1_V_TVALID  |  in |    1|    axis    |                           data_V_data_1_V                           |    pointer   |
|data_V_data_1_V_TREADY  | out |    1|    axis    |                           data_V_data_1_V                           |    pointer   |
|data_V_data_2_V_TDATA   |  in |    8|    axis    |                           data_V_data_2_V                           |    pointer   |
|data_V_data_2_V_TVALID  |  in |    1|    axis    |                           data_V_data_2_V                           |    pointer   |
|data_V_data_2_V_TREADY  | out |    1|    axis    |                           data_V_data_2_V                           |    pointer   |
|data_V_data_3_V_TDATA   |  in |    8|    axis    |                           data_V_data_3_V                           |    pointer   |
|data_V_data_3_V_TVALID  |  in |    1|    axis    |                           data_V_data_3_V                           |    pointer   |
|data_V_data_3_V_TREADY  | out |    1|    axis    |                           data_V_data_3_V                           |    pointer   |
|res1_V_data_0_V_din     | out |    8|   ap_fifo  |                           res1_V_data_0_V                           |    pointer   |
|res1_V_data_0_V_full_n  |  in |    1|   ap_fifo  |                           res1_V_data_0_V                           |    pointer   |
|res1_V_data_0_V_write   | out |    1|   ap_fifo  |                           res1_V_data_0_V                           |    pointer   |
|res1_V_data_1_V_din     | out |    8|   ap_fifo  |                           res1_V_data_1_V                           |    pointer   |
|res1_V_data_1_V_full_n  |  in |    1|   ap_fifo  |                           res1_V_data_1_V                           |    pointer   |
|res1_V_data_1_V_write   | out |    1|   ap_fifo  |                           res1_V_data_1_V                           |    pointer   |
|res1_V_data_2_V_din     | out |    8|   ap_fifo  |                           res1_V_data_2_V                           |    pointer   |
|res1_V_data_2_V_full_n  |  in |    1|   ap_fifo  |                           res1_V_data_2_V                           |    pointer   |
|res1_V_data_2_V_write   | out |    1|   ap_fifo  |                           res1_V_data_2_V                           |    pointer   |
|res1_V_data_3_V_din     | out |    8|   ap_fifo  |                           res1_V_data_3_V                           |    pointer   |
|res1_V_data_3_V_full_n  |  in |    1|   ap_fifo  |                           res1_V_data_3_V                           |    pointer   |
|res1_V_data_3_V_write   | out |    1|   ap_fifo  |                           res1_V_data_3_V                           |    pointer   |
|res2_V_data_0_V_din     | out |    8|   ap_fifo  |                           res2_V_data_0_V                           |    pointer   |
|res2_V_data_0_V_full_n  |  in |    1|   ap_fifo  |                           res2_V_data_0_V                           |    pointer   |
|res2_V_data_0_V_write   | out |    1|   ap_fifo  |                           res2_V_data_0_V                           |    pointer   |
|res2_V_data_1_V_din     | out |    8|   ap_fifo  |                           res2_V_data_1_V                           |    pointer   |
|res2_V_data_1_V_full_n  |  in |    1|   ap_fifo  |                           res2_V_data_1_V                           |    pointer   |
|res2_V_data_1_V_write   | out |    1|   ap_fifo  |                           res2_V_data_1_V                           |    pointer   |
|res2_V_data_2_V_din     | out |    8|   ap_fifo  |                           res2_V_data_2_V                           |    pointer   |
|res2_V_data_2_V_full_n  |  in |    1|   ap_fifo  |                           res2_V_data_2_V                           |    pointer   |
|res2_V_data_2_V_write   | out |    1|   ap_fifo  |                           res2_V_data_2_V                           |    pointer   |
|res2_V_data_3_V_din     | out |    8|   ap_fifo  |                           res2_V_data_3_V                           |    pointer   |
|res2_V_data_3_V_full_n  |  in |    1|   ap_fifo  |                           res2_V_data_3_V                           |    pointer   |
|res2_V_data_3_V_write   | out |    1|   ap_fifo  |                           res2_V_data_3_V                           |    pointer   |
+------------------------+-----+-----+------------+---------------------------------------------------------------------+--------------+

