

================================================================
== Vivado HLS Report for 'compute_output_buffer_2d_array_array_ap_fixed_8_2_0_0_0_4u_config6_s'
================================================================
* Date:           Mon Aug 12 13:52:29 2024

* Version:        2019.2 (Build 2704478 on Wed Nov 06 22:10:23 MST 2019)
* Project:        myproject_prj
* Solution:       solution1
* Product family: virtexuplus
* Target device:  xcvu13p-flga2577-2-e


================================================================
== Performance Estimates
================================================================
+ Timing: 
    * Summary: 
    +--------+---------+----------+------------+
    |  Clock |  Target | Estimated| Uncertainty|
    +--------+---------+----------+------------+
    |ap_clk  | 2.78 ns | 2.426 ns |   0.35 ns  |
    +--------+---------+----------+------------+

+ Latency: 
    * Summary: 
    +---------+---------+-----------+-----------+-----+-----+----------+
    |  Latency (cycles) |   Latency (absolute)  |  Interval | Pipeline |
    |   min   |   max   |    min    |    max    | min | max |   Type   |
    +---------+---------+-----------+-----------+-----+-----+----------+
    |        7|        7| 19.446 ns | 19.446 ns |    1|    1| function |
    +---------+---------+-----------+-----------+-----+-----+----------+

    + Detail: 
        * Instance: 
        +-----------------------------------------------------------------------------+------------------------------------------------------------------+---------+---------+-----------+-----------+-----+-----+----------+
        |                                                                             |                                                                  |  Latency (cycles) |   Latency (absolute)  |  Interval | Pipeline |
        |                                   Instance                                  |                              Module                              |   min   |   max   |    min    |    max    | min | max |   Type   |
        +-----------------------------------------------------------------------------+------------------------------------------------------------------+---------+---------+-----------+-----------+-----+-----+----------+
        |grp_dense_latency_ap_fixed_ap_fixed_8_2_0_0_0_config6_mult_0_0_0_0_0_fu_145  |dense_latency_ap_fixed_ap_fixed_8_2_0_0_0_config6_mult_0_0_0_0_0  |        4|        4| 11.112 ns | 11.112 ns |    1|    1| function |
        |call_ret8_shift_line_buffer_array_ap_fixed_8_2_0_0_0_1u_config6_s_fu_158     |shift_line_buffer_array_ap_fixed_8_2_0_0_0_1u_config6_s           |        0|        0|    0 ns   |    0 ns   |    1|    1| function |
        +-----------------------------------------------------------------------------+------------------------------------------------------------------+---------+---------+-----------+-----------+-----+-----+----------+

        * Loop: 
        N/A



================================================================
== Utilization Estimates
================================================================
* Summary: 
+---------------------+---------+-------+---------+---------+------+
|         Name        | BRAM_18K| DSP48E|    FF   |   LUT   | URAM |
+---------------------+---------+-------+---------+---------+------+
|DSP                  |        -|      -|        -|        -|     -|
|Expression           |        -|      -|        0|      332|     -|
|FIFO                 |        -|      -|        -|        -|     -|
|Instance             |        0|      0|      609|     2571|     -|
|Memory               |        -|      -|        -|        -|     -|
|Multiplexer          |        -|      -|        -|       87|     -|
|Register             |        0|      -|      418|       32|     -|
+---------------------+---------+-------+---------+---------+------+
|Total                |        0|      0|     1027|     3022|     0|
+---------------------+---------+-------+---------+---------+------+
|Available SLR        |     1344|   3072|   864000|   432000|   320|
+---------------------+---------+-------+---------+---------+------+
|Utilization SLR (%)  |        0|      0|    ~0   |    ~0   |     0|
+---------------------+---------+-------+---------+---------+------+
|Available            |     5376|  12288|  3456000|  1728000|  1280|
+---------------------+---------+-------+---------+---------+------+
|Utilization (%)      |        0|      0|    ~0   |    ~0   |     0|
+---------------------+---------+-------+---------+---------+------+

+ Detail: 
    * Instance: 
    +-----------------------------------------------------------------------------+------------------------------------------------------------------+---------+-------+-----+------+-----+
    |                                   Instance                                  |                              Module                              | BRAM_18K| DSP48E|  FF |  LUT | URAM|
    +-----------------------------------------------------------------------------+------------------------------------------------------------------+---------+-------+-----+------+-----+
    |grp_dense_latency_ap_fixed_ap_fixed_8_2_0_0_0_config6_mult_0_0_0_0_0_fu_145  |dense_latency_ap_fixed_ap_fixed_8_2_0_0_0_config6_mult_0_0_0_0_0  |        0|      0|  480|  2419|    0|
    |call_ret8_shift_line_buffer_array_ap_fixed_8_2_0_0_0_1u_config6_s_fu_158     |shift_line_buffer_array_ap_fixed_8_2_0_0_0_1u_config6_s           |        0|      0|  129|   152|    0|
    +-----------------------------------------------------------------------------+------------------------------------------------------------------+---------+-------+-----+------+-----+
    |Total                                                                        |                                                                  |        0|      0|  609|  2571|    0|
    +-----------------------------------------------------------------------------+------------------------------------------------------------------+---------+-------+-----+------+-----+

    * DSP48E: 
    N/A

    * Memory: 
    N/A

    * FIFO: 
    N/A

    * Expression: 
    +----------------------------------+----------+-------+---+----+------------+------------+
    |           Variable Name          | Operation| DSP48E| FF| LUT| Bitwidth P0| Bitwidth P1|
    +----------------------------------+----------+-------+---+----+------------+------------+
    |add_ln321_fu_410_p2               |     +    |      0|  0|  32|          32|           1|
    |add_ln323_fu_422_p2               |     +    |      0|  0|  32|          32|           1|
    |add_ln326_fu_360_p2               |     +    |      0|  0|  32|          32|           1|
    |add_ln328_fu_372_p2               |     +    |      0|  0|  32|          32|           1|
    |and_ln289_5_fu_342_p2             |    and   |      0|  0|   2|           1|           1|
    |and_ln289_6_fu_348_p2             |    and   |      0|  0|   2|           1|           1|
    |and_ln289_fu_336_p2               |    and   |      0|  0|   2|           1|           1|
    |ap_block_state8_pp0_stage0_iter7  |    and   |      0|  0|   2|           1|           1|
    |ap_condition_314                  |    and   |      0|  0|   2|           1|           1|
    |ap_condition_344                  |    and   |      0|  0|   2|           1|           1|
    |io_acc_block_signal_op80          |    and   |      0|  0|   2|           1|           1|
    |icmp_ln289_7_fu_290_p2            |   icmp   |      0|  0|  20|          32|           2|
    |icmp_ln289_8_fu_310_p2            |   icmp   |      0|  0|  20|          31|           1|
    |icmp_ln289_9_fu_330_p2            |   icmp   |      0|  0|  20|          31|           1|
    |icmp_ln289_fu_280_p2              |   icmp   |      0|  0|  20|          32|           2|
    |icmp_ln313_fu_354_p2              |   icmp   |      0|  0|  20|          32|           7|
    |icmp_ln317_fu_404_p2              |   icmp   |      0|  0|  20|          32|           4|
    |ap_block_pp0_stage0_01001         |    or    |      0|  0|   2|           1|           1|
    |ap_block_pp0_stage0_subdone       |    or    |      0|  0|   2|           1|           1|
    |select_ln323_fu_428_p3            |  select  |      0|  0|  32|           1|           2|
    |select_ln328_fu_378_p3            |  select  |      0|  0|  32|           1|           2|
    |ap_enable_pp0                     |    xor   |      0|  0|   2|           1|           2|
    +----------------------------------+----------+-------+---+----+------------+------------+
    |Total                             |          |      0|  0| 332|         330|          36|
    +----------------------------------+----------+-------+---+----+------------+------------+

    * Multiplexer: 
    +-----------------------------------------+----+-----------+-----+-----------+
    |                   Name                  | LUT| Input Size| Bits| Total Bits|
    +-----------------------------------------+----+-----------+-----+-----------+
    |ap_phi_reg_pp0_iter2_storemerge_reg_134  |  15|          3|   32|         96|
    |ap_sig_allocacmp_sY_2_load               |   9|          2|   32|         64|
    |pX_2                                     |   9|          2|   32|         64|
    |pY_2                                     |   9|          2|   32|         64|
    |res_stream_V_data_0_V_blk_n              |   9|          2|    1|          2|
    |res_stream_V_data_1_V_blk_n              |   9|          2|    1|          2|
    |res_stream_V_data_2_V_blk_n              |   9|          2|    1|          2|
    |res_stream_V_data_3_V_blk_n              |   9|          2|    1|          2|
    |sX_2                                     |   9|          2|   32|         64|
    +-----------------------------------------+----+-----------+-----+-----------+
    |Total                                    |  87|         19|  164|        360|
    +-----------------------------------------+----+-----------+-----+-----------+

    * Register: 
    +-----------------------------------------+----+----+-----+-----------+
    |                   Name                  | FF | LUT| Bits| Const Bits|
    +-----------------------------------------+----+----+-----+-----------+
    |and_ln289_6_reg_509                      |   1|   0|    1|          0|
    |ap_CS_fsm                                |   1|   0|    1|          0|
    |ap_enable_reg_pp0_iter1                  |   1|   0|    1|          0|
    |ap_enable_reg_pp0_iter2                  |   1|   0|    1|          0|
    |ap_enable_reg_pp0_iter3                  |   1|   0|    1|          0|
    |ap_enable_reg_pp0_iter4                  |   1|   0|    1|          0|
    |ap_enable_reg_pp0_iter5                  |   1|   0|    1|          0|
    |ap_enable_reg_pp0_iter6                  |   1|   0|    1|          0|
    |ap_enable_reg_pp0_iter7                  |   1|   0|    1|          0|
    |ap_phi_reg_pp0_iter1_storemerge_reg_134  |  32|   0|   32|          0|
    |ap_phi_reg_pp0_iter2_storemerge_reg_134  |  32|   0|   32|          0|
    |icmp_ln313_reg_513                       |   1|   0|    1|          0|
    |kernel_data_V_0_ret_reg_474              |   8|   0|    8|          0|
    |kernel_data_V_1632                       |   8|   0|    8|          0|
    |kernel_data_V_1632_ret_reg_479           |   8|   0|    8|          0|
    |kernel_data_V_2633                       |   8|   0|    8|          0|
    |kernel_data_V_2633_ret_reg_484           |   8|   0|    8|          0|
    |kernel_data_V_3634_ret_reg_469           |   8|   0|    8|          0|
    |kernel_data_V_4635                       |   8|   0|    8|          0|
    |kernel_data_V_4635_ret_reg_489           |   8|   0|    8|          0|
    |kernel_data_V_5636                       |   8|   0|    8|          0|
    |kernel_data_V_5636_ret_reg_494           |   8|   0|    8|          0|
    |kernel_data_V_6637_ret_reg_464           |   8|   0|    8|          0|
    |kernel_data_V_7638                       |   8|   0|    8|          0|
    |kernel_data_V_7638_ret_reg_499           |   8|   0|    8|          0|
    |kernel_data_V_8                          |   8|   0|    8|          0|
    |kernel_data_V_8_ret_reg_504              |   8|   0|    8|          0|
    |pX_2                                     |  32|   0|   32|          0|
    |pY_2                                     |  32|   0|   32|          0|
    |res_out_0_V_reg_525                      |   8|   0|    8|          0|
    |res_out_1_V_reg_530                      |   8|   0|    8|          0|
    |res_out_2_V_reg_535                      |   8|   0|    8|          0|
    |res_out_3_V_reg_540                      |   8|   0|    8|          0|
    |sX_2                                     |  32|   0|   32|          0|
    |sY_2                                     |  32|   0|   32|          0|
    |and_ln289_6_reg_509                      |  64|  32|    1|          0|
    +-----------------------------------------+----+----+-----+-----------+
    |Total                                    | 418|  32|  355|          0|
    +-----------------------------------------+----+----+-----+-----------+



================================================================
== Interface
================================================================
* Summary: 
+------------------------------+-----+-----+------------+-----------------------------------------------------------------------+--------------+
|           RTL Ports          | Dir | Bits|  Protocol  |                             Source Object                             |    C Type    |
+------------------------------+-----+-----+------------+-----------------------------------------------------------------------+--------------+
|ap_clk                        |  in |    1| ap_ctrl_hs | compute_output_buffer_2d<array,array<ap_fixed<8,2,0,0,0>,4u>,config6> | return value |
|ap_rst                        |  in |    1| ap_ctrl_hs | compute_output_buffer_2d<array,array<ap_fixed<8,2,0,0,0>,4u>,config6> | return value |
|ap_start                      |  in |    1| ap_ctrl_hs | compute_output_buffer_2d<array,array<ap_fixed<8,2,0,0,0>,4u>,config6> | return value |
|ap_done                       | out |    1| ap_ctrl_hs | compute_output_buffer_2d<array,array<ap_fixed<8,2,0,0,0>,4u>,config6> | return value |
|ap_idle                       | out |    1| ap_ctrl_hs | compute_output_buffer_2d<array,array<ap_fixed<8,2,0,0,0>,4u>,config6> | return value |
|ap_ready                      | out |    1| ap_ctrl_hs | compute_output_buffer_2d<array,array<ap_fixed<8,2,0,0,0>,4u>,config6> | return value |
|ap_ce                         |  in |    1| ap_ctrl_hs | compute_output_buffer_2d<array,array<ap_fixed<8,2,0,0,0>,4u>,config6> | return value |
|res_stream_V_data_0_V_blk_n   | out |    1| ap_ctrl_hs | compute_output_buffer_2d<array,array<ap_fixed<8,2,0,0,0>,4u>,config6> | return value |
|res_stream_V_data_1_V_blk_n   | out |    1| ap_ctrl_hs | compute_output_buffer_2d<array,array<ap_fixed<8,2,0,0,0>,4u>,config6> | return value |
|res_stream_V_data_2_V_blk_n   | out |    1| ap_ctrl_hs | compute_output_buffer_2d<array,array<ap_fixed<8,2,0,0,0>,4u>,config6> | return value |
|res_stream_V_data_3_V_blk_n   | out |    1| ap_ctrl_hs | compute_output_buffer_2d<array,array<ap_fixed<8,2,0,0,0>,4u>,config6> | return value |
|res_stream_V_data_0_V_din     | out |    8|   ap_fifo  |                         res_stream_V_data_0_V                         |    pointer   |
|res_stream_V_data_0_V_full_n  |  in |    1|   ap_fifo  |                         res_stream_V_data_0_V                         |    pointer   |
|res_stream_V_data_0_V_write   | out |    1|   ap_fifo  |                         res_stream_V_data_0_V                         |    pointer   |
|res_stream_V_data_1_V_din     | out |    8|   ap_fifo  |                         res_stream_V_data_1_V                         |    pointer   |
|res_stream_V_data_1_V_full_n  |  in |    1|   ap_fifo  |                         res_stream_V_data_1_V                         |    pointer   |
|res_stream_V_data_1_V_write   | out |    1|   ap_fifo  |                         res_stream_V_data_1_V                         |    pointer   |
|res_stream_V_data_2_V_din     | out |    8|   ap_fifo  |                         res_stream_V_data_2_V                         |    pointer   |
|res_stream_V_data_2_V_full_n  |  in |    1|   ap_fifo  |                         res_stream_V_data_2_V                         |    pointer   |
|res_stream_V_data_2_V_write   | out |    1|   ap_fifo  |                         res_stream_V_data_2_V                         |    pointer   |
|res_stream_V_data_3_V_din     | out |    8|   ap_fifo  |                         res_stream_V_data_3_V                         |    pointer   |
|res_stream_V_data_3_V_full_n  |  in |    1|   ap_fifo  |                         res_stream_V_data_3_V                         |    pointer   |
|res_stream_V_data_3_V_write   | out |    1|   ap_fifo  |                         res_stream_V_data_3_V                         |    pointer   |
|in_elem_data_V_read           |  in |    8|   ap_none  |                          in_elem_data_V_read                          |    scalar    |
+------------------------------+-----+-----+------------+-----------------------------------------------------------------------+--------------+

