

================================================================
== Vivado HLS Report for 'compute_output_buffer_2d_array_array_ap_fixed_8_2_0_0_0_4u_config31_s'
================================================================
* Date:           Tue Jul 30 11:21:45 2024

* Version:        2019.2 (Build 2704478 on Wed Nov 06 22:10:23 MST 2019)
* Project:        myproject_prj
* Solution:       solution1
* Product family: virtexuplus
* Target device:  xcvu9p-flga2577-2-e


================================================================
== Performance Estimates
================================================================
+ Timing: 
    * Summary: 
    +--------+---------+----------+------------+
    |  Clock |  Target | Estimated| Uncertainty|
    +--------+---------+----------+------------+
    |ap_clk  | 2.78 ns | 2.431 ns |   0.35 ns  |
    +--------+---------+----------+------------+

+ Latency: 
    * Summary: 
    +---------+---------+----------+----------+-----+-----+----------+
    |  Latency (cycles) |  Latency (absolute) |  Interval | Pipeline |
    |   min   |   max   |    min   |    max   | min | max |   Type   |
    +---------+---------+----------+----------+-----+-----+----------+
    |       38|       38| 0.106 us | 0.106 us |    1|    1| function |
    +---------+---------+----------+----------+-----+-----+----------+

    + Detail: 
        * Instance: 
        +------------------------------------------------------------------------------+-------------------------------------------------------------------+---------+---------+-----------+-----------+-----+-----+----------+
        |                                                                              |                                                                   |  Latency (cycles) |   Latency (absolute)  |  Interval | Pipeline |
        |                                   Instance                                   |                               Module                              |   min   |   max   |    min    |    max    | min | max |   Type   |
        +------------------------------------------------------------------------------+-------------------------------------------------------------------+---------+---------+-----------+-----------+-----+-----+----------+
        |grp_dense_latency_ap_fixed_ap_fixed_8_2_0_0_0_config31_mult_0_0_0_0_0_fu_311  |dense_latency_ap_fixed_ap_fixed_8_2_0_0_0_config31_mult_0_0_0_0_0  |       35|       35| 97.230 ns | 97.230 ns |    1|    1| function |
        |call_ret2_shift_line_buffer_array_ap_fixed_8_2_0_0_0_8u_config31_s_fu_387     |shift_line_buffer_array_ap_fixed_8_2_0_0_0_8u_config31_s           |        0|        0|    0 ns   |    0 ns   |    1|    1| function |
        +------------------------------------------------------------------------------+-------------------------------------------------------------------+---------+---------+-----------+-----------+-----+-----+----------+

        * Loop: 
        N/A



================================================================
== Utilization Estimates
================================================================
* Summary: 
+---------------------+---------+-------+---------+---------+-----+
|         Name        | BRAM_18K| DSP48E|    FF   |   LUT   | URAM|
+---------------------+---------+-------+---------+---------+-----+
|DSP                  |        -|      -|        -|        -|    -|
|Expression           |        -|      -|        0|      332|    -|
|FIFO                 |        -|      -|        -|        -|    -|
|Instance             |        0|      0|    11352|    35791|    -|
|Memory               |        -|      -|        -|        -|    -|
|Multiplexer          |        -|      -|        -|       87|    -|
|Register             |        0|      -|     1289|       64|    -|
+---------------------+---------+-------+---------+---------+-----+
|Total                |        0|      0|    12641|    36274|    0|
+---------------------+---------+-------+---------+---------+-----+
|Available SLR        |     1440|   2280|   788160|   394080|  320|
+---------------------+---------+-------+---------+---------+-----+
|Utilization SLR (%)  |        0|      0|        1|        9|    0|
+---------------------+---------+-------+---------+---------+-----+
|Available            |     4320|   6840|  2364480|  1182240|  960|
+---------------------+---------+-------+---------+---------+-----+
|Utilization (%)      |        0|      0|    ~0   |        3|    0|
+---------------------+---------+-------+---------+---------+-----+

+ Detail: 
    * Instance: 
    +------------------------------------------------------------------------------+-------------------------------------------------------------------+---------+-------+-------+-------+-----+
    |                                   Instance                                   |                               Module                              | BRAM_18K| DSP48E|   FF  |  LUT  | URAM|
    +------------------------------------------------------------------------------+-------------------------------------------------------------------+---------+-------+-------+-------+-----+
    |grp_dense_latency_ap_fixed_ap_fixed_8_2_0_0_0_config31_mult_0_0_0_0_0_fu_311  |dense_latency_ap_fixed_ap_fixed_8_2_0_0_0_config31_mult_0_0_0_0_0  |        0|      0|  10327|  34575|    0|
    |call_ret2_shift_line_buffer_array_ap_fixed_8_2_0_0_0_8u_config31_s_fu_387     |shift_line_buffer_array_ap_fixed_8_2_0_0_0_8u_config31_s           |        0|      0|   1025|   1216|    0|
    +------------------------------------------------------------------------------+-------------------------------------------------------------------+---------+-------+-------+-------+-----+
    |Total                                                                         |                                                                   |        0|      0|  11352|  35791|    0|
    +------------------------------------------------------------------------------+-------------------------------------------------------------------+---------+-------+-------+-------+-----+

    * DSP48E: 
    N/A

    * Memory: 
    N/A

    * FIFO: 
    N/A

    * Expression: 
    +------------------------------------+----------+-------+---+----+------------+------------+
    |            Variable Name           | Operation| DSP48E| FF| LUT| Bitwidth P0| Bitwidth P1|
    +------------------------------------+----------+-------+---+----+------------+------------+
    |add_ln321_fu_1437_p2                |     +    |      0|  0|  32|          32|           1|
    |add_ln323_fu_1449_p2                |     +    |      0|  0|  32|          32|           1|
    |add_ln326_fu_1387_p2                |     +    |      0|  0|  32|          32|           1|
    |add_ln328_fu_1399_p2                |     +    |      0|  0|  32|          32|           1|
    |and_ln289_3_fu_1369_p2              |    and   |      0|  0|   2|           1|           1|
    |and_ln289_4_fu_1375_p2              |    and   |      0|  0|   2|           1|           1|
    |and_ln289_fu_1363_p2                |    and   |      0|  0|   2|           1|           1|
    |ap_block_state39_pp0_stage0_iter38  |    and   |      0|  0|   2|           1|           1|
    |ap_condition_3584                   |    and   |      0|  0|   2|           1|           1|
    |ap_condition_3705                   |    and   |      0|  0|   2|           1|           1|
    |io_acc_block_signal_op296           |    and   |      0|  0|   2|           1|           1|
    |icmp_ln289_16_fu_1337_p2            |   icmp   |      0|  0|  20|          31|           1|
    |icmp_ln289_17_fu_1357_p2            |   icmp   |      0|  0|  20|          31|           1|
    |icmp_ln289_4_fu_1317_p2             |   icmp   |      0|  0|  20|          32|           2|
    |icmp_ln289_fu_1307_p2               |   icmp   |      0|  0|  20|          32|           2|
    |icmp_ln313_fu_1381_p2               |   icmp   |      0|  0|  20|          32|           7|
    |icmp_ln317_fu_1431_p2               |   icmp   |      0|  0|  20|          32|           7|
    |ap_block_pp0_stage0_01001           |    or    |      0|  0|   2|           1|           1|
    |ap_block_pp0_stage0_subdone         |    or    |      0|  0|   2|           1|           1|
    |select_ln323_fu_1455_p3             |  select  |      0|  0|  32|           1|           2|
    |select_ln328_fu_1405_p3             |  select  |      0|  0|  32|           1|           2|
    |ap_enable_pp0                       |    xor   |      0|  0|   2|           1|           2|
    +------------------------------------+----------+-------+---+----+------------+------------+
    |Total                               |          |      0|  0| 332|         330|          39|
    +------------------------------------+----------+-------+---+----+------------+------------+

    * Multiplexer: 
    +-----------------------------------------+----+-----------+-----+-----------+
    |                   Name                  | LUT| Input Size| Bits| Total Bits|
    +-----------------------------------------+----+-----------+-----+-----------+
    |ap_phi_reg_pp0_iter2_storemerge_reg_300  |  15|          3|   32|         96|
    |ap_sig_allocacmp_sY_3_load               |   9|          2|   32|         64|
    |pX_3                                     |   9|          2|   32|         64|
    |pY_3                                     |   9|          2|   32|         64|
    |res_stream_V_data_0_V_blk_n              |   9|          2|    1|          2|
    |res_stream_V_data_1_V_blk_n              |   9|          2|    1|          2|
    |res_stream_V_data_2_V_blk_n              |   9|          2|    1|          2|
    |res_stream_V_data_3_V_blk_n              |   9|          2|    1|          2|
    |sX_3                                     |   9|          2|   32|         64|
    +-----------------------------------------+----+-----------+-----+-----------+
    |Total                                    |  87|         19|  164|        360|
    +-----------------------------------------+----+-----------+-----+-----------+

    * Register: 
    +-----------------------------------------+----+----+-----+-----------+
    |                   Name                  | FF | LUT| Bits| Const Bits|
    +-----------------------------------------+----+----+-----+-----------+
    |and_ln289_4_reg_1851                     |   1|   0|    1|          0|
    |ap_CS_fsm                                |   1|   0|    1|          0|
    |ap_enable_reg_pp0_iter1                  |   1|   0|    1|          0|
    |ap_enable_reg_pp0_iter10                 |   1|   0|    1|          0|
    |ap_enable_reg_pp0_iter11                 |   1|   0|    1|          0|
    |ap_enable_reg_pp0_iter12                 |   1|   0|    1|          0|
    |ap_enable_reg_pp0_iter13                 |   1|   0|    1|          0|
    |ap_enable_reg_pp0_iter14                 |   1|   0|    1|          0|
    |ap_enable_reg_pp0_iter15                 |   1|   0|    1|          0|
    |ap_enable_reg_pp0_iter16                 |   1|   0|    1|          0|
    |ap_enable_reg_pp0_iter17                 |   1|   0|    1|          0|
    |ap_enable_reg_pp0_iter18                 |   1|   0|    1|          0|
    |ap_enable_reg_pp0_iter19                 |   1|   0|    1|          0|
    |ap_enable_reg_pp0_iter2                  |   1|   0|    1|          0|
    |ap_enable_reg_pp0_iter20                 |   1|   0|    1|          0|
    |ap_enable_reg_pp0_iter21                 |   1|   0|    1|          0|
    |ap_enable_reg_pp0_iter22                 |   1|   0|    1|          0|
    |ap_enable_reg_pp0_iter23                 |   1|   0|    1|          0|
    |ap_enable_reg_pp0_iter24                 |   1|   0|    1|          0|
    |ap_enable_reg_pp0_iter25                 |   1|   0|    1|          0|
    |ap_enable_reg_pp0_iter26                 |   1|   0|    1|          0|
    |ap_enable_reg_pp0_iter27                 |   1|   0|    1|          0|
    |ap_enable_reg_pp0_iter28                 |   1|   0|    1|          0|
    |ap_enable_reg_pp0_iter29                 |   1|   0|    1|          0|
    |ap_enable_reg_pp0_iter3                  |   1|   0|    1|          0|
    |ap_enable_reg_pp0_iter30                 |   1|   0|    1|          0|
    |ap_enable_reg_pp0_iter31                 |   1|   0|    1|          0|
    |ap_enable_reg_pp0_iter32                 |   1|   0|    1|          0|
    |ap_enable_reg_pp0_iter33                 |   1|   0|    1|          0|
    |ap_enable_reg_pp0_iter34                 |   1|   0|    1|          0|
    |ap_enable_reg_pp0_iter35                 |   1|   0|    1|          0|
    |ap_enable_reg_pp0_iter36                 |   1|   0|    1|          0|
    |ap_enable_reg_pp0_iter37                 |   1|   0|    1|          0|
    |ap_enable_reg_pp0_iter38                 |   1|   0|    1|          0|
    |ap_enable_reg_pp0_iter4                  |   1|   0|    1|          0|
    |ap_enable_reg_pp0_iter5                  |   1|   0|    1|          0|
    |ap_enable_reg_pp0_iter6                  |   1|   0|    1|          0|
    |ap_enable_reg_pp0_iter7                  |   1|   0|    1|          0|
    |ap_enable_reg_pp0_iter8                  |   1|   0|    1|          0|
    |ap_enable_reg_pp0_iter9                  |   1|   0|    1|          0|
    |ap_phi_reg_pp0_iter1_storemerge_reg_300  |  32|   0|   32|          0|
    |ap_phi_reg_pp0_iter2_storemerge_reg_300  |  32|   0|   32|          0|
    |icmp_ln313_reg_1855                      |   1|   0|    1|          0|
    |kernel_data_V_6_0_ret_reg_1606           |   8|   0|    8|          0|
    |kernel_data_V_6_10                       |   8|   0|    8|          0|
    |kernel_data_V_6_10_ret_reg_1621          |   8|   0|    8|          0|
    |kernel_data_V_6_11                       |   8|   0|    8|          0|
    |kernel_data_V_6_11_ret_reg_1626          |   8|   0|    8|          0|
    |kernel_data_V_6_12                       |   8|   0|    8|          0|
    |kernel_data_V_6_12_ret_reg_1631          |   8|   0|    8|          0|
    |kernel_data_V_6_13                       |   8|   0|    8|          0|
    |kernel_data_V_6_13_ret_reg_1636          |   8|   0|    8|          0|
    |kernel_data_V_6_14                       |   8|   0|    8|          0|
    |kernel_data_V_6_14_ret_reg_1641          |   8|   0|    8|          0|
    |kernel_data_V_6_15                       |   8|   0|    8|          0|
    |kernel_data_V_6_15_ret_reg_1646          |   8|   0|    8|          0|
    |kernel_data_V_6_16                       |   8|   0|    8|          0|
    |kernel_data_V_6_16_ret_reg_1651          |   8|   0|    8|          0|
    |kernel_data_V_6_17                       |   8|   0|    8|          0|
    |kernel_data_V_6_17_ret_reg_1656          |   8|   0|    8|          0|
    |kernel_data_V_6_18                       |   8|   0|    8|          0|
    |kernel_data_V_6_18_ret_reg_1661          |   8|   0|    8|          0|
    |kernel_data_V_6_19                       |   8|   0|    8|          0|
    |kernel_data_V_6_19_ret_reg_1666          |   8|   0|    8|          0|
    |kernel_data_V_6_1_ret_reg_1601           |   8|   0|    8|          0|
    |kernel_data_V_6_20                       |   8|   0|    8|          0|
    |kernel_data_V_6_20_ret_reg_1671          |   8|   0|    8|          0|
    |kernel_data_V_6_21                       |   8|   0|    8|          0|
    |kernel_data_V_6_21_ret_reg_1676          |   8|   0|    8|          0|
    |kernel_data_V_6_22                       |   8|   0|    8|          0|
    |kernel_data_V_6_22_ret_reg_1681          |   8|   0|    8|          0|
    |kernel_data_V_6_23                       |   8|   0|    8|          0|
    |kernel_data_V_6_23_ret_reg_1686          |   8|   0|    8|          0|
    |kernel_data_V_6_24_ret_reg_1566          |   8|   0|    8|          0|
    |kernel_data_V_6_25_ret_reg_1561          |   8|   0|    8|          0|
    |kernel_data_V_6_26_ret_reg_1556          |   8|   0|    8|          0|
    |kernel_data_V_6_27_ret_reg_1551          |   8|   0|    8|          0|
    |kernel_data_V_6_28_ret_reg_1546          |   8|   0|    8|          0|
    |kernel_data_V_6_29_ret_reg_1541          |   8|   0|    8|          0|
    |kernel_data_V_6_2_ret_reg_1596           |   8|   0|    8|          0|
    |kernel_data_V_6_30_ret_reg_1536          |   8|   0|    8|          0|
    |kernel_data_V_6_31_ret_reg_1531          |   8|   0|    8|          0|
    |kernel_data_V_6_32                       |   8|   0|    8|          0|
    |kernel_data_V_6_32_ret_reg_1691          |   8|   0|    8|          0|
    |kernel_data_V_6_33                       |   8|   0|    8|          0|
    |kernel_data_V_6_33_ret_reg_1696          |   8|   0|    8|          0|
    |kernel_data_V_6_34                       |   8|   0|    8|          0|
    |kernel_data_V_6_34_ret_reg_1701          |   8|   0|    8|          0|
    |kernel_data_V_6_35                       |   8|   0|    8|          0|
    |kernel_data_V_6_35_ret_reg_1706          |   8|   0|    8|          0|
    |kernel_data_V_6_36                       |   8|   0|    8|          0|
    |kernel_data_V_6_36_ret_reg_1711          |   8|   0|    8|          0|
    |kernel_data_V_6_37                       |   8|   0|    8|          0|
    |kernel_data_V_6_37_ret_reg_1716          |   8|   0|    8|          0|
    |kernel_data_V_6_38                       |   8|   0|    8|          0|
    |kernel_data_V_6_38_ret_reg_1721          |   8|   0|    8|          0|
    |kernel_data_V_6_39                       |   8|   0|    8|          0|
    |kernel_data_V_6_39_ret_reg_1726          |   8|   0|    8|          0|
    |kernel_data_V_6_3_ret_reg_1591           |   8|   0|    8|          0|
    |kernel_data_V_6_40                       |   8|   0|    8|          0|
    |kernel_data_V_6_40_ret_reg_1731          |   8|   0|    8|          0|
    |kernel_data_V_6_41                       |   8|   0|    8|          0|
    |kernel_data_V_6_41_ret_reg_1736          |   8|   0|    8|          0|
    |kernel_data_V_6_42                       |   8|   0|    8|          0|
    |kernel_data_V_6_42_ret_reg_1741          |   8|   0|    8|          0|
    |kernel_data_V_6_43                       |   8|   0|    8|          0|
    |kernel_data_V_6_43_ret_reg_1746          |   8|   0|    8|          0|
    |kernel_data_V_6_44                       |   8|   0|    8|          0|
    |kernel_data_V_6_44_ret_reg_1751          |   8|   0|    8|          0|
    |kernel_data_V_6_45                       |   8|   0|    8|          0|
    |kernel_data_V_6_45_ret_reg_1756          |   8|   0|    8|          0|
    |kernel_data_V_6_46                       |   8|   0|    8|          0|
    |kernel_data_V_6_46_ret_reg_1761          |   8|   0|    8|          0|
    |kernel_data_V_6_47                       |   8|   0|    8|          0|
    |kernel_data_V_6_47_ret_reg_1766          |   8|   0|    8|          0|
    |kernel_data_V_6_48_ret_reg_1526          |   8|   0|    8|          0|
    |kernel_data_V_6_49_ret_reg_1521          |   8|   0|    8|          0|
    |kernel_data_V_6_4_ret_reg_1586           |   8|   0|    8|          0|
    |kernel_data_V_6_50_ret_reg_1516          |   8|   0|    8|          0|
    |kernel_data_V_6_51_ret_reg_1511          |   8|   0|    8|          0|
    |kernel_data_V_6_52_ret_reg_1506          |   8|   0|    8|          0|
    |kernel_data_V_6_53_ret_reg_1501          |   8|   0|    8|          0|
    |kernel_data_V_6_54_ret_reg_1496          |   8|   0|    8|          0|
    |kernel_data_V_6_55_ret_reg_1491          |   8|   0|    8|          0|
    |kernel_data_V_6_56                       |   8|   0|    8|          0|
    |kernel_data_V_6_56_ret_reg_1771          |   8|   0|    8|          0|
    |kernel_data_V_6_57                       |   8|   0|    8|          0|
    |kernel_data_V_6_57_ret_reg_1776          |   8|   0|    8|          0|
    |kernel_data_V_6_58                       |   8|   0|    8|          0|
    |kernel_data_V_6_58_ret_reg_1781          |   8|   0|    8|          0|
    |kernel_data_V_6_59                       |   8|   0|    8|          0|
    |kernel_data_V_6_59_ret_reg_1786          |   8|   0|    8|          0|
    |kernel_data_V_6_5_ret_reg_1581           |   8|   0|    8|          0|
    |kernel_data_V_6_60                       |   8|   0|    8|          0|
    |kernel_data_V_6_60_ret_reg_1791          |   8|   0|    8|          0|
    |kernel_data_V_6_61                       |   8|   0|    8|          0|
    |kernel_data_V_6_61_ret_reg_1796          |   8|   0|    8|          0|
    |kernel_data_V_6_62                       |   8|   0|    8|          0|
    |kernel_data_V_6_62_ret_reg_1801          |   8|   0|    8|          0|
    |kernel_data_V_6_63                       |   8|   0|    8|          0|
    |kernel_data_V_6_63_ret_reg_1806          |   8|   0|    8|          0|
    |kernel_data_V_6_64                       |   8|   0|    8|          0|
    |kernel_data_V_6_64_ret_reg_1811          |   8|   0|    8|          0|
    |kernel_data_V_6_65                       |   8|   0|    8|          0|
    |kernel_data_V_6_65_ret_reg_1816          |   8|   0|    8|          0|
    |kernel_data_V_6_66                       |   8|   0|    8|          0|
    |kernel_data_V_6_66_ret_reg_1821          |   8|   0|    8|          0|
    |kernel_data_V_6_67                       |   8|   0|    8|          0|
    |kernel_data_V_6_67_ret_reg_1826          |   8|   0|    8|          0|
    |kernel_data_V_6_68                       |   8|   0|    8|          0|
    |kernel_data_V_6_68_ret_reg_1831          |   8|   0|    8|          0|
    |kernel_data_V_6_69                       |   8|   0|    8|          0|
    |kernel_data_V_6_69_ret_reg_1836          |   8|   0|    8|          0|
    |kernel_data_V_6_6_ret_reg_1576           |   8|   0|    8|          0|
    |kernel_data_V_6_70                       |   8|   0|    8|          0|
    |kernel_data_V_6_70_ret_reg_1841          |   8|   0|    8|          0|
    |kernel_data_V_6_71                       |   8|   0|    8|          0|
    |kernel_data_V_6_71_ret_reg_1846          |   8|   0|    8|          0|
    |kernel_data_V_6_7_ret_reg_1571           |   8|   0|    8|          0|
    |kernel_data_V_6_8                        |   8|   0|    8|          0|
    |kernel_data_V_6_8_ret_reg_1611           |   8|   0|    8|          0|
    |kernel_data_V_6_9                        |   8|   0|    8|          0|
    |kernel_data_V_6_9_ret_reg_1616           |   8|   0|    8|          0|
    |pX_3                                     |  32|   0|   32|          0|
    |pY_3                                     |  32|   0|   32|          0|
    |res_out_0_V_reg_1867                     |   8|   0|    8|          0|
    |res_out_1_V_reg_1872                     |   8|   0|    8|          0|
    |res_out_2_V_reg_1877                     |   8|   0|    8|          0|
    |res_out_3_V_reg_1882                     |   8|   0|    8|          0|
    |sX_3                                     |  32|   0|   32|          0|
    |sY_3                                     |  32|   0|   32|          0|
    |and_ln289_4_reg_1851                     |  64|  64|    1|          0|
    +-----------------------------------------+----+----+-----+-----------+
    |Total                                    |1289|  64| 1226|          0|
    +-----------------------------------------+----+----+-----+-----------+



================================================================
== Interface
================================================================
* Summary: 
+------------------------------+-----+-----+------------+------------------------------------------------------------------------+--------------+
|           RTL Ports          | Dir | Bits|  Protocol  |                              Source Object                             |    C Type    |
+------------------------------+-----+-----+------------+------------------------------------------------------------------------+--------------+
|ap_clk                        |  in |    1| ap_ctrl_hs | compute_output_buffer_2d<array,array<ap_fixed<8,2,0,0,0>,4u>,config31> | return value |
|ap_rst                        |  in |    1| ap_ctrl_hs | compute_output_buffer_2d<array,array<ap_fixed<8,2,0,0,0>,4u>,config31> | return value |
|ap_start                      |  in |    1| ap_ctrl_hs | compute_output_buffer_2d<array,array<ap_fixed<8,2,0,0,0>,4u>,config31> | return value |
|ap_done                       | out |    1| ap_ctrl_hs | compute_output_buffer_2d<array,array<ap_fixed<8,2,0,0,0>,4u>,config31> | return value |
|ap_idle                       | out |    1| ap_ctrl_hs | compute_output_buffer_2d<array,array<ap_fixed<8,2,0,0,0>,4u>,config31> | return value |
|ap_ready                      | out |    1| ap_ctrl_hs | compute_output_buffer_2d<array,array<ap_fixed<8,2,0,0,0>,4u>,config31> | return value |
|ap_ce                         |  in |    1| ap_ctrl_hs | compute_output_buffer_2d<array,array<ap_fixed<8,2,0,0,0>,4u>,config31> | return value |
|res_stream_V_data_0_V_blk_n   | out |    1| ap_ctrl_hs | compute_output_buffer_2d<array,array<ap_fixed<8,2,0,0,0>,4u>,config31> | return value |
|res_stream_V_data_1_V_blk_n   | out |    1| ap_ctrl_hs | compute_output_buffer_2d<array,array<ap_fixed<8,2,0,0,0>,4u>,config31> | return value |
|res_stream_V_data_2_V_blk_n   | out |    1| ap_ctrl_hs | compute_output_buffer_2d<array,array<ap_fixed<8,2,0,0,0>,4u>,config31> | return value |
|res_stream_V_data_3_V_blk_n   | out |    1| ap_ctrl_hs | compute_output_buffer_2d<array,array<ap_fixed<8,2,0,0,0>,4u>,config31> | return value |
|res_stream_V_data_0_V_din     | out |    8|   ap_fifo  |                          res_stream_V_data_0_V                         |    pointer   |
|res_stream_V_data_0_V_full_n  |  in |    1|   ap_fifo  |                          res_stream_V_data_0_V                         |    pointer   |
|res_stream_V_data_0_V_write   | out |    1|   ap_fifo  |                          res_stream_V_data_0_V                         |    pointer   |
|res_stream_V_data_1_V_din     | out |    8|   ap_fifo  |                          res_stream_V_data_1_V                         |    pointer   |
|res_stream_V_data_1_V_full_n  |  in |    1|   ap_fifo  |                          res_stream_V_data_1_V                         |    pointer   |
|res_stream_V_data_1_V_write   | out |    1|   ap_fifo  |                          res_stream_V_data_1_V                         |    pointer   |
|res_stream_V_data_2_V_din     | out |    8|   ap_fifo  |                          res_stream_V_data_2_V                         |    pointer   |
|res_stream_V_data_2_V_full_n  |  in |    1|   ap_fifo  |                          res_stream_V_data_2_V                         |    pointer   |
|res_stream_V_data_2_V_write   | out |    1|   ap_fifo  |                          res_stream_V_data_2_V                         |    pointer   |
|res_stream_V_data_3_V_din     | out |    8|   ap_fifo  |                          res_stream_V_data_3_V                         |    pointer   |
|res_stream_V_data_3_V_full_n  |  in |    1|   ap_fifo  |                          res_stream_V_data_3_V                         |    pointer   |
|res_stream_V_data_3_V_write   | out |    1|   ap_fifo  |                          res_stream_V_data_3_V                         |    pointer   |
|in_elem_data_0_V_read         |  in |    8|   ap_none  |                          in_elem_data_0_V_read                         |    scalar    |
|in_elem_data_1_V_read         |  in |    8|   ap_none  |                          in_elem_data_1_V_read                         |    scalar    |
|in_elem_data_2_V_read         |  in |    8|   ap_none  |                          in_elem_data_2_V_read                         |    scalar    |
|in_elem_data_3_V_read         |  in |    8|   ap_none  |                          in_elem_data_3_V_read                         |    scalar    |
|in_elem_data_4_V_read         |  in |    8|   ap_none  |                          in_elem_data_4_V_read                         |    scalar    |
|in_elem_data_5_V_read         |  in |    8|   ap_none  |                          in_elem_data_5_V_read                         |    scalar    |
|in_elem_data_6_V_read         |  in |    8|   ap_none  |                          in_elem_data_6_V_read                         |    scalar    |
|in_elem_data_7_V_read         |  in |    8|   ap_none  |                          in_elem_data_7_V_read                         |    scalar    |
+------------------------------+-----+-----+------------+------------------------------------------------------------------------+--------------+

