

================================================================
== Vivado HLS Report for 'conv_2d_cl_array_ap_fixed_4u_array_ap_fixed_8_2_0_0_0_4u_config10_s'
================================================================
* Date:           Mon Aug 12 13:53:22 2024

* Version:        2019.2 (Build 2704478 on Wed Nov 06 22:10:23 MST 2019)
* Project:        myproject_prj
* Solution:       solution1
* Product family: virtexuplus
* Target device:  xcvu13p-flga2577-2-e


================================================================
== Performance Estimates
================================================================
+ Timing: 
    * Summary: 
    +--------+---------+----------+------------+
    |  Clock |  Target | Estimated| Uncertainty|
    +--------+---------+----------+------------+
    |ap_clk  | 2.78 ns | 2.438 ns |   0.35 ns  |
    +--------+---------+----------+------------+

+ Latency: 
    * Summary: 
    +---------+---------+----------+----------+-----+-----+---------+
    |  Latency (cycles) |  Latency (absolute) |  Interval | Pipeline|
    |   min   |   max   |    min   |    max   | min | max |   Type  |
    +---------+---------+----------+----------+-----+-----+---------+
    |      945|      945| 2.625 us | 2.625 us |  945|  945|   none  |
    +---------+---------+----------+----------+-----+-----+---------+

    + Detail: 
        * Instance: 
        +----------------------------------------------------------------------------------+-----------------------------------------------------------------------+---------+---------+-----------+-----------+-----+-----+----------+
        |                                                                                  |                                                                       |  Latency (cycles) |   Latency (absolute)  |  Interval | Pipeline |
        |                                     Instance                                     |                                 Module                                |   min   |   max   |    min    |    max    | min | max |   Type   |
        +----------------------------------------------------------------------------------+-----------------------------------------------------------------------+---------+---------+-----------+-----------+-----+-----+----------+
        |grp_compute_output_buffer_2d_array_array_ap_fixed_8_2_0_0_0_4u_config10_s_fu_249  |compute_output_buffer_2d_array_array_ap_fixed_8_2_0_0_0_4u_config10_s  |       19|       19| 52.782 ns | 52.782 ns |    1|    1| function |
        +----------------------------------------------------------------------------------+-----------------------------------------------------------------------+---------+---------+-----------+-----------+-----+-----+----------+

        * Loop: 
        +----------------------------------+---------+---------+----------+-----------+-----------+------+----------+
        |                                  |  Latency (cycles) | Iteration|  Initiation Interval  | Trip |          |
        |             Loop Name            |   min   |   max   |  Latency |  achieved |   target  | Count| Pipelined|
        +----------------------------------+---------+---------+----------+-----------+-----------+------+----------+
        |- ReadInputHeight_ReadInputWidth  |      943|      943|        21|          1|          1|   924|    yes   |
        +----------------------------------+---------+---------+----------+-----------+-----------+------+----------+



================================================================
== Utilization Estimates
================================================================
* Summary: 
+---------------------+---------+-------+---------+---------+------+
|         Name        | BRAM_18K| DSP48E|    FF   |   LUT   | URAM |
+---------------------+---------+-------+---------+---------+------+
|DSP                  |        -|      -|        -|        -|     -|
|Expression           |        -|      -|        0|       39|     -|
|FIFO                 |        -|      -|        -|        -|     -|
|Instance             |        0|      0|     6593|    17040|     -|
|Memory               |        -|      -|        -|        -|     -|
|Multiplexer          |        -|      -|        -|      174|     -|
|Register             |        0|      -|      102|       32|     -|
+---------------------+---------+-------+---------+---------+------+
|Total                |        0|      0|     6695|    17285|     0|
+---------------------+---------+-------+---------+---------+------+
|Available SLR        |     1344|   3072|   864000|   432000|   320|
+---------------------+---------+-------+---------+---------+------+
|Utilization SLR (%)  |        0|      0|    ~0   |        4|     0|
+---------------------+---------+-------+---------+---------+------+
|Available            |     5376|  12288|  3456000|  1728000|  1280|
+---------------------+---------+-------+---------+---------+------+
|Utilization (%)      |        0|      0|    ~0   |        1|     0|
+---------------------+---------+-------+---------+---------+------+

+ Detail: 
    * Instance: 
    +----------------------------------------------------------------------------------+-----------------------------------------------------------------------+---------+-------+------+-------+-----+
    |                                     Instance                                     |                                 Module                                | BRAM_18K| DSP48E|  FF  |  LUT  | URAM|
    +----------------------------------------------------------------------------------+-----------------------------------------------------------------------+---------+-------+------+-------+-----+
    |grp_compute_output_buffer_2d_array_array_ap_fixed_8_2_0_0_0_4u_config10_s_fu_249  |compute_output_buffer_2d_array_array_ap_fixed_8_2_0_0_0_4u_config10_s  |        0|      0|  6593|  17040|    0|
    +----------------------------------------------------------------------------------+-----------------------------------------------------------------------+---------+-------+------+-------+-----+
    |Total                                                                             |                                                                       |        0|      0|  6593|  17040|    0|
    +----------------------------------------------------------------------------------+-----------------------------------------------------------------------+---------+-------+------+-------+-----+

    * DSP48E: 
    N/A

    * Memory: 
    N/A

    * FIFO: 
    N/A

    * Expression: 
    +------------------------------------------+----------+-------+---+----+------------+------------+
    |               Variable Name              | Operation| DSP48E| FF| LUT| Bitwidth P0| Bitwidth P1|
    +------------------------------------------+----------+-------+---+----+------------+------------+
    |add_ln79_fu_343_p2                        |     +    |      0|  0|  10|          10|           1|
    |ap_block_pp0_stage0_11001_ignoreCallOp42  |    and   |      0|  0|   2|           1|           1|
    |ap_block_state22_pp0_stage0_iter20        |    and   |      0|  0|   2|           1|           1|
    |ap_block_state3_pp0_stage0_iter1          |    and   |      0|  0|   2|           1|           1|
    |io_acc_block_signal_op37                  |    and   |      0|  0|   2|           1|           1|
    |icmp_ln79_fu_337_p2                       |   icmp   |      0|  0|  13|          10|           8|
    |ap_block_pp0_stage0_11001                 |    or    |      0|  0|   2|           1|           1|
    |ap_block_state1                           |    or    |      0|  0|   2|           1|           1|
    |ap_enable_pp0                             |    xor   |      0|  0|   2|           1|           2|
    |ap_enable_reg_pp0_iter1                   |    xor   |      0|  0|   2|           2|           1|
    +------------------------------------------+----------+-------+---+----+------------+------------+
    |Total                                     |          |      0|  0|  39|          29|          18|
    +------------------------------------------+----------+-------+---+----+------------+------------+

    * Multiplexer: 
    +--------------------------+----+-----------+-----+-----------+
    |           Name           | LUT| Input Size| Bits| Total Bits|
    +--------------------------+----+-----------+-----+-----------+
    |ap_NS_fsm                 |  21|          4|    1|          4|
    |ap_done                   |   9|          2|    1|          2|
    |ap_enable_reg_pp0_iter1   |   9|          2|    1|          2|
    |ap_enable_reg_pp0_iter20  |   9|          2|    1|          2|
    |data_V_data_0_V_blk_n     |   9|          2|    1|          2|
    |data_V_data_1_V_blk_n     |   9|          2|    1|          2|
    |data_V_data_2_V_blk_n     |   9|          2|    1|          2|
    |data_V_data_3_V_blk_n     |   9|          2|    1|          2|
    |indvar_flatten_reg_238    |   9|          2|   10|         20|
    |real_start                |   9|          2|    1|          2|
    |res_V_data_0_V_blk_n      |   9|          2|    1|          2|
    |res_V_data_0_V_write      |   9|          2|    1|          2|
    |res_V_data_1_V_blk_n      |   9|          2|    1|          2|
    |res_V_data_1_V_write      |   9|          2|    1|          2|
    |res_V_data_2_V_blk_n      |   9|          2|    1|          2|
    |res_V_data_2_V_write      |   9|          2|    1|          2|
    |res_V_data_3_V_blk_n      |   9|          2|    1|          2|
    |res_V_data_3_V_write      |   9|          2|    1|          2|
    +--------------------------+----+-----------+-----+-----------+
    |Total                     | 174|         38|   27|         56|
    +--------------------------+----+-----------+-----+-----------+

    * Register: 
    +-----------------------------------------------------------------------------------------------+----+----+-----+-----------+
    |                                              Name                                             | FF | LUT| Bits| Const Bits|
    +-----------------------------------------------------------------------------------------------+----+----+-----+-----------+
    |ap_CS_fsm                                                                                      |   3|   0|    3|          0|
    |ap_done_reg                                                                                    |   1|   0|    1|          0|
    |ap_enable_reg_pp0_iter0                                                                        |   1|   0|    1|          0|
    |ap_enable_reg_pp0_iter1                                                                        |   1|   0|    1|          0|
    |ap_enable_reg_pp0_iter10                                                                       |   1|   0|    1|          0|
    |ap_enable_reg_pp0_iter11                                                                       |   1|   0|    1|          0|
    |ap_enable_reg_pp0_iter12                                                                       |   1|   0|    1|          0|
    |ap_enable_reg_pp0_iter13                                                                       |   1|   0|    1|          0|
    |ap_enable_reg_pp0_iter14                                                                       |   1|   0|    1|          0|
    |ap_enable_reg_pp0_iter15                                                                       |   1|   0|    1|          0|
    |ap_enable_reg_pp0_iter16                                                                       |   1|   0|    1|          0|
    |ap_enable_reg_pp0_iter17                                                                       |   1|   0|    1|          0|
    |ap_enable_reg_pp0_iter18                                                                       |   1|   0|    1|          0|
    |ap_enable_reg_pp0_iter19                                                                       |   1|   0|    1|          0|
    |ap_enable_reg_pp0_iter2                                                                        |   1|   0|    1|          0|
    |ap_enable_reg_pp0_iter20                                                                       |   1|   0|    1|          0|
    |ap_enable_reg_pp0_iter3                                                                        |   1|   0|    1|          0|
    |ap_enable_reg_pp0_iter4                                                                        |   1|   0|    1|          0|
    |ap_enable_reg_pp0_iter5                                                                        |   1|   0|    1|          0|
    |ap_enable_reg_pp0_iter6                                                                        |   1|   0|    1|          0|
    |ap_enable_reg_pp0_iter7                                                                        |   1|   0|    1|          0|
    |ap_enable_reg_pp0_iter8                                                                        |   1|   0|    1|          0|
    |ap_enable_reg_pp0_iter9                                                                        |   1|   0|    1|          0|
    |grp_compute_output_buffer_2d_array_array_ap_fixed_8_2_0_0_0_4u_config10_s_fu_249_ap_start_reg  |   1|   0|    1|          0|
    |icmp_ln79_reg_369                                                                              |   1|   0|    1|          0|
    |indvar_flatten_reg_238                                                                         |  10|   0|   10|          0|
    |start_once_reg                                                                                 |   1|   0|    1|          0|
    |icmp_ln79_reg_369                                                                              |  64|  32|    1|          0|
    +-----------------------------------------------------------------------------------------------+----+----+-----+-----------+
    |Total                                                                                          | 102|  32|   39|          0|
    +-----------------------------------------------------------------------------------------------+----+----+-----+-----------+



================================================================
== Interface
================================================================
* Summary: 
+-------------------------+-----+-----+------------+-----------------------------------------------------------------------+--------------+
|        RTL Ports        | Dir | Bits|  Protocol  |                             Source Object                             |    C Type    |
+-------------------------+-----+-----+------------+-----------------------------------------------------------------------+--------------+
|ap_clk                   |  in |    1| ap_ctrl_hs | conv_2d_cl<array<ap_fixed,4u>,array<ap_fixed<8,2,0,0,0>,4u>,config10> | return value |
|ap_rst                   |  in |    1| ap_ctrl_hs | conv_2d_cl<array<ap_fixed,4u>,array<ap_fixed<8,2,0,0,0>,4u>,config10> | return value |
|ap_start                 |  in |    1| ap_ctrl_hs | conv_2d_cl<array<ap_fixed,4u>,array<ap_fixed<8,2,0,0,0>,4u>,config10> | return value |
|start_full_n             |  in |    1| ap_ctrl_hs | conv_2d_cl<array<ap_fixed,4u>,array<ap_fixed<8,2,0,0,0>,4u>,config10> | return value |
|ap_done                  | out |    1| ap_ctrl_hs | conv_2d_cl<array<ap_fixed,4u>,array<ap_fixed<8,2,0,0,0>,4u>,config10> | return value |
|ap_continue              |  in |    1| ap_ctrl_hs | conv_2d_cl<array<ap_fixed,4u>,array<ap_fixed<8,2,0,0,0>,4u>,config10> | return value |
|ap_idle                  | out |    1| ap_ctrl_hs | conv_2d_cl<array<ap_fixed,4u>,array<ap_fixed<8,2,0,0,0>,4u>,config10> | return value |
|ap_ready                 | out |    1| ap_ctrl_hs | conv_2d_cl<array<ap_fixed,4u>,array<ap_fixed<8,2,0,0,0>,4u>,config10> | return value |
|start_out                | out |    1| ap_ctrl_hs | conv_2d_cl<array<ap_fixed,4u>,array<ap_fixed<8,2,0,0,0>,4u>,config10> | return value |
|start_write              | out |    1| ap_ctrl_hs | conv_2d_cl<array<ap_fixed,4u>,array<ap_fixed<8,2,0,0,0>,4u>,config10> | return value |
|data_V_data_0_V_dout     |  in |    8|   ap_fifo  |                            data_V_data_0_V                            |    pointer   |
|data_V_data_0_V_empty_n  |  in |    1|   ap_fifo  |                            data_V_data_0_V                            |    pointer   |
|data_V_data_0_V_read     | out |    1|   ap_fifo  |                            data_V_data_0_V                            |    pointer   |
|data_V_data_1_V_dout     |  in |    8|   ap_fifo  |                            data_V_data_1_V                            |    pointer   |
|data_V_data_1_V_empty_n  |  in |    1|   ap_fifo  |                            data_V_data_1_V                            |    pointer   |
|data_V_data_1_V_read     | out |    1|   ap_fifo  |                            data_V_data_1_V                            |    pointer   |
|data_V_data_2_V_dout     |  in |    8|   ap_fifo  |                            data_V_data_2_V                            |    pointer   |
|data_V_data_2_V_empty_n  |  in |    1|   ap_fifo  |                            data_V_data_2_V                            |    pointer   |
|data_V_data_2_V_read     | out |    1|   ap_fifo  |                            data_V_data_2_V                            |    pointer   |
|data_V_data_3_V_dout     |  in |    8|   ap_fifo  |                            data_V_data_3_V                            |    pointer   |
|data_V_data_3_V_empty_n  |  in |    1|   ap_fifo  |                            data_V_data_3_V                            |    pointer   |
|data_V_data_3_V_read     | out |    1|   ap_fifo  |                            data_V_data_3_V                            |    pointer   |
|res_V_data_0_V_din       | out |    8|   ap_fifo  |                             res_V_data_0_V                            |    pointer   |
|res_V_data_0_V_full_n    |  in |    1|   ap_fifo  |                             res_V_data_0_V                            |    pointer   |
|res_V_data_0_V_write     | out |    1|   ap_fifo  |                             res_V_data_0_V                            |    pointer   |
|res_V_data_1_V_din       | out |    8|   ap_fifo  |                             res_V_data_1_V                            |    pointer   |
|res_V_data_1_V_full_n    |  in |    1|   ap_fifo  |                             res_V_data_1_V                            |    pointer   |
|res_V_data_1_V_write     | out |    1|   ap_fifo  |                             res_V_data_1_V                            |    pointer   |
|res_V_data_2_V_din       | out |    8|   ap_fifo  |                             res_V_data_2_V                            |    pointer   |
|res_V_data_2_V_full_n    |  in |    1|   ap_fifo  |                             res_V_data_2_V                            |    pointer   |
|res_V_data_2_V_write     | out |    1|   ap_fifo  |                             res_V_data_2_V                            |    pointer   |
|res_V_data_3_V_din       | out |    8|   ap_fifo  |                             res_V_data_3_V                            |    pointer   |
|res_V_data_3_V_full_n    |  in |    1|   ap_fifo  |                             res_V_data_3_V                            |    pointer   |
|res_V_data_3_V_write     | out |    1|   ap_fifo  |                             res_V_data_3_V                            |    pointer   |
+-------------------------+-----+-----+------------+-----------------------------------------------------------------------+--------------+

