

================================================================
== Vivado HLS Report for 'dense_latency_ap_fixed_ap_fixed_8_2_0_0_0_config6_mult_0_0_0_0_0'
================================================================
* Date:           Mon Aug 12 13:52:23 2024

* Version:        2019.2 (Build 2704478 on Wed Nov 06 22:10:23 MST 2019)
* Project:        myproject_prj
* Solution:       solution1
* Product family: virtexuplus
* Target device:  xcvu13p-flga2577-2-e


================================================================
== Performance Estimates
================================================================
+ Timing: 
    * Summary: 
    +--------+---------+----------+------------+
    |  Clock |  Target | Estimated| Uncertainty|
    +--------+---------+----------+------------+
    |ap_clk  | 2.78 ns | 2.426 ns |   0.35 ns  |
    +--------+---------+----------+------------+

+ Latency: 
    * Summary: 
    +---------+---------+-----------+-----------+-----+-----+----------+
    |  Latency (cycles) |   Latency (absolute)  |  Interval | Pipeline |
    |   min   |   max   |    min    |    max    | min | max |   Type   |
    +---------+---------+-----------+-----------+-----+-----+----------+
    |        4|        4| 11.112 ns | 11.112 ns |    1|    1| function |
    +---------+---------+-----------+-----------+-----+-----+----------+

    + Detail: 
        * Instance: 
        +---------------------------------------------------------------------------------------+-----------------------------------------------------------+---------+---------+----------+----------+-----+-----+----------+
        |                                                                                       |                                                           |  Latency (cycles) |  Latency (absolute) |  Interval | Pipeline |
        |                                        Instance                                       |                           Module                          |   min   |   max   |    min   |    max   | min | max |   Type   |
        +---------------------------------------------------------------------------------------+-----------------------------------------------------------+---------+---------+----------+----------+-----+-----+----------+
        |res_3_V_write_assign_cast_ap_fixed_8_2_0_0_0_ap_fixed_8_2_0_0_0_config6_mult_s_fu_815  |cast_ap_fixed_8_2_0_0_0_ap_fixed_8_2_0_0_0_config6_mult_s  |        0|        0|   0 ns   |   0 ns   |    1|    1| function |
        |res_0_V_write_assign_cast_ap_fixed_8_2_0_0_0_ap_fixed_8_2_0_0_0_config6_mult_s_fu_820  |cast_ap_fixed_8_2_0_0_0_ap_fixed_8_2_0_0_0_config6_mult_s  |        0|        0|   0 ns   |   0 ns   |    1|    1| function |
        |res_2_V_write_assign_cast_ap_fixed_8_2_0_0_0_ap_fixed_8_2_0_0_0_config6_mult_s_fu_825  |cast_ap_fixed_8_2_0_0_0_ap_fixed_8_2_0_0_0_config6_mult_s  |        0|        0|   0 ns   |   0 ns   |    1|    1| function |
        |res_1_V_write_assign_cast_ap_fixed_8_2_0_0_0_ap_fixed_8_2_0_0_0_config6_mult_s_fu_830  |cast_ap_fixed_8_2_0_0_0_ap_fixed_8_2_0_0_0_config6_mult_s  |        0|        0|   0 ns   |   0 ns   |    1|    1| function |
        +---------------------------------------------------------------------------------------+-----------------------------------------------------------+---------+---------+----------+----------+-----+-----+----------+

        * Loop: 
        N/A



================================================================
== Utilization Estimates
================================================================
* Summary: 
+---------------------+---------+-------+---------+---------+------+
|         Name        | BRAM_18K| DSP48E|    FF   |   LUT   | URAM |
+---------------------+---------+-------+---------+---------+------+
|DSP                  |        -|      -|        -|        -|     -|
|Expression           |        -|      0|        0|     1999|     -|
|FIFO                 |        -|      -|        -|        -|     -|
|Instance             |        -|      -|        0|      384|     -|
|Memory               |        -|      -|        -|        -|     -|
|Multiplexer          |        -|      -|        -|       36|     -|
|Register             |        -|      -|      480|        -|     -|
+---------------------+---------+-------+---------+---------+------+
|Total                |        0|      0|      480|     2419|     0|
+---------------------+---------+-------+---------+---------+------+
|Available SLR        |     1344|   3072|   864000|   432000|   320|
+---------------------+---------+-------+---------+---------+------+
|Utilization SLR (%)  |        0|      0|    ~0   |    ~0   |     0|
+---------------------+---------+-------+---------+---------+------+
|Available            |     5376|  12288|  3456000|  1728000|  1280|
+---------------------+---------+-------+---------+---------+------+
|Utilization (%)      |        0|      0|    ~0   |    ~0   |     0|
+---------------------+---------+-------+---------+---------+------+

+ Detail: 
    * Instance: 
    +---------------------------------------------------------------------------------------+-----------------------------------------------------------+---------+-------+---+----+-----+
    |                                        Instance                                       |                           Module                          | BRAM_18K| DSP48E| FF| LUT| URAM|
    +---------------------------------------------------------------------------------------+-----------------------------------------------------------+---------+-------+---+----+-----+
    |res_3_V_write_assign_cast_ap_fixed_8_2_0_0_0_ap_fixed_8_2_0_0_0_config6_mult_s_fu_815  |cast_ap_fixed_8_2_0_0_0_ap_fixed_8_2_0_0_0_config6_mult_s  |        0|      0|  0|  96|    0|
    |res_0_V_write_assign_cast_ap_fixed_8_2_0_0_0_ap_fixed_8_2_0_0_0_config6_mult_s_fu_820  |cast_ap_fixed_8_2_0_0_0_ap_fixed_8_2_0_0_0_config6_mult_s  |        0|      0|  0|  96|    0|
    |res_2_V_write_assign_cast_ap_fixed_8_2_0_0_0_ap_fixed_8_2_0_0_0_config6_mult_s_fu_825  |cast_ap_fixed_8_2_0_0_0_ap_fixed_8_2_0_0_0_config6_mult_s  |        0|      0|  0|  96|    0|
    |res_1_V_write_assign_cast_ap_fixed_8_2_0_0_0_ap_fixed_8_2_0_0_0_config6_mult_s_fu_830  |cast_ap_fixed_8_2_0_0_0_ap_fixed_8_2_0_0_0_config6_mult_s  |        0|      0|  0|  96|    0|
    +---------------------------------------------------------------------------------------+-----------------------------------------------------------+---------+-------+---+----+-----+
    |Total                                                                                  |                                                           |        0|      0|  0| 384|    0|
    +---------------------------------------------------------------------------------------+-----------------------------------------------------------+---------+-------+---+----+-----+

    * DSP48E: 
    N/A

    * Memory: 
    N/A

    * FIFO: 
    N/A

    * Expression: 
    +-------------------------------------------------------------------------------------------+----------+-------+---+----+------------+------------+
    |                                       Variable Name                                       | Operation| DSP48E| FF| LUT| Bitwidth P0| Bitwidth P1|
    +-------------------------------------------------------------------------------------------+----------+-------+---+----+------------+------------+
    |mul_ln1118_18_fu_206_p2                                                                    |     *    |      0|  0|  40|           8|           6|
    |mul_ln1118_19_fu_217_p2                                                                    |     *    |      0|  0|  40|           8|           4|
    |mul_ln1118_20_fu_189_p2                                                                    |     *    |      0|  0|  40|           8|           5|
    |mul_ln1118_fu_205_p2                                                                       |     *    |      0|  0|  40|           8|           4|
    |acc_1_V_2_fu_2101_p2                                                                       |     +    |      0|  0|  16|          16|          16|
    |acc_1_V_3_fu_2577_p2                                                                       |     +    |      0|  0|  16|          16|          16|
    |acc_1_V_4_fu_2759_p2                                                                       |     +    |      0|  0|  16|          16|          16|
    |acc_1_V_5_fu_3069_p2                                                                       |     +    |      0|  0|  16|          16|          16|
    |acc_1_V_fu_1973_p2                                                                         |     +    |      0|  0|  17|          13|          13|
    |acc_2_V_10_fu_2227_p2                                                                      |     +    |      0|  0|  16|          16|          16|
    |acc_2_V_11_fu_2795_p2                                                                      |     +    |      0|  0|  16|          16|          16|
    |acc_2_V_12_fu_2971_p2                                                                      |     +    |      0|  0|  16|          16|          16|
    |acc_2_V_8_fu_1983_p2                                                                       |     +    |      0|  0|  17|          13|          13|
    |acc_2_V_9_fu_2137_p2                                                                       |     +    |      0|  0|  16|          16|          16|
    |acc_2_V_fu_1957_p2                                                                         |     +    |      0|  0|  17|          13|          13|
    |acc_3_V_2_fu_1668_p2                                                                       |     +    |      0|  0|  17|          13|          13|
    |acc_3_V_3_fu_2300_p2                                                                       |     +    |      0|  0|  16|          16|          16|
    |acc_3_V_fu_1662_p2                                                                         |     +    |      0|  0|  17|          13|          13|
    |add_ln1118_2_fu_1813_p2                                                                    |     +    |      0|  0|  11|          11|          11|
    |add_ln1118_fu_905_p2                                                                       |     +    |      0|  0|  11|          11|          11|
    |add_ln1192_42_fu_1963_p2                                                                   |     +    |      0|  0|  14|          14|          14|
    |add_ln1192_45_fu_1514_p2                                                                   |     +    |      0|  0|  17|          11|          11|
    |add_ln1192_46_fu_2001_p2                                                                   |     +    |      0|  0|  17|          17|          17|
    |add_ln1192_47_fu_2087_p2                                                                   |     +    |      0|  0|  17|          17|          17|
    |add_ln1192_48_fu_2123_p2                                                                   |     +    |      0|  0|  17|          17|          17|
    |add_ln1192_49_fu_1520_p2                                                                   |     +    |      0|  0|   3|           2|           2|
    |add_ln1192_50_fu_2563_p2                                                                   |     +    |      0|  0|  17|          17|          17|
    |add_ln1192_51_fu_2213_p2                                                                   |     +    |      0|  0|  17|          17|          17|
    |add_ln1192_52_fu_2249_p2                                                                   |     +    |      0|  0|  17|          17|          17|
    |add_ln1192_53_fu_2745_p2                                                                   |     +    |      0|  0|  17|          17|          17|
    |add_ln1192_54_fu_2781_p2                                                                   |     +    |      0|  0|  17|          17|          17|
    |add_ln1192_56_fu_2871_p2                                                                   |     +    |      0|  0|  17|          17|          17|
    |add_ln1192_57_fu_3055_p2                                                                   |     +    |      0|  0|  17|          17|          17|
    |add_ln1192_58_fu_2957_p2                                                                   |     +    |      0|  0|  17|          17|          17|
    |add_ln1192_59_fu_2286_p2                                                                   |     +    |      0|  0|  17|          17|          17|
    |add_ln1192_60_fu_1530_p2                                                                   |     +    |      0|  0|   7|           7|           7|
    |add_ln1192_61_fu_1540_p2                                                                   |     +    |      0|  0|  17|          11|          11|
    |add_ln1192_62_fu_1550_p2                                                                   |     +    |      0|  0|  11|          11|          11|
    |add_ln1192_63_fu_1560_p2                                                                   |     +    |      0|  0|  12|          12|          12|
    |add_ln1192_64_fu_1566_p2                                                                   |     +    |      0|  0|   3|           2|           2|
    |add_ln1192_65_fu_1929_p2                                                                   |     +    |      0|  0|  10|          10|          10|
    |add_ln1192_66_fu_1939_p2                                                                   |     +    |      0|  0|  13|          13|          13|
    |add_ln1192_67_fu_1572_p2                                                                   |     +    |      0|  0|  10|          10|          10|
    |add_ln1192_68_fu_1582_p2                                                                   |     +    |      0|  0|  17|          12|          11|
    |add_ln1192_69_fu_1588_p2                                                                   |     +    |      0|  0|  17|           8|           8|
    |add_ln1192_70_fu_1594_p2                                                                   |     +    |      0|  0|   3|           2|           2|
    |add_ln1192_71_fu_1604_p2                                                                   |     +    |      0|  0|  17|           8|           8|
    |add_ln1192_72_fu_1614_p2                                                                   |     +    |      0|  0|  17|          12|          12|
    |add_ln1192_73_fu_1951_p2                                                                   |     +    |      0|  0|  17|          13|          13|
    |add_ln1192_75_fu_1626_p2                                                                   |     +    |      0|  0|  17|          11|          11|
    |add_ln1192_76_fu_1632_p2                                                                   |     +    |      0|  0|   3|           2|           2|
    |add_ln1192_77_fu_1642_p2                                                                   |     +    |      0|  0|   7|           7|           7|
    |add_ln1192_78_fu_1652_p2                                                                   |     +    |      0|  0|  17|          11|          11|
    |add_ln1192_fu_1508_p2                                                                      |     +    |      0|  0|  11|          11|          11|
    |add_ln415_24_fu_1709_p2                                                                    |     +    |      0|  0|   8|           8|           8|
    |add_ln415_25_fu_1300_p2                                                                    |     +    |      0|  0|  13|          13|          13|
    |add_ln415_26_fu_1731_p2                                                                    |     +    |      0|  0|  12|          12|          12|
    |add_ln415_27_fu_1789_p2                                                                    |     +    |      0|  0|  10|          10|          10|
    |add_ln415_28_fu_2374_p2                                                                    |     +    |      0|  0|  10|          10|          10|
    |add_ln415_29_fu_1843_p2                                                                    |     +    |      0|  0|   7|           7|           7|
    |add_ln415_30_fu_1899_p2                                                                    |     +    |      0|  0|  11|          11|          11|
    |add_ln415_31_fu_2390_p2                                                                    |     +    |      0|  0|   7|           7|           7|
    |add_ln415_32_fu_1498_p2                                                                    |     +    |      0|  0|   8|           8|           8|
    |add_ln415_33_fu_2481_p2                                                                    |     +    |      0|  0|  10|          10|          10|
    |add_ln415_34_fu_2991_p2                                                                    |     +    |      0|  0|  12|          12|          12|
    |add_ln415_fu_1214_p2                                                                       |     +    |      0|  0|  10|          10|          10|
    |add_ln703_1_fu_2015_p2                                                                     |     +    |      0|  0|  16|          16|          16|
    |add_ln703_6_fu_2263_p2                                                                     |     +    |      0|  0|  16|          16|          16|
    |add_ln703_9_fu_2885_p2                                                                     |     +    |      0|  0|  16|          16|          16|
    |add_ln703_fu_1620_p2                                                                       |     +    |      0|  0|  12|          12|          12|
    |sub_ln1118_13_fu_1677_p2                                                                   |     -    |      0|  0|   9|           1|           9|
    |sub_ln1118_14_fu_1466_p2                                                                   |     -    |      0|  0|   9|           1|           9|
    |sub_ln1118_15_fu_855_p2                                                                    |     -    |      0|  0|  17|           1|          12|
    |sub_ln1118_16_fu_861_p2                                                                    |     -    |      0|  0|  17|          12|          12|
    |sub_ln1118_17_fu_1001_p2                                                                   |     -    |      0|  0|  17|           1|          11|
    |sub_ln1118_18_fu_1007_p2                                                                   |     -    |      0|  0|  17|          11|          11|
    |sub_ln1118_19_fu_1176_p2                                                                   |     -    |      0|  0|  17|           1|          11|
    |sub_ln1118_20_fu_1182_p2                                                                   |     -    |      0|  0|  17|          11|          11|
    |sub_ln1118_21_fu_1248_p2                                                                   |     -    |      0|  0|  14|          14|          14|
    |sub_ln1118_22_fu_1763_p2                                                                   |     -    |      0|  0|  13|           1|          13|
    |sub_ln1118_23_fu_1406_p2                                                                   |     -    |      0|  0|  14|          14|          14|
    |sub_ln1118_24_fu_2411_p2                                                                   |     -    |      0|  0|  11|           1|          11|
    |sub_ln1118_25_fu_2449_p2                                                                   |     -    |      0|  0|  11|          11|          11|
    |sub_ln1118_26_fu_957_p2                                                                    |     -    |      0|  0|  12|          12|          12|
    |sub_ln1118_27_fu_1039_p2                                                                   |     -    |      0|  0|  11|          11|          11|
    |sub_ln1118_28_fu_1366_p2                                                                   |     -    |      0|  0|  11|          11|          11|
    |sub_ln1118_29_fu_1867_p2                                                                   |     -    |      0|  0|  12|          12|          12|
    |sub_ln1118_fu_1128_p2                                                                      |     -    |      0|  0|   9|           1|           9|
    |and_ln786_15_fu_2514_p2                                                                    |    and   |      0|  0|   2|           1|           1|
    |and_ln786_16_fu_2157_p2                                                                    |    and   |      0|  0|   2|           1|           1|
    |and_ln786_17_fu_2597_p2                                                                    |    and   |      0|  0|   2|           1|           1|
    |and_ln786_18_fu_2650_p2                                                                    |    and   |      0|  0|   2|           1|           1|
    |and_ln786_19_fu_2696_p2                                                                    |    and   |      0|  0|   2|           1|           1|
    |and_ln786_20_fu_3006_p2                                                                    |    and   |      0|  0|   2|           1|           1|
    |and_ln786_21_fu_2815_p2                                                                    |    and   |      0|  0|   2|           1|           1|
    |and_ln786_22_fu_2905_p2                                                                    |    and   |      0|  0|   2|           1|           1|
    |and_ln786_23_fu_3089_p2                                                                    |    and   |      0|  0|   2|           1|           1|
    |and_ln786_24_fu_3142_p2                                                                    |    and   |      0|  0|   2|           1|           1|
    |and_ln786_25_fu_2320_p2                                                                    |    and   |      0|  0|   2|           1|           1|
    |and_ln786_fu_2035_p2                                                                       |    and   |      0|  0|   2|           1|           1|
    |or_ln340_26_fu_2528_p2                                                                     |    or    |      0|  0|   2|           1|           1|
    |or_ln340_27_fu_2175_p2                                                                     |    or    |      0|  0|   2|           1|           1|
    |or_ln340_28_fu_2615_p2                                                                     |    or    |      0|  0|   2|           1|           1|
    |or_ln340_29_fu_2664_p2                                                                     |    or    |      0|  0|   2|           1|           1|
    |or_ln340_30_fu_2710_p2                                                                     |    or    |      0|  0|   2|           1|           1|
    |or_ln340_31_fu_3020_p2                                                                     |    or    |      0|  0|   2|           1|           1|
    |or_ln340_32_fu_2833_p2                                                                     |    or    |      0|  0|   2|           1|           1|
    |or_ln340_33_fu_2923_p2                                                                     |    or    |      0|  0|   2|           1|           1|
    |or_ln340_34_fu_3107_p2                                                                     |    or    |      0|  0|   2|           1|           1|
    |or_ln340_35_fu_3156_p2                                                                     |    or    |      0|  0|   2|           1|           1|
    |or_ln340_36_fu_2338_p2                                                                     |    or    |      0|  0|   2|           1|           1|
    |or_ln340_fu_2053_p2                                                                        |    or    |      0|  0|   2|           1|           1|
    |acc_1_V_6_fu_3121_p3                                                                       |  select  |      0|  0|  17|           1|          17|
    |acc_2_V_13_fu_3168_p3                                                                      |  select  |      0|  0|  17|           1|          17|
    |acc_3_V_4_fu_2352_p3                                                                       |  select  |      0|  0|  17|           1|          17|
    |res_2_V_write_assign_cast_ap_fixed_8_2_0_0_0_ap_fixed_8_2_0_0_0_config6_mult_s_fu_825_x_V  |  select  |      0|  0|  16|           1|          16|
    |select_ln340_19_fu_2075_p3                                                                 |  select  |      0|  0|  16|           1|          16|
    |select_ln340_20_fu_2533_p3                                                                 |  select  |      0|  0|  16|           1|          15|
    |select_ln340_21_fu_2547_p3                                                                 |  select  |      0|  0|  16|           1|          16|
    |select_ln340_22_fu_2181_p3                                                                 |  select  |      0|  0|  16|           1|          15|
    |select_ln340_23_fu_2197_p3                                                                 |  select  |      0|  0|  16|           1|          16|
    |select_ln340_24_fu_2621_p3                                                                 |  select  |      0|  0|  16|           1|          15|
    |select_ln340_25_fu_2637_p3                                                                 |  select  |      0|  0|  16|           1|          16|
    |select_ln340_26_fu_2669_p3                                                                 |  select  |      0|  0|  16|           1|          15|
    |select_ln340_27_fu_2683_p3                                                                 |  select  |      0|  0|  16|           1|          16|
    |select_ln340_28_fu_2715_p3                                                                 |  select  |      0|  0|  16|           1|          15|
    |select_ln340_29_fu_2729_p3                                                                 |  select  |      0|  0|  16|           1|          16|
    |select_ln340_30_fu_3025_p3                                                                 |  select  |      0|  0|  16|           1|          15|
    |select_ln340_31_fu_3039_p3                                                                 |  select  |      0|  0|  16|           1|          16|
    |select_ln340_32_fu_2839_p3                                                                 |  select  |      0|  0|  16|           1|          15|
    |select_ln340_33_fu_2855_p3                                                                 |  select  |      0|  0|  16|           1|          16|
    |select_ln340_34_fu_2929_p3                                                                 |  select  |      0|  0|  16|           1|          15|
    |select_ln340_35_fu_2945_p3                                                                 |  select  |      0|  0|  16|           1|          16|
    |select_ln340_36_fu_3113_p3                                                                 |  select  |      0|  0|  16|           1|          15|
    |select_ln340_37_fu_3129_p3                                                                 |  select  |      0|  0|  16|           1|          16|
    |select_ln340_38_fu_3161_p3                                                                 |  select  |      0|  0|  16|           1|          15|
    |select_ln340_40_fu_2344_p3                                                                 |  select  |      0|  0|  16|           1|          15|
    |select_ln340_41_fu_2360_p3                                                                 |  select  |      0|  0|  16|           1|          16|
    |select_ln340_fu_2059_p3                                                                    |  select  |      0|  0|  16|           1|          15|
    |select_ln388_10_fu_2676_p3                                                                 |  select  |      0|  0|  17|           1|          17|
    |select_ln388_11_fu_2722_p3                                                                 |  select  |      0|  0|  17|           1|          17|
    |select_ln388_12_fu_3032_p3                                                                 |  select  |      0|  0|  17|           1|          17|
    |select_ln388_13_fu_2847_p3                                                                 |  select  |      0|  0|  17|           1|          17|
    |select_ln388_14_fu_2937_p3                                                                 |  select  |      0|  0|  17|           1|          17|
    |select_ln388_7_fu_2540_p3                                                                  |  select  |      0|  0|  17|           1|          17|
    |select_ln388_8_fu_2189_p3                                                                  |  select  |      0|  0|  17|           1|          17|
    |select_ln388_9_fu_2629_p3                                                                  |  select  |      0|  0|  17|           1|          17|
    |select_ln388_fu_2067_p3                                                                    |  select  |      0|  0|  17|           1|          17|
    |xor_ln340_10_fu_2659_p2                                                                    |    xor   |      0|  0|   2|           1|           2|
    |xor_ln340_11_fu_2701_p2                                                                    |    xor   |      0|  0|   2|           1|           1|
    |xor_ln340_12_fu_2705_p2                                                                    |    xor   |      0|  0|   2|           1|           2|
    |xor_ln340_13_fu_3011_p2                                                                    |    xor   |      0|  0|   2|           1|           1|
    |xor_ln340_14_fu_3015_p2                                                                    |    xor   |      0|  0|   2|           1|           2|
    |xor_ln340_15_fu_2821_p2                                                                    |    xor   |      0|  0|   2|           1|           1|
    |xor_ln340_16_fu_2827_p2                                                                    |    xor   |      0|  0|   2|           1|           2|
    |xor_ln340_17_fu_2911_p2                                                                    |    xor   |      0|  0|   2|           1|           1|
    |xor_ln340_18_fu_2917_p2                                                                    |    xor   |      0|  0|   2|           1|           2|
    |xor_ln340_19_fu_3095_p2                                                                    |    xor   |      0|  0|   2|           1|           1|
    |xor_ln340_20_fu_3101_p2                                                                    |    xor   |      0|  0|   2|           1|           2|
    |xor_ln340_21_fu_3147_p2                                                                    |    xor   |      0|  0|   2|           1|           1|
    |xor_ln340_22_fu_3151_p2                                                                    |    xor   |      0|  0|   2|           1|           2|
    |xor_ln340_23_fu_2326_p2                                                                    |    xor   |      0|  0|   2|           1|           1|
    |xor_ln340_24_fu_2332_p2                                                                    |    xor   |      0|  0|   2|           1|           2|
    |xor_ln340_2_fu_2047_p2                                                                     |    xor   |      0|  0|   2|           1|           2|
    |xor_ln340_3_fu_2519_p2                                                                     |    xor   |      0|  0|   2|           1|           1|
    |xor_ln340_4_fu_2523_p2                                                                     |    xor   |      0|  0|   2|           1|           2|
    |xor_ln340_5_fu_2163_p2                                                                     |    xor   |      0|  0|   2|           1|           1|
    |xor_ln340_6_fu_2169_p2                                                                     |    xor   |      0|  0|   2|           1|           2|
    |xor_ln340_7_fu_2603_p2                                                                     |    xor   |      0|  0|   2|           1|           1|
    |xor_ln340_8_fu_2609_p2                                                                     |    xor   |      0|  0|   2|           1|           2|
    |xor_ln340_9_fu_2655_p2                                                                     |    xor   |      0|  0|   2|           1|           1|
    |xor_ln340_fu_2041_p2                                                                       |    xor   |      0|  0|   2|           1|           1|
    |xor_ln786_10_fu_2151_p2                                                                    |    xor   |      0|  0|   2|           1|           2|
    |xor_ln786_11_fu_2591_p2                                                                    |    xor   |      0|  0|   2|           1|           2|
    |xor_ln786_12_fu_2645_p2                                                                    |    xor   |      0|  0|   2|           1|           2|
    |xor_ln786_13_fu_2691_p2                                                                    |    xor   |      0|  0|   2|           1|           2|
    |xor_ln786_14_fu_3001_p2                                                                    |    xor   |      0|  0|   2|           1|           2|
    |xor_ln786_15_fu_2809_p2                                                                    |    xor   |      0|  0|   2|           1|           2|
    |xor_ln786_16_fu_2899_p2                                                                    |    xor   |      0|  0|   2|           1|           2|
    |xor_ln786_17_fu_3083_p2                                                                    |    xor   |      0|  0|   2|           1|           2|
    |xor_ln786_18_fu_3137_p2                                                                    |    xor   |      0|  0|   2|           1|           2|
    |xor_ln786_19_fu_2314_p2                                                                    |    xor   |      0|  0|   2|           1|           2|
    |xor_ln786_9_fu_2509_p2                                                                     |    xor   |      0|  0|   2|           1|           2|
    |xor_ln786_fu_2029_p2                                                                       |    xor   |      0|  0|   2|           1|           2|
    +-------------------------------------------------------------------------------------------+----------+-------+---+----+------------+------------+
    |Total                                                                                      |          |      0|  0|1999|        1068|        1695|
    +-------------------------------------------------------------------------------------------+----------+-------+---+----+------------+------------+

    * Multiplexer: 
    +-------------+----+-----------+-----+-----------+
    |     Name    | LUT| Input Size| Bits| Total Bits|
    +-------------+----+-----------+-----+-----------+
    |ap_return_0  |   9|          2|    8|         16|
    |ap_return_1  |   9|          2|    8|         16|
    |ap_return_2  |   9|          2|    8|         16|
    |ap_return_3  |   9|          2|    8|         16|
    +-------------+----+-----------+-----+-----------+
    |Total        |  36|          8|   32|         64|
    +-------------+----+-----------+-----+-----------+

    * Register: 
    +---------------------------------------------+----+----+-----+-----------+
    |                     Name                    | FF | LUT| Bits| Const Bits|
    +---------------------------------------------+----+----+-----+-----------+
    |acc_1_V_2_reg_3340                           |  16|   0|   16|          0|
    |acc_1_V_4_reg_3415                           |  16|   0|   16|          0|
    |acc_2_V_10_reg_3360                          |  16|   0|   16|          0|
    |acc_2_V_12_reg_3440                          |  16|   0|   16|          0|
    |acc_3_V_2_reg_3317                           |  13|   0|   13|          0|
    |add_ln1192_63_reg_3297                       |  12|   0|   12|          0|
    |add_ln1192_64_reg_3302                       |   2|   0|    2|          0|
    |add_ln1192_72_reg_3307                       |  12|   0|   12|          0|
    |add_ln415_25_reg_3252                        |  13|   0|   13|          0|
    |add_ln703_6_reg_3380                         |  16|   0|   16|          0|
    |add_ln703_reg_3312                           |  12|   0|   12|          0|
    |ap_ce_reg                                    |   1|   0|    1|          0|
    |ap_return_0_int_reg                          |   8|   0|    8|          0|
    |ap_return_1_int_reg                          |   8|   0|    8|          0|
    |ap_return_2_int_reg                          |   8|   0|    8|          0|
    |ap_return_3_int_reg                          |   8|   0|    8|          0|
    |data_0_V_read_int_reg                        |   8|   0|    8|          0|
    |data_1_V_read_int_reg                        |   8|   0|    8|          0|
    |data_2_V_read_int_reg                        |   8|   0|    8|          0|
    |data_3_V_read_1_reg_3237                     |   8|   0|    8|          0|
    |data_3_V_read_int_reg                        |   8|   0|    8|          0|
    |data_4_V_read_1_reg_3232                     |   8|   0|    8|          0|
    |data_4_V_read_int_reg                        |   8|   0|    8|          0|
    |data_5_V_read_1_reg_3227                     |   8|   0|    8|          0|
    |data_5_V_read_int_reg                        |   8|   0|    8|          0|
    |data_6_V_read_1_reg_3221                     |   8|   0|    8|          0|
    |data_6_V_read_int_reg                        |   8|   0|    8|          0|
    |data_7_V_read_1_reg_3214                     |   8|   0|    8|          0|
    |data_7_V_read_1_reg_3214_pp0_iter1_reg       |   8|   0|    8|          0|
    |data_7_V_read_int_reg                        |   8|   0|    8|          0|
    |data_8_V_read_1_reg_3205                     |   8|   0|    8|          0|
    |data_8_V_read_1_reg_3205_pp0_iter1_reg       |   8|   0|    8|          0|
    |data_8_V_read_int_reg                        |   8|   0|    8|          0|
    |res_0_V_write_assign_reg_3463                |   8|   0|    8|          0|
    |res_2_V_write_assign_reg_3468                |   8|   0|    8|          0|
    |res_3_V_write_assign_reg_3453                |   8|   0|    8|          0|
    |res_3_V_write_assign_reg_3453_pp0_iter3_reg  |   8|   0|    8|          0|
    |select_ln340_35_reg_3428                     |  16|   0|   16|          0|
    |select_ln340_37_reg_3458                     |  16|   0|   16|          0|
    |select_ln340_41_reg_3393                     |  16|   0|   16|          0|
    |tmp_121_reg_3242                             |   1|   0|    1|          0|
    |tmp_127_reg_3262                             |   1|   0|    1|          0|
    |tmp_129_reg_3272                             |   1|   0|    1|          0|
    |tmp_130_reg_3323                             |   9|   0|    9|          0|
    |tmp_131_reg_3328                             |   1|   0|    1|          0|
    |tmp_132_reg_3282                             |   1|   0|    1|          0|
    |tmp_134_reg_3292                             |   1|   0|    1|          0|
    |tmp_134_reg_3292_pp0_iter1_reg               |   1|   0|    1|          0|
    |tmp_137_reg_3403                             |   1|   0|    1|          0|
    |tmp_140_reg_3333                             |   1|   0|    1|          0|
    |tmp_141_reg_3346                             |   1|   0|    1|          0|
    |tmp_146_reg_3353                             |   1|   0|    1|          0|
    |tmp_147_reg_3366                             |   1|   0|    1|          0|
    |tmp_148_reg_3373                             |   1|   0|    1|          0|
    |tmp_149_reg_3386                             |   1|   0|    1|          0|
    |tmp_150_reg_3408                             |   1|   0|    1|          0|
    |tmp_151_reg_3421                             |   1|   0|    1|          0|
    |tmp_158_reg_3433                             |   1|   0|    1|          0|
    |tmp_159_reg_3446                             |   1|   0|    1|          0|
    |trunc_ln708_42_reg_3247                      |  11|   0|   12|          1|
    |trunc_ln708_44_reg_3257                      |  11|   0|   11|          0|
    |trunc_ln708_47_reg_3267                      |   9|   0|    9|          0|
    |trunc_ln708_49_reg_3277                      |   6|   0|    6|          0|
    |trunc_ln708_51_reg_3287                      |   6|   0|    6|          0|
    |trunc_ln708_51_reg_3287_pp0_iter1_reg        |   6|   0|    6|          0|
    |trunc_ln708_55_reg_3398                      |  11|   0|   11|          0|
    +---------------------------------------------+----+----+-----+-----------+
    |Total                                        | 480|   0|  481|          1|
    +---------------------------------------------+----+----+-----+-----------+



================================================================
== Interface
================================================================
* Summary: 
+---------------+-----+-----+------------+--------------------------------------------------------------------+--------------+
|   RTL Ports   | Dir | Bits|  Protocol  |                            Source Object                           |    C Type    |
+---------------+-----+-----+------------+--------------------------------------------------------------------+--------------+
|ap_clk         |  in |    1| ap_ctrl_hs | dense_latency<ap_fixed,ap_fixed<8,2,0,0,0>,config6_mult>.0.0.0.0.0 | return value |
|ap_rst         |  in |    1| ap_ctrl_hs | dense_latency<ap_fixed,ap_fixed<8,2,0,0,0>,config6_mult>.0.0.0.0.0 | return value |
|ap_return_0    | out |    8| ap_ctrl_hs | dense_latency<ap_fixed,ap_fixed<8,2,0,0,0>,config6_mult>.0.0.0.0.0 | return value |
|ap_return_1    | out |    8| ap_ctrl_hs | dense_latency<ap_fixed,ap_fixed<8,2,0,0,0>,config6_mult>.0.0.0.0.0 | return value |
|ap_return_2    | out |    8| ap_ctrl_hs | dense_latency<ap_fixed,ap_fixed<8,2,0,0,0>,config6_mult>.0.0.0.0.0 | return value |
|ap_return_3    | out |    8| ap_ctrl_hs | dense_latency<ap_fixed,ap_fixed<8,2,0,0,0>,config6_mult>.0.0.0.0.0 | return value |
|ap_ce          |  in |    1| ap_ctrl_hs | dense_latency<ap_fixed,ap_fixed<8,2,0,0,0>,config6_mult>.0.0.0.0.0 | return value |
|data_0_V_read  |  in |    8|   ap_none  |                            data_0_V_read                           |    scalar    |
|data_1_V_read  |  in |    8|   ap_none  |                            data_1_V_read                           |    scalar    |
|data_2_V_read  |  in |    8|   ap_none  |                            data_2_V_read                           |    scalar    |
|data_3_V_read  |  in |    8|   ap_none  |                            data_3_V_read                           |    scalar    |
|data_4_V_read  |  in |    8|   ap_none  |                            data_4_V_read                           |    scalar    |
|data_5_V_read  |  in |    8|   ap_none  |                            data_5_V_read                           |    scalar    |
|data_6_V_read  |  in |    8|   ap_none  |                            data_6_V_read                           |    scalar    |
|data_7_V_read  |  in |    8|   ap_none  |                            data_7_V_read                           |    scalar    |
|data_8_V_read  |  in |    8|   ap_none  |                            data_8_V_read                           |    scalar    |
+---------------+-----+-----+------------+--------------------------------------------------------------------+--------------+

