

================================================================
== Vivado HLS Report for 'shift_line_buffer_array_ap_fixed_8_2_0_0_0_4u_config22_s'
================================================================
* Date:           Mon Aug 12 13:54:49 2024

* Version:        2019.2 (Build 2704478 on Wed Nov 06 22:10:23 MST 2019)
* Project:        myproject_prj
* Solution:       solution1
* Product family: virtexuplus
* Target device:  xcvu13p-flga2577-2-e


================================================================
== Performance Estimates
================================================================
+ Timing: 
    * Summary: 
    +--------+---------+----------+------------+
    |  Clock |  Target | Estimated| Uncertainty|
    +--------+---------+----------+------------+
    |ap_clk  | 2.78 ns | 1.222 ns |   0.35 ns  |
    +--------+---------+----------+------------+

+ Latency: 
    * Summary: 
    +---------+---------+----------+----------+-----+-----+----------+
    |  Latency (cycles) |  Latency (absolute) |  Interval | Pipeline |
    |   min   |   max   |    min   |    max   | min | max |   Type   |
    +---------+---------+----------+----------+-----+-----+----------+
    |        0|        0|   0 ns   |   0 ns   |    1|    1| function |
    +---------+---------+----------+----------+-----+-----+----------+

    + Detail: 
        * Instance: 
        N/A

        * Loop: 
        N/A



================================================================
== Utilization Estimates
================================================================
* Summary: 
+---------------------+---------+-------+---------+---------+------+
|         Name        | BRAM_18K| DSP48E|    FF   |   LUT   | URAM |
+---------------------+---------+-------+---------+---------+------+
|DSP                  |        -|      -|        -|        -|     -|
|Expression           |        -|      -|        -|        -|     -|
|FIFO                 |        -|      -|        -|        -|     -|
|Instance             |        -|      -|        -|        -|     -|
|Memory               |        0|      -|      512|      384|     -|
|Multiplexer          |        -|      -|        -|        -|     -|
|Register             |        -|      -|        1|        -|     -|
+---------------------+---------+-------+---------+---------+------+
|Total                |        0|      0|      513|      384|     0|
+---------------------+---------+-------+---------+---------+------+
|Available SLR        |     1344|   3072|   864000|   432000|   320|
+---------------------+---------+-------+---------+---------+------+
|Utilization SLR (%)  |        0|      0|    ~0   |    ~0   |     0|
+---------------------+---------+-------+---------+---------+------+
|Available            |     5376|  12288|  3456000|  1728000|  1280|
+---------------------+---------+-------+---------+---------+------+
|Utilization (%)      |        0|      0|    ~0   |    ~0   |     0|
+---------------------+---------+-------+---------+---------+------+

+ Detail: 
    * Instance: 
    N/A

    * DSP48E: 
    N/A

    * Memory: 
    +-----------------------------+----------------------------------------------------------------------------------+---------+----+----+-----+------+-----+------+-------------+
    |            Memory           |                                      Module                                      | BRAM_18K| FF | LUT| URAM| Words| Bits| Banks| W*Bits*Banks|
    +-----------------------------+----------------------------------------------------------------------------------+---------+----+----+-----+------+-----+------+-------------+
    |line_buffer_Array_V_5_0_0_U  |shift_line_buffer_array_ap_fixed_8_2_0_0_0_4u_config22_s_line_buffer_Array_V_sc4  |        0|  64|  48|    0|    34|    8|     1|          272|
    |line_buffer_Array_V_5_1_0_U  |shift_line_buffer_array_ap_fixed_8_2_0_0_0_4u_config22_s_line_buffer_Array_V_sc4  |        0|  64|  48|    0|    34|    8|     1|          272|
    |line_buffer_Array_V_5_0_1_U  |shift_line_buffer_array_ap_fixed_8_2_0_0_0_4u_config22_s_line_buffer_Array_V_sc4  |        0|  64|  48|    0|    34|    8|     1|          272|
    |line_buffer_Array_V_5_1_1_U  |shift_line_buffer_array_ap_fixed_8_2_0_0_0_4u_config22_s_line_buffer_Array_V_sc4  |        0|  64|  48|    0|    34|    8|     1|          272|
    |line_buffer_Array_V_5_0_2_U  |shift_line_buffer_array_ap_fixed_8_2_0_0_0_4u_config22_s_line_buffer_Array_V_sc4  |        0|  64|  48|    0|    34|    8|     1|          272|
    |line_buffer_Array_V_5_1_2_U  |shift_line_buffer_array_ap_fixed_8_2_0_0_0_4u_config22_s_line_buffer_Array_V_sc4  |        0|  64|  48|    0|    34|    8|     1|          272|
    |line_buffer_Array_V_5_0_3_U  |shift_line_buffer_array_ap_fixed_8_2_0_0_0_4u_config22_s_line_buffer_Array_V_sc4  |        0|  64|  48|    0|    34|    8|     1|          272|
    |line_buffer_Array_V_5_1_3_U  |shift_line_buffer_array_ap_fixed_8_2_0_0_0_4u_config22_s_line_buffer_Array_V_sc4  |        0|  64|  48|    0|    34|    8|     1|          272|
    +-----------------------------+----------------------------------------------------------------------------------+---------+----+----+-----+------+-----+------+-------------+
    |Total                        |                                                                                  |        0| 512| 384|    0|   272|   64|     8|         2176|
    +-----------------------------+----------------------------------------------------------------------------------+---------+----+----+-----+------+-----+------+-------------+

    * FIFO: 
    N/A

    * Expression: 
    N/A

    * Multiplexer: 
    N/A

    * Register: 
    +-----------+---+----+-----+-----------+
    |    Name   | FF| LUT| Bits| Const Bits|
    +-----------+---+----+-----+-----------+
    |ap_CS_fsm  |  1|   0|    1|          0|
    +-----------+---+----+-----+-----------+
    |Total      |  1|   0|    1|          0|
    +-----------+---+----+-----+-----------+



================================================================
== Interface
================================================================
* Summary: 
+-------------------------+-----+-----+------------+-----------------------------------------------------------------+--------------+
|        RTL Ports        | Dir | Bits|  Protocol  |                          Source Object                          |    C Type    |
+-------------------------+-----+-----+------------+-----------------------------------------------------------------+--------------+
|ap_clk                   |  in |    1| ap_ctrl_hs | shift_line_buffer<array<ap_fixed<8, 2, 0, 0, 0>, 4u>, config22> | return value |
|ap_rst                   |  in |    1| ap_ctrl_hs | shift_line_buffer<array<ap_fixed<8, 2, 0, 0, 0>, 4u>, config22> | return value |
|ap_start                 |  in |    1| ap_ctrl_hs | shift_line_buffer<array<ap_fixed<8, 2, 0, 0, 0>, 4u>, config22> | return value |
|ap_done                  | out |    1| ap_ctrl_hs | shift_line_buffer<array<ap_fixed<8, 2, 0, 0, 0>, 4u>, config22> | return value |
|ap_idle                  | out |    1| ap_ctrl_hs | shift_line_buffer<array<ap_fixed<8, 2, 0, 0, 0>, 4u>, config22> | return value |
|ap_ready                 | out |    1| ap_ctrl_hs | shift_line_buffer<array<ap_fixed<8, 2, 0, 0, 0>, 4u>, config22> | return value |
|ap_return_0              | out |    8| ap_ctrl_hs | shift_line_buffer<array<ap_fixed<8, 2, 0, 0, 0>, 4u>, config22> | return value |
|ap_return_1              | out |    8| ap_ctrl_hs | shift_line_buffer<array<ap_fixed<8, 2, 0, 0, 0>, 4u>, config22> | return value |
|ap_return_2              | out |    8| ap_ctrl_hs | shift_line_buffer<array<ap_fixed<8, 2, 0, 0, 0>, 4u>, config22> | return value |
|ap_return_3              | out |    8| ap_ctrl_hs | shift_line_buffer<array<ap_fixed<8, 2, 0, 0, 0>, 4u>, config22> | return value |
|ap_return_4              | out |    8| ap_ctrl_hs | shift_line_buffer<array<ap_fixed<8, 2, 0, 0, 0>, 4u>, config22> | return value |
|ap_return_5              | out |    8| ap_ctrl_hs | shift_line_buffer<array<ap_fixed<8, 2, 0, 0, 0>, 4u>, config22> | return value |
|ap_return_6              | out |    8| ap_ctrl_hs | shift_line_buffer<array<ap_fixed<8, 2, 0, 0, 0>, 4u>, config22> | return value |
|ap_return_7              | out |    8| ap_ctrl_hs | shift_line_buffer<array<ap_fixed<8, 2, 0, 0, 0>, 4u>, config22> | return value |
|ap_return_8              | out |    8| ap_ctrl_hs | shift_line_buffer<array<ap_fixed<8, 2, 0, 0, 0>, 4u>, config22> | return value |
|ap_return_9              | out |    8| ap_ctrl_hs | shift_line_buffer<array<ap_fixed<8, 2, 0, 0, 0>, 4u>, config22> | return value |
|ap_return_10             | out |    8| ap_ctrl_hs | shift_line_buffer<array<ap_fixed<8, 2, 0, 0, 0>, 4u>, config22> | return value |
|ap_return_11             | out |    8| ap_ctrl_hs | shift_line_buffer<array<ap_fixed<8, 2, 0, 0, 0>, 4u>, config22> | return value |
|ap_return_12             | out |    8| ap_ctrl_hs | shift_line_buffer<array<ap_fixed<8, 2, 0, 0, 0>, 4u>, config22> | return value |
|ap_return_13             | out |    8| ap_ctrl_hs | shift_line_buffer<array<ap_fixed<8, 2, 0, 0, 0>, 4u>, config22> | return value |
|ap_return_14             | out |    8| ap_ctrl_hs | shift_line_buffer<array<ap_fixed<8, 2, 0, 0, 0>, 4u>, config22> | return value |
|ap_return_15             | out |    8| ap_ctrl_hs | shift_line_buffer<array<ap_fixed<8, 2, 0, 0, 0>, 4u>, config22> | return value |
|ap_return_16             | out |    8| ap_ctrl_hs | shift_line_buffer<array<ap_fixed<8, 2, 0, 0, 0>, 4u>, config22> | return value |
|ap_return_17             | out |    8| ap_ctrl_hs | shift_line_buffer<array<ap_fixed<8, 2, 0, 0, 0>, 4u>, config22> | return value |
|ap_return_18             | out |    8| ap_ctrl_hs | shift_line_buffer<array<ap_fixed<8, 2, 0, 0, 0>, 4u>, config22> | return value |
|ap_return_19             | out |    8| ap_ctrl_hs | shift_line_buffer<array<ap_fixed<8, 2, 0, 0, 0>, 4u>, config22> | return value |
|ap_return_20             | out |    8| ap_ctrl_hs | shift_line_buffer<array<ap_fixed<8, 2, 0, 0, 0>, 4u>, config22> | return value |
|ap_return_21             | out |    8| ap_ctrl_hs | shift_line_buffer<array<ap_fixed<8, 2, 0, 0, 0>, 4u>, config22> | return value |
|ap_return_22             | out |    8| ap_ctrl_hs | shift_line_buffer<array<ap_fixed<8, 2, 0, 0, 0>, 4u>, config22> | return value |
|ap_return_23             | out |    8| ap_ctrl_hs | shift_line_buffer<array<ap_fixed<8, 2, 0, 0, 0>, 4u>, config22> | return value |
|ap_return_24             | out |    8| ap_ctrl_hs | shift_line_buffer<array<ap_fixed<8, 2, 0, 0, 0>, 4u>, config22> | return value |
|ap_return_25             | out |    8| ap_ctrl_hs | shift_line_buffer<array<ap_fixed<8, 2, 0, 0, 0>, 4u>, config22> | return value |
|ap_return_26             | out |    8| ap_ctrl_hs | shift_line_buffer<array<ap_fixed<8, 2, 0, 0, 0>, 4u>, config22> | return value |
|ap_return_27             | out |    8| ap_ctrl_hs | shift_line_buffer<array<ap_fixed<8, 2, 0, 0, 0>, 4u>, config22> | return value |
|ap_return_28             | out |    8| ap_ctrl_hs | shift_line_buffer<array<ap_fixed<8, 2, 0, 0, 0>, 4u>, config22> | return value |
|ap_return_29             | out |    8| ap_ctrl_hs | shift_line_buffer<array<ap_fixed<8, 2, 0, 0, 0>, 4u>, config22> | return value |
|ap_return_30             | out |    8| ap_ctrl_hs | shift_line_buffer<array<ap_fixed<8, 2, 0, 0, 0>, 4u>, config22> | return value |
|ap_return_31             | out |    8| ap_ctrl_hs | shift_line_buffer<array<ap_fixed<8, 2, 0, 0, 0>, 4u>, config22> | return value |
|ap_return_32             | out |    8| ap_ctrl_hs | shift_line_buffer<array<ap_fixed<8, 2, 0, 0, 0>, 4u>, config22> | return value |
|ap_return_33             | out |    8| ap_ctrl_hs | shift_line_buffer<array<ap_fixed<8, 2, 0, 0, 0>, 4u>, config22> | return value |
|ap_return_34             | out |    8| ap_ctrl_hs | shift_line_buffer<array<ap_fixed<8, 2, 0, 0, 0>, 4u>, config22> | return value |
|ap_return_35             | out |    8| ap_ctrl_hs | shift_line_buffer<array<ap_fixed<8, 2, 0, 0, 0>, 4u>, config22> | return value |
|ap_ce                    |  in |    1| ap_ctrl_hs | shift_line_buffer<array<ap_fixed<8, 2, 0, 0, 0>, 4u>, config22> | return value |
|in_elem_data_0_V_read    |  in |    8|   ap_none  |                      in_elem_data_0_V_read                      |    scalar    |
|in_elem_data_1_V_read    |  in |    8|   ap_none  |                      in_elem_data_1_V_read                      |    scalar    |
|in_elem_data_2_V_read    |  in |    8|   ap_none  |                      in_elem_data_2_V_read                      |    scalar    |
|in_elem_data_3_V_read    |  in |    8|   ap_none  |                      in_elem_data_3_V_read                      |    scalar    |
|kernel_window_4_V_read   |  in |    8|   ap_none  |                      kernel_window_4_V_read                     |    scalar    |
|kernel_window_5_V_read   |  in |    8|   ap_none  |                      kernel_window_5_V_read                     |    scalar    |
|kernel_window_6_V_read   |  in |    8|   ap_none  |                      kernel_window_6_V_read                     |    scalar    |
|kernel_window_7_V_read   |  in |    8|   ap_none  |                      kernel_window_7_V_read                     |    scalar    |
|kernel_window_8_V_read   |  in |    8|   ap_none  |                      kernel_window_8_V_read                     |    scalar    |
|kernel_window_9_V_read   |  in |    8|   ap_none  |                      kernel_window_9_V_read                     |    scalar    |
|kernel_window_10_V_read  |  in |    8|   ap_none  |                     kernel_window_10_V_read                     |    scalar    |
|kernel_window_11_V_read  |  in |    8|   ap_none  |                     kernel_window_11_V_read                     |    scalar    |
|kernel_window_16_V_read  |  in |    8|   ap_none  |                     kernel_window_16_V_read                     |    scalar    |
|kernel_window_17_V_read  |  in |    8|   ap_none  |                     kernel_window_17_V_read                     |    scalar    |
|kernel_window_18_V_read  |  in |    8|   ap_none  |                     kernel_window_18_V_read                     |    scalar    |
|kernel_window_19_V_read  |  in |    8|   ap_none  |                     kernel_window_19_V_read                     |    scalar    |
|kernel_window_20_V_read  |  in |    8|   ap_none  |                     kernel_window_20_V_read                     |    scalar    |
|kernel_window_21_V_read  |  in |    8|   ap_none  |                     kernel_window_21_V_read                     |    scalar    |
|kernel_window_22_V_read  |  in |    8|   ap_none  |                     kernel_window_22_V_read                     |    scalar    |
|kernel_window_23_V_read  |  in |    8|   ap_none  |                     kernel_window_23_V_read                     |    scalar    |
|kernel_window_28_V_read  |  in |    8|   ap_none  |                     kernel_window_28_V_read                     |    scalar    |
|kernel_window_29_V_read  |  in |    8|   ap_none  |                     kernel_window_29_V_read                     |    scalar    |
|kernel_window_30_V_read  |  in |    8|   ap_none  |                     kernel_window_30_V_read                     |    scalar    |
|kernel_window_31_V_read  |  in |    8|   ap_none  |                     kernel_window_31_V_read                     |    scalar    |
|kernel_window_32_V_read  |  in |    8|   ap_none  |                     kernel_window_32_V_read                     |    scalar    |
|kernel_window_33_V_read  |  in |    8|   ap_none  |                     kernel_window_33_V_read                     |    scalar    |
|kernel_window_34_V_read  |  in |    8|   ap_none  |                     kernel_window_34_V_read                     |    scalar    |
|kernel_window_35_V_read  |  in |    8|   ap_none  |                     kernel_window_35_V_read                     |    scalar    |
+-------------------------+-----+-----+------------+-----------------------------------------------------------------+--------------+

