

================================================================
== Vivado HLS Report for 'shift_line_buffer_array_ap_fixed_8_2_0_0_0_1u_config6_s'
================================================================
* Date:           Mon Aug 12 13:52:22 2024

* Version:        2019.2 (Build 2704478 on Wed Nov 06 22:10:23 MST 2019)
* Project:        myproject_prj
* Solution:       solution1
* Product family: virtexuplus
* Target device:  xcvu13p-flga2577-2-e


================================================================
== Performance Estimates
================================================================
+ Timing: 
    * Summary: 
    +--------+---------+----------+------------+
    |  Clock |  Target | Estimated| Uncertainty|
    +--------+---------+----------+------------+
    |ap_clk  | 2.78 ns | 1.222 ns |   0.35 ns  |
    +--------+---------+----------+------------+

+ Latency: 
    * Summary: 
    +---------+---------+----------+----------+-----+-----+----------+
    |  Latency (cycles) |  Latency (absolute) |  Interval | Pipeline |
    |   min   |   max   |    min   |    max   | min | max |   Type   |
    +---------+---------+----------+----------+-----+-----+----------+
    |        0|        0|   0 ns   |   0 ns   |    1|    1| function |
    +---------+---------+----------+----------+-----+-----+----------+

    + Detail: 
        * Instance: 
        N/A

        * Loop: 
        N/A



================================================================
== Utilization Estimates
================================================================
* Summary: 
+---------------------+---------+-------+---------+---------+------+
|         Name        | BRAM_18K| DSP48E|    FF   |   LUT   | URAM |
+---------------------+---------+-------+---------+---------+------+
|DSP                  |        -|      -|        -|        -|     -|
|Expression           |        -|      -|        -|        -|     -|
|FIFO                 |        -|      -|        -|        -|     -|
|Instance             |        -|      -|        -|        -|     -|
|Memory               |        0|      -|      128|      152|     -|
|Multiplexer          |        -|      -|        -|        -|     -|
|Register             |        -|      -|        1|        -|     -|
+---------------------+---------+-------+---------+---------+------+
|Total                |        0|      0|      129|      152|     0|
+---------------------+---------+-------+---------+---------+------+
|Available SLR        |     1344|   3072|   864000|   432000|   320|
+---------------------+---------+-------+---------+---------+------+
|Utilization SLR (%)  |        0|      0|    ~0   |    ~0   |     0|
+---------------------+---------+-------+---------+---------+------+
|Available            |     5376|  12288|  3456000|  1728000|  1280|
+---------------------+---------+-------+---------+---------+------+
|Utilization (%)      |        0|      0|    ~0   |    ~0   |     0|
+---------------------+---------+-------+---------+---------+------+

+ Detail: 
    * Instance: 
    N/A

    * DSP48E: 
    N/A

    * Memory: 
    +------------------------------+---------------------------------------------------------------------------------+---------+----+----+-----+------+-----+------+-------------+
    |            Memory            |                                      Module                                     | BRAM_18K| FF | LUT| URAM| Words| Bits| Banks| W*Bits*Banks|
    +------------------------------+---------------------------------------------------------------------------------+---------+----+----+-----+------+-----+------+-------------+
    |line_buffer_Array_V_0_0_U     |shift_line_buffer_array_ap_fixed_8_2_0_0_0_1u_config6_s_line_buffer_Array_V_0_0  |        0|  64|  76|    0|    66|    8|     1|          528|
    |line_buffer_Array_V_1631_0_U  |shift_line_buffer_array_ap_fixed_8_2_0_0_0_1u_config6_s_line_buffer_Array_V_0_0  |        0|  64|  76|    0|    66|    8|     1|          528|
    +------------------------------+---------------------------------------------------------------------------------+---------+----+----+-----+------+-----+------+-------------+
    |Total                         |                                                                                 |        0| 128| 152|    0|   132|   16|     2|         1056|
    +------------------------------+---------------------------------------------------------------------------------+---------+----+----+-----+------+-----+------+-------------+

    * FIFO: 
    N/A

    * Expression: 
    N/A

    * Multiplexer: 
    N/A

    * Register: 
    +-----------+---+----+-----+-----------+
    |    Name   | FF| LUT| Bits| Const Bits|
    +-----------+---+----+-----+-----------+
    |ap_CS_fsm  |  1|   0|    1|          0|
    +-----------+---+----+-----+-----------+
    |Total      |  1|   0|    1|          0|
    +-----------+---+----+-----+-----------+



================================================================
== Interface
================================================================
* Summary: 
+------------------------+-----+-----+------------+----------------------------------------------------------------+--------------+
|        RTL Ports       | Dir | Bits|  Protocol  |                          Source Object                         |    C Type    |
+------------------------+-----+-----+------------+----------------------------------------------------------------+--------------+
|ap_clk                  |  in |    1| ap_ctrl_hs | shift_line_buffer<array<ap_fixed<8, 2, 0, 0, 0>, 1u>, config6> | return value |
|ap_rst                  |  in |    1| ap_ctrl_hs | shift_line_buffer<array<ap_fixed<8, 2, 0, 0, 0>, 1u>, config6> | return value |
|ap_start                |  in |    1| ap_ctrl_hs | shift_line_buffer<array<ap_fixed<8, 2, 0, 0, 0>, 1u>, config6> | return value |
|ap_done                 | out |    1| ap_ctrl_hs | shift_line_buffer<array<ap_fixed<8, 2, 0, 0, 0>, 1u>, config6> | return value |
|ap_idle                 | out |    1| ap_ctrl_hs | shift_line_buffer<array<ap_fixed<8, 2, 0, 0, 0>, 1u>, config6> | return value |
|ap_ready                | out |    1| ap_ctrl_hs | shift_line_buffer<array<ap_fixed<8, 2, 0, 0, 0>, 1u>, config6> | return value |
|ap_return_0             | out |    8| ap_ctrl_hs | shift_line_buffer<array<ap_fixed<8, 2, 0, 0, 0>, 1u>, config6> | return value |
|ap_return_1             | out |    8| ap_ctrl_hs | shift_line_buffer<array<ap_fixed<8, 2, 0, 0, 0>, 1u>, config6> | return value |
|ap_return_2             | out |    8| ap_ctrl_hs | shift_line_buffer<array<ap_fixed<8, 2, 0, 0, 0>, 1u>, config6> | return value |
|ap_return_3             | out |    8| ap_ctrl_hs | shift_line_buffer<array<ap_fixed<8, 2, 0, 0, 0>, 1u>, config6> | return value |
|ap_return_4             | out |    8| ap_ctrl_hs | shift_line_buffer<array<ap_fixed<8, 2, 0, 0, 0>, 1u>, config6> | return value |
|ap_return_5             | out |    8| ap_ctrl_hs | shift_line_buffer<array<ap_fixed<8, 2, 0, 0, 0>, 1u>, config6> | return value |
|ap_return_6             | out |    8| ap_ctrl_hs | shift_line_buffer<array<ap_fixed<8, 2, 0, 0, 0>, 1u>, config6> | return value |
|ap_return_7             | out |    8| ap_ctrl_hs | shift_line_buffer<array<ap_fixed<8, 2, 0, 0, 0>, 1u>, config6> | return value |
|ap_return_8             | out |    8| ap_ctrl_hs | shift_line_buffer<array<ap_fixed<8, 2, 0, 0, 0>, 1u>, config6> | return value |
|ap_ce                   |  in |    1| ap_ctrl_hs | shift_line_buffer<array<ap_fixed<8, 2, 0, 0, 0>, 1u>, config6> | return value |
|in_elem_data_V_read     |  in |    8|   ap_none  |                       in_elem_data_V_read                      |    scalar    |
|kernel_window_1_V_read  |  in |    8|   ap_none  |                     kernel_window_1_V_read                     |    scalar    |
|kernel_window_2_V_read  |  in |    8|   ap_none  |                     kernel_window_2_V_read                     |    scalar    |
|kernel_window_4_V_read  |  in |    8|   ap_none  |                     kernel_window_4_V_read                     |    scalar    |
|kernel_window_5_V_read  |  in |    8|   ap_none  |                     kernel_window_5_V_read                     |    scalar    |
|kernel_window_7_V_read  |  in |    8|   ap_none  |                     kernel_window_7_V_read                     |    scalar    |
|kernel_window_8_V_read  |  in |    8|   ap_none  |                     kernel_window_8_V_read                     |    scalar    |
+------------------------+-----+-----+------------+----------------------------------------------------------------+--------------+

