

================================================================
== Vivado HLS Report for 'zeropad2d_cl_array_ap_fixed_4u_array_ap_fixed_8_2_0_0_0_4u_config55_s'
================================================================
* Date:           Mon Aug 12 13:53:30 2024

* Version:        2019.2 (Build 2704478 on Wed Nov 06 22:10:23 MST 2019)
* Project:        myproject_prj
* Solution:       solution1
* Product family: virtexuplus
* Target device:  xcvu13p-flga2577-2-e


================================================================
== Performance Estimates
================================================================
+ Timing: 
    * Summary: 
    +--------+---------+----------+------------+
    |  Clock |  Target | Estimated| Uncertainty|
    +--------+---------+----------+------------+
    |ap_clk  | 2.78 ns | 2.431 ns |   0.35 ns  |
    +--------+---------+----------+------------+

+ Latency: 
    * Summary: 
    +---------+---------+----------+----------+-----+-----+---------+
    |  Latency (cycles) |  Latency (absolute) |  Interval | Pipeline|
    |   min   |   max   |    min   |    max   | min | max |   Type  |
    +---------+---------+----------+----------+-----+-----+---------+
    |      859|      859| 2.386 us | 2.386 us |  859|  859|   none  |
    +---------+---------+----------+----------+-----+-----+---------+

    + Detail: 
        * Instance: 
        N/A

        * Loop: 
        +------------------+---------+---------+----------+-----------+-----------+------+----------+
        |                  |  Latency (cycles) | Iteration|  Initiation Interval  | Trip |          |
        |     Loop Name    |   min   |   max   |  Latency |  achieved |   target  | Count| Pipelined|
        +------------------+---------+---------+----------+-----------+-----------+------+----------+
        |- PadMain         |      792|      792|        66|          -|          -|    12|    no    |
        | + CopyMain       |       64|       64|         1|          -|          -|    64|    no    |
        |- PadBottomWidth  |       65|       65|         1|          -|          -|    65|    no    |
        +------------------+---------+---------+----------+-----------+-----------+------+----------+



================================================================
== Utilization Estimates
================================================================
* Summary: 
+---------------------+---------+-------+---------+---------+------+
|         Name        | BRAM_18K| DSP48E|    FF   |   LUT   | URAM |
+---------------------+---------+-------+---------+---------+------+
|DSP                  |        -|      -|        -|        -|     -|
|Expression           |        -|      -|        0|       61|     -|
|FIFO                 |        -|      -|        -|        -|     -|
|Instance             |        -|      -|        -|        -|     -|
|Memory               |        -|      -|        -|        -|     -|
|Multiplexer          |        -|      -|        -|      204|     -|
|Register             |        -|      -|       28|        -|     -|
+---------------------+---------+-------+---------+---------+------+
|Total                |        0|      0|       28|      265|     0|
+---------------------+---------+-------+---------+---------+------+
|Available SLR        |     1344|   3072|   864000|   432000|   320|
+---------------------+---------+-------+---------+---------+------+
|Utilization SLR (%)  |        0|      0|    ~0   |    ~0   |     0|
+---------------------+---------+-------+---------+---------+------+
|Available            |     5376|  12288|  3456000|  1728000|  1280|
+---------------------+---------+-------+---------+---------+------+
|Utilization (%)      |        0|      0|    ~0   |    ~0   |     0|
+---------------------+---------+-------+---------+---------+------+

+ Detail: 
    * Instance: 
    N/A

    * DSP48E: 
    N/A

    * Memory: 
    N/A

    * FIFO: 
    N/A

    * Expression: 
    +--------------------------+----------+-------+---+----+------------+------------+
    |       Variable Name      | Operation| DSP48E| FF| LUT| Bitwidth P0| Bitwidth P1|
    +--------------------------+----------+-------+---+----+------------+------------+
    |i_fu_237_p2               |     +    |      0|  0|   6|           4|           1|
    |j_11_fu_249_p2            |     +    |      0|  0|   7|           7|           1|
    |j_fu_281_p2               |     +    |      0|  0|   7|           7|           1|
    |ap_block_state4           |    and   |      0|  0|   2|           1|           1|
    |io_acc_block_signal_op31  |    and   |      0|  0|   2|           1|           1|
    |io_acc_block_signal_op36  |    and   |      0|  0|   2|           1|           1|
    |icmp_ln59_fu_231_p2       |   icmp   |      0|  0|   9|           4|           4|
    |icmp_ln65_fu_243_p2       |   icmp   |      0|  0|  11|           7|           8|
    |icmp_ln77_fu_275_p2       |   icmp   |      0|  0|  11|           7|           7|
    |ap_block_state1           |    or    |      0|  0|   2|           1|           1|
    |ap_block_state3           |    or    |      0|  0|   2|           1|           1|
    +--------------------------+----------+-------+---+----+------------+------------+
    |Total                     |          |      0|  0|  61|          41|          27|
    +--------------------------+----------+-------+---+----+------------+------------+

    * Multiplexer: 
    +-----------------------+----+-----------+-----+-----------+
    |          Name         | LUT| Input Size| Bits| Total Bits|
    +-----------------------+----+-----------+-----+-----------+
    |ap_NS_fsm              |  27|          5|    1|          5|
    |ap_done                |   9|          2|    1|          2|
    |data_V_data_0_V_blk_n  |   9|          2|    1|          2|
    |data_V_data_1_V_blk_n  |   9|          2|    1|          2|
    |data_V_data_2_V_blk_n  |   9|          2|    1|          2|
    |data_V_data_3_V_blk_n  |   9|          2|    1|          2|
    |i1_0_reg_198           |   9|          2|    4|          8|
    |j3_0_reg_209           |   9|          2|    7|         14|
    |j6_0_reg_220           |   9|          2|    7|         14|
    |real_start             |   9|          2|    1|          2|
    |res_V_data_0_V_blk_n   |   9|          2|    1|          2|
    |res_V_data_0_V_din     |  15|          3|    8|         24|
    |res_V_data_1_V_blk_n   |   9|          2|    1|          2|
    |res_V_data_1_V_din     |  15|          3|    8|         24|
    |res_V_data_2_V_blk_n   |   9|          2|    1|          2|
    |res_V_data_2_V_din     |  15|          3|    8|         24|
    |res_V_data_3_V_blk_n   |   9|          2|    1|          2|
    |res_V_data_3_V_din     |  15|          3|    8|         24|
    +-----------------------+----+-----------+-----+-----------+
    |Total                  | 204|         43|   61|        157|
    +-----------------------+----+-----------+-----+-----------+

    * Register: 
    +----------------+---+----+-----+-----------+
    |      Name      | FF| LUT| Bits| Const Bits|
    +----------------+---+----+-----+-----------+
    |ap_CS_fsm       |  4|   0|    4|          0|
    |ap_done_reg     |  1|   0|    1|          0|
    |i1_0_reg_198    |  4|   0|    4|          0|
    |i_reg_290       |  4|   0|    4|          0|
    |j3_0_reg_209    |  7|   0|    7|          0|
    |j6_0_reg_220    |  7|   0|    7|          0|
    |start_once_reg  |  1|   0|    1|          0|
    +----------------+---+----+-----+-----------+
    |Total           | 28|   0|   28|          0|
    +----------------+---+----+-----+-----------+



================================================================
== Interface
================================================================
* Summary: 
+-------------------------+-----+-----+------------+-------------------------------------------------------------------------+--------------+
|        RTL Ports        | Dir | Bits|  Protocol  |                              Source Object                              |    C Type    |
+-------------------------+-----+-----+------------+-------------------------------------------------------------------------+--------------+
|ap_clk                   |  in |    1| ap_ctrl_hs | zeropad2d_cl<array<ap_fixed,4u>,array<ap_fixed<8,2,0,0,0>,4u>,config55> | return value |
|ap_rst                   |  in |    1| ap_ctrl_hs | zeropad2d_cl<array<ap_fixed,4u>,array<ap_fixed<8,2,0,0,0>,4u>,config55> | return value |
|ap_start                 |  in |    1| ap_ctrl_hs | zeropad2d_cl<array<ap_fixed,4u>,array<ap_fixed<8,2,0,0,0>,4u>,config55> | return value |
|start_full_n             |  in |    1| ap_ctrl_hs | zeropad2d_cl<array<ap_fixed,4u>,array<ap_fixed<8,2,0,0,0>,4u>,config55> | return value |
|ap_done                  | out |    1| ap_ctrl_hs | zeropad2d_cl<array<ap_fixed,4u>,array<ap_fixed<8,2,0,0,0>,4u>,config55> | return value |
|ap_continue              |  in |    1| ap_ctrl_hs | zeropad2d_cl<array<ap_fixed,4u>,array<ap_fixed<8,2,0,0,0>,4u>,config55> | return value |
|ap_idle                  | out |    1| ap_ctrl_hs | zeropad2d_cl<array<ap_fixed,4u>,array<ap_fixed<8,2,0,0,0>,4u>,config55> | return value |
|ap_ready                 | out |    1| ap_ctrl_hs | zeropad2d_cl<array<ap_fixed,4u>,array<ap_fixed<8,2,0,0,0>,4u>,config55> | return value |
|start_out                | out |    1| ap_ctrl_hs | zeropad2d_cl<array<ap_fixed,4u>,array<ap_fixed<8,2,0,0,0>,4u>,config55> | return value |
|start_write              | out |    1| ap_ctrl_hs | zeropad2d_cl<array<ap_fixed,4u>,array<ap_fixed<8,2,0,0,0>,4u>,config55> | return value |
|data_V_data_0_V_dout     |  in |    8|   ap_fifo  |                             data_V_data_0_V                             |    pointer   |
|data_V_data_0_V_empty_n  |  in |    1|   ap_fifo  |                             data_V_data_0_V                             |    pointer   |
|data_V_data_0_V_read     | out |    1|   ap_fifo  |                             data_V_data_0_V                             |    pointer   |
|data_V_data_1_V_dout     |  in |    8|   ap_fifo  |                             data_V_data_1_V                             |    pointer   |
|data_V_data_1_V_empty_n  |  in |    1|   ap_fifo  |                             data_V_data_1_V                             |    pointer   |
|data_V_data_1_V_read     | out |    1|   ap_fifo  |                             data_V_data_1_V                             |    pointer   |
|data_V_data_2_V_dout     |  in |    8|   ap_fifo  |                             data_V_data_2_V                             |    pointer   |
|data_V_data_2_V_empty_n  |  in |    1|   ap_fifo  |                             data_V_data_2_V                             |    pointer   |
|data_V_data_2_V_read     | out |    1|   ap_fifo  |                             data_V_data_2_V                             |    pointer   |
|data_V_data_3_V_dout     |  in |    8|   ap_fifo  |                             data_V_data_3_V                             |    pointer   |
|data_V_data_3_V_empty_n  |  in |    1|   ap_fifo  |                             data_V_data_3_V                             |    pointer   |
|data_V_data_3_V_read     | out |    1|   ap_fifo  |                             data_V_data_3_V                             |    pointer   |
|res_V_data_0_V_din       | out |    8|   ap_fifo  |                              res_V_data_0_V                             |    pointer   |
|res_V_data_0_V_full_n    |  in |    1|   ap_fifo  |                              res_V_data_0_V                             |    pointer   |
|res_V_data_0_V_write     | out |    1|   ap_fifo  |                              res_V_data_0_V                             |    pointer   |
|res_V_data_1_V_din       | out |    8|   ap_fifo  |                              res_V_data_1_V                             |    pointer   |
|res_V_data_1_V_full_n    |  in |    1|   ap_fifo  |                              res_V_data_1_V                             |    pointer   |
|res_V_data_1_V_write     | out |    1|   ap_fifo  |                              res_V_data_1_V                             |    pointer   |
|res_V_data_2_V_din       | out |    8|   ap_fifo  |                              res_V_data_2_V                             |    pointer   |
|res_V_data_2_V_full_n    |  in |    1|   ap_fifo  |                              res_V_data_2_V                             |    pointer   |
|res_V_data_2_V_write     | out |    1|   ap_fifo  |                              res_V_data_2_V                             |    pointer   |
|res_V_data_3_V_din       | out |    8|   ap_fifo  |                              res_V_data_3_V                             |    pointer   |
|res_V_data_3_V_full_n    |  in |    1|   ap_fifo  |                              res_V_data_3_V                             |    pointer   |
|res_V_data_3_V_write     | out |    1|   ap_fifo  |                              res_V_data_3_V                             |    pointer   |
+-------------------------+-----+-----+------------+-------------------------------------------------------------------------+--------------+

